<?xml version="1.0" encoding="UTF-8"?>
<testsuites name="jest tests" tests="36" failures="0" errors="0" time="31.216">
  <testsuite name="Invoice details" errors="0" failures="0" skipped="0" timestamp="2022-06-27T09:01:38" time="29.41" tests="36">
    <testcase classname="Invoice details tabs are working" name="Invoice details tabs are working" time="1.553">
    </testcase>
    <testcase classname="Invoice details download clickable " name="Invoice details download clickable " time="0.642">
    </testcase>
    <testcase classname="Invoice details approve invoice clickable " name="Invoice details approve invoice clickable " time="0.38">
    </testcase>
    <testcase classname="Invoice details publish notes" name="Invoice details publish notes" time="0.547">
    </testcase>
    <testcase classname="Invoice details download file" name="Invoice details download file" time="0.455">
    </testcase>
    <testcase classname="Invoice details delete file" name="Invoice details delete file" time="0.506">
    </testcase>
    <testcase classname="Invoice details Navigate with breadcrumbs" name="Invoice details Navigate with breadcrumbs" time="0.474">
    </testcase>
    <testcase classname="Invoice details Decline invoice click on cancel button" name="Invoice details Decline invoice click on cancel button" time="0.411">
    </testcase>
    <testcase classname="Invoice details Decline invoice onchange textarea and click on decline button" name="Invoice details Decline invoice onchange textarea and click on decline button" time="0.432">
    </testcase>
    <testcase classname="Api returns transaction type = 7 Render Invoice Details" name="Api returns transaction type = 7 Render Invoice Details" time="0.346">
    </testcase>
    <testcase classname="Invoice details decline api fail case handling Decline invoice onchange textarea click on decline button failed api" name="Invoice details decline api fail case handling Decline invoice onchange textarea click on decline button failed api" time="0.589">
    </testcase>
    <testcase classname="void test cases on Apprroved tabs are working" name="void test cases on Apprroved tabs are working" time="0.795">
    </testcase>
    <testcase classname="void test cases on Apprroved Upload Api Failed tabs are working" name="void test cases on Apprroved Upload Api Failed tabs are working" time="0.884">
    </testcase>
    <testcase classname="void test cases on Apprroved Create Api Failed tabs are working" name="void test cases on Apprroved Create Api Failed tabs are working" time="0.839">
    </testcase>
    <testcase classname="void test cases on Apprroved Void Api Failed tabs are working" name="void test cases on Apprroved Void Api Failed tabs are working" time="0.517">
    </testcase>
    <testcase classname="void test cases on Apprroved and click on cancel tabs are working" name="void test cases on Apprroved and click on cancel tabs are working" time="0.458">
    </testcase>
    <testcase classname="api fail tabs are working" name="api fail tabs are working" time="0.244">
    </testcase>
    <testcase classname="delete test cases on AR Reveiew on true  , and save invoice calander and po vaidehi ponum" name="delete test cases on AR Reveiew on true  , and save invoice calander and po vaidehi ponum" time="0.48">
    </testcase>
    <testcase classname="delete test cases on AR Reveiew on true  , and save invoice calander and po vaidehi invoice date" name="delete test cases on AR Reveiew on true  , and save invoice calander and po vaidehi invoice date" time="0.346">
    </testcase>
    <testcase classname="delete test cases on AR Reveiew on true  , and save invoice calander and po tabs are working" name="delete test cases on AR Reveiew on true  , and save invoice calander and po tabs are working" time="0.525">
    </testcase>
    <testcase classname="delete test cases on AR Reveiew on true  , and save invoice calander and po save invoice calander and po" name="delete test cases on AR Reveiew on true  , and save invoice calander and po save invoice calander and po" time="0.334">
    </testcase>
    <testcase classname="delete test cases on AR Reveiew click on cancel button tabs are working" name="delete test cases on AR Reveiew click on cancel button tabs are working" time="0.489">
    </testcase>
    <testcase classname="delete test cases on AR Reveiew on false tabs are working" name="delete test cases on AR Reveiew on false tabs are working" time="0.396">
    </testcase>
    <testcase classname="delete test cases on AR Reveiew on api fail tabs are working" name="delete test cases on AR Reveiew on api fail tabs are working" time="0.498">
    </testcase>
    <testcase classname="Invoice details auto approve checkbox click approve invoice clickable " name="Invoice details auto approve checkbox click approve invoice clickable " time="0.406">
    </testcase>
    <testcase classname="Invoice details auto approve checkbox click api fail approve invoice clickable " name="Invoice details auto approve checkbox click api fail approve invoice clickable " time="0.462">
    </testcase>
    <testcase classname="Invoice details fee api fail tabs are working" name="Invoice details fee api fail tabs are working" time="0.143">
    </testcase>
    <testcase classname="Invoice details invoice detail api fail tabs are working" name="Invoice details invoice detail api fail tabs are working" time="0.384">
    </testcase>
    <testcase classname="Invoice details lookup api fail tabs are working" name="Invoice details lookup api fail tabs are working" time="0.353">
    </testcase>
    <testcase classname="Invoice details countries api fail tabs are working" name="Invoice details countries api fail tabs are working" time="0.172">
    </testcase>
    <testcase classname="Invoice details employeeBreakDown api fail download clickable " name="Invoice details employeeBreakDown api fail download clickable " time="0.605">
    </testcase>
    <testcase classname="Invoice details view change log click publish notes" name="Invoice details view change log click publish notes" time="0.063">
    </testcase>
    <testcase classname="add payment button click test cases on Apprroved tabs are working" name="add payment button click test cases on Apprroved tabs are working" time="0.301">
    </testcase>
    <testcase classname="delete employee on AR Review status api fail tabs are working" name="delete employee on AR Review status api fail tabs are working" time="0.582">
    </testcase>
    <testcase classname="delete employee on AR Review status tabs are working" name="delete employee on AR Review status tabs are working" time="0.528">
    </testcase>
    <testcase classname="payment detail on partial paid tabs are working" name="payment detail on partial paid tabs are working" time="6.347">
    </testcase>
  </testsuite>
</testsuites>