<?xml version="1.0" encoding="UTF-8"?>
<testsuites name="jest tests" tests="31" failures="1" errors="0" time="27.267">
  <testsuite name="Bills Table" errors="0" failures="0" skipped="0" timestamp="2022-04-22T05:50:13" time="7.466" tests="1">
    <testcase classname="Bills Table Render" name="Bills Table Render" time="0.315">
    </testcase>
  </testsuite>
  <testsuite name="undefined" errors="0" failures="0" skipped="0" timestamp="2022-04-22T05:50:13" time="12.254" tests="1">
    <testcase classname=" renders learn react link" name=" renders learn react link" time="0.099">
    </testcase>
  </testsuite>
  <testsuite name="Invoice details" errors="0" failures="0" skipped="0" timestamp="2022-04-22T05:50:13" time="14.55" tests="8">
    <testcase classname="Invoice details tabs are working" name="Invoice details tabs are working" time="1.169">
    </testcase>
    <testcase classname="Invoice details download clickable " name="Invoice details download clickable " time="0.422">
    </testcase>
    <testcase classname="Invoice details approve invoice clickable " name="Invoice details approve invoice clickable " time="0.217">
    </testcase>
    <testcase classname="Invoice details publish notes" name="Invoice details publish notes" time="0.257">
    </testcase>
    <testcase classname="Invoice details download file" name="Invoice details download file" time="0.258">
    </testcase>
    <testcase classname="Invoice details delete file" name="Invoice details delete file" time="0.251">
    </testcase>
    <testcase classname="Invoice details Navigate with breadcrumbs" name="Invoice details Navigate with breadcrumbs" time="0.202">
    </testcase>
    <testcase classname="Api returns transaction type = 7 Render Invoice Details" name="Api returns transaction type = 7 Render Invoice Details" time="0.117">
    </testcase>
  </testsuite>
  <testsuite name="client view" errors="0" failures="1" skipped="0" timestamp="2022-04-22T05:50:13" time="20.009" tests="21">
    <testcase classname="client view Datepicker dropdowns clickoutside clickable" name="client view Datepicker dropdowns clickoutside clickable" time="0.804">
    </testcase>
    <testcase classname="client view Datepicker dropdowns today clickable" name="client view Datepicker dropdowns today clickable" time="0.329">
    </testcase>
    <testcase classname="client view Datepicker dropdowns Yesterday clickable" name="client view Datepicker dropdowns Yesterday clickable" time="0.251">
    </testcase>
    <testcase classname="client view Datepicker dropdowns This Week clickable" name="client view Datepicker dropdowns This Week clickable" time="0.221">
    </testcase>
    <testcase classname="client view Datepicker dropdowns This Month clickable" name="client view Datepicker dropdowns This Month clickable" time="0.222">
    </testcase>
    <testcase classname="client view Datepicker dropdowns This Quarter clickable" name="client view Datepicker dropdowns This Quarter clickable" time="0.174">
    </testcase>
    <testcase classname="client view Datepicker dropdowns This Year clickable" name="client view Datepicker dropdowns This Year clickable" time="0.157">
    </testcase>
    <testcase classname="client view Datepicker dropdowns date range clickable" name="client view Datepicker dropdowns date range clickable" time="6.131">
      <failure>Error: thrown: &quot;Exceeded timeout of 5000 ms for a test.
Use jest.setTimeout(newTimeout) to increase the timeout value, if this is a long-running test.&quot;
    at C:\Projects\Atlas-Payments-UI\src\layouts\views\InvoiceListing\test\invoices.test.js:305:3
    at _dispatchDescribe (C:\Projects\Atlas-Payments-UI\node_modules\jest-circus\build\index.js:98:26)
    at describe (C:\Projects\Atlas-Payments-UI\node_modules\jest-circus\build\index.js:60:5)
    at Object.&lt;anonymous&gt; (C:\Projects\Atlas-Payments-UI\src\layouts\views\InvoiceListing\test\invoices.test.js:195:1)
    at Runtime._execModule (C:\Projects\Atlas-Payments-UI\node_modules\jest-runtime\build\index.js:1646:24)
    at Runtime._loadModule (C:\Projects\Atlas-Payments-UI\node_modules\jest-runtime\build\index.js:1185:12)
    at Runtime.requireModule (C:\Projects\Atlas-Payments-UI\node_modules\jest-runtime\build\index.js:1009:12)
    at jestAdapter (C:\Projects\Atlas-Payments-UI\node_modules\jest-circus\build\legacy-code-todo-rewrite\jestAdapter.js:79:13)
    at processTicksAndRejections (node:internal/process/task_queues:96:5)
    at runTestInternal (C:\Projects\Atlas-Payments-UI\node_modules\jest-runner\build\runTest.js:389:16)
    at runTest (C:\Projects\Atlas-Payments-UI\node_modules\jest-runner\build\runTest.js:475:34)
    at Object.worker (C:\Projects\Atlas-Payments-UI\node_modules\jest-runner\build\testWorker.js:133:12)</failure>
    </testcase>
    <testcase classname="client view table row clickable" name="client view table row clickable" time="0.107">
    </testcase>
    <testcase classname="client view Status clickable" name="client view Status clickable" time="0.062">
    </testcase>
    <testcase classname="client view Type clickable" name="client view Type clickable" time="0.089">
    </testcase>
    <testcase classname="client view Clear filters clickable" name="client view Clear filters clickable" time="0.161">
    </testcase>
    <testcase classname="client view search" name="client view search" time="0.062">
    </testcase>
    <testcase classname="checkbox and download checkbox and download are clickable in client view" name="checkbox and download checkbox and download are clickable in client view" time="0.233">
    </testcase>
    <testcase classname="checkbox and download checkbox and download are clickable in internal view" name="checkbox and download checkbox and download are clickable in internal view" time="0.133">
    </testcase>
    <testcase classname="checkbox and download checkbox and download are clickable in client view and searched view" name="checkbox and download checkbox and download are clickable in client view and searched view" time="0.104">
    </testcase>
    <testcase classname="Client View search intenal" name="Client View search intenal" time="0.075">
    </testcase>
    <testcase classname=" renders without crashing" name=" renders without crashing" time="0.003">
    </testcase>
    <testcase classname=" Client View" name=" Client View" time="0.031">
    </testcase>
    <testcase classname=" Internal View" name=" Internal View" time="0.038">
    </testcase>
    <testcase classname=" Enter token client" name=" Enter token client" time="0.046">
    </testcase>
  </testsuite>
</testsuites>