<?xml version="1.0" encoding="UTF-8"?>
<testsuites name="jest tests" tests="31" failures="0" errors="0" time="13.736">
  <testsuite name="Bills Table" errors="0" failures="0" skipped="0" timestamp="2022-04-18T09:20:15" time="4.159" tests="1">
    <testcase classname="Bills Table Render" name="Bills Table Render" time="0.206">
    </testcase>
  </testsuite>
  <testsuite name="undefined" errors="0" failures="0" skipped="0" timestamp="2022-04-18T09:20:15" time="4.467" tests="1">
    <testcase classname=" renders learn react link" name=" renders learn react link" time="0.042">
    </testcase>
  </testsuite>
  <testsuite name="Invoice details" errors="0" failures="0" skipped="0" timestamp="2022-04-18T09:20:15" time="5.854" tests="8">
    <testcase classname="Invoice details tabs are working" name="Invoice details tabs are working" time="0.715">
    </testcase>
    <testcase classname="Invoice details download clickable " name="Invoice details download clickable " time="0.255">
    </testcase>
    <testcase classname="Invoice details approve invoice clickable " name="Invoice details approve invoice clickable " time="0.168">
    </testcase>
    <testcase classname="Invoice details publish notes" name="Invoice details publish notes" time="0.164">
    </testcase>
    <testcase classname="Invoice details download file" name="Invoice details download file" time="0.158">
    </testcase>
    <testcase classname="Invoice details delete file" name="Invoice details delete file" time="0.125">
    </testcase>
    <testcase classname="Invoice details Navigate with breadcrumbs" name="Invoice details Navigate with breadcrumbs" time="0.105">
    </testcase>
    <testcase classname="Api returns transaction type = 7 Render Invoice Details" name="Api returns transaction type = 7 Render Invoice Details" time="0.057">
    </testcase>
  </testsuite>
  <testsuite name="client view" errors="0" failures="0" skipped="0" timestamp="2022-04-18T09:20:15" time="9.981" tests="21">
    <testcase classname="client view Datepicker dropdowns clickoutside clickable" name="client view Datepicker dropdowns clickoutside clickable" time="0.493">
    </testcase>
    <testcase classname="client view Datepicker dropdowns today clickable" name="client view Datepicker dropdowns today clickable" time="0.163">
    </testcase>
    <testcase classname="client view Datepicker dropdowns Yesterday clickable" name="client view Datepicker dropdowns Yesterday clickable" time="0.133">
    </testcase>
    <testcase classname="client view Datepicker dropdowns This Week clickable" name="client view Datepicker dropdowns This Week clickable" time="0.102">
    </testcase>
    <testcase classname="client view Datepicker dropdowns This Month clickable" name="client view Datepicker dropdowns This Month clickable" time="0.129">
    </testcase>
    <testcase classname="client view Datepicker dropdowns This Quarter clickable" name="client view Datepicker dropdowns This Quarter clickable" time="0.099">
    </testcase>
    <testcase classname="client view Datepicker dropdowns This Year clickable" name="client view Datepicker dropdowns This Year clickable" time="0.101">
    </testcase>
    <testcase classname="client view Datepicker dropdowns date range clickable" name="client view Datepicker dropdowns date range clickable" time="3.706">
    </testcase>
    <testcase classname="client view table row clickable" name="client view table row clickable" time="0.06">
    </testcase>
    <testcase classname="client view Status clickable" name="client view Status clickable" time="0.08">
    </testcase>
    <testcase classname="client view Type clickable" name="client view Type clickable" time="0.074">
    </testcase>
    <testcase classname="client view Clear filters clickable" name="client view Clear filters clickable" time="0.094">
    </testcase>
    <testcase classname="client view search" name="client view search" time="0.07">
    </testcase>
    <testcase classname="checkbox and download checkbox and download are clickable in client view" name="checkbox and download checkbox and download are clickable in client view" time="0.162">
    </testcase>
    <testcase classname="checkbox and download checkbox and download are clickable in internal view" name="checkbox and download checkbox and download are clickable in internal view" time="0.154">
    </testcase>
    <testcase classname="checkbox and download checkbox and download are clickable in client view and searched view" name="checkbox and download checkbox and download are clickable in client view and searched view" time="0.109">
    </testcase>
    <testcase classname="Client View search intenal" name="Client View search intenal" time="0.08">
    </testcase>
    <testcase classname=" renders without crashing" name=" renders without crashing" time="0.001">
    </testcase>
    <testcase classname=" Client View" name=" Client View" time="0.02">
    </testcase>
    <testcase classname=" Internal View" name=" Internal View" time="0.021">
    </testcase>
    <testcase classname=" Enter token client" name=" Enter token client" time="0.022">
    </testcase>
  </testsuite>
</testsuites>