<?xml version="1.0" encoding="UTF-8"?>
<testsuites name="jest tests" tests="18" failures="0" errors="0" time="9.243">
  <testsuite name="undefined" errors="0" failures="0" skipped="0" timestamp="2022-04-02T14:58:22" time="4.138" tests="1">
    <testcase classname=" renders learn react link" name=" renders learn react link" time="0.062">
    </testcase>
  </testsuite>
  <testsuite name="Invoice details" errors="0" failures="0" skipped="0" timestamp="2022-04-02T14:58:22" time="5.104" tests="2">
    <testcase classname="Invoice details tabs are working" name="Invoice details tabs are working" time="0.738">
    </testcase>
    <testcase classname="Invoice details download clickable " name="Invoice details download clickable " time="0.261">
    </testcase>
  </testsuite>
  <testsuite name="client view" errors="0" failures="0" skipped="0" timestamp="2022-04-02T14:58:22" time="6.434" tests="15">
    <testcase classname="client view Datepicker dropdowns today clickable" name="client view Datepicker dropdowns today clickable" time="0.528">
    </testcase>
    <testcase classname="client view Datepicker dropdowns Yesterday clickable" name="client view Datepicker dropdowns Yesterday clickable" time="0.172">
    </testcase>
    <testcase classname="client view Datepicker dropdowns This Week clickable" name="client view Datepicker dropdowns This Week clickable" time="0.15">
    </testcase>
    <testcase classname="client view Datepicker dropdowns This Month clickable" name="client view Datepicker dropdowns This Month clickable" time="0.221">
    </testcase>
    <testcase classname="client view Datepicker dropdowns This Quarter clickable" name="client view Datepicker dropdowns This Quarter clickable" time="0.349">
    </testcase>
    <testcase classname="client view Datepicker dropdowns This Year clickable" name="client view Datepicker dropdowns This Year clickable" time="0.161">
    </testcase>
    <testcase classname="client view table row clickable" name="client view table row clickable" time="0.127">
    </testcase>
    <testcase classname="client view Status clickable" name="client view Status clickable" time="0.105">
    </testcase>
    <testcase classname="client view Type clickable" name="client view Type clickable" time="0.122">
    </testcase>
    <testcase classname="client view Clear filters clickable" name="client view Clear filters clickable" time="0.145">
    </testcase>
    <testcase classname="checkbox and download checkbox and download are clickable in client view" name="checkbox and download checkbox and download are clickable in client view" time="0.108">
    </testcase>
    <testcase classname=" renders without crashing" name=" renders without crashing" time="0.005">
    </testcase>
    <testcase classname=" Client View" name=" Client View" time="0.035">
    </testcase>
    <testcase classname=" Internal View" name=" Internal View" time="0.019">
    </testcase>
    <testcase classname=" Enter token client" name=" Enter token client" time="0.027">
    </testcase>
  </testsuite>
</testsuites>