<?xml version="1.0" encoding="UTF-8"?>
<testsuites name="jest tests" tests="12" failures="0" errors="0" time="7.493">
  <testsuite name="undefined" errors="0" failures="0" skipped="0" timestamp="2022-03-17T12:50:06" time="3.911" tests="1">
    <testcase classname=" renders learn react link" name=" renders learn react link" time="0.42">
    </testcase>
  </testsuite>
  <testsuite name="undefined" errors="0" failures="0" skipped="0" timestamp="2022-03-17T12:50:06" time="4.165" tests="3">
    <testcase classname=" invoice details renders without crashing" name=" invoice details renders without crashing" time="0.153">
    </testcase>
    <testcase classname=" tabs are working" name=" tabs are working" time="0.565">
    </testcase>
    <testcase classname=" Dropdown opens" name=" Dropdown opens" time="0.135">
    </testcase>
  </testsuite>
  <testsuite name="undefined" errors="0" failures="0" skipped="0" timestamp="2022-03-17T12:50:06" time="5.065" tests="8">
    <testcase classname=" renders without crashing" name=" renders without crashing" time="0.092">
    </testcase>
    <testcase classname=" Should render dropdowns" name=" Should render dropdowns" time="0.347">
    </testcase>
    <testcase classname=" Should render table" name=" Should render table" time="0.093">
    </testcase>
    <testcase classname=" Dropdown should open" name=" Dropdown should open" time="0.036">
    </testcase>
    <testcase classname=" Datepicker dropwdown working" name=" Datepicker dropwdown working" time="0.089">
    </testcase>
    <testcase classname=" Types  dropwdown working" name=" Types  dropwdown working" time="0.125">
    </testcase>
    <testcase classname=" Status  dropwdown working" name=" Status  dropwdown working" time="0.107">
    </testcase>
    <testcase classname=" table click navigation" name=" table click navigation" time="0.089">
    </testcase>
  </testsuite>
</testsuites>