<?xml version="1.0" encoding="UTF-8"?>
<testsuites name="jest tests" tests="28" failures="0" errors="0" time="18.993">
  <testsuite name="undefined" errors="0" failures="0" skipped="0" timestamp="2022-04-15T06:48:42" time="5.76" tests="1">
    <testcase classname=" renders learn react link" name=" renders learn react link" time="0.069">
    </testcase>
  </testsuite>
  <testsuite name="Invoice details" errors="0" failures="0" skipped="0" timestamp="2022-04-15T06:48:42" time="7.542" tests="6">
    <testcase classname="Invoice details tabs are working" name="Invoice details tabs are working" time="1.044">
    </testcase>
    <testcase classname="Invoice details download clickable " name="Invoice details download clickable " time="0.387">
    </testcase>
    <testcase classname="Invoice details approve invoice clickable " name="Invoice details approve invoice clickable " time="0.259">
    </testcase>
    <testcase classname="Invoice details publish notes" name="Invoice details publish notes" time="0.254">
    </testcase>
    <testcase classname="Invoice details download file" name="Invoice details download file" time="0.23">
    </testcase>
    <testcase classname="Invoice details delete file" name="Invoice details delete file" time="0.189">
    </testcase>
  </testsuite>
  <testsuite name="client view" errors="0" failures="0" skipped="0" timestamp="2022-04-15T06:48:42" time="13.496" tests="21">
    <testcase classname="client view Datepicker dropdowns clickoutside clickable" name="client view Datepicker dropdowns clickoutside clickable" time="0.644">
    </testcase>
    <testcase classname="client view Datepicker dropdowns today clickable" name="client view Datepicker dropdowns today clickable" time="0.306">
    </testcase>
    <testcase classname="client view Datepicker dropdowns Yesterday clickable" name="client view Datepicker dropdowns Yesterday clickable" time="0.228">
    </testcase>
    <testcase classname="client view Datepicker dropdowns This Week clickable" name="client view Datepicker dropdowns This Week clickable" time="0.178">
    </testcase>
    <testcase classname="client view Datepicker dropdowns This Month clickable" name="client view Datepicker dropdowns This Month clickable" time="0.196">
    </testcase>
    <testcase classname="client view Datepicker dropdowns This Quarter clickable" name="client view Datepicker dropdowns This Quarter clickable" time="0.17">
    </testcase>
    <testcase classname="client view Datepicker dropdowns This Year clickable" name="client view Datepicker dropdowns This Year clickable" time="0.152">
    </testcase>
    <testcase classname="client view Datepicker dropdowns date range clickable" name="client view Datepicker dropdowns date range clickable" time="5.034">
    </testcase>
    <testcase classname="client view table row clickable" name="client view table row clickable" time="0.095">
    </testcase>
    <testcase classname="client view Status clickable" name="client view Status clickable" time="0.115">
    </testcase>
    <testcase classname="client view Type clickable" name="client view Type clickable" time="0.106">
    </testcase>
    <testcase classname="client view Clear filters clickable" name="client view Clear filters clickable" time="0.165">
    </testcase>
    <testcase classname="client view search" name="client view search" time="0.112">
    </testcase>
    <testcase classname="checkbox and download checkbox and download are clickable in client view" name="checkbox and download checkbox and download are clickable in client view" time="0.294">
    </testcase>
    <testcase classname="checkbox and download checkbox and download are clickable in internal view" name="checkbox and download checkbox and download are clickable in internal view" time="0.225">
    </testcase>
    <testcase classname="checkbox and download checkbox and download are clickable in client view and searched view" name="checkbox and download checkbox and download are clickable in client view and searched view" time="0.165">
    </testcase>
    <testcase classname="Client View search intenal" name="Client View search intenal" time="0.107">
    </testcase>
    <testcase classname=" renders without crashing" name=" renders without crashing" time="0.003">
    </testcase>
    <testcase classname=" Client View" name=" Client View" time="0.034">
    </testcase>
    <testcase classname=" Internal View" name=" Internal View" time="0.036">
    </testcase>
    <testcase classname=" Enter token client" name=" Enter token client" time="0.028">
    </testcase>
  </testsuite>
</testsuites>