<?xml version="1.0" encoding="UTF-8"?>
<testsuites name="jest tests" tests="31" failures="0" errors="0" time="18.692">
  <testsuite name="Bills Table" errors="0" failures="0" skipped="0" timestamp="2022-04-20T11:04:58" time="6.431" tests="1">
    <testcase classname="Bills Table Render" name="Bills Table Render" time="0.642">
    </testcase>
  </testsuite>
  <testsuite name="undefined" errors="0" failures="0" skipped="0" timestamp="2022-04-20T11:04:58" time="9.334" tests="1">
    <testcase classname=" renders learn react link" name=" renders learn react link" time="0.041">
    </testcase>
  </testsuite>
  <testsuite name="Invoice details" errors="0" failures="0" skipped="0" timestamp="2022-04-20T11:04:58" time="10.785" tests="8">
    <testcase classname="Invoice details tabs are working" name="Invoice details tabs are working" time="0.732">
    </testcase>
    <testcase classname="Invoice details download clickable " name="Invoice details download clickable " time="0.266">
    </testcase>
    <testcase classname="Invoice details approve invoice clickable " name="Invoice details approve invoice clickable " time="0.141">
    </testcase>
    <testcase classname="Invoice details publish notes" name="Invoice details publish notes" time="0.159">
    </testcase>
    <testcase classname="Invoice details download file" name="Invoice details download file" time="0.162">
    </testcase>
    <testcase classname="Invoice details delete file" name="Invoice details delete file" time="0.17">
    </testcase>
    <testcase classname="Invoice details Navigate with breadcrumbs" name="Invoice details Navigate with breadcrumbs" time="0.119">
    </testcase>
    <testcase classname="Api returns transaction type = 7 Render Invoice Details" name="Api returns transaction type = 7 Render Invoice Details" time="0.082">
    </testcase>
  </testsuite>
  <testsuite name="client view" errors="0" failures="0" skipped="0" timestamp="2022-04-20T11:04:58" time="13.877" tests="21">
    <testcase classname="client view Datepicker dropdowns clickoutside clickable" name="client view Datepicker dropdowns clickoutside clickable" time="0.861">
    </testcase>
    <testcase classname="client view Datepicker dropdowns today clickable" name="client view Datepicker dropdowns today clickable" time="0.248">
    </testcase>
    <testcase classname="client view Datepicker dropdowns Yesterday clickable" name="client view Datepicker dropdowns Yesterday clickable" time="0.188">
    </testcase>
    <testcase classname="client view Datepicker dropdowns This Week clickable" name="client view Datepicker dropdowns This Week clickable" time="0.21">
    </testcase>
    <testcase classname="client view Datepicker dropdowns This Month clickable" name="client view Datepicker dropdowns This Month clickable" time="0.349">
    </testcase>
    <testcase classname="client view Datepicker dropdowns This Quarter clickable" name="client view Datepicker dropdowns This Quarter clickable" time="0.22">
    </testcase>
    <testcase classname="client view Datepicker dropdowns This Year clickable" name="client view Datepicker dropdowns This Year clickable" time="0.18">
    </testcase>
    <testcase classname="client view Datepicker dropdowns date range clickable" name="client view Datepicker dropdowns date range clickable" time="4.501">
    </testcase>
    <testcase classname="client view table row clickable" name="client view table row clickable" time="0.07">
    </testcase>
    <testcase classname="client view Status clickable" name="client view Status clickable" time="0.077">
    </testcase>
    <testcase classname="client view Type clickable" name="client view Type clickable" time="0.085">
    </testcase>
    <testcase classname="client view Clear filters clickable" name="client view Clear filters clickable" time="0.093">
    </testcase>
    <testcase classname="client view search" name="client view search" time="0.077">
    </testcase>
    <testcase classname="checkbox and download checkbox and download are clickable in client view" name="checkbox and download checkbox and download are clickable in client view" time="0.173">
    </testcase>
    <testcase classname="checkbox and download checkbox and download are clickable in internal view" name="checkbox and download checkbox and download are clickable in internal view" time="0.128">
    </testcase>
    <testcase classname="checkbox and download checkbox and download are clickable in client view and searched view" name="checkbox and download checkbox and download are clickable in client view and searched view" time="0.118">
    </testcase>
    <testcase classname="Client View search intenal" name="Client View search intenal" time="0.086">
    </testcase>
    <testcase classname=" renders without crashing" name=" renders without crashing" time="0.002">
    </testcase>
    <testcase classname=" Client View" name=" Client View" time="0.018">
    </testcase>
    <testcase classname=" Internal View" name=" Internal View" time="0.024">
    </testcase>
    <testcase classname=" Enter token client" name=" Enter token client" time="0.024">
    </testcase>
  </testsuite>
</testsuites>