<?xml version="1.0" encoding="UTF-8"?>
<testsuites name="jest tests" tests="5" failures="0" errors="0" time="10.686">
  <testsuite name="undefined" errors="0" failures="0" skipped="0" timestamp="2022-03-29T09:53:52" time="7.222" tests="1">
    <testcase classname=" renders learn react link" name=" renders learn react link" time="0.146">
    </testcase>
  </testsuite>
  <testsuite name="undefined" errors="0" failures="0" skipped="0" timestamp="2022-03-29T09:53:52" time="7.65" tests="3">
    <testcase classname=" renders without crashing" name=" renders without crashing" time="0.056">
    </testcase>
    <testcase classname=" Client View" name=" Client View" time="0.245">
    </testcase>
    <testcase classname=" Internal View" name=" Internal View" time="0.08">
    </testcase>
  </testsuite>
  <testsuite name="Invoice detail" errors="0" failures="0" skipped="0" timestamp="2022-03-29T09:53:52" time="7.717" tests="1">
    <testcase classname="Invoice detail routing" name="Invoice detail routing" time="0.711">
    </testcase>
  </testsuite>
</testsuites>