<?xml version="1.0" encoding="UTF-8"?>
<testsuites name="jest tests" tests="112" failures="0" errors="0" time="26.843">
  <testsuite name="Bills Table" errors="0" failures="0" skipped="0" timestamp="2022-06-24T09:51:37" time="2.072" tests="1">
    <testcase classname="Bills Table Render" name="Bills Table Render" time="0.146">
    </testcase>
  </testsuite>
  <testsuite name="View Change Log" errors="0" failures="0" skipped="0" timestamp="2022-06-24T09:51:39" time="1.142" tests="4">
    <testcase classname="View Change Log View Change Log" name="View Change Log View Change Log" time="0.143">
    </testcase>
    <testcase classname="View Change Log View Change Log" name="View Change Log View Change Log" time="0.024">
    </testcase>
    <testcase classname="View Change Log View More" name="View Change Log View More" time="0.024">
    </testcase>
    <testcase classname="View Change Log View Less" name="View Change Log View Less" time="0.053">
    </testcase>
  </testsuite>
  <testsuite name="client view" errors="0" failures="0" skipped="0" timestamp="2022-06-24T09:51:37" time="4.221" tests="18">
    <testcase classname="client view Datepicker dropdowns clickoutside clickable" name="client view Datepicker dropdowns clickoutside clickable" time="0.334">
    </testcase>
    <testcase classname="client view Datepicker dropdowns today clickable" name="client view Datepicker dropdowns today clickable" time="0.214">
    </testcase>
    <testcase classname="client view Datepicker dropdowns Yesterday clickable" name="client view Datepicker dropdowns Yesterday clickable" time="0.134">
    </testcase>
    <testcase classname="client view Datepicker dropdowns This Week clickable" name="client view Datepicker dropdowns This Week clickable" time="0.119">
    </testcase>
    <testcase classname="client view Datepicker dropdowns This Month clickable" name="client view Datepicker dropdowns This Month clickable" time="0.122">
    </testcase>
    <testcase classname="client view Datepicker dropdowns Last Month clickable" name="client view Datepicker dropdowns Last Month clickable" time="0.121">
    </testcase>
    <testcase classname="client view Datepicker dropdowns This Quarter clickable" name="client view Datepicker dropdowns This Quarter clickable" time="0.108">
    </testcase>
    <testcase classname="client view Datepicker dropdowns This Year clickable" name="client view Datepicker dropdowns This Year clickable" time="0.097">
    </testcase>
    <testcase classname="client view Datepicker dropdowns Last Year clickable" name="client view Datepicker dropdowns Last Year clickable" time="0.105">
    </testcase>
    <testcase classname="client view table row clickable" name="client view table row clickable" time="0.03">
    </testcase>
    <testcase classname="client view Customer Type clickable" name="client view Customer Type clickable" time="0.049">
    </testcase>
    <testcase classname="client view Status clickable" name="client view Status clickable" time="0.076">
    </testcase>
    <testcase classname="client view Type clickable" name="client view Type clickable" time="0.071">
    </testcase>
    <testcase classname="client view Clear filters clickable" name="client view Clear filters clickable" time="0.091">
    </testcase>
    <testcase classname="checkbox and download checkbox and download are clickable in client view" name="checkbox and download checkbox and download are clickable in client view" time="0.162">
    </testcase>
    <testcase classname="checkbox and download checkbox and download are clickable in internal view" name="checkbox and download checkbox and download are clickable in internal view" time="0.075">
    </testcase>
    <testcase classname="checkbox and download checkbox and download are clickable in client view and searched view" name="checkbox and download checkbox and download are clickable in client view and searched view" time="0.072">
    </testcase>
    <testcase classname="Internal View Download click and checkbox Click table row clickable" name="Internal View Download click and checkbox Click table row clickable" time="0.08">
    </testcase>
  </testsuite>
  <testsuite name="Credit Memo Summary" errors="0" failures="0" skipped="0" timestamp="2022-06-24T09:51:37" time="6.571" tests="11">
    <testcase classname="Credit Memo Summary Render CM" name="Credit Memo Summary Render CM" time="0.577">
    </testcase>
    <testcase classname="Credit Memo Summary Render CM with status = 2" name="Credit Memo Summary Render CM with status = 2" time="0.741">
    </testcase>
    <testcase classname="Credit Memo Summary Render CM =&gt; delete a summary" name="Credit Memo Summary Render CM =&gt; delete a summary" time="0.369">
    </testcase>
    <testcase classname="Credit Memo Summary Render CM =&gt; edit a summary" name="Credit Memo Summary Render CM =&gt; edit a summary" time="0.545">
    </testcase>
    <testcase classname="Credit Memo Summary Render CM =&gt; edit a summary" name="Credit Memo Summary Render CM =&gt; edit a summary" time="0.54">
    </testcase>
    <testcase classname="Credit Memo Summary Render CM =&gt; edit a summary" name="Credit Memo Summary Render CM =&gt; edit a summary" time="0.533">
    </testcase>
    <testcase classname="Credit Memo Summary Product Service" name="Credit Memo Summary Product Service" time="0.133">
    </testcase>
    <testcase classname="Credit Memo Summary Enter description" name="Credit Memo Summary Enter description" time="0.15">
    </testcase>
    <testcase classname="Credit Memo Summary Service Country" name="Credit Memo Summary Service Country" time="0.121">
    </testcase>
    <testcase classname="Credit Memo Summary Render CM =&gt; edit a summary" name="Credit Memo Summary Render CM =&gt; edit a summary" time="0.751">
    </testcase>
    <testcase classname="Notes fail Render CM" name="Notes fail Render CM" time="0.092">
    </testcase>
  </testsuite>
  <testsuite name="undefined" errors="0" failures="0" skipped="0" timestamp="2022-06-24T09:51:37" time="8.644" tests="1">
    <testcase classname=" renders learn react link" name=" renders learn react link" time="0.1">
    </testcase>
  </testsuite>
  <testsuite name="Payment details page multiple" errors="0" failures="0" skipped="0" timestamp="2022-06-24T09:51:37" time="9.649" tests="6">
    <testcase classname="Payment details page multiple save multiple" name="Payment details page multiple save multiple" time="4.436">
    </testcase>
    <testcase classname="Payment details page multiple payment page breadcrumbs click" name="Payment details page multiple payment page breadcrumbs click" time="0.232">
    </testcase>
    <testcase classname="single paymwnt save single" name="single paymwnt save single" time="2.519">
    </testcase>
    <testcase classname="Payment details page lookup and subscription lookup api fail payment page" name="Payment details page lookup and subscription lookup api fail payment page" time="0.031">
    </testcase>
    <testcase classname="Payment details page click on detail page breadcrumb save single" name="Payment details page click on detail page breadcrumb save single" time="0.157">
    </testcase>
    <testcase classname="Payment details page click on invoice page breadcrumb save single" name="Payment details page click on invoice page breadcrumb save single" time="0.131">
    </testcase>
  </testsuite>
  <testsuite name="Invoice details" errors="0" failures="0" skipped="0" timestamp="2022-06-24T09:51:37" time="16.131" tests="36">
    <testcase classname="Invoice details tabs are working" name="Invoice details tabs are working" time="0.581">
    </testcase>
    <testcase classname="Invoice details download clickable " name="Invoice details download clickable " time="0.246">
    </testcase>
    <testcase classname="Invoice details approve invoice clickable " name="Invoice details approve invoice clickable " time="0.11">
    </testcase>
    <testcase classname="Invoice details publish notes" name="Invoice details publish notes" time="0.145">
    </testcase>
    <testcase classname="Invoice details download file" name="Invoice details download file" time="0.13">
    </testcase>
    <testcase classname="Invoice details delete file" name="Invoice details delete file" time="0.114">
    </testcase>
    <testcase classname="Invoice details Navigate with breadcrumbs" name="Invoice details Navigate with breadcrumbs" time="0.098">
    </testcase>
    <testcase classname="Invoice details Decline invoice click on cancel button" name="Invoice details Decline invoice click on cancel button" time="0.102">
    </testcase>
    <testcase classname="Invoice details Decline invoice onchange textarea and click on decline button" name="Invoice details Decline invoice onchange textarea and click on decline button" time="0.109">
    </testcase>
    <testcase classname="Api returns transaction type = 7 Render Invoice Details" name="Api returns transaction type = 7 Render Invoice Details" time="0.085">
    </testcase>
    <testcase classname="Invoice details decline api fail case handling Decline invoice onchange textarea click on decline button failed api" name="Invoice details decline api fail case handling Decline invoice onchange textarea click on decline button failed api" time="0.099">
    </testcase>
    <testcase classname="void test cases on Apprroved tabs are working" name="void test cases on Apprroved tabs are working" time="0.239">
    </testcase>
    <testcase classname="void test cases on Apprroved Upload Api Failed tabs are working" name="void test cases on Apprroved Upload Api Failed tabs are working" time="0.224">
    </testcase>
    <testcase classname="void test cases on Apprroved Create Api Failed tabs are working" name="void test cases on Apprroved Create Api Failed tabs are working" time="0.225">
    </testcase>
    <testcase classname="void test cases on Apprroved Void Api Failed tabs are working" name="void test cases on Apprroved Void Api Failed tabs are working" time="0.143">
    </testcase>
    <testcase classname="void test cases on Apprroved and click on cancel tabs are working" name="void test cases on Apprroved and click on cancel tabs are working" time="0.118">
    </testcase>
    <testcase classname="api fail tabs are working" name="api fail tabs are working" time="0.018">
    </testcase>
    <testcase classname="delete test cases on AR Reveiew on true  , and save invoice calander and po vaidehi ponum" name="delete test cases on AR Reveiew on true  , and save invoice calander and po vaidehi ponum" time="0.116">
    </testcase>
    <testcase classname="delete test cases on AR Reveiew on true  , and save invoice calander and po vaidehi invoice date" name="delete test cases on AR Reveiew on true  , and save invoice calander and po vaidehi invoice date" time="0.095">
    </testcase>
    <testcase classname="delete test cases on AR Reveiew on true  , and save invoice calander and po tabs are working" name="delete test cases on AR Reveiew on true  , and save invoice calander and po tabs are working" time="0.141">
    </testcase>
    <testcase classname="delete test cases on AR Reveiew on true  , and save invoice calander and po save invoice calander and po" name="delete test cases on AR Reveiew on true  , and save invoice calander and po save invoice calander and po" time="0.102">
    </testcase>
    <testcase classname="delete test cases on AR Reveiew click on cancel button tabs are working" name="delete test cases on AR Reveiew click on cancel button tabs are working" time="0.106">
    </testcase>
    <testcase classname="delete test cases on AR Reveiew on false tabs are working" name="delete test cases on AR Reveiew on false tabs are working" time="0.111">
    </testcase>
    <testcase classname="delete test cases on AR Reveiew on api fail tabs are working" name="delete test cases on AR Reveiew on api fail tabs are working" time="0.11">
    </testcase>
    <testcase classname="Invoice details auto approve checkbox click approve invoice clickable " name="Invoice details auto approve checkbox click approve invoice clickable " time="0.111">
    </testcase>
    <testcase classname="Invoice details auto approve checkbox click api fail approve invoice clickable " name="Invoice details auto approve checkbox click api fail approve invoice clickable " time="0.112">
    </testcase>
    <testcase classname="Invoice details fee api fail tabs are working" name="Invoice details fee api fail tabs are working" time="0.015">
    </testcase>
    <testcase classname="Invoice details invoice detail api fail tabs are working" name="Invoice details invoice detail api fail tabs are working" time="0.087">
    </testcase>
    <testcase classname="Invoice details lookup api fail tabs are working" name="Invoice details lookup api fail tabs are working" time="0.066">
    </testcase>
    <testcase classname="Invoice details countries api fail tabs are working" name="Invoice details countries api fail tabs are working" time="0.019">
    </testcase>
    <testcase classname="Invoice details employeeBreakDown api fail download clickable " name="Invoice details employeeBreakDown api fail download clickable " time="0.148">
    </testcase>
    <testcase classname="Invoice details view change log click publish notes" name="Invoice details view change log click publish notes" time="0.011">
    </testcase>
    <testcase classname="add payment button click test cases on Apprroved tabs are working" name="add payment button click test cases on Apprroved tabs are working" time="0.076">
    </testcase>
    <testcase classname="delete employee on AR Review status api fail tabs are working" name="delete employee on AR Review status api fail tabs are working" time="0.146">
    </testcase>
    <testcase classname="delete employee on AR Review status tabs are working" name="delete employee on AR Review status tabs are working" time="0.147">
    </testcase>
    <testcase classname="payment detail on partial paid tabs are working" name="payment detail on partial paid tabs are working" time="3.157">
    </testcase>
  </testsuite>
  <testsuite name="New Invoice" errors="0" failures="0" skipped="0" timestamp="2022-06-24T09:51:37" time="25.599" tests="35">
    <testcase classname="New Invoice breadcumbs are working" name="New Invoice breadcumbs are working" time="0.278">
    </testcase>
    <testcase classname="New Invoice dropDown Value change stepper 1" name="New Invoice dropDown Value change stepper 1" time="0.297">
    </testcase>
    <testcase classname="step one getCustomerSubscription api fail  dropDown Value change" name="step one getCustomerSubscription api fail  dropDown Value change" time="0.085">
    </testcase>
    <testcase classname="step one getCOuntry api fail dropDown Value change" name="step one getCOuntry api fail dropDown Value change" time="0.149">
    </testcase>
    <testcase classname="Stepper 2 dropDown Value change stepper 1 then stepper 2 click on  back button" name="Stepper 2 dropDown Value change stepper 1 then stepper 2 click on  back button" time="0.368">
    </testcase>
    <testcase classname="Stepper 2 dropDown Value change stepper 1 then stepper 2 complete and next button then row click in select table data stepper 3 then finish " name="Stepper 2 dropDown Value change stepper 1 then stepper 2 complete and next button then row click in select table data stepper 3 then finish " time="0.483">
    </testcase>
    <testcase classname="Stepper 2 show table click dropDown Value change stepper 1 then stepper 2 click on  " name="Stepper 2 show table click dropDown Value change stepper 1 then stepper 2 click on  " time="0.158">
    </testcase>
    <testcase classname="Stepper 2 api fail dropDown Value change stepper 1 then stepper 2 complete and next button then row click in select table data   stepper 3 then finish " name="Stepper 2 api fail dropDown Value change stepper 1 then stepper 2 complete and next button then row click in select table data   stepper 3 then finish " time="0.194">
    </testcase>
    <testcase classname="Stepper 2 getEmployee exceptional error api fail   dropDown Value change stepper 1 then stepper 2 complete and next button then row click in select table data   stepper 3 then finish " name="Stepper 2 getEmployee exceptional error api fail   dropDown Value change stepper 1 then stepper 2 complete and next button then row click in select table data   stepper 3 then finish " time="0.163">
    </testcase>
    <testcase classname="Stepper 2 getEmployee No Emplyee Error api fail   dropDown Value change stepper 1 then stepper 2 complete and next button then row click in select table data   stepper 3 then finish " name="Stepper 2 getEmployee No Emplyee Error api fail   dropDown Value change stepper 1 then stepper 2 complete and next button then row click in select table data   stepper 3 then finish " time="0.119">
    </testcase>
    <testcase classname="Stepper 3 dropDown Value change stepper 1 then stepper 2 complete and next button" name="Stepper 3 dropDown Value change stepper 1 then stepper 2 complete and next button" time="0.106">
    </testcase>
    <testcase classname="Stepper 3 dropDown Value change stepper 1 then stepper 2 click on  back button" name="Stepper 3 dropDown Value change stepper 1 then stepper 2 click on  back button" time="0.188">
    </testcase>
    <testcase classname="Stepper 3 dropDown Value change stepper 1 then stepper 2 complete and next button then row click in select table data stepper 3 then finish " name="Stepper 3 dropDown Value change stepper 1 then stepper 2 complete and next button then row click in select table data stepper 3 then finish " time="0.272">
    </testcase>
    <testcase classname="Stepper 3 invoice detail api fail dropDown Value change stepper 1 then stepper 2 complete and next button" name="Stepper 3 invoice detail api fail dropDown Value change stepper 1 then stepper 2 complete and next button" time="0.139">
    </testcase>
    <testcase classname="Stepper 3 invoice detail api fail dropDown Value change stepper 1 then stepper 2 click on  back button" name="Stepper 3 invoice detail api fail dropDown Value change stepper 1 then stepper 2 click on  back button" time="0.171">
    </testcase>
    <testcase classname="Stepper 3 invoice detail api fail dropDown Value change stepper 1 then stepper 2 complete and next button then row click in select table data   stepper 3 then finish " name="Stepper 3 invoice detail api fail dropDown Value change stepper 1 then stepper 2 complete and next button then row click in select table data   stepper 3 then finish " time="0.143">
    </testcase>
    <testcase classname="Stepper 3 fee api fail dropDown Value change stepper 1 then stepper 2 click on  back button" name="Stepper 3 fee api fail dropDown Value change stepper 1 then stepper 2 click on  back button" time="0.138">
    </testcase>
    <testcase classname="Stepper 3 fee api fail dropDown Value change stepper 1 then stepper 2 complete and next button then row click in select table data   stepper 3 then finish " name="Stepper 3 fee api fail dropDown Value change stepper 1 then stepper 2 complete and next button then row click in select table data   stepper 3 then finish " time="0.18">
    </testcase>
    <testcase classname="Stepper 3 address api fail dropDown Value change stepper 1 then stepper 2 complete and next button" name="Stepper 3 address api fail dropDown Value change stepper 1 then stepper 2 complete and next button" time="0.15">
    </testcase>
    <testcase classname="Stepper 3 address api fail dropDown Value change stepper 1 then stepper 2 click on  back button" name="Stepper 3 address api fail dropDown Value change stepper 1 then stepper 2 click on  back button" time="0.15">
    </testcase>
    <testcase classname="Stepper 3 address api fail dropDown Value change stepper 1 then stepper 2 complete and next button then row click in select table data   stepper 3 then finish " name="Stepper 3 address api fail dropDown Value change stepper 1 then stepper 2 complete and next button then row click in select table data   stepper 3 then finish " time="0.15">
    </testcase>
    <testcase classname="Stepper 3 country api fail dropDown Value change stepper 1 then stepper 2 complete and next button" name="Stepper 3 country api fail dropDown Value change stepper 1 then stepper 2 complete and next button" time="0.133">
    </testcase>
    <testcase classname="Stepper 3 country api fail dropDown Value change stepper 1 then stepper 2 click on  back button" name="Stepper 3 country api fail dropDown Value change stepper 1 then stepper 2 click on  back button" time="0.185">
    </testcase>
    <testcase classname="Stepper 3 country api fail dropDown Value change stepper 1 then stepper 2 complete and next button then row click in select table data   stepper 3 then finish " name="Stepper 3 country api fail dropDown Value change stepper 1 then stepper 2 complete and next button then row click in select table data   stepper 3 then finish " time="0.186">
    </testcase>
    <testcase classname="New Invoice for Proforma  breadcumbs are working" name="New Invoice for Proforma  breadcumbs are working" time="0.041">
    </testcase>
    <testcase classname="New Invoice for Proforma  dropDown Value change stepper 1" name="New Invoice for Proforma  dropDown Value change stepper 1" time="3.335">
    </testcase>
    <testcase classname="step one Proforma getCustomer api fail  dropDown Value change" name="step one Proforma getCustomer api fail  dropDown Value change" time="0.027">
    </testcase>
    <testcase classname="New Invoice for Miscellaneous  breadcumbs are working" name="New Invoice for Miscellaneous  breadcumbs are working" time="0.031">
    </testcase>
    <testcase classname="New Invoice for Miscellaneous  dropDown Value change stepper 1" name="New Invoice for Miscellaneous  dropDown Value change stepper 1" time="5.819">
    </testcase>
    <testcase classname="Stepper for Credit Memo  1, 2 and 3  dropDown Value change stepper 1 then stepper 2 complete and next button for credit memo" name="Stepper for Credit Memo  1, 2 and 3  dropDown Value change stepper 1 then stepper 2 complete and next button for credit memo" time="4.713">
    </testcase>
    <testcase classname="Stepper for Credit Memo  1, 2 and 3 api country fail  dropDown Value change stepper 1 then stepper 2 country api fail" name="Stepper for Credit Memo  1, 2 and 3 api country fail  dropDown Value change stepper 1 then stepper 2 country api fail" time="4.672">
    </testcase>
    <testcase classname="Invoice preview Pop final stepper" name="Invoice preview Pop final stepper" time="0.008">
    </testcase>
    <testcase classname="Invoice preview Pop Preview Invoice" name="Invoice preview Pop Preview Invoice" time="0.007">
    </testcase>
    <testcase classname="final stepper final stepper" name="final stepper final stepper" time="0.003">
    </testcase>
    <testcase classname="final stepper with 201 status code final stepper" name="final stepper with 201 status code final stepper" time="0.005">
    </testcase>
  </testsuite>
</testsuites>