<?xml version="1.0" encoding="UTF-8"?>
<testsuites name="jest tests" tests="84" failures="0" errors="0" time="32.413">
  <testsuite name="Bills Table" errors="0" failures="0" skipped="0" timestamp="2022-05-30T05:01:25" time="4.982" tests="1">
    <testcase classname="Bills Table Render" name="Bills Table Render" time="0.346">
    </testcase>
  </testsuite>
  <testsuite name="undefined" errors="0" failures="0" skipped="0" timestamp="2022-05-30T05:01:25" time="6.429" tests="1">
    <testcase classname=" renders learn react link" name=" renders learn react link" time="0.31">
    </testcase>
  </testsuite>
  <testsuite name="client view" errors="0" failures="0" skipped="0" timestamp="2022-05-30T05:01:25" time="9.406" tests="17">
    <testcase classname="client view Datepicker dropdowns clickoutside clickable" name="client view Datepicker dropdowns clickoutside clickable" time="0.678">
    </testcase>
    <testcase classname="client view Datepicker dropdowns today clickable" name="client view Datepicker dropdowns today clickable" time="0.291">
    </testcase>
    <testcase classname="client view Datepicker dropdowns Yesterday clickable" name="client view Datepicker dropdowns Yesterday clickable" time="0.253">
    </testcase>
    <testcase classname="client view Datepicker dropdowns This Week clickable" name="client view Datepicker dropdowns This Week clickable" time="0.179">
    </testcase>
    <testcase classname="client view Datepicker dropdowns This Month clickable" name="client view Datepicker dropdowns This Month clickable" time="0.177">
    </testcase>
    <testcase classname="client view Datepicker dropdowns This Quarter clickable" name="client view Datepicker dropdowns This Quarter clickable" time="0.154">
    </testcase>
    <testcase classname="client view Datepicker dropdowns This Year clickable" name="client view Datepicker dropdowns This Year clickable" time="0.162">
    </testcase>
    <testcase classname="client view table row clickable" name="client view table row clickable" time="0.142">
    </testcase>
    <testcase classname="client view Status clickable" name="client view Status clickable" time="0.154">
    </testcase>
    <testcase classname="client view Type clickable" name="client view Type clickable" time="0.15">
    </testcase>
    <testcase classname="client view Clear filters clickable" name="client view Clear filters clickable" time="0.178">
    </testcase>
    <testcase classname="client view search" name="client view search" time="0.178">
    </testcase>
    <testcase classname="checkbox and download checkbox and download are clickable in client view" name="checkbox and download checkbox and download are clickable in client view" time="0.33">
    </testcase>
    <testcase classname="checkbox and download checkbox and download are clickable in internal view" name="checkbox and download checkbox and download are clickable in internal view" time="0.103">
    </testcase>
    <testcase classname="checkbox and download checkbox and download are clickable in client view and searched view" name="checkbox and download checkbox and download are clickable in client view and searched view" time="0.283">
    </testcase>
    <testcase classname="Internal View Download click and checkbox Click table row clickable" name="Internal View Download click and checkbox Click table row clickable" time="0.346">
    </testcase>
    <testcase classname="Internal View Download click for single invoice  api fail Click table row clickable" name="Internal View Download click for single invoice  api fail Click table row clickable" time="0.254">
    </testcase>
  </testsuite>
  <testsuite name="Credit Memo Summary" errors="0" failures="0" skipped="0" timestamp="2022-05-30T05:01:25" time="10.742" tests="8">
    <testcase classname="Credit Memo Summary Render CM" name="Credit Memo Summary Render CM" time="0.746">
    </testcase>
    <testcase classname="Credit Memo Summary Render CM with status = 2" name="Credit Memo Summary Render CM with status = 2" time="1.053">
    </testcase>
    <testcase classname="Credit Memo Summary Render CM =&gt; delete a summary" name="Credit Memo Summary Render CM =&gt; delete a summary" time="0.483">
    </testcase>
    <testcase classname="Credit Memo Summary Render CM =&gt; edit a summary" name="Credit Memo Summary Render CM =&gt; edit a summary" time="0.659">
    </testcase>
    <testcase classname="Credit Memo Summary Render CM =&gt; edit a summary" name="Credit Memo Summary Render CM =&gt; edit a summary" time="0.581">
    </testcase>
    <testcase classname="Credit Memo Summary Render CM =&gt; edit a summary" name="Credit Memo Summary Render CM =&gt; edit a summary" time="0.665">
    </testcase>
    <testcase classname="Credit Memo Summary Render CM =&gt; edit a summary" name="Credit Memo Summary Render CM =&gt; edit a summary" time="1.214">
    </testcase>
    <testcase classname="Notes fail Render CM" name="Notes fail Render CM" time="0.273">
    </testcase>
  </testsuite>
  <testsuite name="Invoice details" errors="0" failures="0" skipped="0" timestamp="2022-05-30T05:01:25" time="12.798" tests="28">
    <testcase classname="Invoice details tabs are working" name="Invoice details tabs are working" time="1.231">
    </testcase>
    <testcase classname="Invoice details download clickable " name="Invoice details download clickable " time="0.543">
    </testcase>
    <testcase classname="Invoice details approve invoice clickable " name="Invoice details approve invoice clickable " time="0.255">
    </testcase>
    <testcase classname="Invoice details publish notes" name="Invoice details publish notes" time="0.273">
    </testcase>
    <testcase classname="Invoice details download file" name="Invoice details download file" time="0.283">
    </testcase>
    <testcase classname="Invoice details delete file" name="Invoice details delete file" time="0.239">
    </testcase>
    <testcase classname="Invoice details Navigate with breadcrumbs" name="Invoice details Navigate with breadcrumbs" time="0.194">
    </testcase>
    <testcase classname="Invoice details Decline invoice click on cancel button" name="Invoice details Decline invoice click on cancel button" time="0.202">
    </testcase>
    <testcase classname="Invoice details Decline invoice onchange textarea and click on decline button" name="Invoice details Decline invoice onchange textarea and click on decline button" time="0.261">
    </testcase>
    <testcase classname="Api returns transaction type = 7 Render Invoice Details" name="Api returns transaction type = 7 Render Invoice Details" time="0.174">
    </testcase>
    <testcase classname="Invoice details decline api fail case handling Decline invoice onchange textarea click on decline button failed api" name="Invoice details decline api fail case handling Decline invoice onchange textarea click on decline button failed api" time="0.21">
    </testcase>
    <testcase classname="void test cases on Apprroved tabs are working" name="void test cases on Apprroved tabs are working" time="0.375">
    </testcase>
    <testcase classname="void test cases on Apprroved Upload Api Failed tabs are working" name="void test cases on Apprroved Upload Api Failed tabs are working" time="0.578">
    </testcase>
    <testcase classname="void test cases on Apprroved Create Api Failed tabs are working" name="void test cases on Apprroved Create Api Failed tabs are working" time="0.498">
    </testcase>
    <testcase classname="void test cases on Apprroved Void Api Failed tabs are working" name="void test cases on Apprroved Void Api Failed tabs are working" time="0.499">
    </testcase>
    <testcase classname="void test cases on Apprroved and click on cancel tabs are working" name="void test cases on Apprroved and click on cancel tabs are working" time="0.284">
    </testcase>
    <testcase classname="api fail tabs are working" name="api fail tabs are working" time="0.033">
    </testcase>
    <testcase classname="delete test cases on AR Reveiew on true tabs are working" name="delete test cases on AR Reveiew on true tabs are working" time="0.15">
    </testcase>
    <testcase classname="delete test cases on AR Reveiew click on cancel button tabs are working" name="delete test cases on AR Reveiew click on cancel button tabs are working" time="0.135">
    </testcase>
    <testcase classname="delete test cases on AR Reveiew on false tabs are working" name="delete test cases on AR Reveiew on false tabs are working" time="0.124">
    </testcase>
    <testcase classname="delete test cases on AR Reveiew on api fail tabs are working" name="delete test cases on AR Reveiew on api fail tabs are working" time="0.138">
    </testcase>
    <testcase classname="Invoice details auto approve checkbox click approve invoice clickable " name="Invoice details auto approve checkbox click approve invoice clickable " time="0.119">
    </testcase>
    <testcase classname="Invoice details auto approve checkbox click api fail approve invoice clickable " name="Invoice details auto approve checkbox click api fail approve invoice clickable " time="0.122">
    </testcase>
    <testcase classname="Invoice details fee api fail tabs are working" name="Invoice details fee api fail tabs are working" time="0.025">
    </testcase>
    <testcase classname="Invoice details invoice detail api fail tabs are working" name="Invoice details invoice detail api fail tabs are working" time="0.015">
    </testcase>
    <testcase classname="Invoice details lookup api fail tabs are working" name="Invoice details lookup api fail tabs are working" time="0.013">
    </testcase>
    <testcase classname="Invoice details countries api fail tabs are working" name="Invoice details countries api fail tabs are working" time="0.011">
    </testcase>
    <testcase classname="Invoice details employeeBreakDown api fail download clickable " name="Invoice details employeeBreakDown api fail download clickable " time="0.171">
    </testcase>
  </testsuite>
  <testsuite name="New Invoice" errors="0" failures="0" skipped="0" timestamp="2022-05-30T05:01:25" time="28.284" tests="29">
    <testcase classname="New Invoice breadcumbs are working" name="New Invoice breadcumbs are working" time="0.356">
    </testcase>
    <testcase classname="New Invoice dropDown Value change stepper 1" name="New Invoice dropDown Value change stepper 1" time="0.422">
    </testcase>
    <testcase classname="step one getCustomer api fail  dropDown Value change" name="step one getCustomer api fail  dropDown Value change" time="0.079">
    </testcase>
    <testcase classname="step one getCOuntry api fail dropDown Value change" name="step one getCOuntry api fail dropDown Value change" time="0.117">
    </testcase>
    <testcase classname="Stepper 2 dropDown Value change stepper 1 then stepper 2 complete and next button" name="Stepper 2 dropDown Value change stepper 1 then stepper 2 complete and next button" time="0.487">
    </testcase>
    <testcase classname="Stepper 2 dropDown Value change stepper 1 then stepper 2 click on  back button" name="Stepper 2 dropDown Value change stepper 1 then stepper 2 click on  back button" time="0.642">
    </testcase>
    <testcase classname="Stepper 2 dropDown Value change stepper 1 then stepper 2 complete and next button then row click in select table data stepper 3 then finish " name="Stepper 2 dropDown Value change stepper 1 then stepper 2 complete and next button then row click in select table data stepper 3 then finish " time="0.94">
    </testcase>
    <testcase classname="Stepper 2 show table click dropDown Value change stepper 1 then stepper 2 click on  " name="Stepper 2 show table click dropDown Value change stepper 1 then stepper 2 click on  " time="0.228">
    </testcase>
    <testcase classname="Stepper 2 api fail dropDown Value change stepper 1 then stepper 2 complete and next button then row click in select table data   stepper 3 then finish " name="Stepper 2 api fail dropDown Value change stepper 1 then stepper 2 complete and next button then row click in select table data   stepper 3 then finish " time="0.224">
    </testcase>
    <testcase classname="Stepper 3 dropDown Value change stepper 1 then stepper 2 complete and next button" name="Stepper 3 dropDown Value change stepper 1 then stepper 2 complete and next button" time="0.16">
    </testcase>
    <testcase classname="Stepper 3 dropDown Value change stepper 1 then stepper 2 click on  back button" name="Stepper 3 dropDown Value change stepper 1 then stepper 2 click on  back button" time="0.197">
    </testcase>
    <testcase classname="Stepper 3 dropDown Value change stepper 1 then stepper 2 complete and next button then row click in select table data stepper 3 then finish " name="Stepper 3 dropDown Value change stepper 1 then stepper 2 complete and next button then row click in select table data stepper 3 then finish " time="0.278">
    </testcase>
    <testcase classname="Stepper 3 invoice detail api fail dropDown Value change stepper 1 then stepper 2 complete and next button" name="Stepper 3 invoice detail api fail dropDown Value change stepper 1 then stepper 2 complete and next button" time="0.153">
    </testcase>
    <testcase classname="Stepper 3 invoice detail api fail dropDown Value change stepper 1 then stepper 2 click on  back button" name="Stepper 3 invoice detail api fail dropDown Value change stepper 1 then stepper 2 click on  back button" time="0.425">
    </testcase>
    <testcase classname="Stepper 3 invoice detail api fail dropDown Value change stepper 1 then stepper 2 complete and next button then row click in select table data   stepper 3 then finish " name="Stepper 3 invoice detail api fail dropDown Value change stepper 1 then stepper 2 complete and next button then row click in select table data   stepper 3 then finish " time="0.473">
    </testcase>
    <testcase classname="Stepper 3 fee api fail dropDown Value change stepper 1 then stepper 2 click on  back button" name="Stepper 3 fee api fail dropDown Value change stepper 1 then stepper 2 click on  back button" time="0.189">
    </testcase>
    <testcase classname="Stepper 3 fee api fail dropDown Value change stepper 1 then stepper 2 complete and next button then row click in select table data   stepper 3 then finish " name="Stepper 3 fee api fail dropDown Value change stepper 1 then stepper 2 complete and next button then row click in select table data   stepper 3 then finish " time="0.183">
    </testcase>
    <testcase classname="Stepper 3 address api fail dropDown Value change stepper 1 then stepper 2 complete and next button" name="Stepper 3 address api fail dropDown Value change stepper 1 then stepper 2 complete and next button" time="0.118">
    </testcase>
    <testcase classname="Stepper 3 address api fail dropDown Value change stepper 1 then stepper 2 click on  back button" name="Stepper 3 address api fail dropDown Value change stepper 1 then stepper 2 click on  back button" time="0.166">
    </testcase>
    <testcase classname="Stepper 3 address api fail dropDown Value change stepper 1 then stepper 2 complete and next button then row click in select table data   stepper 3 then finish " name="Stepper 3 address api fail dropDown Value change stepper 1 then stepper 2 complete and next button then row click in select table data   stepper 3 then finish " time="0.181">
    </testcase>
    <testcase classname="Stepper 3 country api fail dropDown Value change stepper 1 then stepper 2 complete and next button" name="Stepper 3 country api fail dropDown Value change stepper 1 then stepper 2 complete and next button" time="0.107">
    </testcase>
    <testcase classname="Stepper 3 country api fail dropDown Value change stepper 1 then stepper 2 click on  back button" name="Stepper 3 country api fail dropDown Value change stepper 1 then stepper 2 click on  back button" time="0.133">
    </testcase>
    <testcase classname="Stepper 3 country api fail dropDown Value change stepper 1 then stepper 2 complete and next button then row click in select table data   stepper 3 then finish " name="Stepper 3 country api fail dropDown Value change stepper 1 then stepper 2 complete and next button then row click in select table data   stepper 3 then finish " time="0.141">
    </testcase>
    <testcase classname="New Invoice for Proforma  breadcumbs are working" name="New Invoice for Proforma  breadcumbs are working" time="0.041">
    </testcase>
    <testcase classname="New Invoice for Proforma  dropDown Value change stepper 1" name="New Invoice for Proforma  dropDown Value change stepper 1" time="2.37">
    </testcase>
    <testcase classname="New Invoice for Miscellaneous  breadcumbs are working" name="New Invoice for Miscellaneous  breadcumbs are working" time="0.037">
    </testcase>
    <testcase classname="New Invoice for Miscellaneous  dropDown Value change stepper 1" name="New Invoice for Miscellaneous  dropDown Value change stepper 1" time="5.243">
    </testcase>
    <testcase classname="Stepper for Credit Memo  1, 2 and 3  dropDown Value change stepper 1 then stepper 2 complete and next button for credit memo" name="Stepper for Credit Memo  1, 2 and 3  dropDown Value change stepper 1 then stepper 2 complete and next button for credit memo" time="5.497">
    </testcase>
    <testcase classname="final stepper final stepper" name="final stepper final stepper" time="0.007">
    </testcase>
  </testsuite>
</testsuites>