<?xml version="1.0" encoding="UTF-8"?>
<testsuites name="jest tests" tests="78" failures="21" errors="0" time="34.189">
  <testsuite name="Bills Table" errors="0" failures="0" skipped="0" timestamp="2022-05-26T10:56:19" time="6.14" tests="1">
    <testcase classname="Bills Table Render" name="Bills Table Render" time="0.469">
    </testcase>
  </testsuite>
  <testsuite name="Credit Memo Summary" errors="0" failures="0" skipped="0" timestamp="2022-05-26T10:56:19" time="7.065" tests="2">
    <testcase classname="Credit Memo Summary Render CM" name="Credit Memo Summary Render CM" time="0.805">
    </testcase>
    <testcase classname="Notes fail Render CM" name="Notes fail Render CM" time="0.245">
    </testcase>
  </testsuite>
  <testsuite name="undefined" errors="0" failures="0" skipped="0" timestamp="2022-05-26T10:56:19" time="10.851" tests="1">
    <testcase classname=" renders learn react link" name=" renders learn react link" time="0.55">
    </testcase>
  </testsuite>
  <testsuite name="client view" errors="0" failures="0" skipped="0" timestamp="2022-05-26T10:56:19" time="12.575" tests="17">
    <testcase classname="client view Datepicker dropdowns clickoutside clickable" name="client view Datepicker dropdowns clickoutside clickable" time="1.019">
    </testcase>
    <testcase classname="client view Datepicker dropdowns today clickable" name="client view Datepicker dropdowns today clickable" time="0.48">
    </testcase>
    <testcase classname="client view Datepicker dropdowns Yesterday clickable" name="client view Datepicker dropdowns Yesterday clickable" time="0.311">
    </testcase>
    <testcase classname="client view Datepicker dropdowns This Week clickable" name="client view Datepicker dropdowns This Week clickable" time="0.247">
    </testcase>
    <testcase classname="client view Datepicker dropdowns This Month clickable" name="client view Datepicker dropdowns This Month clickable" time="0.285">
    </testcase>
    <testcase classname="client view Datepicker dropdowns This Quarter clickable" name="client view Datepicker dropdowns This Quarter clickable" time="0.223">
    </testcase>
    <testcase classname="client view Datepicker dropdowns This Year clickable" name="client view Datepicker dropdowns This Year clickable" time="0.204">
    </testcase>
    <testcase classname="client view table row clickable" name="client view table row clickable" time="0.182">
    </testcase>
    <testcase classname="client view Status clickable" name="client view Status clickable" time="0.224">
    </testcase>
    <testcase classname="client view Type clickable" name="client view Type clickable" time="0.221">
    </testcase>
    <testcase classname="client view Clear filters clickable" name="client view Clear filters clickable" time="0.28">
    </testcase>
    <testcase classname="client view search" name="client view search" time="0.279">
    </testcase>
    <testcase classname="checkbox and download checkbox and download are clickable in client view" name="checkbox and download checkbox and download are clickable in client view" time="0.536">
    </testcase>
    <testcase classname="checkbox and download checkbox and download are clickable in internal view" name="checkbox and download checkbox and download are clickable in internal view" time="0.135">
    </testcase>
    <testcase classname="checkbox and download checkbox and download are clickable in client view and searched view" name="checkbox and download checkbox and download are clickable in client view and searched view" time="0.512">
    </testcase>
    <testcase classname="Internal View Download click and checkbox Click table row clickable" name="Internal View Download click and checkbox Click table row clickable" time="0.356">
    </testcase>
    <testcase classname="Internal View Download click for single invoice  api fail Click table row clickable" name="Internal View Download click for single invoice  api fail Click table row clickable" time="0.355">
    </testcase>
  </testsuite>
  <testsuite name="Invoice details" errors="0" failures="0" skipped="0" timestamp="2022-05-26T10:56:19" time="15.953" tests="28">
    <testcase classname="Invoice details tabs are working" name="Invoice details tabs are working" time="1.747">
    </testcase>
    <testcase classname="Invoice details download clickable " name="Invoice details download clickable " time="0.721">
    </testcase>
    <testcase classname="Invoice details approve invoice clickable " name="Invoice details approve invoice clickable " time="0.307">
    </testcase>
    <testcase classname="Invoice details publish notes" name="Invoice details publish notes" time="0.394">
    </testcase>
    <testcase classname="Invoice details download file" name="Invoice details download file" time="0.348">
    </testcase>
    <testcase classname="Invoice details delete file" name="Invoice details delete file" time="0.436">
    </testcase>
    <testcase classname="Invoice details Navigate with breadcrumbs" name="Invoice details Navigate with breadcrumbs" time="0.336">
    </testcase>
    <testcase classname="Invoice details Decline invoice click on cancel button" name="Invoice details Decline invoice click on cancel button" time="0.24">
    </testcase>
    <testcase classname="Invoice details Decline invoice onchange textarea and click on decline button" name="Invoice details Decline invoice onchange textarea and click on decline button" time="0.397">
    </testcase>
    <testcase classname="Api returns transaction type = 7 Render Invoice Details" name="Api returns transaction type = 7 Render Invoice Details" time="0.222">
    </testcase>
    <testcase classname="Invoice details decline api fail case handling Decline invoice onchange textarea click on decline button failed api" name="Invoice details decline api fail case handling Decline invoice onchange textarea click on decline button failed api" time="0.232">
    </testcase>
    <testcase classname="void test cases on Apprroved tabs are working" name="void test cases on Apprroved tabs are working" time="0.384">
    </testcase>
    <testcase classname="void test cases on Apprroved Upload Api Failed tabs are working" name="void test cases on Apprroved Upload Api Failed tabs are working" time="0.485">
    </testcase>
    <testcase classname="void test cases on Apprroved Create Api Failed tabs are working" name="void test cases on Apprroved Create Api Failed tabs are working" time="0.705">
    </testcase>
    <testcase classname="void test cases on Apprroved Void Api Failed tabs are working" name="void test cases on Apprroved Void Api Failed tabs are working" time="0.483">
    </testcase>
    <testcase classname="void test cases on Apprroved and click on cancel tabs are working" name="void test cases on Apprroved and click on cancel tabs are working" time="0.379">
    </testcase>
    <testcase classname="api fail tabs are working" name="api fail tabs are working" time="0.056">
    </testcase>
    <testcase classname="delete test cases on AR Reveiew on true tabs are working" name="delete test cases on AR Reveiew on true tabs are working" time="0.206">
    </testcase>
    <testcase classname="delete test cases on AR Reveiew click on cancel button tabs are working" name="delete test cases on AR Reveiew click on cancel button tabs are working" time="0.164">
    </testcase>
    <testcase classname="delete test cases on AR Reveiew on false tabs are working" name="delete test cases on AR Reveiew on false tabs are working" time="0.134">
    </testcase>
    <testcase classname="delete test cases on AR Reveiew on api fail tabs are working" name="delete test cases on AR Reveiew on api fail tabs are working" time="0.15">
    </testcase>
    <testcase classname="Invoice details auto approve checkbox click approve invoice clickable " name="Invoice details auto approve checkbox click approve invoice clickable " time="0.13">
    </testcase>
    <testcase classname="Invoice details auto approve checkbox click api fail approve invoice clickable " name="Invoice details auto approve checkbox click api fail approve invoice clickable " time="0.13">
    </testcase>
    <testcase classname="Invoice details fee api fail tabs are working" name="Invoice details fee api fail tabs are working" time="0.026">
    </testcase>
    <testcase classname="Invoice details invoice detail api fail tabs are working" name="Invoice details invoice detail api fail tabs are working" time="0.018">
    </testcase>
    <testcase classname="Invoice details lookup api fail tabs are working" name="Invoice details lookup api fail tabs are working" time="0.019">
    </testcase>
    <testcase classname="Invoice details countries api fail tabs are working" name="Invoice details countries api fail tabs are working" time="0.015">
    </testcase>
    <testcase classname="Invoice details employeeBreakDown api fail download clickable " name="Invoice details employeeBreakDown api fail download clickable " time="0.204">
    </testcase>
  </testsuite>
  <testsuite name="New Invoice" errors="0" failures="21" skipped="0" timestamp="2022-05-26T10:56:19" time="26.577" tests="29">
    <testcase classname="New Invoice breadcumbs are working" name="New Invoice breadcumbs are working" time="0.6">
    </testcase>
    <testcase classname="New Invoice dropDown Value change stepper 1" name="New Invoice dropDown Value change stepper 1" time="0.417">
      <failure>Error: Unable to fire a &quot;click&quot; event - please provide a DOM element.
    at createEvent (C:\Projects\New folder\Atlas-Payments-UI\node_modules\@testing-library\dom\dist\events.js:34:11)
    at Function.createEvent.&lt;computed&gt; [as click] (C:\Projects\New folder\Atlas-Payments-UI\node_modules\@testing-library\dom\dist\events.js:120:38)
    at Function.fireEvent.&lt;computed&gt; [as click] (C:\Projects\New folder\Atlas-Payments-UI\node_modules\@testing-library\dom\dist\events.js:125:68)
    at Function.click (C:\Projects\New folder\Atlas-Payments-UI\node_modules\@testing-library\react\dist\fire-event.js:18:52)
    at _callee2$ (C:\Projects\New folder\Atlas-Payments-UI\src\layouts\views\NewInvoice\test\index.test.js:100:15)
    at tryCatch (C:\Projects\New folder\Atlas-Payments-UI\node_modules\regenerator-runtime\runtime.js:63:40)
    at Generator.invoke [as _invoke] (C:\Projects\New folder\Atlas-Payments-UI\node_modules\regenerator-runtime\runtime.js:294:22)
    at Generator.next (C:\Projects\New folder\Atlas-Payments-UI\node_modules\regenerator-runtime\runtime.js:119:21)
    at asyncGeneratorStep (C:\Projects\New folder\Atlas-Payments-UI\node_modules\@babel\runtime\helpers\asyncToGenerator.js:3:24)
    at _next (C:\Projects\New folder\Atlas-Payments-UI\node_modules\@babel\runtime\helpers\asyncToGenerator.js:25:9)</failure>
    </testcase>
    <testcase classname="step one getCustomer api fail  dropDown Value change" name="step one getCustomer api fail  dropDown Value change" time="0.148">
    </testcase>
    <testcase classname="step one getCOuntry api fail dropDown Value change" name="step one getCOuntry api fail dropDown Value change" time="0.202">
    </testcase>
    <testcase classname="Stepper 2 dropDown Value change stepper 1 then stepper 2 complete and next button" name="Stepper 2 dropDown Value change stepper 1 then stepper 2 complete and next button" time="0.258">
      <failure>Error: Unable to fire a &quot;click&quot; event - please provide a DOM element.
    at createEvent (C:\Projects\New folder\Atlas-Payments-UI\node_modules\@testing-library\dom\dist\events.js:34:11)
    at Function.createEvent.&lt;computed&gt; [as click] (C:\Projects\New folder\Atlas-Payments-UI\node_modules\@testing-library\dom\dist\events.js:120:38)
    at Function.fireEvent.&lt;computed&gt; [as click] (C:\Projects\New folder\Atlas-Payments-UI\node_modules\@testing-library\dom\dist\events.js:125:68)
    at Function.click (C:\Projects\New folder\Atlas-Payments-UI\node_modules\@testing-library\react\dist\fire-event.js:18:52)
    at _callee5$ (C:\Projects\New folder\Atlas-Payments-UI\src\layouts\views\NewInvoice\test\index.test.js:231:15)
    at tryCatch (C:\Projects\New folder\Atlas-Payments-UI\node_modules\regenerator-runtime\runtime.js:63:40)
    at Generator.invoke [as _invoke] (C:\Projects\New folder\Atlas-Payments-UI\node_modules\regenerator-runtime\runtime.js:294:22)
    at Generator.next (C:\Projects\New folder\Atlas-Payments-UI\node_modules\regenerator-runtime\runtime.js:119:21)
    at asyncGeneratorStep (C:\Projects\New folder\Atlas-Payments-UI\node_modules\@babel\runtime\helpers\asyncToGenerator.js:3:24)
    at _next (C:\Projects\New folder\Atlas-Payments-UI\node_modules\@babel\runtime\helpers\asyncToGenerator.js:25:9)</failure>
    </testcase>
    <testcase classname="Stepper 2 dropDown Value change stepper 1 then stepper 2 click on  back button" name="Stepper 2 dropDown Value change stepper 1 then stepper 2 click on  back button" time="0.206">
      <failure>Error: Unable to fire a &quot;click&quot; event - please provide a DOM element.
    at createEvent (C:\Projects\New folder\Atlas-Payments-UI\node_modules\@testing-library\dom\dist\events.js:34:11)
    at Function.createEvent.&lt;computed&gt; [as click] (C:\Projects\New folder\Atlas-Payments-UI\node_modules\@testing-library\dom\dist\events.js:120:38)
    at Function.fireEvent.&lt;computed&gt; [as click] (C:\Projects\New folder\Atlas-Payments-UI\node_modules\@testing-library\dom\dist\events.js:125:68)
    at Function.click (C:\Projects\New folder\Atlas-Payments-UI\node_modules\@testing-library\react\dist\fire-event.js:18:52)
    at _callee6$ (C:\Projects\New folder\Atlas-Payments-UI\src\layouts\views\NewInvoice\test\index.test.js:285:15)
    at tryCatch (C:\Projects\New folder\Atlas-Payments-UI\node_modules\regenerator-runtime\runtime.js:63:40)
    at Generator.invoke [as _invoke] (C:\Projects\New folder\Atlas-Payments-UI\node_modules\regenerator-runtime\runtime.js:294:22)
    at Generator.next (C:\Projects\New folder\Atlas-Payments-UI\node_modules\regenerator-runtime\runtime.js:119:21)
    at asyncGeneratorStep (C:\Projects\New folder\Atlas-Payments-UI\node_modules\@babel\runtime\helpers\asyncToGenerator.js:3:24)
    at _next (C:\Projects\New folder\Atlas-Payments-UI\node_modules\@babel\runtime\helpers\asyncToGenerator.js:25:9)</failure>
    </testcase>
    <testcase classname="Stepper 2 dropDown Value change stepper 1 then stepper 2 complete and next button then row click in select table data stepper 3 then finish " name="Stepper 2 dropDown Value change stepper 1 then stepper 2 complete and next button then row click in select table data stepper 3 then finish " time="0.148">
      <failure>Error: Unable to fire a &quot;click&quot; event - please provide a DOM element.
    at createEvent (C:\Projects\New folder\Atlas-Payments-UI\node_modules\@testing-library\dom\dist\events.js:34:11)
    at Function.createEvent.&lt;computed&gt; [as click] (C:\Projects\New folder\Atlas-Payments-UI\node_modules\@testing-library\dom\dist\events.js:120:38)
    at Function.fireEvent.&lt;computed&gt; [as click] (C:\Projects\New folder\Atlas-Payments-UI\node_modules\@testing-library\dom\dist\events.js:125:68)
    at Function.click (C:\Projects\New folder\Atlas-Payments-UI\node_modules\@testing-library\react\dist\fire-event.js:18:52)
    at _callee7$ (C:\Projects\New folder\Atlas-Payments-UI\src\layouts\views\NewInvoice\test\index.test.js:338:15)
    at tryCatch (C:\Projects\New folder\Atlas-Payments-UI\node_modules\regenerator-runtime\runtime.js:63:40)
    at Generator.invoke [as _invoke] (C:\Projects\New folder\Atlas-Payments-UI\node_modules\regenerator-runtime\runtime.js:294:22)
    at Generator.next (C:\Projects\New folder\Atlas-Payments-UI\node_modules\regenerator-runtime\runtime.js:119:21)
    at asyncGeneratorStep (C:\Projects\New folder\Atlas-Payments-UI\node_modules\@babel\runtime\helpers\asyncToGenerator.js:3:24)
    at _next (C:\Projects\New folder\Atlas-Payments-UI\node_modules\@babel\runtime\helpers\asyncToGenerator.js:25:9)</failure>
    </testcase>
    <testcase classname="Stepper 2 show table click dropDown Value change stepper 1 then stepper 2 click on  " name="Stepper 2 show table click dropDown Value change stepper 1 then stepper 2 click on  " time="0.133">
      <failure>Error: Unable to fire a &quot;click&quot; event - please provide a DOM element.
    at createEvent (C:\Projects\New folder\Atlas-Payments-UI\node_modules\@testing-library\dom\dist\events.js:34:11)
    at Function.createEvent.&lt;computed&gt; [as click] (C:\Projects\New folder\Atlas-Payments-UI\node_modules\@testing-library\dom\dist\events.js:120:38)
    at Function.fireEvent.&lt;computed&gt; [as click] (C:\Projects\New folder\Atlas-Payments-UI\node_modules\@testing-library\dom\dist\events.js:125:68)
    at Function.click (C:\Projects\New folder\Atlas-Payments-UI\node_modules\@testing-library\react\dist\fire-event.js:18:52)
    at _callee8$ (C:\Projects\New folder\Atlas-Payments-UI\src\layouts\views\NewInvoice\test\index.test.js:456:15)
    at tryCatch (C:\Projects\New folder\Atlas-Payments-UI\node_modules\regenerator-runtime\runtime.js:63:40)
    at Generator.invoke [as _invoke] (C:\Projects\New folder\Atlas-Payments-UI\node_modules\regenerator-runtime\runtime.js:294:22)
    at Generator.next (C:\Projects\New folder\Atlas-Payments-UI\node_modules\regenerator-runtime\runtime.js:119:21)
    at asyncGeneratorStep (C:\Projects\New folder\Atlas-Payments-UI\node_modules\@babel\runtime\helpers\asyncToGenerator.js:3:24)
    at _next (C:\Projects\New folder\Atlas-Payments-UI\node_modules\@babel\runtime\helpers\asyncToGenerator.js:25:9)</failure>
    </testcase>
    <testcase classname="Stepper 2 api fail dropDown Value change stepper 1 then stepper 2 complete and next button then row click in select table data   stepper 3 then finish " name="Stepper 2 api fail dropDown Value change stepper 1 then stepper 2 complete and next button then row click in select table data   stepper 3 then finish " time="0.12">
      <failure>Error: Unable to fire a &quot;click&quot; event - please provide a DOM element.
    at createEvent (C:\Projects\New folder\Atlas-Payments-UI\node_modules\@testing-library\dom\dist\events.js:34:11)
    at Function.createEvent.&lt;computed&gt; [as click] (C:\Projects\New folder\Atlas-Payments-UI\node_modules\@testing-library\dom\dist\events.js:120:38)
    at Function.fireEvent.&lt;computed&gt; [as click] (C:\Projects\New folder\Atlas-Payments-UI\node_modules\@testing-library\dom\dist\events.js:125:68)
    at Function.click (C:\Projects\New folder\Atlas-Payments-UI\node_modules\@testing-library\react\dist\fire-event.js:18:52)
    at _callee9$ (C:\Projects\New folder\Atlas-Payments-UI\src\layouts\views\NewInvoice\test\index.test.js:528:15)
    at tryCatch (C:\Projects\New folder\Atlas-Payments-UI\node_modules\regenerator-runtime\runtime.js:63:40)
    at Generator.invoke [as _invoke] (C:\Projects\New folder\Atlas-Payments-UI\node_modules\regenerator-runtime\runtime.js:294:22)
    at Generator.next (C:\Projects\New folder\Atlas-Payments-UI\node_modules\regenerator-runtime\runtime.js:119:21)
    at asyncGeneratorStep (C:\Projects\New folder\Atlas-Payments-UI\node_modules\@babel\runtime\helpers\asyncToGenerator.js:3:24)
    at _next (C:\Projects\New folder\Atlas-Payments-UI\node_modules\@babel\runtime\helpers\asyncToGenerator.js:25:9)</failure>
    </testcase>
    <testcase classname="Stepper 3 dropDown Value change stepper 1 then stepper 2 complete and next button" name="Stepper 3 dropDown Value change stepper 1 then stepper 2 complete and next button" time="0.117">
      <failure>Error: Unable to fire a &quot;click&quot; event - please provide a DOM element.
    at createEvent (C:\Projects\New folder\Atlas-Payments-UI\node_modules\@testing-library\dom\dist\events.js:34:11)
    at Function.createEvent.&lt;computed&gt; [as click] (C:\Projects\New folder\Atlas-Payments-UI\node_modules\@testing-library\dom\dist\events.js:120:38)
    at Function.fireEvent.&lt;computed&gt; [as click] (C:\Projects\New folder\Atlas-Payments-UI\node_modules\@testing-library\dom\dist\events.js:125:68)
    at Function.click (C:\Projects\New folder\Atlas-Payments-UI\node_modules\@testing-library\react\dist\fire-event.js:18:52)
    at _callee10$ (C:\Projects\New folder\Atlas-Payments-UI\src\layouts\views\NewInvoice\test\index.test.js:637:15)
    at tryCatch (C:\Projects\New folder\Atlas-Payments-UI\node_modules\regenerator-runtime\runtime.js:63:40)
    at Generator.invoke [as _invoke] (C:\Projects\New folder\Atlas-Payments-UI\node_modules\regenerator-runtime\runtime.js:294:22)
    at Generator.next (C:\Projects\New folder\Atlas-Payments-UI\node_modules\regenerator-runtime\runtime.js:119:21)
    at asyncGeneratorStep (C:\Projects\New folder\Atlas-Payments-UI\node_modules\@babel\runtime\helpers\asyncToGenerator.js:3:24)
    at _next (C:\Projects\New folder\Atlas-Payments-UI\node_modules\@babel\runtime\helpers\asyncToGenerator.js:25:9)</failure>
    </testcase>
    <testcase classname="Stepper 3 dropDown Value change stepper 1 then stepper 2 click on  back button" name="Stepper 3 dropDown Value change stepper 1 then stepper 2 click on  back button" time="0.119">
      <failure>Error: Unable to fire a &quot;click&quot; event - please provide a DOM element.
    at createEvent (C:\Projects\New folder\Atlas-Payments-UI\node_modules\@testing-library\dom\dist\events.js:34:11)
    at Function.createEvent.&lt;computed&gt; [as click] (C:\Projects\New folder\Atlas-Payments-UI\node_modules\@testing-library\dom\dist\events.js:120:38)
    at Function.fireEvent.&lt;computed&gt; [as click] (C:\Projects\New folder\Atlas-Payments-UI\node_modules\@testing-library\dom\dist\events.js:125:68)
    at Function.click (C:\Projects\New folder\Atlas-Payments-UI\node_modules\@testing-library\react\dist\fire-event.js:18:52)
    at _callee11$ (C:\Projects\New folder\Atlas-Payments-UI\src\layouts\views\NewInvoice\test\index.test.js:691:15)
    at tryCatch (C:\Projects\New folder\Atlas-Payments-UI\node_modules\regenerator-runtime\runtime.js:63:40)
    at Generator.invoke [as _invoke] (C:\Projects\New folder\Atlas-Payments-UI\node_modules\regenerator-runtime\runtime.js:294:22)
    at Generator.next (C:\Projects\New folder\Atlas-Payments-UI\node_modules\regenerator-runtime\runtime.js:119:21)
    at asyncGeneratorStep (C:\Projects\New folder\Atlas-Payments-UI\node_modules\@babel\runtime\helpers\asyncToGenerator.js:3:24)
    at _next (C:\Projects\New folder\Atlas-Payments-UI\node_modules\@babel\runtime\helpers\asyncToGenerator.js:25:9)</failure>
    </testcase>
    <testcase classname="Stepper 3 dropDown Value change stepper 1 then stepper 2 complete and next button then row click in select table data stepper 3 then finish " name="Stepper 3 dropDown Value change stepper 1 then stepper 2 complete and next button then row click in select table data stepper 3 then finish " time="0.103">
      <failure>Error: Unable to fire a &quot;click&quot; event - please provide a DOM element.
    at createEvent (C:\Projects\New folder\Atlas-Payments-UI\node_modules\@testing-library\dom\dist\events.js:34:11)
    at Function.createEvent.&lt;computed&gt; [as click] (C:\Projects\New folder\Atlas-Payments-UI\node_modules\@testing-library\dom\dist\events.js:120:38)
    at Function.fireEvent.&lt;computed&gt; [as click] (C:\Projects\New folder\Atlas-Payments-UI\node_modules\@testing-library\dom\dist\events.js:125:68)
    at Function.click (C:\Projects\New folder\Atlas-Payments-UI\node_modules\@testing-library\react\dist\fire-event.js:18:52)
    at _callee12$ (C:\Projects\New folder\Atlas-Payments-UI\src\layouts\views\NewInvoice\test\index.test.js:744:15)
    at tryCatch (C:\Projects\New folder\Atlas-Payments-UI\node_modules\regenerator-runtime\runtime.js:63:40)
    at Generator.invoke [as _invoke] (C:\Projects\New folder\Atlas-Payments-UI\node_modules\regenerator-runtime\runtime.js:294:22)
    at Generator.next (C:\Projects\New folder\Atlas-Payments-UI\node_modules\regenerator-runtime\runtime.js:119:21)
    at asyncGeneratorStep (C:\Projects\New folder\Atlas-Payments-UI\node_modules\@babel\runtime\helpers\asyncToGenerator.js:3:24)
    at _next (C:\Projects\New folder\Atlas-Payments-UI\node_modules\@babel\runtime\helpers\asyncToGenerator.js:25:9)</failure>
    </testcase>
    <testcase classname="Stepper 3 invoice detail api fail dropDown Value change stepper 1 then stepper 2 complete and next button" name="Stepper 3 invoice detail api fail dropDown Value change stepper 1 then stepper 2 complete and next button" time="0.111">
      <failure>Error: Unable to fire a &quot;click&quot; event - please provide a DOM element.
    at createEvent (C:\Projects\New folder\Atlas-Payments-UI\node_modules\@testing-library\dom\dist\events.js:34:11)
    at Function.createEvent.&lt;computed&gt; [as click] (C:\Projects\New folder\Atlas-Payments-UI\node_modules\@testing-library\dom\dist\events.js:120:38)
    at Function.fireEvent.&lt;computed&gt; [as click] (C:\Projects\New folder\Atlas-Payments-UI\node_modules\@testing-library\dom\dist\events.js:125:68)
    at Function.click (C:\Projects\New folder\Atlas-Payments-UI\node_modules\@testing-library\react\dist\fire-event.js:18:52)
    at _callee13$ (C:\Projects\New folder\Atlas-Payments-UI\src\layouts\views\NewInvoice\test\index.test.js:864:15)
    at tryCatch (C:\Projects\New folder\Atlas-Payments-UI\node_modules\regenerator-runtime\runtime.js:63:40)
    at Generator.invoke [as _invoke] (C:\Projects\New folder\Atlas-Payments-UI\node_modules\regenerator-runtime\runtime.js:294:22)
    at Generator.next (C:\Projects\New folder\Atlas-Payments-UI\node_modules\regenerator-runtime\runtime.js:119:21)
    at asyncGeneratorStep (C:\Projects\New folder\Atlas-Payments-UI\node_modules\@babel\runtime\helpers\asyncToGenerator.js:3:24)
    at _next (C:\Projects\New folder\Atlas-Payments-UI\node_modules\@babel\runtime\helpers\asyncToGenerator.js:25:9)</failure>
    </testcase>
    <testcase classname="Stepper 3 invoice detail api fail dropDown Value change stepper 1 then stepper 2 click on  back button" name="Stepper 3 invoice detail api fail dropDown Value change stepper 1 then stepper 2 click on  back button" time="0.113">
      <failure>Error: Unable to fire a &quot;click&quot; event - please provide a DOM element.
    at createEvent (C:\Projects\New folder\Atlas-Payments-UI\node_modules\@testing-library\dom\dist\events.js:34:11)
    at Function.createEvent.&lt;computed&gt; [as click] (C:\Projects\New folder\Atlas-Payments-UI\node_modules\@testing-library\dom\dist\events.js:120:38)
    at Function.fireEvent.&lt;computed&gt; [as click] (C:\Projects\New folder\Atlas-Payments-UI\node_modules\@testing-library\dom\dist\events.js:125:68)
    at Function.click (C:\Projects\New folder\Atlas-Payments-UI\node_modules\@testing-library\react\dist\fire-event.js:18:52)
    at _callee14$ (C:\Projects\New folder\Atlas-Payments-UI\src\layouts\views\NewInvoice\test\index.test.js:918:15)
    at tryCatch (C:\Projects\New folder\Atlas-Payments-UI\node_modules\regenerator-runtime\runtime.js:63:40)
    at Generator.invoke [as _invoke] (C:\Projects\New folder\Atlas-Payments-UI\node_modules\regenerator-runtime\runtime.js:294:22)
    at Generator.next (C:\Projects\New folder\Atlas-Payments-UI\node_modules\regenerator-runtime\runtime.js:119:21)
    at asyncGeneratorStep (C:\Projects\New folder\Atlas-Payments-UI\node_modules\@babel\runtime\helpers\asyncToGenerator.js:3:24)
    at _next (C:\Projects\New folder\Atlas-Payments-UI\node_modules\@babel\runtime\helpers\asyncToGenerator.js:25:9)</failure>
    </testcase>
    <testcase classname="Stepper 3 invoice detail api fail dropDown Value change stepper 1 then stepper 2 complete and next button then row click in select table data   stepper 3 then finish " name="Stepper 3 invoice detail api fail dropDown Value change stepper 1 then stepper 2 complete and next button then row click in select table data   stepper 3 then finish " time="0.124">
      <failure>Error: Unable to fire a &quot;click&quot; event - please provide a DOM element.
    at createEvent (C:\Projects\New folder\Atlas-Payments-UI\node_modules\@testing-library\dom\dist\events.js:34:11)
    at Function.createEvent.&lt;computed&gt; [as click] (C:\Projects\New folder\Atlas-Payments-UI\node_modules\@testing-library\dom\dist\events.js:120:38)
    at Function.fireEvent.&lt;computed&gt; [as click] (C:\Projects\New folder\Atlas-Payments-UI\node_modules\@testing-library\dom\dist\events.js:125:68)
    at Function.click (C:\Projects\New folder\Atlas-Payments-UI\node_modules\@testing-library\react\dist\fire-event.js:18:52)
    at _callee15$ (C:\Projects\New folder\Atlas-Payments-UI\src\layouts\views\NewInvoice\test\index.test.js:971:15)
    at tryCatch (C:\Projects\New folder\Atlas-Payments-UI\node_modules\regenerator-runtime\runtime.js:63:40)
    at Generator.invoke [as _invoke] (C:\Projects\New folder\Atlas-Payments-UI\node_modules\regenerator-runtime\runtime.js:294:22)
    at Generator.next (C:\Projects\New folder\Atlas-Payments-UI\node_modules\regenerator-runtime\runtime.js:119:21)
    at asyncGeneratorStep (C:\Projects\New folder\Atlas-Payments-UI\node_modules\@babel\runtime\helpers\asyncToGenerator.js:3:24)
    at _next (C:\Projects\New folder\Atlas-Payments-UI\node_modules\@babel\runtime\helpers\asyncToGenerator.js:25:9)</failure>
    </testcase>
    <testcase classname="Stepper 3 fee api fail dropDown Value change stepper 1 then stepper 2 click on  back button" name="Stepper 3 fee api fail dropDown Value change stepper 1 then stepper 2 click on  back button" time="0.124">
      <failure>Error: Unable to fire a &quot;click&quot; event - please provide a DOM element.
    at createEvent (C:\Projects\New folder\Atlas-Payments-UI\node_modules\@testing-library\dom\dist\events.js:34:11)
    at Function.createEvent.&lt;computed&gt; [as click] (C:\Projects\New folder\Atlas-Payments-UI\node_modules\@testing-library\dom\dist\events.js:120:38)
    at Function.fireEvent.&lt;computed&gt; [as click] (C:\Projects\New folder\Atlas-Payments-UI\node_modules\@testing-library\dom\dist\events.js:125:68)
    at Function.click (C:\Projects\New folder\Atlas-Payments-UI\node_modules\@testing-library\react\dist\fire-event.js:18:52)
    at _callee16$ (C:\Projects\New folder\Atlas-Payments-UI\src\layouts\views\NewInvoice\test\index.test.js:1138:15)
    at tryCatch (C:\Projects\New folder\Atlas-Payments-UI\node_modules\regenerator-runtime\runtime.js:63:40)
    at Generator.invoke [as _invoke] (C:\Projects\New folder\Atlas-Payments-UI\node_modules\regenerator-runtime\runtime.js:294:22)
    at Generator.next (C:\Projects\New folder\Atlas-Payments-UI\node_modules\regenerator-runtime\runtime.js:119:21)
    at asyncGeneratorStep (C:\Projects\New folder\Atlas-Payments-UI\node_modules\@babel\runtime\helpers\asyncToGenerator.js:3:24)
    at _next (C:\Projects\New folder\Atlas-Payments-UI\node_modules\@babel\runtime\helpers\asyncToGenerator.js:25:9)</failure>
    </testcase>
    <testcase classname="Stepper 3 fee api fail dropDown Value change stepper 1 then stepper 2 complete and next button then row click in select table data   stepper 3 then finish " name="Stepper 3 fee api fail dropDown Value change stepper 1 then stepper 2 complete and next button then row click in select table data   stepper 3 then finish " time="0.31">
      <failure>Error: Unable to fire a &quot;click&quot; event - please provide a DOM element.
    at createEvent (C:\Projects\New folder\Atlas-Payments-UI\node_modules\@testing-library\dom\dist\events.js:34:11)
    at Function.createEvent.&lt;computed&gt; [as click] (C:\Projects\New folder\Atlas-Payments-UI\node_modules\@testing-library\dom\dist\events.js:120:38)
    at Function.fireEvent.&lt;computed&gt; [as click] (C:\Projects\New folder\Atlas-Payments-UI\node_modules\@testing-library\dom\dist\events.js:125:68)
    at Function.click (C:\Projects\New folder\Atlas-Payments-UI\node_modules\@testing-library\react\dist\fire-event.js:18:52)
    at _callee17$ (C:\Projects\New folder\Atlas-Payments-UI\src\layouts\views\NewInvoice\test\index.test.js:1191:15)
    at tryCatch (C:\Projects\New folder\Atlas-Payments-UI\node_modules\regenerator-runtime\runtime.js:63:40)
    at Generator.invoke [as _invoke] (C:\Projects\New folder\Atlas-Payments-UI\node_modules\regenerator-runtime\runtime.js:294:22)
    at Generator.next (C:\Projects\New folder\Atlas-Payments-UI\node_modules\regenerator-runtime\runtime.js:119:21)
    at asyncGeneratorStep (C:\Projects\New folder\Atlas-Payments-UI\node_modules\@babel\runtime\helpers\asyncToGenerator.js:3:24)
    at _next (C:\Projects\New folder\Atlas-Payments-UI\node_modules\@babel\runtime\helpers\asyncToGenerator.js:25:9)</failure>
    </testcase>
    <testcase classname="Stepper 3 address api fail dropDown Value change stepper 1 then stepper 2 complete and next button" name="Stepper 3 address api fail dropDown Value change stepper 1 then stepper 2 complete and next button" time="0.266">
      <failure>Error: Unable to fire a &quot;click&quot; event - please provide a DOM element.
    at createEvent (C:\Projects\New folder\Atlas-Payments-UI\node_modules\@testing-library\dom\dist\events.js:34:11)
    at Function.createEvent.&lt;computed&gt; [as click] (C:\Projects\New folder\Atlas-Payments-UI\node_modules\@testing-library\dom\dist\events.js:120:38)
    at Function.fireEvent.&lt;computed&gt; [as click] (C:\Projects\New folder\Atlas-Payments-UI\node_modules\@testing-library\dom\dist\events.js:125:68)
    at Function.click (C:\Projects\New folder\Atlas-Payments-UI\node_modules\@testing-library\react\dist\fire-event.js:18:52)
    at _callee18$ (C:\Projects\New folder\Atlas-Payments-UI\src\layouts\views\NewInvoice\test\index.test.js:1299:15)
    at tryCatch (C:\Projects\New folder\Atlas-Payments-UI\node_modules\regenerator-runtime\runtime.js:63:40)
    at Generator.invoke [as _invoke] (C:\Projects\New folder\Atlas-Payments-UI\node_modules\regenerator-runtime\runtime.js:294:22)
    at Generator.next (C:\Projects\New folder\Atlas-Payments-UI\node_modules\regenerator-runtime\runtime.js:119:21)
    at asyncGeneratorStep (C:\Projects\New folder\Atlas-Payments-UI\node_modules\@babel\runtime\helpers\asyncToGenerator.js:3:24)
    at _next (C:\Projects\New folder\Atlas-Payments-UI\node_modules\@babel\runtime\helpers\asyncToGenerator.js:25:9)</failure>
    </testcase>
    <testcase classname="Stepper 3 address api fail dropDown Value change stepper 1 then stepper 2 click on  back button" name="Stepper 3 address api fail dropDown Value change stepper 1 then stepper 2 click on  back button" time="0.215">
      <failure>Error: Unable to fire a &quot;click&quot; event - please provide a DOM element.
    at createEvent (C:\Projects\New folder\Atlas-Payments-UI\node_modules\@testing-library\dom\dist\events.js:34:11)
    at Function.createEvent.&lt;computed&gt; [as click] (C:\Projects\New folder\Atlas-Payments-UI\node_modules\@testing-library\dom\dist\events.js:120:38)
    at Function.fireEvent.&lt;computed&gt; [as click] (C:\Projects\New folder\Atlas-Payments-UI\node_modules\@testing-library\dom\dist\events.js:125:68)
    at Function.click (C:\Projects\New folder\Atlas-Payments-UI\node_modules\@testing-library\react\dist\fire-event.js:18:52)
    at _callee19$ (C:\Projects\New folder\Atlas-Payments-UI\src\layouts\views\NewInvoice\test\index.test.js:1353:15)
    at tryCatch (C:\Projects\New folder\Atlas-Payments-UI\node_modules\regenerator-runtime\runtime.js:63:40)
    at Generator.invoke [as _invoke] (C:\Projects\New folder\Atlas-Payments-UI\node_modules\regenerator-runtime\runtime.js:294:22)
    at Generator.next (C:\Projects\New folder\Atlas-Payments-UI\node_modules\regenerator-runtime\runtime.js:119:21)
    at asyncGeneratorStep (C:\Projects\New folder\Atlas-Payments-UI\node_modules\@babel\runtime\helpers\asyncToGenerator.js:3:24)
    at _next (C:\Projects\New folder\Atlas-Payments-UI\node_modules\@babel\runtime\helpers\asyncToGenerator.js:25:9)</failure>
    </testcase>
    <testcase classname="Stepper 3 address api fail dropDown Value change stepper 1 then stepper 2 complete and next button then row click in select table data   stepper 3 then finish " name="Stepper 3 address api fail dropDown Value change stepper 1 then stepper 2 complete and next button then row click in select table data   stepper 3 then finish " time="0.211">
      <failure>Error: Unable to fire a &quot;click&quot; event - please provide a DOM element.
    at createEvent (C:\Projects\New folder\Atlas-Payments-UI\node_modules\@testing-library\dom\dist\events.js:34:11)
    at Function.createEvent.&lt;computed&gt; [as click] (C:\Projects\New folder\Atlas-Payments-UI\node_modules\@testing-library\dom\dist\events.js:120:38)
    at Function.fireEvent.&lt;computed&gt; [as click] (C:\Projects\New folder\Atlas-Payments-UI\node_modules\@testing-library\dom\dist\events.js:125:68)
    at Function.click (C:\Projects\New folder\Atlas-Payments-UI\node_modules\@testing-library\react\dist\fire-event.js:18:52)
    at _callee20$ (C:\Projects\New folder\Atlas-Payments-UI\src\layouts\views\NewInvoice\test\index.test.js:1406:15)
    at tryCatch (C:\Projects\New folder\Atlas-Payments-UI\node_modules\regenerator-runtime\runtime.js:63:40)
    at Generator.invoke [as _invoke] (C:\Projects\New folder\Atlas-Payments-UI\node_modules\regenerator-runtime\runtime.js:294:22)
    at Generator.next (C:\Projects\New folder\Atlas-Payments-UI\node_modules\regenerator-runtime\runtime.js:119:21)
    at asyncGeneratorStep (C:\Projects\New folder\Atlas-Payments-UI\node_modules\@babel\runtime\helpers\asyncToGenerator.js:3:24)
    at _next (C:\Projects\New folder\Atlas-Payments-UI\node_modules\@babel\runtime\helpers\asyncToGenerator.js:25:9)</failure>
    </testcase>
    <testcase classname="Stepper 3 country api fail dropDown Value change stepper 1 then stepper 2 complete and next button" name="Stepper 3 country api fail dropDown Value change stepper 1 then stepper 2 complete and next button" time="0.164">
      <failure>Error: Unable to fire a &quot;click&quot; event - please provide a DOM element.
    at createEvent (C:\Projects\New folder\Atlas-Payments-UI\node_modules\@testing-library\dom\dist\events.js:34:11)
    at Function.createEvent.&lt;computed&gt; [as click] (C:\Projects\New folder\Atlas-Payments-UI\node_modules\@testing-library\dom\dist\events.js:120:38)
    at Function.fireEvent.&lt;computed&gt; [as click] (C:\Projects\New folder\Atlas-Payments-UI\node_modules\@testing-library\dom\dist\events.js:125:68)
    at Function.click (C:\Projects\New folder\Atlas-Payments-UI\node_modules\@testing-library\react\dist\fire-event.js:18:52)
    at _callee21$ (C:\Projects\New folder\Atlas-Payments-UI\src\layouts\views\NewInvoice\test\index.test.js:1514:15)
    at tryCatch (C:\Projects\New folder\Atlas-Payments-UI\node_modules\regenerator-runtime\runtime.js:63:40)
    at Generator.invoke [as _invoke] (C:\Projects\New folder\Atlas-Payments-UI\node_modules\regenerator-runtime\runtime.js:294:22)
    at Generator.next (C:\Projects\New folder\Atlas-Payments-UI\node_modules\regenerator-runtime\runtime.js:119:21)
    at asyncGeneratorStep (C:\Projects\New folder\Atlas-Payments-UI\node_modules\@babel\runtime\helpers\asyncToGenerator.js:3:24)
    at _next (C:\Projects\New folder\Atlas-Payments-UI\node_modules\@babel\runtime\helpers\asyncToGenerator.js:25:9)</failure>
    </testcase>
    <testcase classname="Stepper 3 country api fail dropDown Value change stepper 1 then stepper 2 click on  back button" name="Stepper 3 country api fail dropDown Value change stepper 1 then stepper 2 click on  back button" time="0.134">
      <failure>Error: Unable to fire a &quot;click&quot; event - please provide a DOM element.
    at createEvent (C:\Projects\New folder\Atlas-Payments-UI\node_modules\@testing-library\dom\dist\events.js:34:11)
    at Function.createEvent.&lt;computed&gt; [as click] (C:\Projects\New folder\Atlas-Payments-UI\node_modules\@testing-library\dom\dist\events.js:120:38)
    at Function.fireEvent.&lt;computed&gt; [as click] (C:\Projects\New folder\Atlas-Payments-UI\node_modules\@testing-library\dom\dist\events.js:125:68)
    at Function.click (C:\Projects\New folder\Atlas-Payments-UI\node_modules\@testing-library\react\dist\fire-event.js:18:52)
    at _callee22$ (C:\Projects\New folder\Atlas-Payments-UI\src\layouts\views\NewInvoice\test\index.test.js:1568:15)
    at tryCatch (C:\Projects\New folder\Atlas-Payments-UI\node_modules\regenerator-runtime\runtime.js:63:40)
    at Generator.invoke [as _invoke] (C:\Projects\New folder\Atlas-Payments-UI\node_modules\regenerator-runtime\runtime.js:294:22)
    at Generator.next (C:\Projects\New folder\Atlas-Payments-UI\node_modules\regenerator-runtime\runtime.js:119:21)
    at asyncGeneratorStep (C:\Projects\New folder\Atlas-Payments-UI\node_modules\@babel\runtime\helpers\asyncToGenerator.js:3:24)
    at _next (C:\Projects\New folder\Atlas-Payments-UI\node_modules\@babel\runtime\helpers\asyncToGenerator.js:25:9)</failure>
    </testcase>
    <testcase classname="Stepper 3 country api fail dropDown Value change stepper 1 then stepper 2 complete and next button then row click in select table data   stepper 3 then finish " name="Stepper 3 country api fail dropDown Value change stepper 1 then stepper 2 complete and next button then row click in select table data   stepper 3 then finish " time="0.098">
      <failure>Error: Unable to fire a &quot;click&quot; event - please provide a DOM element.
    at createEvent (C:\Projects\New folder\Atlas-Payments-UI\node_modules\@testing-library\dom\dist\events.js:34:11)
    at Function.createEvent.&lt;computed&gt; [as click] (C:\Projects\New folder\Atlas-Payments-UI\node_modules\@testing-library\dom\dist\events.js:120:38)
    at Function.fireEvent.&lt;computed&gt; [as click] (C:\Projects\New folder\Atlas-Payments-UI\node_modules\@testing-library\dom\dist\events.js:125:68)
    at Function.click (C:\Projects\New folder\Atlas-Payments-UI\node_modules\@testing-library\react\dist\fire-event.js:18:52)
    at _callee23$ (C:\Projects\New folder\Atlas-Payments-UI\src\layouts\views\NewInvoice\test\index.test.js:1621:15)
    at tryCatch (C:\Projects\New folder\Atlas-Payments-UI\node_modules\regenerator-runtime\runtime.js:63:40)
    at Generator.invoke [as _invoke] (C:\Projects\New folder\Atlas-Payments-UI\node_modules\regenerator-runtime\runtime.js:294:22)
    at Generator.next (C:\Projects\New folder\Atlas-Payments-UI\node_modules\regenerator-runtime\runtime.js:119:21)
    at asyncGeneratorStep (C:\Projects\New folder\Atlas-Payments-UI\node_modules\@babel\runtime\helpers\asyncToGenerator.js:3:24)
    at _next (C:\Projects\New folder\Atlas-Payments-UI\node_modules\@babel\runtime\helpers\asyncToGenerator.js:25:9)</failure>
    </testcase>
    <testcase classname="New Invoice for Proforma  breadcumbs are working" name="New Invoice for Proforma  breadcumbs are working" time="0.052">
    </testcase>
    <testcase classname="New Invoice for Proforma  dropDown Value change stepper 1" name="New Invoice for Proforma  dropDown Value change stepper 1" time="2.628">
    </testcase>
    <testcase classname="New Invoice for Miscellaneous  breadcumbs are working" name="New Invoice for Miscellaneous  breadcumbs are working" time="0.04">
    </testcase>
    <testcase classname="New Invoice for Miscellaneous  dropDown Value change stepper 1" name="New Invoice for Miscellaneous  dropDown Value change stepper 1" time="2.336">
    </testcase>
    <testcase classname="Stepper for Credit Memo  1 and 2  dropDown Value change stepper 1 then stepper 2 complete and next button for credit memo" name="Stepper for Credit Memo  1 and 2  dropDown Value change stepper 1 then stepper 2 complete and next button for credit memo" time="3.555">
      <failure>TypeError: Cannot read properties of undefined (reading &apos;id&apos;)
    at map (C:\Projects\New folder\Atlas-Payments-UI\src\layouts\views\NewInvoice\index.tsx:486:20)
    at Array.map (&lt;anonymous&gt;)
    at handleInvoiceCreation (C:\Projects\New folder\Atlas-Payments-UI\src\layouts\views\NewInvoice\index.tsx:483:30)
    at handleNextButtonClick (C:\Projects\New folder\Atlas-Payments-UI\src\layouts\views\NewInvoice\index.tsx:455:7)
    at handleOnClick (C:\Projects\New folder\Atlas-Payments-UI\src\layouts\views\NewInvoice\index.tsx:701:15)
    at HTMLUnknownElement.callCallback (C:\Projects\New folder\Atlas-Payments-UI\node_modules\react-dom\cjs\react-dom.development.js:3945:14)
    at HTMLUnknownElement.callTheUserObjectsOperation (C:\Projects\New folder\Atlas-Payments-UI\node_modules\jsdom\lib\jsdom\living\generated\EventListener.js:26:30)
    at innerInvokeEventListeners (C:\Projects\New folder\Atlas-Payments-UI\node_modules\jsdom\lib\jsdom\living\events\EventTarget-impl.js:338:25)
    at invokeEventListeners (C:\Projects\New folder\Atlas-Payments-UI\node_modules\jsdom\lib\jsdom\living\events\EventTarget-impl.js:274:3)
    at HTMLUnknownElementImpl._dispatch (C:\Projects\New folder\Atlas-Payments-UI\node_modules\jsdom\lib\jsdom\living\events\EventTarget-impl.js:221:9)
    at HTMLUnknownElementImpl.dispatchEvent (C:\Projects\New folder\Atlas-Payments-UI\node_modules\jsdom\lib\jsdom\living\events\EventTarget-impl.js:94:17)
    at HTMLUnknownElement.dispatchEvent (C:\Projects\New folder\Atlas-Payments-UI\node_modules\jsdom\lib\jsdom\living\generated\EventTarget.js:231:34)
    at Object.invokeGuardedCallbackDev (C:\Projects\New folder\Atlas-Payments-UI\node_modules\react-dom\cjs\react-dom.development.js:3994:16)
    at invokeGuardedCallback (C:\Projects\New folder\Atlas-Payments-UI\node_modules\react-dom\cjs\react-dom.development.js:4056:31)
    at invokeGuardedCallbackAndCatchFirstError (C:\Projects\New folder\Atlas-Payments-UI\node_modules\react-dom\cjs\react-dom.development.js:4070:25)
    at executeDispatch (C:\Projects\New folder\Atlas-Payments-UI\node_modules\react-dom\cjs\react-dom.development.js:8243:3)
    at processDispatchQueueItemsInOrder (C:\Projects\New folder\Atlas-Payments-UI\node_modules\react-dom\cjs\react-dom.development.js:8275:7)
    at processDispatchQueue (C:\Projects\New folder\Atlas-Payments-UI\node_modules\react-dom\cjs\react-dom.development.js:8288:5)
    at dispatchEventsForPlugins (C:\Projects\New folder\Atlas-Payments-UI\node_modules\react-dom\cjs\react-dom.development.js:8299:3)
    at C:\Projects\New folder\Atlas-Payments-UI\node_modules\react-dom\cjs\react-dom.development.js:8508:12
    at batchedEventUpdates$1 (C:\Projects\New folder\Atlas-Payments-UI\node_modules\react-dom\cjs\react-dom.development.js:22396:12)
    at batchedEventUpdates (C:\Projects\New folder\Atlas-Payments-UI\node_modules\react-dom\cjs\react-dom.development.js:3745:12)
    at dispatchEventForPluginEventSystem (C:\Projects\New folder\Atlas-Payments-UI\node_modules\react-dom\cjs\react-dom.development.js:8507:3)
    at attemptToDispatchEvent (C:\Projects\New folder\Atlas-Payments-UI\node_modules\react-dom\cjs\react-dom.development.js:6005:3)
    at dispatchEvent (C:\Projects\New folder\Atlas-Payments-UI\node_modules\react-dom\cjs\react-dom.development.js:5924:19)
    at unstable_runWithPriority (C:\Projects\New folder\Atlas-Payments-UI\node_modules\scheduler\cjs\scheduler.development.js:468:12)
    at runWithPriority$1 (C:\Projects\New folder\Atlas-Payments-UI\node_modules\react-dom\cjs\react-dom.development.js:11276:10)
    at discreteUpdates$1 (C:\Projects\New folder\Atlas-Payments-UI\node_modules\react-dom\cjs\react-dom.development.js:22413:14)
    at discreteUpdates (C:\Projects\New folder\Atlas-Payments-UI\node_modules\react-dom\cjs\react-dom.development.js:3756:12)
    at dispatchDiscreteEvent (C:\Projects\New folder\Atlas-Payments-UI\node_modules\react-dom\cjs\react-dom.development.js:5889:3)
    at HTMLDivElement.callTheUserObjectsOperation (C:\Projects\New folder\Atlas-Payments-UI\node_modules\jsdom\lib\jsdom\living\generated\EventListener.js:26:30)
    at innerInvokeEventListeners (C:\Projects\New folder\Atlas-Payments-UI\node_modules\jsdom\lib\jsdom\living\events\EventTarget-impl.js:338:25)
    at invokeEventListeners (C:\Projects\New folder\Atlas-Payments-UI\node_modules\jsdom\lib\jsdom\living\events\EventTarget-impl.js:274:3)
    at HTMLButtonElementImpl._dispatch (C:\Projects\New folder\Atlas-Payments-UI\node_modules\jsdom\lib\jsdom\living\events\EventTarget-impl.js:221:9)
    at HTMLButtonElementImpl.dispatchEvent (C:\Projects\New folder\Atlas-Payments-UI\node_modules\jsdom\lib\jsdom\living\events\EventTarget-impl.js:94:17)
    at HTMLButtonElement.dispatchEvent (C:\Projects\New folder\Atlas-Payments-UI\node_modules\jsdom\lib\jsdom\living\generated\EventTarget.js:231:34)
    at C:\Projects\New folder\Atlas-Payments-UI\node_modules\@testing-library\dom\dist\events.js:25:20
    at C:\Projects\New folder\Atlas-Payments-UI\node_modules\@testing-library\react\dist\pure.js:66:16
    at batchedUpdates$1 (C:\Projects\New folder\Atlas-Payments-UI\node_modules\react-dom\cjs\react-dom.development.js:22380:12)
    at act (C:\Projects\New folder\Atlas-Payments-UI\node_modules\react-dom\cjs\react-dom-test-utils.development.js:1042:14)
    at Object.eventWrapper (C:\Projects\New folder\Atlas-Payments-UI\node_modules\@testing-library\react\dist\pure.js:65:28)
    at fireEvent (C:\Projects\New folder\Atlas-Payments-UI\node_modules\@testing-library\dom\dist\events.js:16:35)
    at Function.fireEvent.&lt;computed&gt; [as click] (C:\Projects\New folder\Atlas-Payments-UI\node_modules\@testing-library\dom\dist\events.js:125:36)
    at Function.click (C:\Projects\New folder\Atlas-Payments-UI\node_modules\@testing-library\react\dist\fire-event.js:18:52)
    at _callee28$ (C:\Projects\New folder\Atlas-Payments-UI\src\layouts\views\NewInvoice\test\index.test.js:1924:15)
    at tryCatch (C:\Projects\New folder\Atlas-Payments-UI\node_modules\regenerator-runtime\runtime.js:63:40)
    at Generator.invoke [as _invoke] (C:\Projects\New folder\Atlas-Payments-UI\node_modules\regenerator-runtime\runtime.js:294:22)
    at Generator.next (C:\Projects\New folder\Atlas-Payments-UI\node_modules\regenerator-runtime\runtime.js:119:21)
    at asyncGeneratorStep (C:\Projects\New folder\Atlas-Payments-UI\node_modules\@babel\runtime\helpers\asyncToGenerator.js:3:24)
    at _next (C:\Projects\New folder\Atlas-Payments-UI\node_modules\@babel\runtime\helpers\asyncToGenerator.js:25:9)</failure>
      <failure>Error: Unable to find an element by: [data-testid=&quot;PreviewButton&quot;]

Ignored nodes: comments, &lt;script /&gt;, &lt;style /&gt;
&lt;body&gt;
  &lt;div&gt;
    &lt;div
      class=&quot;newinvoice-container&quot;
    &gt;
      &lt;div
        class=&quot;breadcrumbs&quot;
      &gt;
        &lt;div
          class=&quot;a-breadcrumb&quot;
        &gt;
          &lt;span
            class=&quot;steps&quot;
          &gt;
            &lt;span
              class=&quot;a-breadcrumb__label label-active&quot;
            &gt;
              Invoices
            &lt;/span&gt;
          &lt;/span&gt;
          &lt;span
            class=&quot;steps&quot;
          &gt;
            &lt;svg
              class=&quot;&quot;
              height=&quot;20px&quot;
              style=&quot;display: inline-block; vertical-align: middle;&quot;
              viewBox=&quot;-2 -4 24 24&quot;
              width=&quot;20px&quot;
              xmlns=&quot;http://www.w3.org/2000/svg&quot;
              xmlns:xlink=&quot;http://www.w3.org/1999/xlink&quot;
            &gt;
              &lt;path
                d=&quot;M 0.8574456,11.144166 A 0.57143003,0.57143003 0 0 0 1.2617425,10.976197 L 5.832055,6.4058847 a 0.57148717,0.57148717 0 0 0 0,-0.8085938 L 1.2617425,1.0250248 a 0.57143003,0.57143003 0 0 0 -0.8085937,0 0.57143003,0.57143003 0 0 0 0,0.808594 l 4.1679687,4.167969 -4.1679687,4.1679692 a 0.57143003,0.57143003 0 0 0 0,0.80664 0.57143003,0.57143003 0 0 0 0.4042968,0.167969 z&quot;
                fill=&quot;#17224E&quot;
              /&gt;
            &lt;/svg&gt;
            &lt;span
              class=&quot;a-breadcrumb__label last-item&quot;
            &gt;
              New Invoice
            &lt;/span&gt;
          &lt;/span&gt;
        &lt;/div&gt;
      &lt;/div&gt;
      &lt;div
        class=&quot;detail-container&quot;
      &gt;
        &lt;div
          class=&quot;a-layouts&quot;
        &gt;
          &lt;div
            class=&quot;sidebar-inner-container&quot;
          &gt;
            &lt;div
              class=&quot;panel left-panel&quot;
            &gt;
              &lt;div
                class=&quot;a-progress&quot;
              &gt;
                &lt;div
                  class=&quot;a-progress__items completed&quot;
                &gt;
                  &lt;span
                    class=&quot;count&quot;
                  &gt;
                    1
                  &lt;/span&gt;
                  &lt;span
                    class=&quot;label&quot;
                  &gt;
                    New Invoice
                  &lt;/span&gt;
                &lt;/div&gt;
                &lt;span
                  class=&quot;splitter completed&quot;
                /&gt;
                &lt;div
                  class=&quot;a-progress__items completed&quot;
                &gt;
                  &lt;span
                    class=&quot;count&quot;
                  &gt;
                    2
                  &lt;/span&gt;
                  &lt;span
                    class=&quot;label&quot;
                  &gt;
                    Product Service
                  &lt;/span&gt;
                &lt;/div&gt;
                &lt;span
                  class=&quot;splitter&quot;
                /&gt;
                &lt;div
                  class=&quot;a-progress__items&quot;
                &gt;
                  &lt;span
                    class=&quot;count&quot;
                  &gt;
                    3
                  &lt;/span&gt;
                  &lt;span
                    class=&quot;label&quot;
                  &gt;
                    Invoice Preview
                  &lt;/span&gt;
                &lt;/div&gt;
                &lt;span
                  class=&quot;splitter&quot;
                /&gt;
                &lt;div
                  class=&quot;a-progress__items&quot;
                &gt;
                  &lt;span
                    class=&quot;count&quot;
                  &gt;
                    &lt;svg
                      class=&quot;&quot;
                      height=&quot;24px&quot;
                      style=&quot;display: inline-block; vertical-align: middle;&quot;
                      viewBox=&quot;-2 -3 24 24&quot;
                      width=&quot;24px&quot;
                      xmlns=&quot;http://www.w3.org/2000/svg&quot;
                      xmlns:xlink=&quot;http://www.w3.org/1999/xlink&quot;
                    &gt;
                      &lt;path
                        d=&quot;M1.04892 8.20174C0.943259 8.08271 0.79464 8.01053 0.635759 8.00108C0.476878 7.99163 0.32075 8.04568 0.201721 8.15134C0.0826916 8.257 0.0105119 8.40562 0.00106008 8.5645C-0.00839175 8.72338 0.0456585 8.87951 0.151321 8.99854L4.95132 14.3985C5.0056 14.4598 5.07184 14.5094 5.14598 14.5441C5.22012 14.5789 5.30058 14.598 5.38242 14.6005C5.46425 14.603 5.54573 14.5887 5.62183 14.5585C5.69793 14.5283 5.76704 14.4828 5.82492 14.4249L18.4249 1.82494C18.5376 1.71243 18.6009 1.55978 18.6011 1.40056C18.6012 1.24134 18.538 1.0886 18.4255 0.975939C18.313 0.863275 18.1604 0.799917 18.0011 0.799805C17.8419 0.799692 17.6892 0.862833 17.5765 0.975338L5.42412 13.1253L1.04772 8.20174H1.04892Z&quot;
                        fill=&quot;#526FD6&quot;
                      /&gt;
                    &lt;/svg&gt;
                  &lt;/span&gt;
                  &lt;span
                    class=&quot;label&quot;
                  &gt;
                    FINISH!
                  &lt;/span&gt;
                &lt;/div&gt;
                &lt;span
                  class=&quot;splitter&quot;
                /&gt;
              &lt;/div&gt;
            &lt;/div&gt;
            &lt;div
              class=&quot;panel right-panel step2-right-panel&quot;
            &gt;
              &lt;div&gt;
                &lt;div
                  class=&quot;newinvoice_main&quot;
                &gt;
                  &lt;div&gt;
                    &lt;div
                    ...
    at waitForWrapper (C:\Projects\New folder\Atlas-Payments-UI\node_modules\@testing-library\dom\dist\wait-for.js:187:27)
    at findByTestId (C:\Projects\New folder\Atlas-Payments-UI\node_modules\@testing-library\dom\dist\query-helpers.js:101:33)
    at _callee28$ (C:\Projects\New folder\Atlas-Payments-UI\src\layouts\views\NewInvoice\test\index.test.js:1929:36)
    at tryCatch (C:\Projects\New folder\Atlas-Payments-UI\node_modules\regenerator-runtime\runtime.js:63:40)
    at Generator.invoke [as _invoke] (C:\Projects\New folder\Atlas-Payments-UI\node_modules\regenerator-runtime\runtime.js:294:22)
    at Generator.next (C:\Projects\New folder\Atlas-Payments-UI\node_modules\regenerator-runtime\runtime.js:119:21)
    at asyncGeneratorStep (C:\Projects\New folder\Atlas-Payments-UI\node_modules\@babel\runtime\helpers\asyncToGenerator.js:3:24)
    at _next (C:\Projects\New folder\Atlas-Payments-UI\node_modules\@babel\runtime\helpers\asyncToGenerator.js:25:9)</failure>
    </testcase>
    <testcase classname="final stepper final stepper" name="final stepper final stepper" time="0.009">
    </testcase>
  </testsuite>
</testsuites>