<?xml version="1.0" encoding="UTF-8"?>
<testsuites name="jest tests" tests="8" failures="0" errors="0" time="7.993">
  <testsuite name="undefined" errors="0" failures="0" skipped="0" timestamp="2022-03-31T12:21:05" time="4.098" tests="1">
    <testcase classname=" renders learn react link" name=" renders learn react link" time="0.072">
    </testcase>
  </testsuite>
  <testsuite name="Invoice details" errors="0" failures="0" skipped="0" timestamp="2022-03-31T12:21:05" time="4.441" tests="1">
    <testcase classname="Invoice details tabs are working" name="Invoice details tabs are working" time="0.322">
    </testcase>
  </testsuite>
  <testsuite name="client view" errors="0" failures="0" skipped="0" timestamp="2022-03-31T12:21:05" time="5.634" tests="6">
    <testcase classname="client view dropdowns clickable" name="client view dropdowns clickable" time="0.804">
    </testcase>
    <testcase classname="client view table row clickable" name="client view table row clickable" time="0.094">
    </testcase>
    <testcase classname=" renders without crashing" name=" renders without crashing" time="0.004">
    </testcase>
    <testcase classname=" Client View" name=" Client View" time="0.032">
    </testcase>
    <testcase classname=" Internal View" name=" Internal View" time="0.04">
    </testcase>
    <testcase classname=" Enter token client" name=" Enter token client" time="0.041">
    </testcase>
  </testsuite>
</testsuites>