<?xml version="1.0" encoding="UTF-8"?>
<testsuites name="jest tests" tests="49" failures="1" errors="0" time="14.155">
  <testsuite name="Bills Table" errors="0" failures="0" skipped="0" timestamp="2022-05-13T07:40:42" time="5.246" tests="1">
    <testcase classname="Bills Table Render" name="Bills Table Render" time="0.352">
    </testcase>
  </testsuite>
  <testsuite name="undefined" errors="0" failures="1" skipped="0" timestamp="2022-05-13T07:40:42" time="6.672" tests="1">
    <testcase classname=" renders learn react link" name=" renders learn react link" time="0.257">
      <failure>InvalidTokenError: 
    at Object.&lt;anonymous&gt; (C:\Projects\New folder\Atlas-Payments-UI\node_modules\jwt-decode\lib\index.cjs.js:5:9)
    at Runtime._execModule (C:\Projects\New folder\Atlas-Payments-UI\node_modules\jest-runtime\build\index.js:1646:24)
    at Runtime._loadModule (C:\Projects\New folder\Atlas-Payments-UI\node_modules\jest-runtime\build\index.js:1185:12)
    at Runtime.requireModule (C:\Projects\New folder\Atlas-Payments-UI\node_modules\jest-runtime\build\index.js:1009:12)
    at Runtime.requireModuleOrMock (C:\Projects\New folder\Atlas-Payments-UI\node_modules\jest-runtime\build\index.js:1210:21)
    at Object.&lt;anonymous&gt; (C:\Projects\New folder\Atlas-Payments-UI\src\components\getDecodedToken.ts:1:1)
    at Runtime._execModule (C:\Projects\New folder\Atlas-Payments-UI\node_modules\jest-runtime\build\index.js:1646:24)
    at Runtime._loadModule (C:\Projects\New folder\Atlas-Payments-UI\node_modules\jest-runtime\build\index.js:1185:12)
    at Runtime.requireModule (C:\Projects\New folder\Atlas-Payments-UI\node_modules\jest-runtime\build\index.js:1009:12)
    at Runtime.requireModuleOrMock (C:\Projects\New folder\Atlas-Payments-UI\node_modules\jest-runtime\build\index.js:1210:21)
    at Object.&lt;anonymous&gt; (C:\Projects\New folder\Atlas-Payments-UI\src\layouts\views\InvoiceListing\index.tsx:20:1)
    at Runtime._execModule (C:\Projects\New folder\Atlas-Payments-UI\node_modules\jest-runtime\build\index.js:1646:24)
    at Runtime._loadModule (C:\Projects\New folder\Atlas-Payments-UI\node_modules\jest-runtime\build\index.js:1185:12)
    at Runtime.requireModule (C:\Projects\New folder\Atlas-Payments-UI\node_modules\jest-runtime\build\index.js:1009:12)
    at Runtime.requireModuleOrMock (C:\Projects\New folder\Atlas-Payments-UI\node_modules\jest-runtime\build\index.js:1210:21)
    at Object.&lt;anonymous&gt; (C:\Projects\New folder\Atlas-Payments-UI\src\layouts\views\Router\index.tsx:4:1)
    at Runtime._execModule (C:\Projects\New folder\Atlas-Payments-UI\node_modules\jest-runtime\build\index.js:1646:24)
    at Runtime._loadModule (C:\Projects\New folder\Atlas-Payments-UI\node_modules\jest-runtime\build\index.js:1185:12)
    at Runtime.requireModule (C:\Projects\New folder\Atlas-Payments-UI\node_modules\jest-runtime\build\index.js:1009:12)
    at Runtime.requireModuleOrMock (C:\Projects\New folder\Atlas-Payments-UI\node_modules\jest-runtime\build\index.js:1210:21)
    at Object.&lt;anonymous&gt; (C:\Projects\New folder\Atlas-Payments-UI\src\layouts\views\Invoices\index.tsx:1:1)
    at Runtime._execModule (C:\Projects\New folder\Atlas-Payments-UI\node_modules\jest-runtime\build\index.js:1646:24)
    at Runtime._loadModule (C:\Projects\New folder\Atlas-Payments-UI\node_modules\jest-runtime\build\index.js:1185:12)
    at Runtime.requireModule (C:\Projects\New folder\Atlas-Payments-UI\node_modules\jest-runtime\build\index.js:1009:12)
    at Runtime.requireModuleOrMock (C:\Projects\New folder\Atlas-Payments-UI\node_modules\jest-runtime\build\index.js:1210:21)
    at Object.&lt;anonymous&gt; (C:\Projects\New folder\Atlas-Payments-UI\src\App.tsx:3:1)
    at Runtime._execModule (C:\Projects\New folder\Atlas-Payments-UI\node_modules\jest-runtime\build\index.js:1646:24)
    at Runtime._loadModule (C:\Projects\New folder\Atlas-Payments-UI\node_modules\jest-runtime\build\index.js:1185:12)
    at Runtime.requireModule (C:\Projects\New folder\Atlas-Payments-UI\node_modules\jest-runtime\build\index.js:1009:12)
    at Runtime.requireModuleOrMock (C:\Projects\New folder\Atlas-Payments-UI\node_modules\jest-runtime\build\index.js:1210:21)
    at Object.&lt;anonymous&gt; (C:\Projects\New folder\Atlas-Payments-UI\src\App.test.tsx:3:1)
    at Runtime._execModule (C:\Projects\New folder\Atlas-Payments-UI\node_modules\jest-runtime\build\index.js:1646:24)
    at Runtime._loadModule (C:\Projects\New folder\Atlas-Payments-UI\node_modules\jest-runtime\build\index.js:1185:12)
    at Runtime.requireModule (C:\Projects\New folder\Atlas-Payments-UI\node_modules\jest-runtime\build\index.js:1009:12)
    at jestAdapter (C:\Projects\New folder\Atlas-Payments-UI\node_modules\jest-circus\build\legacy-code-todo-rewrite\jestAdapter.js:79:13)
    at processTicksAndRejections (node:internal/process/task_queues:96:5)
    at runTestInternal (C:\Projects\New folder\Atlas-Payments-UI\node_modules\jest-runner\build\runTest.js:389:16)
    at runTest (C:\Projects\New folder\Atlas-Payments-UI\node_modules\jest-runner\build\runTest.js:475:34)
    at Object.worker (C:\Projects\New folder\Atlas-Payments-UI\node_modules\jest-runner\build\testWorker.js:133:12)</failure>
    </testcase>
  </testsuite>
  <testsuite name="New Invoice" errors="0" failures="0" skipped="0" timestamp="2022-05-13T07:40:42" time="6.781" tests="7">
    <testcase classname="New Invoice breadcumbs are working" name="New Invoice breadcumbs are working" time="0.264">
    </testcase>
    <testcase classname="New Invoice dropDown Value change stepper 1" name="New Invoice dropDown Value change stepper 1" time="0.428">
    </testcase>
    <testcase classname="step one getCustomer api fail  dropDown Value change" name="step one getCustomer api fail  dropDown Value change" time="0.128">
    </testcase>
    <testcase classname="step one getCOuntry api fail dropDown Value change" name="step one getCOuntry api fail dropDown Value change" time="0.117">
    </testcase>
    <testcase classname="Stepper 2 dropDown Value change stepper 1 then stepper 2 complete and next button" name="Stepper 2 dropDown Value change stepper 1 then stepper 2 complete and next button" time="0.348">
    </testcase>
    <testcase classname="Stepper 2 dropDown Value change stepper 1 then stepper 2 click on  back button" name="Stepper 2 dropDown Value change stepper 1 then stepper 2 click on  back button" time="0.276">
    </testcase>
    <testcase classname="Stepper 2 show table click dropDown Value change stepper 1 then stepper 2 click on  " name="Stepper 2 show table click dropDown Value change stepper 1 then stepper 2 click on  " time="0.271">
    </testcase>
  </testsuite>
  <testsuite name="Invoice details" errors="0" failures="0" skipped="0" timestamp="2022-05-13T07:40:42" time="9.975" tests="23">
    <testcase classname="Invoice details tabs are working" name="Invoice details tabs are working" time="1.158">
    </testcase>
    <testcase classname="Invoice details download clickable " name="Invoice details download clickable " time="0.306">
    </testcase>
    <testcase classname="Invoice details approve invoice clickable " name="Invoice details approve invoice clickable " time="0.156">
    </testcase>
    <testcase classname="Invoice details publish notes" name="Invoice details publish notes" time="0.156">
    </testcase>
    <testcase classname="Invoice details download file" name="Invoice details download file" time="0.14">
    </testcase>
    <testcase classname="Invoice details delete file" name="Invoice details delete file" time="0.151">
    </testcase>
    <testcase classname="Invoice details Navigate with breadcrumbs" name="Invoice details Navigate with breadcrumbs" time="0.112">
    </testcase>
    <testcase classname="Invoice details Decline invoice click on cancel button" name="Invoice details Decline invoice click on cancel button" time="0.121">
    </testcase>
    <testcase classname="Invoice details Decline invoice onchange textarea and click on decline button" name="Invoice details Decline invoice onchange textarea and click on decline button" time="0.133">
    </testcase>
    <testcase classname="Api returns transaction type = 7 Render Invoice Details" name="Api returns transaction type = 7 Render Invoice Details" time="0.068">
    </testcase>
    <testcase classname="Invoice details decline api fail case handling Decline invoice onchange textarea click on decline button failed api" name="Invoice details decline api fail case handling Decline invoice onchange textarea click on decline button failed api" time="0.129">
    </testcase>
    <testcase classname="void test cases on Apprroved tabs are working" name="void test cases on Apprroved tabs are working" time="0.215">
    </testcase>
    <testcase classname="void test cases on Apprroved Upload Api Failed tabs are working" name="void test cases on Apprroved Upload Api Failed tabs are working" time="0.197">
    </testcase>
    <testcase classname="void test cases on Apprroved Create Api Failed tabs are working" name="void test cases on Apprroved Create Api Failed tabs are working" time="0.162">
    </testcase>
    <testcase classname="void test cases on Apprroved Void Api Failed tabs are working" name="void test cases on Apprroved Void Api Failed tabs are working" time="0.175">
    </testcase>
    <testcase classname="void test cases on Apprroved and click on cancel tabs are working" name="void test cases on Apprroved and click on cancel tabs are working" time="0.161">
    </testcase>
    <testcase classname="api fail tabs are working" name="api fail tabs are working" time="0.012">
    </testcase>
    <testcase classname="delete test cases on AR Reveiew on true tabs are working" name="delete test cases on AR Reveiew on true tabs are working" time="0.113">
    </testcase>
    <testcase classname="delete test cases on AR Reveiew click on cancel button tabs are working" name="delete test cases on AR Reveiew click on cancel button tabs are working" time="0.106">
    </testcase>
    <testcase classname="delete test cases on AR Reveiew on false tabs are working" name="delete test cases on AR Reveiew on false tabs are working" time="0.1">
    </testcase>
    <testcase classname="delete test cases on AR Reveiew on api fail tabs are working" name="delete test cases on AR Reveiew on api fail tabs are working" time="0.103">
    </testcase>
    <testcase classname="Invoice details auto approve checkbox click approve invoice clickable " name="Invoice details auto approve checkbox click approve invoice clickable " time="0.095">
    </testcase>
    <testcase classname="Invoice details auto approve checkbox click api fail approve invoice clickable " name="Invoice details auto approve checkbox click api fail approve invoice clickable " time="0.083">
    </testcase>
  </testsuite>
  <testsuite name="client view" errors="0" failures="0" skipped="0" timestamp="2022-05-13T07:40:42" time="10.967" tests="17">
    <testcase classname="client view Datepicker dropdowns clickoutside clickable" name="client view Datepicker dropdowns clickoutside clickable" time="0.388">
    </testcase>
    <testcase classname="client view Datepicker dropdowns today clickable" name="client view Datepicker dropdowns today clickable" time="0.16">
    </testcase>
    <testcase classname="client view Datepicker dropdowns Yesterday clickable" name="client view Datepicker dropdowns Yesterday clickable" time="0.151">
    </testcase>
    <testcase classname="client view Datepicker dropdowns This Week clickable" name="client view Datepicker dropdowns This Week clickable" time="0.1">
    </testcase>
    <testcase classname="client view Datepicker dropdowns This Month clickable" name="client view Datepicker dropdowns This Month clickable" time="0.129">
    </testcase>
    <testcase classname="client view Datepicker dropdowns This Quarter clickable" name="client view Datepicker dropdowns This Quarter clickable" time="0.097">
    </testcase>
    <testcase classname="client view Datepicker dropdowns This Year clickable" name="client view Datepicker dropdowns This Year clickable" time="0.125">
    </testcase>
    <testcase classname="client view table row clickable" name="client view table row clickable" time="0.081">
    </testcase>
    <testcase classname="client view Status clickable" name="client view Status clickable" time="0.139">
    </testcase>
    <testcase classname="client view Type clickable" name="client view Type clickable" time="0.11">
    </testcase>
    <testcase classname="client view Clear filters clickable" name="client view Clear filters clickable" time="0.135">
    </testcase>
    <testcase classname="client view search" name="client view search" time="0.1">
    </testcase>
    <testcase classname="checkbox and download checkbox and download are clickable in client view" name="checkbox and download checkbox and download are clickable in client view" time="0.215">
    </testcase>
    <testcase classname="checkbox and download checkbox and download are clickable in internal view" name="checkbox and download checkbox and download are clickable in internal view" time="0.077">
    </testcase>
    <testcase classname="checkbox and download checkbox and download are clickable in client view and searched view" name="checkbox and download checkbox and download are clickable in client view and searched view" time="0.164">
    </testcase>
    <testcase classname="Internal View Download click and checkbox Click table row clickable" name="Internal View Download click and checkbox Click table row clickable" time="0.432">
    </testcase>
    <testcase classname="Internal View Download click for single invoice  api fail Click table row clickable" name="Internal View Download click for single invoice  api fail Click table row clickable" time="0.416">
    </testcase>
  </testsuite>
</testsuites>