<?xml version="1.0" encoding="UTF-8"?>
<testsuites name="jest tests" tests="5" failures="0" errors="0" time="6.971">
  <testsuite name="undefined" errors="0" failures="0" skipped="0" timestamp="2022-03-15T07:04:05" time="4.171" tests="1">
    <testcase classname=" renders learn react link" name=" renders learn react link" time="0.335">
    </testcase>
  </testsuite>
  <testsuite name="undefined" errors="0" failures="0" skipped="0" timestamp="2022-03-15T07:04:05" time="4.551" tests="4">
    <testcase classname=" renders without crashing" name=" renders without crashing" time="0.09">
    </testcase>
    <testcase classname=" Should render dropdowns" name=" Should render dropdowns" time="0.384">
    </testcase>
    <testcase classname=" Should render table" name=" Should render table" time="0.114">
    </testcase>
    <testcase classname=" Dropdown should open" name=" Dropdown should open" time="0.028">
    </testcase>
  </testsuite>
</testsuites>