<?xml version="1.0" encoding="UTF-8"?>
<testsuites name="jest tests" tests="24" failures="0" errors="0" time="15.281">
  <testsuite name="undefined" errors="0" failures="0" skipped="0" timestamp="2022-04-04T10:33:07" time="4.067" tests="1">
    <testcase classname=" renders learn react link" name=" renders learn react link" time="0.072">
    </testcase>
  </testsuite>
  <testsuite name="Invoice details" errors="0" failures="0" skipped="0" timestamp="2022-04-04T10:33:07" time="4.63" tests="2">
    <testcase classname="Invoice details tabs are working" name="Invoice details tabs are working" time="0.867">
    </testcase>
    <testcase classname="Invoice details download clickable " name="Invoice details download clickable " time="0.267">
    </testcase>
  </testsuite>
  <testsuite name="client view" errors="0" failures="0" skipped="0" timestamp="2022-04-04T10:33:07" time="10.191" tests="21">
    <testcase classname="client view Datepicker dropdowns clickoutside clickable" name="client view Datepicker dropdowns clickoutside clickable" time="0.628">
    </testcase>
    <testcase classname="client view Datepicker dropdowns today clickable" name="client view Datepicker dropdowns today clickable" time="0.427">
    </testcase>
    <testcase classname="client view Datepicker dropdowns Yesterday clickable" name="client view Datepicker dropdowns Yesterday clickable" time="0.303">
    </testcase>
    <testcase classname="client view Datepicker dropdowns This Week clickable" name="client view Datepicker dropdowns This Week clickable" time="0.205">
    </testcase>
    <testcase classname="client view Datepicker dropdowns This Month clickable" name="client view Datepicker dropdowns This Month clickable" time="0.146">
    </testcase>
    <testcase classname="client view Datepicker dropdowns This Quarter clickable" name="client view Datepicker dropdowns This Quarter clickable" time="0.136">
    </testcase>
    <testcase classname="client view Datepicker dropdowns This Year clickable" name="client view Datepicker dropdowns This Year clickable" time="0.137">
    </testcase>
    <testcase classname="client view Datepicker dropdowns date range clickable" name="client view Datepicker dropdowns date range clickable" time="2.915">
    </testcase>
    <testcase classname="client view table row clickable" name="client view table row clickable" time="0.087">
    </testcase>
    <testcase classname="client view Status clickable" name="client view Status clickable" time="0.13">
    </testcase>
    <testcase classname="client view Type clickable" name="client view Type clickable" time="0.096">
    </testcase>
    <testcase classname="client view Clear filters clickable" name="client view Clear filters clickable" time="0.119">
    </testcase>
    <testcase classname="client view search" name="client view search" time="0.103">
    </testcase>
    <testcase classname="checkbox and download checkbox and download are clickable in client view" name="checkbox and download checkbox and download are clickable in client view" time="0.171">
    </testcase>
    <testcase classname="checkbox and download checkbox and download are clickable in internal view" name="checkbox and download checkbox and download are clickable in internal view" time="0.127">
    </testcase>
    <testcase classname="checkbox and download checkbox and download are clickable in client view and searched view" name="checkbox and download checkbox and download are clickable in client view and searched view" time="0.175">
    </testcase>
    <testcase classname="Client View search intenal" name="Client View search intenal" time="0.103">
    </testcase>
    <testcase classname=" renders without crashing" name=" renders without crashing" time="0.004">
    </testcase>
    <testcase classname=" Client View" name=" Client View" time="0.043">
    </testcase>
    <testcase classname=" Internal View" name=" Internal View" time="0.024">
    </testcase>
    <testcase classname=" Enter token client" name=" Enter token client" time="0.024">
    </testcase>
  </testsuite>
</testsuites>