<?xml version="1.0" encoding="UTF-8"?>
<testsuites name="jest tests" tests="130" failures="1" errors="0" time="76.049">
  <testsuite name="Bills Table" errors="0" failures="0" skipped="0" timestamp="2022-07-14T09:51:37" time="6.306" tests="1">
    <testcase classname="Bills Table Render" name="Bills Table Render" time="0.357">
    </testcase>
  </testsuite>
  <testsuite name="undefined" errors="0" failures="0" skipped="0" timestamp="2022-07-14T09:51:37" time="8.872" tests="1">
    <testcase classname=" renders learn react link" name=" renders learn react link" time="0.706">
    </testcase>
  </testsuite>
  <testsuite name="View Change Log" errors="0" failures="0" skipped="0" timestamp="2022-07-14T09:51:44" time="2.971" tests="4">
    <testcase classname="View Change Log View Change Log" name="View Change Log View Change Log" time="0.141">
    </testcase>
    <testcase classname="View Change Log View Change Log" name="View Change Log View Change Log" time="0.044">
    </testcase>
    <testcase classname="View Change Log View More" name="View Change Log View More" time="0.057">
    </testcase>
    <testcase classname="View Change Log View Less" name="View Change Log View Less" time="0.083">
    </testcase>
  </testsuite>
  <testsuite name="Credit Memo Summary" errors="0" failures="0" skipped="0" timestamp="2022-07-14T09:51:47" time="3.561" tests="2">
    <testcase classname="Credit Memo Summary Render Notes" name="Credit Memo Summary Render Notes" time="0.274">
    </testcase>
    <testcase classname="Notes fail Render CM" name="Notes fail Render CM" time="0.221">
    </testcase>
  </testsuite>
  <testsuite name="Credit Memo Summary" errors="0" failures="0" skipped="0" timestamp="2022-07-14T09:51:37" time="16.986" tests="11">
    <testcase classname="Credit Memo Summary Render CM" name="Credit Memo Summary Render CM" time="1.363">
    </testcase>
    <testcase classname="Credit Memo Summary Render CM with status = 2" name="Credit Memo Summary Render CM with status = 2" time="1.969">
    </testcase>
    <testcase classname="Credit Memo Summary Render CM =&gt; delete a summary" name="Credit Memo Summary Render CM =&gt; delete a summary" time="0.996">
    </testcase>
    <testcase classname="Credit Memo Summary Render CM =&gt; edit a summary" name="Credit Memo Summary Render CM =&gt; edit a summary" time="1.434">
    </testcase>
    <testcase classname="Credit Memo Summary Render CM =&gt; edit a summary" name="Credit Memo Summary Render CM =&gt; edit a summary" time="1.218">
    </testcase>
    <testcase classname="Credit Memo Summary Render CM =&gt; edit a summary" name="Credit Memo Summary Render CM =&gt; edit a summary" time="1.191">
    </testcase>
    <testcase classname="Credit Memo Summary Product Service" name="Credit Memo Summary Product Service" time="0.282">
    </testcase>
    <testcase classname="Credit Memo Summary Enter description" name="Credit Memo Summary Enter description" time="0.311">
    </testcase>
    <testcase classname="Credit Memo Summary Service Country" name="Credit Memo Summary Service Country" time="0.249">
    </testcase>
    <testcase classname="Credit Memo Summary Render CM =&gt; edit a summary" name="Credit Memo Summary Render CM =&gt; edit a summary" time="1.415">
    </testcase>
    <testcase classname="Notes fail Render CM" name="Notes fail Render CM" time="0.239">
    </testcase>
  </testsuite>
  <testsuite name="internal view" errors="0" failures="0" skipped="0" timestamp="2022-07-14T09:51:37" time="22.631" tests="20">
    <testcase classname="internal view Datepicker dropdowns clickoutside clickable" name="internal view Datepicker dropdowns clickoutside clickable" time="1.462">
    </testcase>
    <testcase classname="internal view Datepicker dropdowns today clickable" name="internal view Datepicker dropdowns today clickable" time="1.37">
    </testcase>
    <testcase classname="internal view Datepicker dropdowns Yesterday clickable" name="internal view Datepicker dropdowns Yesterday clickable" time="0.982">
    </testcase>
    <testcase classname="internal view Datepicker dropdowns This Week clickable" name="internal view Datepicker dropdowns This Week clickable" time="0.952">
    </testcase>
    <testcase classname="internal view Datepicker dropdowns This Month clickable" name="internal view Datepicker dropdowns This Month clickable" time="0.777">
    </testcase>
    <testcase classname="internal view Datepicker dropdowns Last Month clickable" name="internal view Datepicker dropdowns Last Month clickable" time="0.67">
    </testcase>
    <testcase classname="internal view Datepicker dropdowns This Quarter clickable" name="internal view Datepicker dropdowns This Quarter clickable" time="0.704">
    </testcase>
    <testcase classname="internal view Datepicker dropdowns This Year clickable" name="internal view Datepicker dropdowns This Year clickable" time="0.652">
    </testcase>
    <testcase classname="internal view Datepicker dropdowns Last Year clickable" name="internal view Datepicker dropdowns Last Year clickable" time="0.644">
    </testcase>
    <testcase classname="internal view Customer Type clickable" name="internal view Customer Type clickable" time="0.456">
    </testcase>
    <testcase classname="internal view Status clickable" name="internal view Status clickable" time="0.546">
    </testcase>
    <testcase classname="internal view Type clickable" name="internal view Type clickable" time="0.584">
    </testcase>
    <testcase classname="internal view Clear filters clickable" name="internal view Clear filters clickable" time="0.823">
    </testcase>
    <testcase classname="internal view search" name="internal view search" time="0.471">
    </testcase>
    <testcase classname="Internal View Download click and checkbox Click table row clickable" name="Internal View Download click and checkbox Click table row clickable" time="0.835">
    </testcase>
    <testcase classname="Internal View Download click for single invoice  api fail Click table row clickable" name="Internal View Download click for single invoice  api fail Click table row clickable" time="0.706">
    </testcase>
    <testcase classname="Internal View Download click for multi invoice  api fail Click multi invoice download api fail Click" name="Internal View Download click for multi invoice  api fail Click multi invoice download api fail Click" time="0.505">
    </testcase>
    <testcase classname="Internal View click on New Invoice New Invoice button clickable" name="Internal View click on New Invoice New Invoice button clickable" time="0.289">
    </testcase>
    <testcase classname="Internal View Download click on table row table row clickable" name="Internal View Download click on table row table row clickable" time="0.359">
    </testcase>
    <testcase classname="Internal View click on Add New Payment Add New Payment button clickable" name="Internal View click on Add New Payment Add New Payment button clickable" time="0.456">
    </testcase>
  </testsuite>
  <testsuite name="Payment details page multiple" errors="0" failures="1" skipped="0" timestamp="2022-07-14T09:51:37" time="46.569" tests="10">
    <testcase classname="Payment details page multiple save multiple" name="Payment details page multiple save multiple" time="9.938">
    </testcase>
    <testcase classname="Payment details page multiple Test case for the payment details revert Modal" name="Payment details page multiple Test case for the payment details revert Modal" time="6.057">
      <failure>Error: thrown: &quot;Exceeded timeout of 5000 ms for a test.
Use jest.setTimeout(newTimeout) to increase the timeout value, if this is a long-running test.&quot;
    at C:\Projects\New folder\Atlas-Payments-UI\src\layouts\views\PaymentDetailPage\test\paymentDetailPage.test.js:263:3
    at _dispatchDescribe (C:\Projects\New folder\Atlas-Payments-UI\node_modules\jest-circus\build\index.js:98:26)
    at describe (C:\Projects\New folder\Atlas-Payments-UI\node_modules\jest-circus\build\index.js:60:5)
    at Object.&lt;anonymous&gt; (C:\Projects\New folder\Atlas-Payments-UI\src\layouts\views\PaymentDetailPage\test\paymentDetailPage.test.js:193:1)
    at Runtime._execModule (C:\Projects\New folder\Atlas-Payments-UI\node_modules\jest-runtime\build\index.js:1646:24)
    at Runtime._loadModule (C:\Projects\New folder\Atlas-Payments-UI\node_modules\jest-runtime\build\index.js:1185:12)
    at Runtime.requireModule (C:\Projects\New folder\Atlas-Payments-UI\node_modules\jest-runtime\build\index.js:1009:12)
    at jestAdapter (C:\Projects\New folder\Atlas-Payments-UI\node_modules\jest-circus\build\legacy-code-todo-rewrite\jestAdapter.js:79:13)
    at processTicksAndRejections (node:internal/process/task_queues:96:5)
    at runTestInternal (C:\Projects\New folder\Atlas-Payments-UI\node_modules\jest-runner\build\runTest.js:389:16)
    at runTest (C:\Projects\New folder\Atlas-Payments-UI\node_modules\jest-runner\build\runTest.js:475:34)
    at Object.worker (C:\Projects\New folder\Atlas-Payments-UI\node_modules\jest-runner\build\testWorker.js:133:12)</failure>
    </testcase>
    <testcase classname="Payment details page multiple payment page breadcrumbs click" name="Payment details page multiple payment page breadcrumbs click" time="0.32">
    </testcase>
    <testcase classname="single payment save single" name="single payment save single" time="5.881">
    </testcase>
    <testcase classname="Payment details page lookup and subscription lookup api fail payment page" name="Payment details page lookup and subscription lookup api fail payment page" time="0.112">
    </testcase>
    <testcase classname="save api fail save api fail" name="save api fail save api fail" time="5.65">
    </testcase>
    <testcase classname="Payment details page click on detail page breadcrumb breadcrumb" name="Payment details page click on detail page breadcrumb breadcrumb" time="0.336">
    </testcase>
    <testcase classname="Payment details page click on invoice page breadcrumb Invoices" name="Payment details page click on invoice page breadcrumb Invoices" time="0.32">
    </testcase>
    <testcase classname="single credit refund save single" name="single credit refund save single" time="5.709">
    </testcase>
    <testcase classname="single credit refund save single with manual amount" name="single credit refund save single with manual amount" time="5.564">
    </testcase>
  </testsuite>
  <testsuite name="Invoice details" errors="0" failures="0" skipped="0" timestamp="2022-07-14T09:51:37" time="57.944" tests="41">
    <testcase classname="Invoice details tabs are working" name="Invoice details tabs are working" time="2.517">
    </testcase>
    <testcase classname="Invoice details download clickable " name="Invoice details download clickable " time="1.424">
    </testcase>
    <testcase classname="Invoice details approve invoice clickable " name="Invoice details approve invoice clickable " time="0.756">
    </testcase>
    <testcase classname="Invoice details publish notes" name="Invoice details publish notes" time="0.891">
    </testcase>
    <testcase classname="Invoice details download file" name="Invoice details download file" time="0.768">
    </testcase>
    <testcase classname="Invoice details delete file" name="Invoice details delete file" time="0.536">
    </testcase>
    <testcase classname="Invoice details Navigate with breadcrumbs" name="Invoice details Navigate with breadcrumbs" time="0.511">
    </testcase>
    <testcase classname="Invoice details Decline invoice click on cancel button" name="Invoice details Decline invoice click on cancel button" time="0.541">
    </testcase>
    <testcase classname="Invoice details Decline invoice onchange textarea and click on decline button" name="Invoice details Decline invoice onchange textarea and click on decline button" time="0.731">
    </testcase>
    <testcase classname="Api returns transaction type = 7 Render Invoice Details" name="Api returns transaction type = 7 Render Invoice Details" time="0.368">
    </testcase>
    <testcase classname="Invoice details decline api fail case handling Decline invoice onchange textarea click on decline button failed api" name="Invoice details decline api fail case handling Decline invoice onchange textarea click on decline button failed api" time="0.541">
    </testcase>
    <testcase classname="void test cases on Apprroved tabs are working" name="void test cases on Apprroved tabs are working" time="1.261">
    </testcase>
    <testcase classname="void test cases on Apprroved Upload Api Failed tabs are working" name="void test cases on Apprroved Upload Api Failed tabs are working" time="1.216">
    </testcase>
    <testcase classname="void test cases on Apprroved Create Api Failed tabs are working" name="void test cases on Apprroved Create Api Failed tabs are working" time="1.167">
    </testcase>
    <testcase classname="void test cases on Apprroved Void Api Failed tabs are working" name="void test cases on Apprroved Void Api Failed tabs are working" time="0.756">
    </testcase>
    <testcase classname="void test cases on Apprroved and click on cancel tabs are working" name="void test cases on Apprroved and click on cancel tabs are working" time="0.625">
    </testcase>
    <testcase classname="api fail tabs are working" name="api fail tabs are working" time="0.071">
    </testcase>
    <testcase classname="delete test cases on AR Reveiew on true  , and save invoice calander and po vaidehi ponum" name="delete test cases on AR Reveiew on true  , and save invoice calander and po vaidehi ponum" time="0.574">
    </testcase>
    <testcase classname="delete test cases on AR Reveiew on true  , and save invoice calander and po vaidehi invoice date" name="delete test cases on AR Reveiew on true  , and save invoice calander and po vaidehi invoice date" time="0.445">
    </testcase>
    <testcase classname="delete test cases on AR Reveiew on true  , and save invoice calander and po tabs are working" name="delete test cases on AR Reveiew on true  , and save invoice calander and po tabs are working" time="0.924">
    </testcase>
    <testcase classname="delete test cases on AR Reveiew on true  , and save invoice calander and po save invoice calander and po" name="delete test cases on AR Reveiew on true  , and save invoice calander and po save invoice calander and po" time="0.503">
    </testcase>
    <testcase classname="delete test cases on AR Reveiew click on cancel button tabs are working" name="delete test cases on AR Reveiew click on cancel button tabs are working" time="0.596">
    </testcase>
    <testcase classname="delete test cases on AR Reveiew on false tabs are working" name="delete test cases on AR Reveiew on false tabs are working" time="0.614">
    </testcase>
    <testcase classname="delete test cases on AR Reveiew on api fail tabs are working" name="delete test cases on AR Reveiew on api fail tabs are working" time="0.545">
    </testcase>
    <testcase classname="Invoice details auto approve checkbox click approve invoice clickable " name="Invoice details auto approve checkbox click approve invoice clickable " time="0.556">
    </testcase>
    <testcase classname="Invoice details auto approve checkbox click api fail approve invoice clickable " name="Invoice details auto approve checkbox click api fail approve invoice clickable " time="0.58">
    </testcase>
    <testcase classname="Invoice details fee api fail tabs are working" name="Invoice details fee api fail tabs are working" time="0.096">
    </testcase>
    <testcase classname="Invoice details invoice detail api fail tabs are working" name="Invoice details invoice detail api fail tabs are working" time="0.467">
    </testcase>
    <testcase classname="Invoice details lookup api fail tabs are working" name="Invoice details lookup api fail tabs are working" time="0.271">
    </testcase>
    <testcase classname="Invoice details countries api fail tabs are working" name="Invoice details countries api fail tabs are working" time="0.103">
    </testcase>
    <testcase classname="Invoice details employeeBreakDown api fail download clickable " name="Invoice details employeeBreakDown api fail download clickable " time="0.936">
    </testcase>
    <testcase classname="Invoice details view change log click publish notes" name="Invoice details view change log click publish notes" time="0.031">
    </testcase>
    <testcase classname="add payment button click test cases on Apprroved tabs are working" name="add payment button click test cases on Apprroved tabs are working" time="0.484">
    </testcase>
    <testcase classname="delete employee on AR Review status api fail tabs are working" name="delete employee on AR Review status api fail tabs are working" time="0.988">
    </testcase>
    <testcase classname="delete employee on AR Review status tabs are working" name="delete employee on AR Review status tabs are working" time="0.874">
    </testcase>
    <testcase classname="payment detail on partial paid edit payment edit" name="payment detail on partial paid edit payment edit" time="12.611">
    </testcase>
    <testcase classname="payment detail on partial paid payment add payment add" name="payment detail on partial paid payment add payment add" time="7.241">
    </testcase>
    <testcase classname="payment detail on partial paid payment add - save api fail payment add - save api fail" name="payment detail on partial paid payment add - save api fail payment add - save api fail" time="3.181">
    </testcase>
    <testcase classname="payment detail on partial paid edit api fail edit api failed" name="payment detail on partial paid edit api fail edit api failed" time="1.936">
    </testcase>
    <testcase classname="subscription api fail on payment detail on partial paid subscription api fail" name="subscription api fail on payment detail on partial paid subscription api fail" time="0.688">
    </testcase>
    <testcase classname="refund payment button click test cases on Apprroved tabs are working" name="refund payment button click test cases on Apprroved tabs are working" time="0.275">
    </testcase>
  </testsuite>
  <testsuite name="New Invoice" errors="0" failures="0" skipped="0" timestamp="2022-07-14T09:51:37" time="71.228" tests="40">
    <testcase classname="New Invoice breadcumbs are working" name="New Invoice breadcumbs are working" time="0.783">
    </testcase>
    <testcase classname="New Invoice dropDown Value change stepper 1" name="New Invoice dropDown Value change stepper 1" time="0.76">
    </testcase>
    <testcase classname="step one getCustomerSubscription api fail  dropDown Value change" name="step one getCustomerSubscription api fail  dropDown Value change" time="0.328">
    </testcase>
    <testcase classname="step one getCOuntry api fail dropDown Value change" name="step one getCOuntry api fail dropDown Value change" time="0.371">
    </testcase>
    <testcase classname="Stepper 2 dropDown Value change stepper 1 then stepper 2 click on  back button" name="Stepper 2 dropDown Value change stepper 1 then stepper 2 click on  back button" time="0.785">
    </testcase>
    <testcase classname="Stepper 2 dropDown Value change stepper 1 then stepper 2 complete and next button then row click in select table data stepper 3 then finish " name="Stepper 2 dropDown Value change stepper 1 then stepper 2 complete and next button then row click in select table data stepper 3 then finish " time="1.353">
    </testcase>
    <testcase classname="Stepper 2 dropDown Value change stepper 1 then stepper 2 complete and next button previous recalculate part" name="Stepper 2 dropDown Value change stepper 1 then stepper 2 complete and next button previous recalculate part" time="0.931">
    </testcase>
    <testcase classname="Stepper 2 show table click dropDown Value change stepper 1 then stepper 2 click on  " name="Stepper 2 show table click dropDown Value change stepper 1 then stepper 2 click on  " time="0.517">
    </testcase>
    <testcase classname="Stepper 2 api fail dropDown Value change stepper 1 then stepper 2 complete and next button then row click in select table data   stepper 3 then finish 1" name="Stepper 2 api fail dropDown Value change stepper 1 then stepper 2 complete and next button then row click in select table data   stepper 3 then finish 1" time="0.552">
    </testcase>
    <testcase classname="Stepper 2 getEmployee exceptional error api fail   dropDown Value change stepper 1 then stepper 2 complete and next button then row click in select table data   stepper 3 then finish 2" name="Stepper 2 getEmployee exceptional error api fail   dropDown Value change stepper 1 then stepper 2 complete and next button then row click in select table data   stepper 3 then finish 2" time="0.348">
    </testcase>
    <testcase classname="Stepper 2 getEmployee No Emplyee Error api fail   dropDown Value change stepper 1 then stepper 2 complete and next button then row click in select table data   stepper 3 then finish 3" name="Stepper 2 getEmployee No Emplyee Error api fail   dropDown Value change stepper 1 then stepper 2 complete and next button then row click in select table data   stepper 3 then finish 3" time="0.332">
    </testcase>
    <testcase classname="Stepper 3 dropDown Value change stepper 1 then stepper 2 complete and next button" name="Stepper 3 dropDown Value change stepper 1 then stepper 2 complete and next button" time="0.343">
    </testcase>
    <testcase classname="Stepper 3 dropDown Value change stepper 1 then stepper 2 click on  back button" name="Stepper 3 dropDown Value change stepper 1 then stepper 2 click on  back button" time="0.416">
    </testcase>
    <testcase classname="Stepper 3 dropDown Value change stepper 1 then stepper 2 complete and next button then row click in select table data stepper 3 then finish " name="Stepper 3 dropDown Value change stepper 1 then stepper 2 complete and next button then row click in select table data stepper 3 then finish " time="0.66">
    </testcase>
    <testcase classname="Stepper 3 invoice detail api fail dropDown Value change stepper 1 then stepper 2 complete and next button" name="Stepper 3 invoice detail api fail dropDown Value change stepper 1 then stepper 2 complete and next button" time="0.319">
    </testcase>
    <testcase classname="Stepper 3 invoice detail api fail dropDown Value change stepper 1 then stepper 2 click on  back button" name="Stepper 3 invoice detail api fail dropDown Value change stepper 1 then stepper 2 click on  back button" time="0.466">
    </testcase>
    <testcase classname="Stepper 3 invoice detail api fail dropDown Value change stepper 1 then stepper 2 complete and next button then row click in select table data   stepper 3 then finish 4" name="Stepper 3 invoice detail api fail dropDown Value change stepper 1 then stepper 2 complete and next button then row click in select table data   stepper 3 then finish 4" time="0.507">
    </testcase>
    <testcase classname="Stepper 3 fee api fail dropDown Value change stepper 1 then stepper 2 click on  back button" name="Stepper 3 fee api fail dropDown Value change stepper 1 then stepper 2 click on  back button" time="0.472">
    </testcase>
    <testcase classname="Stepper 3 fee api fail dropDown Value change stepper 1 then stepper 2 complete and next button then row click in select table data   stepper 3 then finish 5" name="Stepper 3 fee api fail dropDown Value change stepper 1 then stepper 2 complete and next button then row click in select table data   stepper 3 then finish 5" time="0.494">
    </testcase>
    <testcase classname="Stepper 3 address api fail dropDown Value change stepper 1 then stepper 2 complete and next button" name="Stepper 3 address api fail dropDown Value change stepper 1 then stepper 2 complete and next button" time="0.284">
    </testcase>
    <testcase classname="Stepper 3 address api fail dropDown Value change stepper 1 then stepper 2 click on  back button" name="Stepper 3 address api fail dropDown Value change stepper 1 then stepper 2 click on  back button" time="0.353">
    </testcase>
    <testcase classname="Stepper 3 address api fail dropDown Value change stepper 1 then stepper 2 complete and next button then row click in select table data   stepper 3 then finish 6" name="Stepper 3 address api fail dropDown Value change stepper 1 then stepper 2 complete and next button then row click in select table data   stepper 3 then finish 6" time="0.464">
    </testcase>
    <testcase classname="Stepper 3 country api fail dropDown Value change stepper 1 then stepper 2 complete and next button" name="Stepper 3 country api fail dropDown Value change stepper 1 then stepper 2 complete and next button" time="0.299">
    </testcase>
    <testcase classname="Stepper 3 country api fail dropDown Value change stepper 1 then stepper 2 click on  back button" name="Stepper 3 country api fail dropDown Value change stepper 1 then stepper 2 click on  back button" time="0.367">
    </testcase>
    <testcase classname="Stepper 3 country api fail dropDown Value change stepper 1 then stepper 2 complete and next button then row click in select table data   stepper 3 then finish 7" name="Stepper 3 country api fail dropDown Value change stepper 1 then stepper 2 complete and next button then row click in select table data   stepper 3 then finish 7" time="0.404">
    </testcase>
    <testcase classname="New Invoice for Proforma  breadcumbs are working" name="New Invoice for Proforma  breadcumbs are working" time="0.088">
    </testcase>
    <testcase classname="New Invoice for Proforma  dropDown Value change stepper 1" name="New Invoice for Proforma  dropDown Value change stepper 1" time="8.6">
    </testcase>
    <testcase classname="New Invoice for Proforma vat api fail  breadcumbs are working" name="New Invoice for Proforma vat api fail  breadcumbs are working" time="0.085">
    </testcase>
    <testcase classname="New Invoice for Proforma vat api fail  dropDown Value change stepper 1" name="New Invoice for Proforma vat api fail  dropDown Value change stepper 1" time="7.714">
    </testcase>
    <testcase classname="step one Proforma getCustomer api fail  dropDown Value change" name="step one Proforma getCustomer api fail  dropDown Value change" time="0.133">
    </testcase>
    <testcase classname="New Invoice for Miscellaneous  breadcumbs are working" name="New Invoice for Miscellaneous  breadcumbs are working" time="0.087">
    </testcase>
    <testcase classname="New Invoice for Miscellaneous  dropDown Value change stepper 1" name="New Invoice for Miscellaneous  dropDown Value change stepper 1" time="18.568">
    </testcase>
    <testcase classname="Stepper for Credit Memo  1, 2 and 3  dropDown Value change stepper 1 then stepper 2 complete and next button for credit memo" name="Stepper for Credit Memo  1, 2 and 3  dropDown Value change stepper 1 then stepper 2 complete and next button for credit memo" time="8.124">
    </testcase>
    <testcase classname="Stepper for Credit Memo  1, 2 and 3 api country fail  dropDown Value change stepper 1 then stepper 2 country api fail" name="Stepper for Credit Memo  1, 2 and 3 api country fail  dropDown Value change stepper 1 then stepper 2 country api fail" time="7.28">
    </testcase>
    <testcase classname="Invoice preview Pop final stepper" name="Invoice preview Pop final stepper" time="0.007">
    </testcase>
    <testcase classname="Invoice preview Pop Preview Invoice" name="Invoice preview Pop Preview Invoice" time="0.013">
    </testcase>
    <testcase classname="Invoice preview Pop related api fail final stepper" name="Invoice preview Pop related api fail final stepper" time="0.007">
    </testcase>
    <testcase classname="Invoice preview Pop related api fail Preview Invoice" name="Invoice preview Pop related api fail Preview Invoice" time="0.011">
    </testcase>
    <testcase classname="final stepper final stepper" name="final stepper final stepper" time="0.004">
    </testcase>
    <testcase classname="final stepper with 201 status code final stepper" name="final stepper with 201 status code final stepper" time="0.004">
    </testcase>
  </testsuite>
</testsuites>