<?xml version="1.0" encoding="UTF-8"?>
<testsuites name="jest tests" tests="2" failures="0" errors="0" time="7.999">
  <testsuite name="Credit Memo Summary" errors="0" failures="0" skipped="0" timestamp="2022-07-05T11:13:39" time="6.59" tests="2">
    <testcase classname="Credit Memo Summary Render Notes" name="Credit Memo Summary Render Notes" time="0.433">
    </testcase>
    <testcase classname="Notes fail Render CM" name="Notes fail Render CM" time="0.314">
    </testcase>
  </testsuite>
</testsuites>