<?xml version="1.0" encoding="UTF-8"?>
<testsuites name="jest tests" tests="72" failures="0" errors="0" time="27.38">
  <testsuite name="Bills Table" errors="0" failures="0" skipped="0" timestamp="2022-05-24T05:18:32" time="7.193" tests="1">
    <testcase classname="Bills Table Render" name="Bills Table Render" time="0.403">
    </testcase>
  </testsuite>
  <testsuite name="Credit Memo Summary" errors="0" failures="0" skipped="0" timestamp="2022-05-24T05:18:32" time="8.687" tests="2">
    <testcase classname="Credit Memo Summary Render CM" name="Credit Memo Summary Render CM" time="0.647">
    </testcase>
    <testcase classname="Notes fail Render CM" name="Notes fail Render CM" time="0.233">
    </testcase>
  </testsuite>
  <testsuite name="undefined" errors="0" failures="0" skipped="0" timestamp="2022-05-24T05:18:32" time="12.093" tests="1">
    <testcase classname=" renders learn react link" name=" renders learn react link" time="0.385">
    </testcase>
  </testsuite>
  <testsuite name="client view" errors="0" failures="0" skipped="0" timestamp="2022-05-24T05:18:32" time="13.555" tests="17">
    <testcase classname="client view Datepicker dropdowns clickoutside clickable" name="client view Datepicker dropdowns clickoutside clickable" time="0.643">
    </testcase>
    <testcase classname="client view Datepicker dropdowns today clickable" name="client view Datepicker dropdowns today clickable" time="0.33">
    </testcase>
    <testcase classname="client view Datepicker dropdowns Yesterday clickable" name="client view Datepicker dropdowns Yesterday clickable" time="0.255">
    </testcase>
    <testcase classname="client view Datepicker dropdowns This Week clickable" name="client view Datepicker dropdowns This Week clickable" time="0.169">
    </testcase>
    <testcase classname="client view Datepicker dropdowns This Month clickable" name="client view Datepicker dropdowns This Month clickable" time="0.195">
    </testcase>
    <testcase classname="client view Datepicker dropdowns This Quarter clickable" name="client view Datepicker dropdowns This Quarter clickable" time="0.171">
    </testcase>
    <testcase classname="client view Datepicker dropdowns This Year clickable" name="client view Datepicker dropdowns This Year clickable" time="0.22">
    </testcase>
    <testcase classname="client view table row clickable" name="client view table row clickable" time="0.148">
    </testcase>
    <testcase classname="client view Status clickable" name="client view Status clickable" time="0.151">
    </testcase>
    <testcase classname="client view Type clickable" name="client view Type clickable" time="0.218">
    </testcase>
    <testcase classname="client view Clear filters clickable" name="client view Clear filters clickable" time="0.289">
    </testcase>
    <testcase classname="client view search" name="client view search" time="0.22">
    </testcase>
    <testcase classname="checkbox and download checkbox and download are clickable in client view" name="checkbox and download checkbox and download are clickable in client view" time="0.325">
    </testcase>
    <testcase classname="checkbox and download checkbox and download are clickable in internal view" name="checkbox and download checkbox and download are clickable in internal view" time="0.102">
    </testcase>
    <testcase classname="checkbox and download checkbox and download are clickable in client view and searched view" name="checkbox and download checkbox and download are clickable in client view and searched view" time="0.275">
    </testcase>
    <testcase classname="Internal View Download click and checkbox Click table row clickable" name="Internal View Download click and checkbox Click table row clickable" time="0.252">
    </testcase>
    <testcase classname="Internal View Download click for single invoice  api fail Click table row clickable" name="Internal View Download click for single invoice  api fail Click table row clickable" time="0.249">
    </testcase>
  </testsuite>
  <testsuite name="New Invoice" errors="0" failures="0" skipped="0" timestamp="2022-05-24T05:18:32" time="16.315" tests="23">
    <testcase classname="New Invoice breadcumbs are working" name="New Invoice breadcumbs are working" time="0.337">
    </testcase>
    <testcase classname="New Invoice dropDown Value change stepper 1" name="New Invoice dropDown Value change stepper 1" time="0.533">
    </testcase>
    <testcase classname="step one getCustomer api fail  dropDown Value change" name="step one getCustomer api fail  dropDown Value change" time="0.082">
    </testcase>
    <testcase classname="step one getCOuntry api fail dropDown Value change" name="step one getCOuntry api fail dropDown Value change" time="0.133">
    </testcase>
    <testcase classname="Stepper 2 dropDown Value change stepper 1 then stepper 2 complete and next button" name="Stepper 2 dropDown Value change stepper 1 then stepper 2 complete and next button" time="0.314">
    </testcase>
    <testcase classname="Stepper 2 dropDown Value change stepper 1 then stepper 2 click on  back button" name="Stepper 2 dropDown Value change stepper 1 then stepper 2 click on  back button" time="0.411">
    </testcase>
    <testcase classname="Stepper 2 dropDown Value change stepper 1 then stepper 2 complete and next button then row click in select table data stepper 3 then finish " name="Stepper 2 dropDown Value change stepper 1 then stepper 2 complete and next button then row click in select table data stepper 3 then finish " time="0.921">
    </testcase>
    <testcase classname="Stepper 2 show table click dropDown Value change stepper 1 then stepper 2 click on  " name="Stepper 2 show table click dropDown Value change stepper 1 then stepper 2 click on  " time="0.262">
    </testcase>
    <testcase classname="Stepper 2 api fail dropDown Value change stepper 1 then stepper 2 complete and next button then row click in select table data   stepper 3 then finish " name="Stepper 2 api fail dropDown Value change stepper 1 then stepper 2 complete and next button then row click in select table data   stepper 3 then finish " time="0.311">
    </testcase>
    <testcase classname="Stepper 3 dropDown Value change stepper 1 then stepper 2 complete and next button" name="Stepper 3 dropDown Value change stepper 1 then stepper 2 complete and next button" time="0.194">
    </testcase>
    <testcase classname="Stepper 3 dropDown Value change stepper 1 then stepper 2 click on  back button" name="Stepper 3 dropDown Value change stepper 1 then stepper 2 click on  back button" time="0.248">
    </testcase>
    <testcase classname="Stepper 3 dropDown Value change stepper 1 then stepper 2 complete and next button then row click in select table data stepper 3 then finish " name="Stepper 3 dropDown Value change stepper 1 then stepper 2 complete and next button then row click in select table data stepper 3 then finish " time="0.527">
    </testcase>
    <testcase classname="Stepper 3 invoice detail api fail dropDown Value change stepper 1 then stepper 2 complete and next button" name="Stepper 3 invoice detail api fail dropDown Value change stepper 1 then stepper 2 complete and next button" time="0.246">
    </testcase>
    <testcase classname="Stepper 3 invoice detail api fail dropDown Value change stepper 1 then stepper 2 click on  back button" name="Stepper 3 invoice detail api fail dropDown Value change stepper 1 then stepper 2 click on  back button" time="0.291">
    </testcase>
    <testcase classname="Stepper 3 invoice detail api fail dropDown Value change stepper 1 then stepper 2 complete and next button then row click in select table data   stepper 3 then finish " name="Stepper 3 invoice detail api fail dropDown Value change stepper 1 then stepper 2 complete and next button then row click in select table data   stepper 3 then finish " time="0.368">
    </testcase>
    <testcase classname="Stepper 3 fee api fail dropDown Value change stepper 1 then stepper 2 click on  back button" name="Stepper 3 fee api fail dropDown Value change stepper 1 then stepper 2 click on  back button" time="0.295">
    </testcase>
    <testcase classname="Stepper 3 fee api fail dropDown Value change stepper 1 then stepper 2 complete and next button then row click in select table data   stepper 3 then finish " name="Stepper 3 fee api fail dropDown Value change stepper 1 then stepper 2 complete and next button then row click in select table data   stepper 3 then finish " time="0.192">
    </testcase>
    <testcase classname="Stepper 3 address api fail dropDown Value change stepper 1 then stepper 2 complete and next button" name="Stepper 3 address api fail dropDown Value change stepper 1 then stepper 2 complete and next button" time="0.146">
    </testcase>
    <testcase classname="Stepper 3 address api fail dropDown Value change stepper 1 then stepper 2 click on  back button" name="Stepper 3 address api fail dropDown Value change stepper 1 then stepper 2 click on  back button" time="0.178">
    </testcase>
    <testcase classname="Stepper 3 address api fail dropDown Value change stepper 1 then stepper 2 complete and next button then row click in select table data   stepper 3 then finish " name="Stepper 3 address api fail dropDown Value change stepper 1 then stepper 2 complete and next button then row click in select table data   stepper 3 then finish " time="0.178">
    </testcase>
    <testcase classname="Stepper 3 country api fail dropDown Value change stepper 1 then stepper 2 complete and next button" name="Stepper 3 country api fail dropDown Value change stepper 1 then stepper 2 complete and next button" time="0.115">
    </testcase>
    <testcase classname="Stepper 3 country api fail dropDown Value change stepper 1 then stepper 2 click on  back button" name="Stepper 3 country api fail dropDown Value change stepper 1 then stepper 2 click on  back button" time="0.142">
    </testcase>
    <testcase classname="Stepper 3 country api fail dropDown Value change stepper 1 then stepper 2 complete and next button then row click in select table data   stepper 3 then finish " name="Stepper 3 country api fail dropDown Value change stepper 1 then stepper 2 complete and next button then row click in select table data   stepper 3 then finish " time="0.167">
    </testcase>
  </testsuite>
  <testsuite name="Invoice details" errors="0" failures="0" skipped="0" timestamp="2022-05-24T05:18:32" time="18.332" tests="28">
    <testcase classname="Invoice details tabs are working" name="Invoice details tabs are working" time="0.915">
    </testcase>
    <testcase classname="Invoice details download clickable " name="Invoice details download clickable " time="0.592">
    </testcase>
    <testcase classname="Invoice details approve invoice clickable " name="Invoice details approve invoice clickable " time="0.252">
    </testcase>
    <testcase classname="Invoice details publish notes" name="Invoice details publish notes" time="0.3">
    </testcase>
    <testcase classname="Invoice details download file" name="Invoice details download file" time="0.349">
    </testcase>
    <testcase classname="Invoice details delete file" name="Invoice details delete file" time="0.265">
    </testcase>
    <testcase classname="Invoice details Navigate with breadcrumbs" name="Invoice details Navigate with breadcrumbs" time="0.13">
    </testcase>
    <testcase classname="Invoice details Decline invoice click on cancel button" name="Invoice details Decline invoice click on cancel button" time="0.123">
    </testcase>
    <testcase classname="Invoice details Decline invoice onchange textarea and click on decline button" name="Invoice details Decline invoice onchange textarea and click on decline button" time="0.163">
    </testcase>
    <testcase classname="Api returns transaction type = 7 Render Invoice Details" name="Api returns transaction type = 7 Render Invoice Details" time="0.118">
    </testcase>
    <testcase classname="Invoice details decline api fail case handling Decline invoice onchange textarea click on decline button failed api" name="Invoice details decline api fail case handling Decline invoice onchange textarea click on decline button failed api" time="0.13">
    </testcase>
    <testcase classname="void test cases on Apprroved tabs are working" name="void test cases on Apprroved tabs are working" time="0.183">
    </testcase>
    <testcase classname="void test cases on Apprroved Upload Api Failed tabs are working" name="void test cases on Apprroved Upload Api Failed tabs are working" time="0.175">
    </testcase>
    <testcase classname="void test cases on Apprroved Create Api Failed tabs are working" name="void test cases on Apprroved Create Api Failed tabs are working" time="0.186">
    </testcase>
    <testcase classname="void test cases on Apprroved Void Api Failed tabs are working" name="void test cases on Apprroved Void Api Failed tabs are working" time="0.164">
    </testcase>
    <testcase classname="void test cases on Apprroved and click on cancel tabs are working" name="void test cases on Apprroved and click on cancel tabs are working" time="0.155">
    </testcase>
    <testcase classname="api fail tabs are working" name="api fail tabs are working" time="0.022">
    </testcase>
    <testcase classname="delete test cases on AR Reveiew on true tabs are working" name="delete test cases on AR Reveiew on true tabs are working" time="0.159">
    </testcase>
    <testcase classname="delete test cases on AR Reveiew click on cancel button tabs are working" name="delete test cases on AR Reveiew click on cancel button tabs are working" time="0.15">
    </testcase>
    <testcase classname="delete test cases on AR Reveiew on false tabs are working" name="delete test cases on AR Reveiew on false tabs are working" time="0.223">
    </testcase>
    <testcase classname="delete test cases on AR Reveiew on api fail tabs are working" name="delete test cases on AR Reveiew on api fail tabs are working" time="0.269">
    </testcase>
    <testcase classname="Invoice details auto approve checkbox click approve invoice clickable " name="Invoice details auto approve checkbox click approve invoice clickable " time="0.212">
    </testcase>
    <testcase classname="Invoice details auto approve checkbox click api fail approve invoice clickable " name="Invoice details auto approve checkbox click api fail approve invoice clickable " time="0.186">
    </testcase>
    <testcase classname="Invoice details fee api fail tabs are working" name="Invoice details fee api fail tabs are working" time="0.032">
    </testcase>
    <testcase classname="Invoice details invoice detail api fail tabs are working" name="Invoice details invoice detail api fail tabs are working" time="0.029">
    </testcase>
    <testcase classname="Invoice details lookup api fail tabs are working" name="Invoice details lookup api fail tabs are working" time="0.019">
    </testcase>
    <testcase classname="Invoice details countries api fail tabs are working" name="Invoice details countries api fail tabs are working" time="0.018">
    </testcase>
    <testcase classname="Invoice details employeeBreakDown api fail download clickable " name="Invoice details employeeBreakDown api fail download clickable " time="0.241">
    </testcase>
  </testsuite>
</testsuites>