<?xml version="1.0" encoding="UTF-8"?>
<testsuites name="jest tests" tests="24" failures="0" errors="0" time="18.587">
  <testsuite name="undefined" errors="0" failures="0" skipped="0" timestamp="2022-04-07T11:21:10" time="8.456" tests="1">
    <testcase classname=" renders learn react link" name=" renders learn react link" time="0.068">
    </testcase>
  </testsuite>
  <testsuite name="Invoice details" errors="0" failures="0" skipped="0" timestamp="2022-04-07T11:21:10" time="8.994" tests="2">
    <testcase classname="Invoice details tabs are working" name="Invoice details tabs are working" time="0.81">
    </testcase>
    <testcase classname="Invoice details download clickable " name="Invoice details download clickable " time="0.235">
    </testcase>
  </testsuite>
  <testsuite name="client view" errors="0" failures="0" skipped="0" timestamp="2022-04-07T11:21:10" time="12.697" tests="21">
    <testcase classname="client view Datepicker dropdowns clickoutside clickable" name="client view Datepicker dropdowns clickoutside clickable" time="0.79">
    </testcase>
    <testcase classname="client view Datepicker dropdowns today clickable" name="client view Datepicker dropdowns today clickable" time="0.276">
    </testcase>
    <testcase classname="client view Datepicker dropdowns Yesterday clickable" name="client view Datepicker dropdowns Yesterday clickable" time="0.226">
    </testcase>
    <testcase classname="client view Datepicker dropdowns This Week clickable" name="client view Datepicker dropdowns This Week clickable" time="0.19">
    </testcase>
    <testcase classname="client view Datepicker dropdowns This Month clickable" name="client view Datepicker dropdowns This Month clickable" time="0.21">
    </testcase>
    <testcase classname="client view Datepicker dropdowns This Quarter clickable" name="client view Datepicker dropdowns This Quarter clickable" time="0.18">
    </testcase>
    <testcase classname="client view Datepicker dropdowns This Year clickable" name="client view Datepicker dropdowns This Year clickable" time="0.19">
    </testcase>
    <testcase classname="client view Datepicker dropdowns date range clickable" name="client view Datepicker dropdowns date range clickable" time="4.107">
    </testcase>
    <testcase classname="client view table row clickable" name="client view table row clickable" time="0.085">
    </testcase>
    <testcase classname="client view Status clickable" name="client view Status clickable" time="0.117">
    </testcase>
    <testcase classname="client view Type clickable" name="client view Type clickable" time="0.087">
    </testcase>
    <testcase classname="client view Clear filters clickable" name="client view Clear filters clickable" time="0.101">
    </testcase>
    <testcase classname="client view search" name="client view search" time="0.076">
    </testcase>
    <testcase classname="checkbox and download checkbox and download are clickable in client view" name="checkbox and download checkbox and download are clickable in client view" time="0.19">
    </testcase>
    <testcase classname="checkbox and download checkbox and download are clickable in internal view" name="checkbox and download checkbox and download are clickable in internal view" time="0.11">
    </testcase>
    <testcase classname="checkbox and download checkbox and download are clickable in client view and searched view" name="checkbox and download checkbox and download are clickable in client view and searched view" time="0.153">
    </testcase>
    <testcase classname="Client View search intenal" name="Client View search intenal" time="0.099">
    </testcase>
    <testcase classname=" renders without crashing" name=" renders without crashing" time="0.003">
    </testcase>
    <testcase classname=" Client View" name=" Client View" time="0.034">
    </testcase>
    <testcase classname=" Internal View" name=" Internal View" time="0.024">
    </testcase>
    <testcase classname=" Enter token client" name=" Enter token client" time="0.026">
    </testcase>
  </testsuite>
</testsuites>