<?xml version="1.0" encoding="UTF-8"?>
<testsuites name="jest tests" tests="31" failures="0" errors="0" time="23.635">
  <testsuite name="Bills Table" errors="0" failures="0" skipped="0" timestamp="2022-04-21T09:46:39" time="5.529" tests="1">
    <testcase classname="Bills Table Render" name="Bills Table Render" time="0.262">
    </testcase>
  </testsuite>
  <testsuite name="undefined" errors="0" failures="0" skipped="0" timestamp="2022-04-21T09:46:39" time="6.774" tests="1">
    <testcase classname=" renders learn react link" name=" renders learn react link" time="0.057">
    </testcase>
  </testsuite>
  <testsuite name="Invoice details" errors="0" failures="0" skipped="0" timestamp="2022-04-21T09:46:39" time="8.371" tests="8">
    <testcase classname="Invoice details tabs are working" name="Invoice details tabs are working" time="0.915">
    </testcase>
    <testcase classname="Invoice details download clickable " name="Invoice details download clickable " time="0.261">
    </testcase>
    <testcase classname="Invoice details approve invoice clickable " name="Invoice details approve invoice clickable " time="0.19">
    </testcase>
    <testcase classname="Invoice details publish notes" name="Invoice details publish notes" time="0.18">
    </testcase>
    <testcase classname="Invoice details download file" name="Invoice details download file" time="0.237">
    </testcase>
    <testcase classname="Invoice details delete file" name="Invoice details delete file" time="0.171">
    </testcase>
    <testcase classname="Invoice details Navigate with breadcrumbs" name="Invoice details Navigate with breadcrumbs" time="0.15">
    </testcase>
    <testcase classname="Api returns transaction type = 7 Render Invoice Details" name="Api returns transaction type = 7 Render Invoice Details" time="0.087">
    </testcase>
  </testsuite>
  <testsuite name="client view" errors="0" failures="0" skipped="0" timestamp="2022-04-21T09:46:39" time="15.259" tests="21">
    <testcase classname="client view Datepicker dropdowns clickoutside clickable" name="client view Datepicker dropdowns clickoutside clickable" time="0.498">
    </testcase>
    <testcase classname="client view Datepicker dropdowns today clickable" name="client view Datepicker dropdowns today clickable" time="0.179">
    </testcase>
    <testcase classname="client view Datepicker dropdowns Yesterday clickable" name="client view Datepicker dropdowns Yesterday clickable" time="0.154">
    </testcase>
    <testcase classname="client view Datepicker dropdowns This Week clickable" name="client view Datepicker dropdowns This Week clickable" time="0.131">
    </testcase>
    <testcase classname="client view Datepicker dropdowns This Month clickable" name="client view Datepicker dropdowns This Month clickable" time="0.276">
    </testcase>
    <testcase classname="client view Datepicker dropdowns This Quarter clickable" name="client view Datepicker dropdowns This Quarter clickable" time="0.281">
    </testcase>
    <testcase classname="client view Datepicker dropdowns This Year clickable" name="client view Datepicker dropdowns This Year clickable" time="0.162">
    </testcase>
    <testcase classname="client view Datepicker dropdowns date range clickable" name="client view Datepicker dropdowns date range clickable" time="4.407">
    </testcase>
    <testcase classname="client view table row clickable" name="client view table row clickable" time="0.143">
    </testcase>
    <testcase classname="client view Status clickable" name="client view Status clickable" time="0.115">
    </testcase>
    <testcase classname="client view Type clickable" name="client view Type clickable" time="0.221">
    </testcase>
    <testcase classname="client view Clear filters clickable" name="client view Clear filters clickable" time="0.154">
    </testcase>
    <testcase classname="client view search" name="client view search" time="0.11">
    </testcase>
    <testcase classname="checkbox and download checkbox and download are clickable in client view" name="checkbox and download checkbox and download are clickable in client view" time="0.255">
    </testcase>
    <testcase classname="checkbox and download checkbox and download are clickable in internal view" name="checkbox and download checkbox and download are clickable in internal view" time="0.271">
    </testcase>
    <testcase classname="checkbox and download checkbox and download are clickable in client view and searched view" name="checkbox and download checkbox and download are clickable in client view and searched view" time="0.158">
    </testcase>
    <testcase classname="Client View search intenal" name="Client View search intenal" time="0.108">
    </testcase>
    <testcase classname=" renders without crashing" name=" renders without crashing" time="0.002">
    </testcase>
    <testcase classname=" Client View" name=" Client View" time="0.019">
    </testcase>
    <testcase classname=" Internal View" name=" Internal View" time="0.023">
    </testcase>
    <testcase classname=" Enter token client" name=" Enter token client" time="0.045">
    </testcase>
  </testsuite>
</testsuites>