<?xml version="1.0" encoding="UTF-8"?>
<testsuites name="jest tests" tests="15" failures="0" errors="0" time="11.391">
  <testsuite name="undefined" errors="0" failures="0" skipped="0" timestamp="2022-04-01T11:37:59" time="5.548" tests="1">
    <testcase classname=" renders learn react link" name=" renders learn react link" time="0.207">
    </testcase>
  </testsuite>
  <testsuite name="Invoice details" errors="0" failures="0" skipped="0" timestamp="2022-04-01T11:37:59" time="6.077" tests="1">
    <testcase classname="Invoice details tabs are working" name="Invoice details tabs are working" time="0.531">
    </testcase>
  </testsuite>
  <testsuite name="client view" errors="0" failures="0" skipped="0" timestamp="2022-04-01T11:37:59" time="8.073" tests="13">
    <testcase classname="client view Datepicker dropdowns today clickable" name="client view Datepicker dropdowns today clickable" time="0.865">
    </testcase>
    <testcase classname="client view Datepicker dropdowns Yesterday clickable" name="client view Datepicker dropdowns Yesterday clickable" time="0.423">
    </testcase>
    <testcase classname="client view Datepicker dropdowns This Week clickable" name="client view Datepicker dropdowns This Week clickable" time="0.246">
    </testcase>
    <testcase classname="client view Datepicker dropdowns This Month clickable" name="client view Datepicker dropdowns This Month clickable" time="0.181">
    </testcase>
    <testcase classname="client view Datepicker dropdowns This Quarter clickable" name="client view Datepicker dropdowns This Quarter clickable" time="0.138">
    </testcase>
    <testcase classname="client view Datepicker dropdowns This Year clickable" name="client view Datepicker dropdowns This Year clickable" time="0.127">
    </testcase>
    <testcase classname="client view table row clickable" name="client view table row clickable" time="0.109">
    </testcase>
    <testcase classname="client view Status clickable" name="client view Status clickable" time="0.094">
    </testcase>
    <testcase classname="client view Type clickable" name="client view Type clickable" time="0.107">
    </testcase>
    <testcase classname=" renders without crashing" name=" renders without crashing" time="0.003">
    </testcase>
    <testcase classname=" Client View" name=" Client View" time="0.032">
    </testcase>
    <testcase classname=" Internal View" name=" Internal View" time="0.025">
    </testcase>
    <testcase classname=" Enter token client" name=" Enter token client" time="0.031">
    </testcase>
  </testsuite>
</testsuites>