<?xml version="1.0" encoding="UTF-8"?>
<testExecutions version="1">
  <file path="C:\Projects\Atlas-Payments-UI\src\App.test.tsx">
    <testCase name="renders learn react link" duration="65"/>
  </file>
  <file path="C:\Projects\Atlas-Payments-UI\src\layouts\views\InvoiceDetails\test\invoiceDetails.test.js">
    <testCase name="Invoice details tabs are working" duration="297"/>
  </file>
  <file path="C:\Projects\Atlas-Payments-UI\src\layouts\views\InvoiceListing\test\invoices.test.js">
    <testCase name="client view dropdowns clickable" duration="542"/>
    <testCase name="client view table row clickable" duration="134"/>
    <testCase name="renders without crashing" duration="3"/>
    <testCase name="Client View" duration="78"/>
    <testCase name="Internal View" duration="56"/>
    <testCase name="Enter token client" duration="69"/>
  </file>
</testExecutions>