<?xml version="1.0" encoding="UTF-8"?>
<testExecutions version="1">
  <file path="C:\Projects\Atlas-Payments-UI\src\layouts\views\BillsTable\test\BillsTable.test.js">
    <testCase name="Bills Table Render" duration="262"/>
  </file>
  <file path="C:\Projects\Atlas-Payments-UI\src\App.test.tsx">
    <testCase name="renders learn react link" duration="54"/>
  </file>
  <file path="C:\Projects\Atlas-Payments-UI\src\layouts\views\InvoiceDetails\test\invoiceDetails.test.js">
    <testCase name="Invoice details tabs are working" duration="684"/>
    <testCase name="Invoice details download clickable " duration="217"/>
    <testCase name="Invoice details approve invoice clickable " duration="131"/>
    <testCase name="Invoice details publish notes" duration="157"/>
    <testCase name="Invoice details download file" duration="131"/>
    <testCase name="Invoice details delete file" duration="159"/>
    <testCase name="Invoice details Navigate with breadcrumbs" duration="109"/>
    <testCase name="Api returns transaction type = 7 Render Invoice Details" duration="53"/>
  </file>
  <file path="C:\Projects\Atlas-Payments-UI\src\layouts\views\InvoiceListing\test\invoices.test.js">
    <testCase name="client view Datepicker dropdowns clickoutside clickable" duration="509"/>
    <testCase name="client view Datepicker dropdowns today clickable" duration="209"/>
    <testCase name="client view Datepicker dropdowns Yesterday clickable" duration="157"/>
    <testCase name="client view Datepicker dropdowns This Week clickable" duration="125"/>
    <testCase name="client view Datepicker dropdowns This Month clickable" duration="131"/>
    <testCase name="client view Datepicker dropdowns This Quarter clickable" duration="117"/>
    <testCase name="client view Datepicker dropdowns This Year clickable" duration="136"/>
    <testCase name="client view Datepicker dropdowns date range clickable" duration="4203"/>
    <testCase name="client view table row clickable" duration="62"/>
    <testCase name="client view Status clickable" duration="73"/>
    <testCase name="client view Type clickable" duration="83"/>
    <testCase name="client view Clear filters clickable" duration="91"/>
    <testCase name="client view search" duration="73"/>
    <testCase name="checkbox and download checkbox and download are clickable in client view" duration="193"/>
    <testCase name="checkbox and download checkbox and download are clickable in internal view" duration="126"/>
    <testCase name="checkbox and download checkbox and download are clickable in client view and searched view" duration="107"/>
    <testCase name="Client View search intenal" duration="81"/>
    <testCase name="renders without crashing" duration="1"/>
    <testCase name="Client View" duration="17"/>
    <testCase name="Internal View" duration="24"/>
    <testCase name="Enter token client" duration="24"/>
  </file>
</testExecutions>