<?xml version="1.0" encoding="UTF-8"?>
<testExecutions version="1">
  <file path="C:\Projects\New folder\Atlas-Payments-UI\src\layouts\views\BillsTable\test\BillsTable.test.js">
    <testCase name="Bills Table Render" duration="339"/>
  </file>
  <file path="C:\Projects\New folder\Atlas-Payments-UI\src\App.test.tsx">
    <testCase name="renders learn react link" duration="354"/>
  </file>
  <file path="C:\Projects\New folder\Atlas-Payments-UI\src\layouts\views\InvoiceListing\test\invoices.test.js">
    <testCase name="client view Datepicker dropdowns clickoutside clickable" duration="696"/>
    <testCase name="client view Datepicker dropdowns today clickable" duration="344"/>
    <testCase name="client view Datepicker dropdowns Yesterday clickable" duration="298"/>
    <testCase name="client view Datepicker dropdowns This Week clickable" duration="188"/>
    <testCase name="client view Datepicker dropdowns This Month clickable" duration="296"/>
    <testCase name="client view Datepicker dropdowns This Quarter clickable" duration="220"/>
    <testCase name="client view Datepicker dropdowns This Year clickable" duration="181"/>
    <testCase name="client view table row clickable" duration="188"/>
    <testCase name="client view Status clickable" duration="235"/>
    <testCase name="client view Type clickable" duration="166"/>
    <testCase name="client view Clear filters clickable" duration="252"/>
    <testCase name="client view search" duration="169"/>
    <testCase name="checkbox and download checkbox and download are clickable in client view" duration="354"/>
    <testCase name="checkbox and download checkbox and download are clickable in internal view" duration="95"/>
    <testCase name="checkbox and download checkbox and download are clickable in client view and searched view" duration="275"/>
    <testCase name="Internal View Download click and checkbox Click table row clickable" duration="382"/>
    <testCase name="Internal View Download click for single invoice  api fail Click table row clickable" duration="253"/>
  </file>
  <file path="C:\Projects\New folder\Atlas-Payments-UI\src\layouts\views\CreditMemoSummary\Test\creditMemoSummary.test.js">
    <testCase name="Credit Memo Summary Render CM" duration="795"/>
    <testCase name="Credit Memo Summary Render CM with status = 2" duration="1126"/>
    <testCase name="Credit Memo Summary Render CM =&gt; delete a summary" duration="682"/>
    <testCase name="Credit Memo Summary Render CM =&gt; edit a summary" duration="835"/>
    <testCase name="Credit Memo Summary Render CM =&gt; edit a summary" duration="608"/>
    <testCase name="Credit Memo Summary Render CM =&gt; edit a summary" duration="644"/>
    <testCase name="Credit Memo Summary Render CM =&gt; edit a summary" duration="883"/>
    <testCase name="Notes fail Render CM" duration="212"/>
  </file>
  <file path="C:\Projects\New folder\Atlas-Payments-UI\src\layouts\views\InvoiceDetails\test\invoiceDetails.test.js">
    <testCase name="Invoice details tabs are working" duration="1289"/>
    <testCase name="Invoice details download clickable " duration="709"/>
    <testCase name="Invoice details approve invoice clickable " duration="302"/>
    <testCase name="Invoice details publish notes" duration="347"/>
    <testCase name="Invoice details download file" duration="322"/>
    <testCase name="Invoice details delete file" duration="250"/>
    <testCase name="Invoice details Navigate with breadcrumbs" duration="191"/>
    <testCase name="Invoice details Decline invoice click on cancel button" duration="198"/>
    <testCase name="Invoice details Decline invoice onchange textarea and click on decline button" duration="320"/>
    <testCase name="Api returns transaction type = 7 Render Invoice Details" duration="182"/>
    <testCase name="Invoice details decline api fail case handling Decline invoice onchange textarea click on decline button failed api" duration="185"/>
    <testCase name="void test cases on Apprroved tabs are working" duration="301"/>
    <testCase name="void test cases on Apprroved Upload Api Failed tabs are working" duration="494"/>
    <testCase name="void test cases on Apprroved Create Api Failed tabs are working" duration="472"/>
    <testCase name="void test cases on Apprroved Void Api Failed tabs are working" duration="321"/>
    <testCase name="void test cases on Apprroved and click on cancel tabs are working" duration="345"/>
    <testCase name="api fail tabs are working" duration="43"/>
    <testCase name="delete test cases on AR Reveiew on true tabs are working" duration="188"/>
    <testCase name="delete test cases on AR Reveiew click on cancel button tabs are working" duration="107"/>
    <testCase name="delete test cases on AR Reveiew on false tabs are working" duration="106"/>
    <testCase name="delete test cases on AR Reveiew on api fail tabs are working" duration="124"/>
    <testCase name="Invoice details auto approve checkbox click approve invoice clickable " duration="114"/>
    <testCase name="Invoice details auto approve checkbox click api fail approve invoice clickable " duration="97"/>
    <testCase name="Invoice details fee api fail tabs are working" duration="24"/>
    <testCase name="Invoice details invoice detail api fail tabs are working" duration="16"/>
    <testCase name="Invoice details lookup api fail tabs are working" duration="16"/>
    <testCase name="Invoice details countries api fail tabs are working" duration="11"/>
    <testCase name="Invoice details employeeBreakDown api fail download clickable " duration="141"/>
  </file>
  <file path="C:\Projects\New folder\Atlas-Payments-UI\src\layouts\views\NewInvoice\test\index.test.js">
    <testCase name="New Invoice breadcumbs are working" duration="498"/>
    <testCase name="New Invoice dropDown Value change stepper 1" duration="484"/>
    <testCase name="step one getCustomer api fail  dropDown Value change" duration="76"/>
    <testCase name="step one getCOuntry api fail dropDown Value change" duration="151"/>
    <testCase name="Stepper 2 dropDown Value change stepper 1 then stepper 2 complete and next button" duration="311"/>
    <testCase name="Stepper 2 dropDown Value change stepper 1 then stepper 2 click on  back button" duration="388"/>
    <testCase name="Stepper 2 dropDown Value change stepper 1 then stepper 2 complete and next button then row click in select table data stepper 3 then finish " duration="667"/>
    <testCase name="Stepper 2 show table click dropDown Value change stepper 1 then stepper 2 click on  " duration="393"/>
    <testCase name="Stepper 2 api fail dropDown Value change stepper 1 then stepper 2 complete and next button then row click in select table data   stepper 3 then finish " duration="495"/>
    <testCase name="Stepper 3 dropDown Value change stepper 1 then stepper 2 complete and next button" duration="296"/>
    <testCase name="Stepper 3 dropDown Value change stepper 1 then stepper 2 click on  back button" duration="325"/>
    <testCase name="Stepper 3 dropDown Value change stepper 1 then stepper 2 complete and next button then row click in select table data stepper 3 then finish " duration="446"/>
    <testCase name="Stepper 3 invoice detail api fail dropDown Value change stepper 1 then stepper 2 complete and next button" duration="121"/>
    <testCase name="Stepper 3 invoice detail api fail dropDown Value change stepper 1 then stepper 2 click on  back button" duration="169"/>
    <testCase name="Stepper 3 invoice detail api fail dropDown Value change stepper 1 then stepper 2 complete and next button then row click in select table data   stepper 3 then finish " duration="196"/>
    <testCase name="Stepper 3 fee api fail dropDown Value change stepper 1 then stepper 2 click on  back button" duration="151"/>
    <testCase name="Stepper 3 fee api fail dropDown Value change stepper 1 then stepper 2 complete and next button then row click in select table data   stepper 3 then finish " duration="177"/>
    <testCase name="Stepper 3 address api fail dropDown Value change stepper 1 then stepper 2 complete and next button" duration="268"/>
    <testCase name="Stepper 3 address api fail dropDown Value change stepper 1 then stepper 2 click on  back button" duration="330"/>
    <testCase name="Stepper 3 address api fail dropDown Value change stepper 1 then stepper 2 complete and next button then row click in select table data   stepper 3 then finish " duration="409"/>
    <testCase name="Stepper 3 country api fail dropDown Value change stepper 1 then stepper 2 complete and next button" duration="110"/>
    <testCase name="Stepper 3 country api fail dropDown Value change stepper 1 then stepper 2 click on  back button" duration="123"/>
    <testCase name="Stepper 3 country api fail dropDown Value change stepper 1 then stepper 2 complete and next button then row click in select table data   stepper 3 then finish " duration="137"/>
    <testCase name="New Invoice for Proforma  breadcumbs are working" duration="38"/>
    <testCase name="New Invoice for Proforma  dropDown Value change stepper 1" duration="2271"/>
    <testCase name="New Invoice for Miscellaneous  breadcumbs are working" duration="37"/>
    <testCase name="New Invoice for Miscellaneous  dropDown Value change stepper 1" duration="5166"/>
    <testCase name="Stepper for Credit Memo  1, 2 and 3  dropDown Value change stepper 1 then stepper 2 complete and next button for credit memo" duration="4945"/>
    <testCase name="final stepper final stepper" duration="5"/>
  </file>
</testExecutions>