<?xml version="1.0" encoding="UTF-8"?>
<testExecutions version="1">
  <file path="C:\Projects\New folder\Atlas-Payments-UI\src\layouts\views\InvoiceDetails\test\invoiceDetails.test.js">
    <testCase name="Invoice details tabs are working" duration="1553"/>
    <testCase name="Invoice details download clickable " duration="642"/>
    <testCase name="Invoice details approve invoice clickable " duration="380"/>
    <testCase name="Invoice details publish notes" duration="547"/>
    <testCase name="Invoice details download file" duration="455"/>
    <testCase name="Invoice details delete file" duration="506"/>
    <testCase name="Invoice details Navigate with breadcrumbs" duration="474"/>
    <testCase name="Invoice details Decline invoice click on cancel button" duration="411"/>
    <testCase name="Invoice details Decline invoice onchange textarea and click on decline button" duration="432"/>
    <testCase name="Api returns transaction type = 7 Render Invoice Details" duration="346"/>
    <testCase name="Invoice details decline api fail case handling Decline invoice onchange textarea click on decline button failed api" duration="589"/>
    <testCase name="void test cases on Apprroved tabs are working" duration="795"/>
    <testCase name="void test cases on Apprroved Upload Api Failed tabs are working" duration="884"/>
    <testCase name="void test cases on Apprroved Create Api Failed tabs are working" duration="839"/>
    <testCase name="void test cases on Apprroved Void Api Failed tabs are working" duration="517"/>
    <testCase name="void test cases on Apprroved and click on cancel tabs are working" duration="458"/>
    <testCase name="api fail tabs are working" duration="244"/>
    <testCase name="delete test cases on AR Reveiew on true  , and save invoice calander and po vaidehi ponum" duration="480"/>
    <testCase name="delete test cases on AR Reveiew on true  , and save invoice calander and po vaidehi invoice date" duration="346"/>
    <testCase name="delete test cases on AR Reveiew on true  , and save invoice calander and po tabs are working" duration="525"/>
    <testCase name="delete test cases on AR Reveiew on true  , and save invoice calander and po save invoice calander and po" duration="334"/>
    <testCase name="delete test cases on AR Reveiew click on cancel button tabs are working" duration="489"/>
    <testCase name="delete test cases on AR Reveiew on false tabs are working" duration="396"/>
    <testCase name="delete test cases on AR Reveiew on api fail tabs are working" duration="498"/>
    <testCase name="Invoice details auto approve checkbox click approve invoice clickable " duration="406"/>
    <testCase name="Invoice details auto approve checkbox click api fail approve invoice clickable " duration="462"/>
    <testCase name="Invoice details fee api fail tabs are working" duration="143"/>
    <testCase name="Invoice details invoice detail api fail tabs are working" duration="384"/>
    <testCase name="Invoice details lookup api fail tabs are working" duration="353"/>
    <testCase name="Invoice details countries api fail tabs are working" duration="172"/>
    <testCase name="Invoice details employeeBreakDown api fail download clickable " duration="605"/>
    <testCase name="Invoice details view change log click publish notes" duration="63"/>
    <testCase name="add payment button click test cases on Apprroved tabs are working" duration="301"/>
    <testCase name="delete employee on AR Review status api fail tabs are working" duration="582"/>
    <testCase name="delete employee on AR Review status tabs are working" duration="528"/>
    <testCase name="payment detail on partial paid tabs are working" duration="6347"/>
  </file>
</testExecutions>