<?xml version="1.0" encoding="UTF-8"?>
<testExecutions version="1">
  <file path="C:\Projects\New folder\Atlas-Payments-UI\src\layouts\views\BillsTable\test\BillsTable.test.js">
    <testCase name="Bills Table Render" duration="441"/>
  </file>
  <file path="C:\Projects\New folder\Atlas-Payments-UI\src\App.test.tsx">
    <testCase name="renders learn react link" duration="476"/>
  </file>
  <file path="C:\Projects\New folder\Atlas-Payments-UI\src\layouts\views\PaymentDetailPage\test\paymentDetailPage.test.js">
    <testCase name="Payment details page payment page breadcrumbs click" duration="1532"/>
    <testCase name="Payment details page lookup and subscription lookup api fail payment page" duration="194"/>
  </file>
  <file path="C:\Projects\New folder\Atlas-Payments-UI\src\layouts\views\InvoiceListing\test\invoices.test.js">
    <testCase name="client view Datepicker dropdowns clickoutside clickable" duration="1010"/>
    <testCase name="client view Datepicker dropdowns today clickable" duration="873"/>
    <testCase name="client view Datepicker dropdowns Yesterday clickable" duration="524"/>
    <testCase name="client view Datepicker dropdowns This Week clickable" duration="451"/>
    <testCase name="client view Datepicker dropdowns This Month clickable" duration="422"/>
    <testCase name="client view Datepicker dropdowns This Quarter clickable" duration="319"/>
    <testCase name="client view Datepicker dropdowns This Year clickable" duration="337"/>
    <testCase name="client view table row clickable" duration="236"/>
    <testCase name="client view Customer Type clickable" duration="162"/>
    <testCase name="client view Status clickable" duration="248"/>
    <testCase name="client view Type clickable" duration="297"/>
    <testCase name="client view Clear filters clickable" duration="385"/>
    <testCase name="checkbox and download checkbox and download are clickable in client view" duration="500"/>
    <testCase name="checkbox and download checkbox and download are clickable in internal view" duration="195"/>
    <testCase name="checkbox and download checkbox and download are clickable in client view and searched view" duration="342"/>
    <testCase name="Internal View Download click and checkbox Click table row clickable" duration="502"/>
    <testCase name="Internal View Download click for single invoice  api fail Click table row clickable" duration="442"/>
  </file>
  <file path="C:\Projects\New folder\Atlas-Payments-UI\src\layouts\views\CreditMemoSummary\Test\creditMemoSummary.test.js">
    <testCase name="Credit Memo Summary Render CM" duration="1538"/>
    <testCase name="Credit Memo Summary Render CM with status = 2" duration="2017"/>
    <testCase name="Credit Memo Summary Render CM =&gt; delete a summary" duration="908"/>
    <testCase name="Credit Memo Summary Render CM =&gt; edit a summary" duration="1082"/>
    <testCase name="Credit Memo Summary Render CM =&gt; edit a summary" duration="1009"/>
    <testCase name="Credit Memo Summary Render CM =&gt; edit a summary" duration="1084"/>
    <testCase name="Credit Memo Summary Product Service" duration="260"/>
    <testCase name="Credit Memo Summary Enter description" duration="337"/>
    <testCase name="Credit Memo Summary Service Country" duration="227"/>
    <testCase name="Credit Memo Summary Render CM =&gt; edit a summary" duration="1884"/>
    <testCase name="Notes fail Render CM" duration="179"/>
  </file>
  <file path="C:\Projects\New folder\Atlas-Payments-UI\src\layouts\views\InvoiceDetails\test\invoiceDetails.test.js">
    <testCase name="Invoice details tabs are working" duration="2226"/>
    <testCase name="Invoice details download clickable " duration="787"/>
    <testCase name="Invoice details approve invoice clickable " duration="336"/>
    <testCase name="Invoice details publish notes" duration="484"/>
    <testCase name="Invoice details download file" duration="547"/>
    <testCase name="Invoice details delete file" duration="422"/>
    <testCase name="Invoice details Navigate with breadcrumbs" duration="418"/>
    <testCase name="Invoice details Decline invoice click on cancel button" duration="385"/>
    <testCase name="Invoice details Decline invoice onchange textarea and click on decline button" duration="785"/>
    <testCase name="Api returns transaction type = 7 Render Invoice Details" duration="333"/>
    <testCase name="Invoice details decline api fail case handling Decline invoice onchange textarea click on decline button failed api" duration="351"/>
    <testCase name="void test cases on Apprroved tabs are working" duration="667"/>
    <testCase name="void test cases on Apprroved Upload Api Failed tabs are working" duration="797"/>
    <testCase name="void test cases on Apprroved Create Api Failed tabs are working" duration="469"/>
    <testCase name="void test cases on Apprroved Void Api Failed tabs are working" duration="403"/>
    <testCase name="void test cases on Apprroved and click on cancel tabs are working" duration="299"/>
    <testCase name="api fail tabs are working" duration="36"/>
    <testCase name="delete test cases on AR Reveiew on true  , and save invoice calander and po tabs are working" duration="667"/>
    <testCase name="delete test cases on AR Reveiew on true  , and save invoice calander and po save invoice calander and po" duration="227"/>
    <testCase name="delete test cases on AR Reveiew click on cancel button tabs are working" duration="253"/>
    <testCase name="delete test cases on AR Reveiew on false tabs are working" duration="231"/>
    <testCase name="delete test cases on AR Reveiew on api fail tabs are working" duration="323"/>
    <testCase name="Invoice details auto approve checkbox click approve invoice clickable " duration="231"/>
    <testCase name="Invoice details auto approve checkbox click api fail approve invoice clickable " duration="228"/>
    <testCase name="Invoice details fee api fail tabs are working" duration="36"/>
    <testCase name="Invoice details invoice detail api fail tabs are working" duration="207"/>
    <testCase name="Invoice details lookup api fail tabs are working" duration="162"/>
    <testCase name="Invoice details countries api fail tabs are working" duration="49"/>
    <testCase name="Invoice details employeeBreakDown api fail download clickable " duration="328"/>
    <testCase name="Invoice details view change log click publish notes" duration="22"/>
    <testCase name="add payment button click test cases on Apprroved tabs are working" duration="162"/>
  </file>
  <file path="C:\Projects\New folder\Atlas-Payments-UI\src\layouts\views\NewInvoice\test\index.test.js">
    <testCase name="New Invoice breadcumbs are working" duration="747"/>
    <testCase name="New Invoice dropDown Value change stepper 1" duration="794"/>
    <testCase name="step one getCustomerSubscription api fail  dropDown Value change" duration="196"/>
    <testCase name="step one getCOuntry api fail dropDown Value change" duration="347"/>
    <testCase name="Stepper 2 dropDown Value change stepper 1 then stepper 2 click on  back button" duration="751"/>
    <testCase name="Stepper 2 dropDown Value change stepper 1 then stepper 2 complete and next button then row click in select table data stepper 3 then finish " duration="1057"/>
    <testCase name="Stepper 2 show table click dropDown Value change stepper 1 then stepper 2 click on  " duration="475"/>
    <testCase name="Stepper 2 api fail dropDown Value change stepper 1 then stepper 2 complete and next button then row click in select table data   stepper 3 then finish " duration="464"/>
    <testCase name="Stepper 2 getEmployee exceptional error api fail   dropDown Value change stepper 1 then stepper 2 complete and next button then row click in select table data   stepper 3 then finish " duration="339"/>
    <testCase name="Stepper 2 getEmployee No Emplyee Error api fail   dropDown Value change stepper 1 then stepper 2 complete and next button then row click in select table data   stepper 3 then finish " duration="285"/>
    <testCase name="Stepper 3 dropDown Value change stepper 1 then stepper 2 complete and next button" duration="306"/>
    <testCase name="Stepper 3 dropDown Value change stepper 1 then stepper 2 click on  back button" duration="362"/>
    <testCase name="Stepper 3 dropDown Value change stepper 1 then stepper 2 complete and next button then row click in select table data stepper 3 then finish " duration="588"/>
    <testCase name="Stepper 3 invoice detail api fail dropDown Value change stepper 1 then stepper 2 complete and next button" duration="270"/>
    <testCase name="Stepper 3 invoice detail api fail dropDown Value change stepper 1 then stepper 2 click on  back button" duration="521"/>
    <testCase name="Stepper 3 invoice detail api fail dropDown Value change stepper 1 then stepper 2 complete and next button then row click in select table data   stepper 3 then finish " duration="642"/>
    <testCase name="Stepper 3 fee api fail dropDown Value change stepper 1 then stepper 2 click on  back button" duration="339"/>
    <testCase name="Stepper 3 fee api fail dropDown Value change stepper 1 then stepper 2 complete and next button then row click in select table data   stepper 3 then finish " duration="370"/>
    <testCase name="Stepper 3 address api fail dropDown Value change stepper 1 then stepper 2 complete and next button" duration="234"/>
    <testCase name="Stepper 3 address api fail dropDown Value change stepper 1 then stepper 2 click on  back button" duration="255"/>
    <testCase name="Stepper 3 address api fail dropDown Value change stepper 1 then stepper 2 complete and next button then row click in select table data   stepper 3 then finish " duration="532"/>
    <testCase name="Stepper 3 country api fail dropDown Value change stepper 1 then stepper 2 complete and next button" duration="219"/>
    <testCase name="Stepper 3 country api fail dropDown Value change stepper 1 then stepper 2 click on  back button" duration="243"/>
    <testCase name="Stepper 3 country api fail dropDown Value change stepper 1 then stepper 2 complete and next button then row click in select table data   stepper 3 then finish " duration="240"/>
    <testCase name="New Invoice for Proforma  breadcumbs are working" duration="56"/>
    <testCase name="New Invoice for Proforma  dropDown Value change stepper 1" duration="5777"/>
    <testCase name="step one Proforma getCustomer api fail  dropDown Value change" duration="56"/>
    <testCase name="New Invoice for Miscellaneous  breadcumbs are working" duration="73"/>
    <testCase name="New Invoice for Miscellaneous  dropDown Value change stepper 1" duration="9387"/>
    <testCase name="Stepper for Credit Memo  1, 2 and 3  dropDown Value change stepper 1 then stepper 2 complete and next button for credit memo" duration="8898"/>
    <testCase name="Stepper for Credit Memo  1, 2 and 3 api country fail  dropDown Value change stepper 1 then stepper 2 country api fail" duration="8817"/>
    <testCase name="Invoice preview Pop final stepper" duration="16"/>
    <testCase name="Invoice preview Pop Preview Invoice" duration="19"/>
    <testCase name="final stepper final stepper" duration="44"/>
    <testCase name="final stepper with 201 status code final stepper" duration="9"/>
  </file>
</testExecutions>