<?xml version="1.0" encoding="UTF-8"?>
<testExecutions version="1">
  <file path="C:\Projects\New folder\Atlas-Payments-UI\src\layouts\views\BillsTable\test\BillsTable.test.js">
    <testCase name="Bills Table Render" duration="372"/>
  </file>
  <file path="C:\Projects\New folder\Atlas-Payments-UI\src\App.test.tsx">
    <testCase name="renders learn react link" duration="653"/>
  </file>
  <file path="C:\Projects\New folder\Atlas-Payments-UI\src\layouts\views\Logs\test\logs.test.js">
    <testCase name="View Change Log View Change Log" duration="319"/>
    <testCase name="View Change Log View Change Log" duration="128"/>
    <testCase name="View Change Log View More" duration="47"/>
    <testCase name="View Change Log View Less" duration="120"/>
  </file>
  <file path="C:\Projects\New folder\Atlas-Payments-UI\src\layouts\views\InvoiceListing\test\invoices.test.js">
    <testCase name="client view Datepicker dropdowns clickoutside clickable" duration="1127"/>
    <testCase name="client view Datepicker dropdowns today clickable" duration="1033"/>
    <testCase name="client view Datepicker dropdowns Yesterday clickable" duration="712"/>
    <testCase name="client view Datepicker dropdowns This Week clickable" duration="605"/>
    <testCase name="client view Datepicker dropdowns This Month clickable" duration="531"/>
    <testCase name="client view Datepicker dropdowns This Quarter clickable" duration="347"/>
    <testCase name="client view Datepicker dropdowns This Year clickable" duration="470"/>
    <testCase name="client view table row clickable" duration="264"/>
    <testCase name="client view Customer Type clickable" duration="177"/>
    <testCase name="client view Status clickable" duration="348"/>
    <testCase name="client view Type clickable" duration="279"/>
    <testCase name="client view Clear filters clickable" duration="439"/>
    <testCase name="checkbox and download checkbox and download are clickable in client view" duration="496"/>
    <testCase name="checkbox and download checkbox and download are clickable in internal view" duration="217"/>
    <testCase name="checkbox and download checkbox and download are clickable in client view and searched view" duration="481"/>
    <testCase name="Internal View Download click and checkbox Click table row clickable" duration="630"/>
    <testCase name="Internal View Download click for single invoice  api fail Click table row clickable" duration="510"/>
  </file>
  <file path="C:\Projects\New folder\Atlas-Payments-UI\src\layouts\views\CreditMemoSummary\Test\creditMemoSummary.test.js">
    <testCase name="Credit Memo Summary Render CM" duration="1604"/>
    <testCase name="Credit Memo Summary Render CM with status = 2" duration="2078"/>
    <testCase name="Credit Memo Summary Render CM =&gt; delete a summary" duration="1351"/>
    <testCase name="Credit Memo Summary Render CM =&gt; edit a summary" duration="1391"/>
    <testCase name="Credit Memo Summary Render CM =&gt; edit a summary" duration="1157"/>
    <testCase name="Credit Memo Summary Render CM =&gt; edit a summary" duration="1390"/>
    <testCase name="Credit Memo Summary Product Service" duration="328"/>
    <testCase name="Credit Memo Summary Enter description" duration="368"/>
    <testCase name="Credit Memo Summary Service Country" duration="288"/>
    <testCase name="Credit Memo Summary Render CM =&gt; edit a summary" duration="1980"/>
    <testCase name="Notes fail Render CM" duration="263"/>
  </file>
  <file path="C:\Projects\New folder\Atlas-Payments-UI\src\layouts\views\PaymentDetailPage\test\paymentDetailPage.test.js">
    <testCase name="Payment details page multiple save multiple" duration="10981"/>
    <testCase name="Payment details page multiple payment page breadcrumbs click" duration="647"/>
    <testCase name="single paymwnt save single" duration="4930"/>
    <testCase name="Payment details page lookup and subscription lookup api fail payment page" duration="90"/>
  </file>
  <file path="C:\Projects\New folder\Atlas-Payments-UI\src\layouts\views\InvoiceDetails\test\invoiceDetails.test.js">
    <testCase name="Invoice details tabs are working" duration="2830"/>
    <testCase name="Invoice details download clickable " duration="1144"/>
    <testCase name="Invoice details approve invoice clickable " duration="453"/>
    <testCase name="Invoice details publish notes" duration="589"/>
    <testCase name="Invoice details download file" duration="617"/>
    <testCase name="Invoice details delete file" duration="462"/>
    <testCase name="Invoice details Navigate with breadcrumbs" duration="404"/>
    <testCase name="Invoice details Decline invoice click on cancel button" duration="460"/>
    <testCase name="Invoice details Decline invoice onchange textarea and click on decline button" duration="524"/>
    <testCase name="Api returns transaction type = 7 Render Invoice Details" duration="403"/>
    <testCase name="Invoice details decline api fail case handling Decline invoice onchange textarea click on decline button failed api" duration="488"/>
    <testCase name="void test cases on Apprroved tabs are working" duration="609"/>
    <testCase name="void test cases on Apprroved Upload Api Failed tabs are working" duration="1092"/>
    <testCase name="void test cases on Apprroved Create Api Failed tabs are working" duration="592"/>
    <testCase name="void test cases on Apprroved Void Api Failed tabs are working" duration="548"/>
    <testCase name="void test cases on Apprroved and click on cancel tabs are working" duration="515"/>
    <testCase name="api fail tabs are working" duration="93"/>
    <testCase name="delete test cases on AR Reveiew on true  , and save invoice calander and po vaidehi ponum" duration="635"/>
    <testCase name="delete test cases on AR Reveiew on true  , and save invoice calander and po vaidehi invoice date" duration="7718"/>
    <testCase name="delete test cases on AR Reveiew on true  , and save invoice calander and po tabs are working" duration="292"/>
    <testCase name="delete test cases on AR Reveiew on true  , and save invoice calander and po save invoice calander and po" duration="197"/>
    <testCase name="delete test cases on AR Reveiew click on cancel button tabs are working" duration="239"/>
    <testCase name="delete test cases on AR Reveiew on false tabs are working" duration="232"/>
    <testCase name="delete test cases on AR Reveiew on api fail tabs are working" duration="228"/>
    <testCase name="Invoice details auto approve checkbox click approve invoice clickable " duration="232"/>
    <testCase name="Invoice details auto approve checkbox click api fail approve invoice clickable " duration="233"/>
    <testCase name="Invoice details fee api fail tabs are working" duration="35"/>
    <testCase name="Invoice details invoice detail api fail tabs are working" duration="173"/>
    <testCase name="Invoice details lookup api fail tabs are working" duration="138"/>
    <testCase name="Invoice details countries api fail tabs are working" duration="29"/>
    <testCase name="Invoice details employeeBreakDown api fail download clickable " duration="288"/>
    <testCase name="Invoice details view change log click publish notes" duration="20"/>
    <testCase name="add payment button click test cases on Apprroved tabs are working" duration="150"/>
    <testCase name="delete employee on AR Review status api fail tabs are working" duration="283"/>
    <testCase name="delete employee on AR Review status tabs are working" duration="310"/>
  </file>
  <file path="C:\Projects\New folder\Atlas-Payments-UI\src\layouts\views\NewInvoice\test\index.test.js">
    <testCase name="New Invoice breadcumbs are working" duration="927"/>
    <testCase name="New Invoice dropDown Value change stepper 1" duration="797"/>
    <testCase name="step one getCustomerSubscription api fail  dropDown Value change" duration="244"/>
    <testCase name="step one getCOuntry api fail dropDown Value change" duration="426"/>
    <testCase name="Stepper 2 dropDown Value change stepper 1 then stepper 2 click on  back button" duration="1126"/>
    <testCase name="Stepper 2 dropDown Value change stepper 1 then stepper 2 complete and next button then row click in select table data stepper 3 then finish " duration="1230"/>
    <testCase name="Stepper 2 show table click dropDown Value change stepper 1 then stepper 2 click on  " duration="431"/>
    <testCase name="Stepper 2 api fail dropDown Value change stepper 1 then stepper 2 complete and next button then row click in select table data   stepper 3 then finish " duration="472"/>
    <testCase name="Stepper 2 getEmployee exceptional error api fail   dropDown Value change stepper 1 then stepper 2 complete and next button then row click in select table data   stepper 3 then finish " duration="390"/>
    <testCase name="Stepper 2 getEmployee No Emplyee Error api fail   dropDown Value change stepper 1 then stepper 2 complete and next button then row click in select table data   stepper 3 then finish " duration="413"/>
    <testCase name="Stepper 3 dropDown Value change stepper 1 then stepper 2 complete and next button" duration="422"/>
    <testCase name="Stepper 3 dropDown Value change stepper 1 then stepper 2 click on  back button" duration="439"/>
    <testCase name="Stepper 3 dropDown Value change stepper 1 then stepper 2 complete and next button then row click in select table data stepper 3 then finish " duration="673"/>
    <testCase name="Stepper 3 invoice detail api fail dropDown Value change stepper 1 then stepper 2 complete and next button" duration="385"/>
    <testCase name="Stepper 3 invoice detail api fail dropDown Value change stepper 1 then stepper 2 click on  back button" duration="699"/>
    <testCase name="Stepper 3 invoice detail api fail dropDown Value change stepper 1 then stepper 2 complete and next button then row click in select table data   stepper 3 then finish " duration="648"/>
    <testCase name="Stepper 3 fee api fail dropDown Value change stepper 1 then stepper 2 click on  back button" duration="473"/>
    <testCase name="Stepper 3 fee api fail dropDown Value change stepper 1 then stepper 2 complete and next button then row click in select table data   stepper 3 then finish " duration="546"/>
    <testCase name="Stepper 3 address api fail dropDown Value change stepper 1 then stepper 2 complete and next button" duration="370"/>
    <testCase name="Stepper 3 address api fail dropDown Value change stepper 1 then stepper 2 click on  back button" duration="597"/>
    <testCase name="Stepper 3 address api fail dropDown Value change stepper 1 then stepper 2 complete and next button then row click in select table data   stepper 3 then finish " duration="429"/>
    <testCase name="Stepper 3 country api fail dropDown Value change stepper 1 then stepper 2 complete and next button" duration="284"/>
    <testCase name="Stepper 3 country api fail dropDown Value change stepper 1 then stepper 2 click on  back button" duration="333"/>
    <testCase name="Stepper 3 country api fail dropDown Value change stepper 1 then stepper 2 complete and next button then row click in select table data   stepper 3 then finish " duration="300"/>
    <testCase name="New Invoice for Proforma  breadcumbs are working" duration="68"/>
    <testCase name="New Invoice for Proforma  dropDown Value change stepper 1" duration="6143"/>
    <testCase name="step one Proforma getCustomer api fail  dropDown Value change" duration="59"/>
    <testCase name="New Invoice for Miscellaneous  breadcumbs are working" duration="75"/>
    <testCase name="New Invoice for Miscellaneous  dropDown Value change stepper 1" duration="10874"/>
    <testCase name="Stepper for Credit Memo  1, 2 and 3  dropDown Value change stepper 1 then stepper 2 complete and next button for credit memo" duration="8484"/>
    <testCase name="Stepper for Credit Memo  1, 2 and 3 api country fail  dropDown Value change stepper 1 then stepper 2 country api fail" duration="8645"/>
    <testCase name="Invoice preview Pop final stepper" duration="9"/>
    <testCase name="Invoice preview Pop Preview Invoice" duration="15"/>
    <testCase name="final stepper final stepper" duration="6"/>
    <testCase name="final stepper with 201 status code final stepper" duration="5"/>
  </file>
</testExecutions>