<?xml version="1.0" encoding="UTF-8"?>
<testExecutions version="1">
  <file path="C:\Projects\New folder\Atlas-Payments-UI\src\layouts\views\BillsTable\test\BillsTable.test.js">
    <testCase name="Bills Table Render" duration="659"/>
  </file>
  <file path="C:\Projects\New folder\Atlas-Payments-UI\src\App.test.tsx">
    <testCase name="renders learn react link" duration="638"/>
  </file>
  <file path="C:\Projects\New folder\Atlas-Payments-UI\src\layouts\views\InvoiceListing\test\invoices.test.js">
    <testCase name="client view Datepicker dropdowns clickoutside clickable" duration="1364"/>
    <testCase name="client view Datepicker dropdowns today clickable" duration="594"/>
    <testCase name="client view Datepicker dropdowns Yesterday clickable" duration="442"/>
    <testCase name="client view Datepicker dropdowns This Week clickable" duration="466"/>
    <testCase name="client view Datepicker dropdowns This Month clickable" duration="388"/>
    <testCase name="client view Datepicker dropdowns This Quarter clickable" duration="334"/>
    <testCase name="client view Datepicker dropdowns This Year clickable" duration="290"/>
    <testCase name="client view table row clickable" duration="263"/>
    <testCase name="client view Status clickable" duration="334"/>
    <testCase name="client view Type clickable" duration="392"/>
    <testCase name="client view Clear filters clickable" duration="454"/>
    <testCase name="client view search" duration="318"/>
    <testCase name="checkbox and download checkbox and download are clickable in client view" duration="685"/>
    <testCase name="checkbox and download checkbox and download are clickable in internal view" duration="279"/>
    <testCase name="checkbox and download checkbox and download are clickable in client view and searched view" duration="518"/>
    <testCase name="Internal View Download click and checkbox Click table row clickable" duration="704"/>
    <testCase name="Internal View Download click for single invoice  api fail Click table row clickable" duration="593"/>
  </file>
  <file path="C:\Projects\New folder\Atlas-Payments-UI\src\layouts\views\CreditMemoSummary\Test\creditMemoSummary.test.js">
    <testCase name="Credit Memo Summary Render CM" duration="1660"/>
    <testCase name="Credit Memo Summary Render CM with status = 2" duration="2211"/>
    <testCase name="Credit Memo Summary Render CM =&gt; delete a summary" duration="1159"/>
    <testCase name="Credit Memo Summary Render CM =&gt; edit a summary" duration="1530"/>
    <testCase name="Credit Memo Summary Render CM =&gt; edit a summary" duration="1351"/>
    <testCase name="Credit Memo Summary Render CM =&gt; edit a summary" duration="1294"/>
    <testCase name="Credit Memo Summary Render CM =&gt; edit a summary" duration="2197"/>
    <testCase name="Notes fail Render CM" duration="525"/>
  </file>
  <file path="C:\Projects\New folder\Atlas-Payments-UI\src\layouts\views\InvoiceDetails\test\invoiceDetails.test.js">
    <testCase name="Invoice details tabs are working" duration="2213"/>
    <testCase name="Invoice details download clickable " duration="1119"/>
    <testCase name="Invoice details approve invoice clickable " duration="551"/>
    <testCase name="Invoice details publish notes" duration="955"/>
    <testCase name="Invoice details download file" duration="694"/>
    <testCase name="Invoice details delete file" duration="761"/>
    <testCase name="Invoice details Navigate with breadcrumbs" duration="407"/>
    <testCase name="Invoice details Decline invoice click on cancel button" duration="386"/>
    <testCase name="Invoice details Decline invoice onchange textarea and click on decline button" duration="346"/>
    <testCase name="Api returns transaction type = 7 Render Invoice Details" duration="244"/>
    <testCase name="Invoice details decline api fail case handling Decline invoice onchange textarea click on decline button failed api" duration="343"/>
    <testCase name="void test cases on Apprroved tabs are working" duration="375"/>
    <testCase name="void test cases on Apprroved Upload Api Failed tabs are working" duration="395"/>
    <testCase name="void test cases on Apprroved Create Api Failed tabs are working" duration="403"/>
    <testCase name="void test cases on Apprroved Void Api Failed tabs are working" duration="363"/>
    <testCase name="void test cases on Apprroved and click on cancel tabs are working" duration="351"/>
    <testCase name="api fail tabs are working" duration="44"/>
    <testCase name="delete test cases on AR Reveiew on true tabs are working" duration="301"/>
    <testCase name="delete test cases on AR Reveiew click on cancel button tabs are working" duration="270"/>
    <testCase name="delete test cases on AR Reveiew on false tabs are working" duration="262"/>
    <testCase name="delete test cases on AR Reveiew on api fail tabs are working" duration="283"/>
    <testCase name="Invoice details auto approve checkbox click approve invoice clickable " duration="234"/>
    <testCase name="Invoice details auto approve checkbox click api fail approve invoice clickable " duration="276"/>
    <testCase name="Invoice details fee api fail tabs are working" duration="51"/>
    <testCase name="Invoice details invoice detail api fail tabs are working" duration="32"/>
    <testCase name="Invoice details lookup api fail tabs are working" duration="27"/>
    <testCase name="Invoice details countries api fail tabs are working" duration="18"/>
    <testCase name="Invoice details employeeBreakDown api fail download clickable " duration="442"/>
  </file>
  <file path="C:\Projects\New folder\Atlas-Payments-UI\src\layouts\views\NewInvoice\test\index.test.js">
    <testCase name="New Invoice breadcumbs are working" duration="753"/>
    <testCase name="New Invoice dropDown Value change stepper 1" duration="1269"/>
    <testCase name="step one getCustomerSubscription api fail  dropDown Value change" duration="319"/>
    <testCase name="step one getCOuntry api fail dropDown Value change" duration="458"/>
    <testCase name="Stepper 2 dropDown Value change stepper 1 then stepper 2 click on  back button" duration="827"/>
    <testCase name="Stepper 2 dropDown Value change stepper 1 then stepper 2 complete and next button then row click in select table data stepper 3 then finish " duration="853"/>
    <testCase name="Stepper 2 show table click dropDown Value change stepper 1 then stepper 2 click on  " duration="348"/>
    <testCase name="Stepper 2 api fail dropDown Value change stepper 1 then stepper 2 complete and next button then row click in select table data   stepper 3 then finish " duration="379"/>
    <testCase name="Stepper 2 getEmployee exceptional error api fail   dropDown Value change stepper 1 then stepper 2 complete and next button then row click in select table data   stepper 3 then finish " duration="322"/>
    <testCase name="Stepper 2 getEmployee No Emplyee Error api fail   dropDown Value change stepper 1 then stepper 2 complete and next button then row click in select table data   stepper 3 then finish " duration="269"/>
    <testCase name="Stepper 3 dropDown Value change stepper 1 then stepper 2 complete and next button" duration="268"/>
    <testCase name="Stepper 3 dropDown Value change stepper 1 then stepper 2 click on  back button" duration="352"/>
    <testCase name="Stepper 3 dropDown Value change stepper 1 then stepper 2 complete and next button then row click in select table data stepper 3 then finish " duration="496"/>
    <testCase name="Stepper 3 invoice detail api fail dropDown Value change stepper 1 then stepper 2 complete and next button" duration="248"/>
    <testCase name="Stepper 3 invoice detail api fail dropDown Value change stepper 1 then stepper 2 click on  back button" duration="337"/>
    <testCase name="Stepper 3 invoice detail api fail dropDown Value change stepper 1 then stepper 2 complete and next button then row click in select table data   stepper 3 then finish " duration="348"/>
    <testCase name="Stepper 3 fee api fail dropDown Value change stepper 1 then stepper 2 click on  back button" duration="337"/>
    <testCase name="Stepper 3 fee api fail dropDown Value change stepper 1 then stepper 2 complete and next button then row click in select table data   stepper 3 then finish " duration="521"/>
    <testCase name="Stepper 3 address api fail dropDown Value change stepper 1 then stepper 2 complete and next button" duration="321"/>
    <testCase name="Stepper 3 address api fail dropDown Value change stepper 1 then stepper 2 click on  back button" duration="628"/>
    <testCase name="Stepper 3 address api fail dropDown Value change stepper 1 then stepper 2 complete and next button then row click in select table data   stepper 3 then finish " duration="652"/>
    <testCase name="Stepper 3 country api fail dropDown Value change stepper 1 then stepper 2 complete and next button" duration="277"/>
    <testCase name="Stepper 3 country api fail dropDown Value change stepper 1 then stepper 2 click on  back button" duration="289"/>
    <testCase name="Stepper 3 country api fail dropDown Value change stepper 1 then stepper 2 complete and next button then row click in select table data   stepper 3 then finish " duration="286"/>
    <testCase name="New Invoice for Proforma  breadcumbs are working" duration="46"/>
    <testCase name="New Invoice for Proforma  dropDown Value change stepper 1" duration="5384"/>
    <testCase name="step one Proforma getCustomer api fail  dropDown Value change" duration="47"/>
    <testCase name="New Invoice for Miscellaneous  breadcumbs are working" duration="53"/>
    <testCase name="New Invoice for Miscellaneous  dropDown Value change stepper 1" duration="11874"/>
    <testCase name="Stepper for Credit Memo  1, 2 and 3  dropDown Value change stepper 1 then stepper 2 complete and next button for credit memo" duration="11637"/>
    <testCase name="final stepper final stepper" duration="13"/>
  </file>
</testExecutions>