<?xml version="1.0" encoding="UTF-8"?>
<testExecutions version="1">
  <file path="C:\Projects\New folder\Atlas-Payments-UI\src\layouts\views\BillsTable\test\BillsTable.test.js">
    <testCase name="Bills Table Render" duration="403"/>
  </file>
  <file path="C:\Projects\New folder\Atlas-Payments-UI\src\layouts\views\CreditMemoSummary\Test\creditMemoSummary.test.js">
    <testCase name="Credit Memo Summary Render CM" duration="647"/>
    <testCase name="Notes fail Render CM" duration="233"/>
  </file>
  <file path="C:\Projects\New folder\Atlas-Payments-UI\src\App.test.tsx">
    <testCase name="renders learn react link" duration="385"/>
  </file>
  <file path="C:\Projects\New folder\Atlas-Payments-UI\src\layouts\views\InvoiceListing\test\invoices.test.js">
    <testCase name="client view Datepicker dropdowns clickoutside clickable" duration="643"/>
    <testCase name="client view Datepicker dropdowns today clickable" duration="330"/>
    <testCase name="client view Datepicker dropdowns Yesterday clickable" duration="255"/>
    <testCase name="client view Datepicker dropdowns This Week clickable" duration="169"/>
    <testCase name="client view Datepicker dropdowns This Month clickable" duration="195"/>
    <testCase name="client view Datepicker dropdowns This Quarter clickable" duration="171"/>
    <testCase name="client view Datepicker dropdowns This Year clickable" duration="220"/>
    <testCase name="client view table row clickable" duration="148"/>
    <testCase name="client view Status clickable" duration="151"/>
    <testCase name="client view Type clickable" duration="218"/>
    <testCase name="client view Clear filters clickable" duration="289"/>
    <testCase name="client view search" duration="220"/>
    <testCase name="checkbox and download checkbox and download are clickable in client view" duration="325"/>
    <testCase name="checkbox and download checkbox and download are clickable in internal view" duration="102"/>
    <testCase name="checkbox and download checkbox and download are clickable in client view and searched view" duration="275"/>
    <testCase name="Internal View Download click and checkbox Click table row clickable" duration="252"/>
    <testCase name="Internal View Download click for single invoice  api fail Click table row clickable" duration="249"/>
  </file>
  <file path="C:\Projects\New folder\Atlas-Payments-UI\src\layouts\views\NewInvoice\test\index.test.js">
    <testCase name="New Invoice breadcumbs are working" duration="337"/>
    <testCase name="New Invoice dropDown Value change stepper 1" duration="533"/>
    <testCase name="step one getCustomer api fail  dropDown Value change" duration="82"/>
    <testCase name="step one getCOuntry api fail dropDown Value change" duration="133"/>
    <testCase name="Stepper 2 dropDown Value change stepper 1 then stepper 2 complete and next button" duration="314"/>
    <testCase name="Stepper 2 dropDown Value change stepper 1 then stepper 2 click on  back button" duration="411"/>
    <testCase name="Stepper 2 dropDown Value change stepper 1 then stepper 2 complete and next button then row click in select table data stepper 3 then finish " duration="921"/>
    <testCase name="Stepper 2 show table click dropDown Value change stepper 1 then stepper 2 click on  " duration="262"/>
    <testCase name="Stepper 2 api fail dropDown Value change stepper 1 then stepper 2 complete and next button then row click in select table data   stepper 3 then finish " duration="311"/>
    <testCase name="Stepper 3 dropDown Value change stepper 1 then stepper 2 complete and next button" duration="194"/>
    <testCase name="Stepper 3 dropDown Value change stepper 1 then stepper 2 click on  back button" duration="248"/>
    <testCase name="Stepper 3 dropDown Value change stepper 1 then stepper 2 complete and next button then row click in select table data stepper 3 then finish " duration="527"/>
    <testCase name="Stepper 3 invoice detail api fail dropDown Value change stepper 1 then stepper 2 complete and next button" duration="246"/>
    <testCase name="Stepper 3 invoice detail api fail dropDown Value change stepper 1 then stepper 2 click on  back button" duration="291"/>
    <testCase name="Stepper 3 invoice detail api fail dropDown Value change stepper 1 then stepper 2 complete and next button then row click in select table data   stepper 3 then finish " duration="368"/>
    <testCase name="Stepper 3 fee api fail dropDown Value change stepper 1 then stepper 2 click on  back button" duration="295"/>
    <testCase name="Stepper 3 fee api fail dropDown Value change stepper 1 then stepper 2 complete and next button then row click in select table data   stepper 3 then finish " duration="192"/>
    <testCase name="Stepper 3 address api fail dropDown Value change stepper 1 then stepper 2 complete and next button" duration="146"/>
    <testCase name="Stepper 3 address api fail dropDown Value change stepper 1 then stepper 2 click on  back button" duration="178"/>
    <testCase name="Stepper 3 address api fail dropDown Value change stepper 1 then stepper 2 complete and next button then row click in select table data   stepper 3 then finish " duration="178"/>
    <testCase name="Stepper 3 country api fail dropDown Value change stepper 1 then stepper 2 complete and next button" duration="115"/>
    <testCase name="Stepper 3 country api fail dropDown Value change stepper 1 then stepper 2 click on  back button" duration="142"/>
    <testCase name="Stepper 3 country api fail dropDown Value change stepper 1 then stepper 2 complete and next button then row click in select table data   stepper 3 then finish " duration="167"/>
  </file>
  <file path="C:\Projects\New folder\Atlas-Payments-UI\src\layouts\views\InvoiceDetails\test\invoiceDetails.test.js">
    <testCase name="Invoice details tabs are working" duration="915"/>
    <testCase name="Invoice details download clickable " duration="592"/>
    <testCase name="Invoice details approve invoice clickable " duration="252"/>
    <testCase name="Invoice details publish notes" duration="300"/>
    <testCase name="Invoice details download file" duration="349"/>
    <testCase name="Invoice details delete file" duration="265"/>
    <testCase name="Invoice details Navigate with breadcrumbs" duration="130"/>
    <testCase name="Invoice details Decline invoice click on cancel button" duration="123"/>
    <testCase name="Invoice details Decline invoice onchange textarea and click on decline button" duration="163"/>
    <testCase name="Api returns transaction type = 7 Render Invoice Details" duration="118"/>
    <testCase name="Invoice details decline api fail case handling Decline invoice onchange textarea click on decline button failed api" duration="130"/>
    <testCase name="void test cases on Apprroved tabs are working" duration="183"/>
    <testCase name="void test cases on Apprroved Upload Api Failed tabs are working" duration="175"/>
    <testCase name="void test cases on Apprroved Create Api Failed tabs are working" duration="186"/>
    <testCase name="void test cases on Apprroved Void Api Failed tabs are working" duration="164"/>
    <testCase name="void test cases on Apprroved and click on cancel tabs are working" duration="155"/>
    <testCase name="api fail tabs are working" duration="22"/>
    <testCase name="delete test cases on AR Reveiew on true tabs are working" duration="159"/>
    <testCase name="delete test cases on AR Reveiew click on cancel button tabs are working" duration="150"/>
    <testCase name="delete test cases on AR Reveiew on false tabs are working" duration="223"/>
    <testCase name="delete test cases on AR Reveiew on api fail tabs are working" duration="269"/>
    <testCase name="Invoice details auto approve checkbox click approve invoice clickable " duration="212"/>
    <testCase name="Invoice details auto approve checkbox click api fail approve invoice clickable " duration="186"/>
    <testCase name="Invoice details fee api fail tabs are working" duration="32"/>
    <testCase name="Invoice details invoice detail api fail tabs are working" duration="29"/>
    <testCase name="Invoice details lookup api fail tabs are working" duration="19"/>
    <testCase name="Invoice details countries api fail tabs are working" duration="18"/>
    <testCase name="Invoice details employeeBreakDown api fail download clickable " duration="241"/>
  </file>
</testExecutions>