<?xml version="1.0" encoding="UTF-8"?>
<testExecutions version="1">
  <file path="C:\Projects\New folder\Atlas-Payments-UI\src\layouts\views\BillsTable\test\BillsTable.test.js">
    <testCase name="Bills Table Render" duration="398"/>
  </file>
  <file path="C:\Projects\New folder\Atlas-Payments-UI\src\layouts\views\CreditMemoSummary\Test\creditMemoSummary.test.js">
    <testCase name="Credit Memo Summary Render CM" duration="641"/>
    <testCase name="Notes fail Render CM" duration="189"/>
  </file>
  <file path="C:\Projects\New folder\Atlas-Payments-UI\src\App.test.tsx">
    <testCase name="renders learn react link" duration="327"/>
  </file>
  <file path="C:\Projects\New folder\Atlas-Payments-UI\src\layouts\views\InvoiceListing\test\invoices.test.js">
    <testCase name="client view Datepicker dropdowns clickoutside clickable" duration="876"/>
    <testCase name="client view Datepicker dropdowns today clickable" duration="326"/>
    <testCase name="client view Datepicker dropdowns Yesterday clickable" duration="258"/>
    <testCase name="client view Datepicker dropdowns This Week clickable" duration="184"/>
    <testCase name="client view Datepicker dropdowns This Month clickable" duration="174"/>
    <testCase name="client view Datepicker dropdowns This Quarter clickable" duration="164"/>
    <testCase name="client view Datepicker dropdowns This Year clickable" duration="152"/>
    <testCase name="client view table row clickable" duration="115"/>
    <testCase name="client view Status clickable" duration="154"/>
    <testCase name="client view Type clickable" duration="134"/>
    <testCase name="client view Clear filters clickable" duration="210"/>
    <testCase name="client view search" duration="162"/>
    <testCase name="checkbox and download checkbox and download are clickable in client view" duration="292"/>
    <testCase name="checkbox and download checkbox and download are clickable in internal view" duration="106"/>
    <testCase name="checkbox and download checkbox and download are clickable in client view and searched view" duration="264"/>
    <testCase name="Internal View Download click and checkbox Click table row clickable" duration="337"/>
    <testCase name="Internal View Download click for single invoice  api fail Click table row clickable" duration="299"/>
  </file>
  <file path="C:\Projects\New folder\Atlas-Payments-UI\src\layouts\views\InvoiceDetails\test\invoiceDetails.test.js">
    <testCase name="Invoice details tabs are working" duration="1422"/>
    <testCase name="Invoice details download clickable " duration="356"/>
    <testCase name="Invoice details approve invoice clickable " duration="230"/>
    <testCase name="Invoice details publish notes" duration="261"/>
    <testCase name="Invoice details download file" duration="291"/>
    <testCase name="Invoice details delete file" duration="208"/>
    <testCase name="Invoice details Navigate with breadcrumbs" duration="175"/>
    <testCase name="Invoice details Decline invoice click on cancel button" duration="178"/>
    <testCase name="Invoice details Decline invoice onchange textarea and click on decline button" duration="214"/>
    <testCase name="Api returns transaction type = 7 Render Invoice Details" duration="173"/>
    <testCase name="Invoice details decline api fail case handling Decline invoice onchange textarea click on decline button failed api" duration="247"/>
    <testCase name="void test cases on Apprroved tabs are working" duration="352"/>
    <testCase name="void test cases on Apprroved Upload Api Failed tabs are working" duration="550"/>
    <testCase name="void test cases on Apprroved Create Api Failed tabs are working" duration="657"/>
    <testCase name="void test cases on Apprroved Void Api Failed tabs are working" duration="514"/>
    <testCase name="void test cases on Apprroved and click on cancel tabs are working" duration="186"/>
    <testCase name="api fail tabs are working" duration="34"/>
    <testCase name="delete test cases on AR Reveiew on true tabs are working" duration="166"/>
    <testCase name="delete test cases on AR Reveiew click on cancel button tabs are working" duration="147"/>
    <testCase name="delete test cases on AR Reveiew on false tabs are working" duration="103"/>
    <testCase name="delete test cases on AR Reveiew on api fail tabs are working" duration="147"/>
    <testCase name="Invoice details auto approve checkbox click approve invoice clickable " duration="142"/>
    <testCase name="Invoice details auto approve checkbox click api fail approve invoice clickable " duration="117"/>
  </file>
  <file path="C:\Projects\New folder\Atlas-Payments-UI\src\layouts\views\NewInvoice\test\index.test.js">
    <testCase name="New Invoice breadcumbs are working" duration="274"/>
    <testCase name="New Invoice dropDown Value change stepper 1" duration="410"/>
    <testCase name="step one getCustomer api fail  dropDown Value change" duration="99"/>
    <testCase name="step one getCOuntry api fail dropDown Value change" duration="145"/>
    <testCase name="Stepper 2 dropDown Value change stepper 1 then stepper 2 complete and next button" duration="423"/>
    <testCase name="Stepper 2 dropDown Value change stepper 1 then stepper 2 click on  back button" duration="817"/>
    <testCase name="Stepper 2 dropDown Value change stepper 1 then stepper 2 complete and next button then row click in select table data stepper 3 then finish " duration="1016"/>
    <testCase name="Stepper 2 show table click dropDown Value change stepper 1 then stepper 2 click on  " duration="242"/>
    <testCase name="Stepper 2 api fail dropDown Value change stepper 1 then stepper 2 complete and next button then row click in select table data   stepper 3 then finish " duration="249"/>
    <testCase name="Stepper 3 dropDown Value change stepper 1 then stepper 2 complete and next button" duration="200"/>
    <testCase name="Stepper 3 dropDown Value change stepper 1 then stepper 2 click on  back button" duration="217"/>
    <testCase name="Stepper 3 dropDown Value change stepper 1 then stepper 2 complete and next button then row click in select table data stepper 3 then finish " duration="763"/>
    <testCase name="Stepper 3 invoice detail api fail dropDown Value change stepper 1 then stepper 2 complete and next button" duration="173"/>
    <testCase name="Stepper 3 invoice detail api fail dropDown Value change stepper 1 then stepper 2 click on  back button" duration="152"/>
    <testCase name="Stepper 3 invoice detail api fail dropDown Value change stepper 1 then stepper 2 complete and next button then row click in select table data   stepper 3 then finish " duration="170"/>
    <testCase name="Stepper 3 fee api fail dropDown Value change stepper 1 then stepper 2 click on  back button" duration="166"/>
    <testCase name="Stepper 3 fee api fail dropDown Value change stepper 1 then stepper 2 complete and next button then row click in select table data   stepper 3 then finish " duration="178"/>
    <testCase name="Stepper 3 address api fail dropDown Value change stepper 1 then stepper 2 complete and next button" duration="147"/>
    <testCase name="Stepper 3 address api fail dropDown Value change stepper 1 then stepper 2 click on  back button" duration="157"/>
    <testCase name="Stepper 3 address api fail dropDown Value change stepper 1 then stepper 2 complete and next button then row click in select table data   stepper 3 then finish " duration="166"/>
    <testCase name="Stepper 3 country api fail dropDown Value change stepper 1 then stepper 2 complete and next button" duration="104"/>
    <testCase name="Stepper 3 country api fail dropDown Value change stepper 1 then stepper 2 click on  back button" duration="146"/>
    <testCase name="Stepper 3 country api fail dropDown Value change stepper 1 then stepper 2 complete and next button then row click in select table data   stepper 3 then finish " duration="162"/>
  </file>
</testExecutions>