<?xml version="1.0" encoding="UTF-8"?>
<testExecutions version="1">
  <file path="C:\Projects\Atlas-Payments-UI\src\App.test.tsx">
    <testCase name="renders learn react link" duration="74"/>
  </file>
  <file path="C:\Projects\Atlas-Payments-UI\src\layouts\views\InvoiceDetails\test\invoiceDetails.test.js">
    <testCase name="Invoice details tabs are working" duration="306"/>
  </file>
  <file path="C:\Projects\Atlas-Payments-UI\src\layouts\views\InvoiceListing\test\invoices.test.js">
    <testCase name="client view Datepicker dropdowns today clickable" duration="844"/>
    <testCase name="client view Datepicker dropdowns Yesterday clickable" duration="142"/>
    <testCase name="client view Datepicker dropdowns This Week clickable" duration="115"/>
    <testCase name="client view Datepicker dropdowns This Month clickable" duration="166"/>
    <testCase name="client view Datepicker dropdowns This Quarter clickable" duration="93"/>
    <testCase name="client view Datepicker dropdowns This Year clickable" duration="88"/>
    <testCase name="client view table row clickable" duration="82"/>
    <testCase name="client view Status clickable" duration="86"/>
    <testCase name="client view Type clickable" duration="89"/>
    <testCase name="client view Clear filters clickable" duration="146"/>
    <testCase name="hard test" duration="154"/>
    <testCase name="renders without crashing" duration="6"/>
    <testCase name="Client View" duration="20"/>
    <testCase name="Internal View" duration="16"/>
    <testCase name="Enter token client" duration="28"/>
  </file>
</testExecutions>