<?xml version="1.0" encoding="UTF-8"?>
<testExecutions version="1">
  <file path="C:\Projects\New folder\Atlas-Payments-UI\src\components\Notes\test\notes.test.js">
    <testCase name="Credit Memo Summary Render Notes" duration="433"/>
    <testCase name="Notes fail Render CM" duration="314"/>
  </file>
</testExecutions>