<?xml version="1.0" encoding="UTF-8"?>
<testExecutions version="1">
  <file path="/home/expandimo/Documents/atlas-pay-invoices/Atlas-Payments-UI/src/layouts/views/BillsTable/test/BillsTable.test.js">
    <testCase name="Bills Table Render" duration="172"/>
  </file>
  <file path="/home/expandimo/Documents/atlas-pay-invoices/Atlas-Payments-UI/src/App.test.tsx">
    <testCase name="renders learn react link" duration="134"/>
  </file>
  <file path="/home/expandimo/Documents/atlas-pay-invoices/Atlas-Payments-UI/src/layouts/views/NewInvoice/test/index.test.js">
    <testCase name="New Invoice breadcumbs are working" duration="133"/>
    <testCase name="New Invoice dropDown Value change stepper 1" duration="238"/>
    <testCase name="step one getCustomer api fail  dropDown Value change" duration="92"/>
    <testCase name="step one getCOuntry api fail dropDown Value change" duration="73"/>
    <testCase name="Stepper 2 dropDown Value change stepper 1 then stepper 2 complete and next button" duration="206"/>
    <testCase name="Stepper 2 dropDown Value change stepper 1 then stepper 2 click on  back button" duration="171"/>
    <testCase name="Stepper 2 show table click dropDown Value change stepper 1 then stepper 2 click on  " duration="145"/>
  </file>
  <file path="/home/expandimo/Documents/atlas-pay-invoices/Atlas-Payments-UI/src/layouts/views/InvoiceListing/test/invoices.test.js">
    <testCase name="client view Datepicker dropdowns clickoutside clickable" duration="297"/>
    <testCase name="client view Datepicker dropdowns today clickable" duration="128"/>
    <testCase name="client view Datepicker dropdowns Yesterday clickable" duration="95"/>
    <testCase name="client view Datepicker dropdowns This Week clickable" duration="74"/>
    <testCase name="client view Datepicker dropdowns This Month clickable" duration="77"/>
    <testCase name="client view Datepicker dropdowns This Quarter clickable" duration="64"/>
    <testCase name="client view Datepicker dropdowns This Year clickable" duration="63"/>
    <testCase name="client view table row clickable" duration="51"/>
    <testCase name="client view Status clickable" duration="53"/>
    <testCase name="client view Type clickable" duration="80"/>
    <testCase name="client view Clear filters clickable" duration="90"/>
    <testCase name="client view search" duration="59"/>
    <testCase name="checkbox and download checkbox and download are clickable in client view" duration="161"/>
    <testCase name="checkbox and download checkbox and download are clickable in internal view" duration="60"/>
    <testCase name="checkbox and download checkbox and download are clickable in client view and searched view" duration="114"/>
    <testCase name="Internal View Download click and checkbox Click table row clickable" duration="155"/>
    <testCase name="Internal View Download click for single invoice  api fail Click table row clickable" duration="130"/>
  </file>
  <file path="/home/expandimo/Documents/atlas-pay-invoices/Atlas-Payments-UI/src/layouts/views/InvoiceDetails/test/invoiceDetails.test.js">
    <testCase name="Invoice details tabs are working" duration="561"/>
    <testCase name="Invoice details download clickable " duration="224"/>
    <testCase name="Invoice details approve invoice clickable " duration="116"/>
    <testCase name="Invoice details publish notes" duration="131"/>
    <testCase name="Invoice details download file" duration="108"/>
    <testCase name="Invoice details delete file" duration="96"/>
    <testCase name="Invoice details Navigate with breadcrumbs" duration="83"/>
    <testCase name="Invoice details Decline invoice click on cancel button" duration="85"/>
    <testCase name="Invoice details Decline invoice onchange textarea and click on decline button" duration="131"/>
    <testCase name="Api returns transaction type = 7 Render Invoice Details" duration="53"/>
    <testCase name="Invoice details decline api fail case handling Decline invoice onchange textarea click on decline button failed api" duration="102"/>
    <testCase name="void test cases on Apprroved tabs are working" duration="135"/>
    <testCase name="void test cases on Apprroved Upload Api Failed tabs are working" duration="141"/>
    <testCase name="void test cases on Apprroved Create Api Failed tabs are working" duration="123"/>
    <testCase name="void test cases on Apprroved Void Api Failed tabs are working" duration="113"/>
    <testCase name="void test cases on Apprroved and click on cancel tabs are working" duration="95"/>
    <testCase name="api fail tabs are working" duration="12"/>
    <testCase name="delete test cases on AR Reveiew on true tabs are working" duration="76"/>
    <testCase name="delete test cases on AR Reveiew click on cancel button tabs are working" duration="63"/>
    <testCase name="delete test cases on AR Reveiew on false tabs are working" duration="66"/>
    <testCase name="delete test cases on AR Reveiew on api fail tabs are working" duration="96"/>
    <testCase name="Invoice details auto approve checkbox click approve invoice clickable " duration="80"/>
    <testCase name="Invoice details auto approve checkbox click api fail approve invoice clickable " duration="75"/>
  </file>
</testExecutions>