<?xml version="1.0" encoding="UTF-8"?>
<testExecutions version="1">
  <file path="C:\Projects\Atlas-Payments-UI\src\App.test.tsx">
    <testCase name="renders learn react link" duration="420"/>
  </file>
  <file path="C:\Projects\Atlas-Payments-UI\src\layouts\views\InvoiceDetails\test\invoiceDetails.test.js">
    <testCase name="invoice details renders without crashing" duration="153"/>
    <testCase name="tabs are working" duration="565"/>
    <testCase name="Dropdown opens" duration="135"/>
  </file>
  <file path="C:\Projects\Atlas-Payments-UI\src\layouts\views\Invoices\test\invoices.test.js">
    <testCase name="renders without crashing" duration="92"/>
    <testCase name="Should render dropdowns" duration="347"/>
    <testCase name="Should render table" duration="93"/>
    <testCase name="Dropdown should open" duration="36"/>
    <testCase name="Datepicker dropwdown working" duration="89"/>
    <testCase name="Types  dropwdown working" duration="125"/>
    <testCase name="Status  dropwdown working" duration="107"/>
    <testCase name="table click navigation" duration="89"/>
  </file>
</testExecutions>