<?xml version="1.0" encoding="UTF-8"?>
<testExecutions version="1">
  <file path="C:\Projects\New folder\Atlas-Payments-UI\src\layouts\views\BillsTable\test\BillsTable.test.js">
    <testCase name="Bills Table Render" duration="399"/>
  </file>
  <file path="C:\Projects\New folder\Atlas-Payments-UI\src\App.test.tsx">
    <testCase name="renders learn react link" duration="577"/>
  </file>
  <file path="C:\Projects\New folder\Atlas-Payments-UI\src\layouts\views\Logs\test\logs.test.js">
    <testCase name="View Change Log View Change Log" duration="301"/>
    <testCase name="View Change Log View Change Log" duration="74"/>
    <testCase name="View Change Log View More" duration="66"/>
    <testCase name="View Change Log View Less" duration="134"/>
  </file>
  <file path="C:\Projects\New folder\Atlas-Payments-UI\src\layouts\views\InvoiceListing\test\invoices.test.js">
    <testCase name="client view Datepicker dropdowns clickoutside clickable" duration="975"/>
    <testCase name="client view Datepicker dropdowns today clickable" duration="626"/>
    <testCase name="client view Datepicker dropdowns Yesterday clickable" duration="396"/>
    <testCase name="client view Datepicker dropdowns This Week clickable" duration="433"/>
    <testCase name="client view Datepicker dropdowns This Month clickable" duration="394"/>
    <testCase name="client view Datepicker dropdowns Last Month clickable" duration="392"/>
    <testCase name="client view Datepicker dropdowns This Quarter clickable" duration="324"/>
    <testCase name="client view Datepicker dropdowns This Year clickable" duration="369"/>
    <testCase name="client view Datepicker dropdowns Last Year clickable" duration="285"/>
    <testCase name="client view table row clickable" duration="106"/>
    <testCase name="client view Customer Type clickable" duration="133"/>
    <testCase name="client view Status clickable" duration="196"/>
    <testCase name="client view Type clickable" duration="207"/>
    <testCase name="client view Clear filters clickable" duration="291"/>
    <testCase name="checkbox and download checkbox and download are clickable in client view" duration="422"/>
    <testCase name="checkbox and download checkbox and download are clickable in internal view" duration="273"/>
    <testCase name="checkbox and download checkbox and download are clickable in client view and searched view" duration="164"/>
    <testCase name="Internal View Download click and checkbox Click table row clickable" duration="234"/>
  </file>
  <file path="C:\Projects\New folder\Atlas-Payments-UI\src\layouts\views\CreditMemoSummary\Test\creditMemoSummary.test.js">
    <testCase name="Credit Memo Summary Render CM" duration="1633"/>
    <testCase name="Credit Memo Summary Render CM with status = 2" duration="2100"/>
    <testCase name="Credit Memo Summary Render CM =&gt; delete a summary" duration="1140"/>
    <testCase name="Credit Memo Summary Render CM =&gt; edit a summary" duration="1401"/>
    <testCase name="Credit Memo Summary Render CM =&gt; edit a summary" duration="1377"/>
    <testCase name="Credit Memo Summary Render CM =&gt; edit a summary" duration="1668"/>
    <testCase name="Credit Memo Summary Product Service" duration="219"/>
    <testCase name="Credit Memo Summary Enter description" duration="298"/>
    <testCase name="Credit Memo Summary Service Country" duration="220"/>
    <testCase name="Credit Memo Summary Render CM =&gt; edit a summary" duration="1371"/>
    <testCase name="Notes fail Render CM" duration="199"/>
  </file>
  <file path="C:\Projects\New folder\Atlas-Payments-UI\src\layouts\views\PaymentDetailPage\test\paymentDetailPage.test.js">
    <testCase name="Payment details page multiple save multiple" duration="10763"/>
    <testCase name="Payment details page multiple payment page breadcrumbs click" duration="493"/>
    <testCase name="single paymwnt save single" duration="5287"/>
    <testCase name="Payment details page lookup and subscription lookup api fail payment page" duration="75"/>
    <testCase name="Payment details page click on detail page breadcrumb save single" duration="410"/>
    <testCase name="Payment details page click on invoice page breadcrumb save single" duration="304"/>
  </file>
  <file path="C:\Projects\New folder\Atlas-Payments-UI\src\layouts\views\InvoiceDetails\test\invoiceDetails.test.js">
    <testCase name="Invoice details tabs are working" duration="2506"/>
    <testCase name="Invoice details download clickable " duration="1093"/>
    <testCase name="Invoice details approve invoice clickable " duration="434"/>
    <testCase name="Invoice details publish notes" duration="545"/>
    <testCase name="Invoice details download file" duration="492"/>
    <testCase name="Invoice details delete file" duration="473"/>
    <testCase name="Invoice details Navigate with breadcrumbs" duration="367"/>
    <testCase name="Invoice details Decline invoice click on cancel button" duration="638"/>
    <testCase name="Invoice details Decline invoice onchange textarea and click on decline button" duration="701"/>
    <testCase name="Api returns transaction type = 7 Render Invoice Details" duration="531"/>
    <testCase name="Invoice details decline api fail case handling Decline invoice onchange textarea click on decline button failed api" duration="365"/>
    <testCase name="void test cases on Apprroved tabs are working" duration="704"/>
    <testCase name="void test cases on Apprroved Upload Api Failed tabs are working" duration="706"/>
    <testCase name="void test cases on Apprroved Create Api Failed tabs are working" duration="743"/>
    <testCase name="void test cases on Apprroved Void Api Failed tabs are working" duration="455"/>
    <testCase name="void test cases on Apprroved and click on cancel tabs are working" duration="586"/>
    <testCase name="api fail tabs are working" duration="58"/>
    <testCase name="delete test cases on AR Reveiew on true  , and save invoice calander and po vaidehi ponum" duration="338"/>
    <testCase name="delete test cases on AR Reveiew on true  , and save invoice calander and po vaidehi invoice date" duration="253"/>
    <testCase name="delete test cases on AR Reveiew on true  , and save invoice calander and po tabs are working" duration="380"/>
    <testCase name="delete test cases on AR Reveiew on true  , and save invoice calander and po save invoice calander and po" duration="244"/>
    <testCase name="delete test cases on AR Reveiew click on cancel button tabs are working" duration="282"/>
    <testCase name="delete test cases on AR Reveiew on false tabs are working" duration="281"/>
    <testCase name="delete test cases on AR Reveiew on api fail tabs are working" duration="320"/>
    <testCase name="Invoice details auto approve checkbox click approve invoice clickable " duration="250"/>
    <testCase name="Invoice details auto approve checkbox click api fail approve invoice clickable " duration="310"/>
    <testCase name="Invoice details fee api fail tabs are working" duration="37"/>
    <testCase name="Invoice details invoice detail api fail tabs are working" duration="223"/>
    <testCase name="Invoice details lookup api fail tabs are working" duration="149"/>
    <testCase name="Invoice details countries api fail tabs are working" duration="41"/>
    <testCase name="Invoice details employeeBreakDown api fail download clickable " duration="341"/>
    <testCase name="Invoice details view change log click publish notes" duration="30"/>
    <testCase name="add payment button click test cases on Apprroved tabs are working" duration="197"/>
    <testCase name="delete employee on AR Review status api fail tabs are working" duration="386"/>
    <testCase name="delete employee on AR Review status tabs are working" duration="372"/>
    <testCase name="payment detail on partial paid tabs are working" duration="9329"/>
  </file>
  <file path="C:\Projects\New folder\Atlas-Payments-UI\src\layouts\views\NewInvoice\test\index.test.js">
    <testCase name="New Invoice breadcumbs are working" duration="835"/>
    <testCase name="New Invoice dropDown Value change stepper 1" duration="773"/>
    <testCase name="step one getCustomerSubscription api fail  dropDown Value change" duration="237"/>
    <testCase name="step one getCOuntry api fail dropDown Value change" duration="393"/>
    <testCase name="Stepper 2 dropDown Value change stepper 1 then stepper 2 click on  back button" duration="1032"/>
    <testCase name="Stepper 2 dropDown Value change stepper 1 then stepper 2 complete and next button then row click in select table data stepper 3 then finish " duration="1240"/>
    <testCase name="Stepper 2 show table click dropDown Value change stepper 1 then stepper 2 click on  " duration="443"/>
    <testCase name="Stepper 2 api fail dropDown Value change stepper 1 then stepper 2 complete and next button then row click in select table data   stepper 3 then finish " duration="456"/>
    <testCase name="Stepper 2 getEmployee exceptional error api fail   dropDown Value change stepper 1 then stepper 2 complete and next button then row click in select table data   stepper 3 then finish " duration="555"/>
    <testCase name="Stepper 2 getEmployee No Emplyee Error api fail   dropDown Value change stepper 1 then stepper 2 complete and next button then row click in select table data   stepper 3 then finish " duration="507"/>
    <testCase name="Stepper 3 dropDown Value change stepper 1 then stepper 2 complete and next button" duration="492"/>
    <testCase name="Stepper 3 dropDown Value change stepper 1 then stepper 2 click on  back button" duration="505"/>
    <testCase name="Stepper 3 dropDown Value change stepper 1 then stepper 2 complete and next button then row click in select table data stepper 3 then finish " duration="537"/>
    <testCase name="Stepper 3 invoice detail api fail dropDown Value change stepper 1 then stepper 2 complete and next button" duration="247"/>
    <testCase name="Stepper 3 invoice detail api fail dropDown Value change stepper 1 then stepper 2 click on  back button" duration="371"/>
    <testCase name="Stepper 3 invoice detail api fail dropDown Value change stepper 1 then stepper 2 complete and next button then row click in select table data   stepper 3 then finish " duration="343"/>
    <testCase name="Stepper 3 fee api fail dropDown Value change stepper 1 then stepper 2 click on  back button" duration="379"/>
    <testCase name="Stepper 3 fee api fail dropDown Value change stepper 1 then stepper 2 complete and next button then row click in select table data   stepper 3 then finish " duration="413"/>
    <testCase name="Stepper 3 address api fail dropDown Value change stepper 1 then stepper 2 complete and next button" duration="290"/>
    <testCase name="Stepper 3 address api fail dropDown Value change stepper 1 then stepper 2 click on  back button" duration="323"/>
    <testCase name="Stepper 3 address api fail dropDown Value change stepper 1 then stepper 2 complete and next button then row click in select table data   stepper 3 then finish " duration="600"/>
    <testCase name="Stepper 3 country api fail dropDown Value change stepper 1 then stepper 2 complete and next button" duration="209"/>
    <testCase name="Stepper 3 country api fail dropDown Value change stepper 1 then stepper 2 click on  back button" duration="264"/>
    <testCase name="Stepper 3 country api fail dropDown Value change stepper 1 then stepper 2 complete and next button then row click in select table data   stepper 3 then finish " duration="289"/>
    <testCase name="New Invoice for Proforma  breadcumbs are working" duration="69"/>
    <testCase name="New Invoice for Proforma  dropDown Value change stepper 1" duration="8150"/>
    <testCase name="step one Proforma getCustomer api fail  dropDown Value change" duration="67"/>
    <testCase name="New Invoice for Miscellaneous  breadcumbs are working" duration="85"/>
    <testCase name="New Invoice for Miscellaneous  dropDown Value change stepper 1" duration="12092"/>
    <testCase name="Stepper for Credit Memo  1, 2 and 3  dropDown Value change stepper 1 then stepper 2 complete and next button for credit memo" duration="9093"/>
    <testCase name="Stepper for Credit Memo  1, 2 and 3 api country fail  dropDown Value change stepper 1 then stepper 2 country api fail" duration="8516"/>
    <testCase name="Invoice preview Pop final stepper" duration="9"/>
    <testCase name="Invoice preview Pop Preview Invoice" duration="16"/>
    <testCase name="final stepper final stepper" duration="7"/>
    <testCase name="final stepper with 201 status code final stepper" duration="4"/>
  </file>
</testExecutions>