<?xml version="1.0" encoding="UTF-8"?>
<testExecutions version="1">
  <file path="C:\Projects\New folder\Atlas-Payments-UI\src\layouts\views\BillsTable\test\BillsTable.test.js">
    <testCase name="Bills Table Render" duration="633"/>
  </file>
  <file path="C:\Projects\New folder\Atlas-Payments-UI\src\App.test.tsx">
    <testCase name="renders learn react link" duration="664"/>
  </file>
  <file path="C:\Projects\New folder\Atlas-Payments-UI\src\layouts\views\NewInvoice\test\index.test.js">
    <testCase name="New Invoice breadcumbs are working" duration="499"/>
    <testCase name="New Invoice dropDown Value change stepper 1" duration="757"/>
    <testCase name="step one getCustomer api fail  dropDown Value change" duration="242"/>
    <testCase name="step one getCOuntry api fail dropDown Value change" duration="195"/>
    <testCase name="Stepper 2 dropDown Value change stepper 1 then stepper 2 complete and next button" duration="594"/>
    <testCase name="Stepper 2 dropDown Value change stepper 1 then stepper 2 click on  back button" duration="625"/>
    <testCase name="Stepper 2 show table click dropDown Value change stepper 1 then stepper 2 click on  " duration="481"/>
  </file>
  <file path="C:\Projects\New folder\Atlas-Payments-UI\src\layouts\views\InvoiceListing\test\invoices.test.js">
    <testCase name="client view Datepicker dropdowns clickoutside clickable" duration="1187"/>
    <testCase name="client view Datepicker dropdowns today clickable" duration="533"/>
    <testCase name="client view Datepicker dropdowns Yesterday clickable" duration="467"/>
    <testCase name="client view Datepicker dropdowns This Week clickable" duration="343"/>
    <testCase name="client view Datepicker dropdowns This Month clickable" duration="323"/>
    <testCase name="client view Datepicker dropdowns This Quarter clickable" duration="363"/>
    <testCase name="client view Datepicker dropdowns This Year clickable" duration="307"/>
    <testCase name="client view table row clickable" duration="255"/>
    <testCase name="client view Status clickable" duration="315"/>
    <testCase name="client view Type clickable" duration="299"/>
    <testCase name="client view Clear filters clickable" duration="396"/>
    <testCase name="client view search" duration="287"/>
    <testCase name="checkbox and download checkbox and download are clickable in client view" duration="647"/>
    <testCase name="checkbox and download checkbox and download are clickable in internal view" duration="213"/>
    <testCase name="checkbox and download checkbox and download are clickable in client view and searched view" duration="453"/>
    <testCase name="Internal View Download click and checkbox Click table row clickable" duration="706"/>
    <testCase name="Internal View Download click for single invoice  api fail Click table row clickable" duration="508"/>
  </file>
  <file path="C:\Projects\New folder\Atlas-Payments-UI\src\layouts\views\InvoiceDetails\test\invoiceDetails.test.js">
    <testCase name="Invoice details tabs are working" duration="1988"/>
    <testCase name="Invoice details download clickable " duration="746"/>
    <testCase name="Invoice details approve invoice clickable " duration="406"/>
    <testCase name="Invoice details publish notes" duration="528"/>
    <testCase name="Invoice details download file" duration="516"/>
    <testCase name="Invoice details delete file" duration="435"/>
    <testCase name="Invoice details Navigate with breadcrumbs" duration="381"/>
    <testCase name="Invoice details Decline invoice click on cancel button" duration="334"/>
    <testCase name="Invoice details Decline invoice onchange textarea and click on decline button" duration="421"/>
    <testCase name="Api returns transaction type = 7 Render Invoice Details" duration="173"/>
    <testCase name="Invoice details decline api fail case handling Decline invoice onchange textarea click on decline button failed api" duration="458"/>
    <testCase name="void test cases on Apprroved tabs are working" duration="536"/>
    <testCase name="void test cases on Apprroved Upload Api Failed tabs are working" duration="521"/>
    <testCase name="void test cases on Apprroved Create Api Failed tabs are working" duration="545"/>
    <testCase name="void test cases on Apprroved Void Api Failed tabs are working" duration="491"/>
    <testCase name="void test cases on Apprroved and click on cancel tabs are working" duration="385"/>
    <testCase name="api fail tabs are working" duration="58"/>
    <testCase name="delete test cases on AR Reveiew on true tabs are working" duration="261"/>
    <testCase name="delete test cases on AR Reveiew click on cancel button tabs are working" duration="283"/>
    <testCase name="delete test cases on AR Reveiew on false tabs are working" duration="227"/>
    <testCase name="delete test cases on AR Reveiew on api fail tabs are working" duration="239"/>
    <testCase name="Invoice details auto approve checkbox click approve invoice clickable " duration="232"/>
    <testCase name="Invoice details auto approve checkbox click api fail approve invoice clickable " duration="159"/>
  </file>
</testExecutions>