<?xml version="1.0" encoding="UTF-8"?>
<testExecutions version="1">
  <file path="/home/expandimo/Documents/Atlas-Payments-UI/src/layouts/views/BillsTable/test/BillsTable.test.js">
    <testCase name="Bills Table Render" duration="181"/>
  </file>
  <file path="/home/expandimo/Documents/Atlas-Payments-UI/src/App.test.tsx">
    <testCase name="renders learn react link" duration="198"/>
  </file>
  <file path="/home/expandimo/Documents/Atlas-Payments-UI/src/layouts/views/InvoiceListing/test/invoices.test.js">
    <testCase name="client view Datepicker dropdowns clickoutside clickable" duration="378"/>
    <testCase name="client view Datepicker dropdowns today clickable" duration="222"/>
    <testCase name="client view Datepicker dropdowns Yesterday clickable" duration="111"/>
    <testCase name="client view Datepicker dropdowns This Week clickable" duration="88"/>
    <testCase name="client view Datepicker dropdowns This Month clickable" duration="92"/>
    <testCase name="client view Datepicker dropdowns This Quarter clickable" duration="77"/>
    <testCase name="client view Datepicker dropdowns This Year clickable" duration="87"/>
    <testCase name="client view table row clickable" duration="65"/>
    <testCase name="client view Status clickable" duration="110"/>
    <testCase name="client view Type clickable" duration="79"/>
    <testCase name="client view Clear filters clickable" duration="92"/>
    <testCase name="client view search" duration="81"/>
    <testCase name="checkbox and download checkbox and download are clickable in client view" duration="218"/>
    <testCase name="checkbox and download checkbox and download are clickable in internal view" duration="64"/>
    <testCase name="checkbox and download checkbox and download are clickable in client view and searched view" duration="147"/>
    <testCase name="Internal View Download click and checkbox Click table row clickable" duration="157"/>
    <testCase name="Internal View Download click for single invoice  api fail Click table row clickable" duration="136"/>
  </file>
  <file path="/home/expandimo/Documents/Atlas-Payments-UI/src/layouts/views/CreditMemoSummary/Test/creditMemoSummary.test.js">
    <testCase name="Credit Memo Summary Render CM" duration="514"/>
    <testCase name="Credit Memo Summary Render CM with status = 2" duration="479"/>
    <testCase name="Credit Memo Summary Render CM =&gt; delete a summary" duration="364"/>
    <testCase name="Credit Memo Summary Render CM =&gt; edit a summary" duration="441"/>
    <testCase name="Credit Memo Summary Render CM =&gt; edit a summary" duration="395"/>
    <testCase name="Credit Memo Summary Render CM =&gt; edit a summary" duration="388"/>
    <testCase name="Credit Memo Summary Render CM =&gt; edit a summary" duration="381"/>
    <testCase name="Notes fail Render CM" duration="59"/>
  </file>
  <file path="/home/expandimo/Documents/Atlas-Payments-UI/src/layouts/views/InvoiceDetails/test/invoiceDetails.test.js">
    <testCase name="Invoice details tabs are working" duration="630"/>
    <testCase name="Invoice details download clickable " duration="389"/>
    <testCase name="Invoice details approve invoice clickable " duration="112"/>
    <testCase name="Invoice details publish notes" duration="142"/>
    <testCase name="Invoice details download file" duration="157"/>
    <testCase name="Invoice details delete file" duration="158"/>
    <testCase name="Invoice details Navigate with breadcrumbs" duration="139"/>
    <testCase name="Invoice details Decline invoice click on cancel button" duration="141"/>
    <testCase name="Invoice details Decline invoice onchange textarea and click on decline button" duration="141"/>
    <testCase name="Api returns transaction type = 7 Render Invoice Details" duration="100"/>
    <testCase name="Invoice details decline api fail case handling Decline invoice onchange textarea click on decline button failed api" duration="157"/>
    <testCase name="void test cases on Apprroved tabs are working" duration="180"/>
    <testCase name="void test cases on Apprroved Upload Api Failed tabs are working" duration="143"/>
    <testCase name="void test cases on Apprroved Create Api Failed tabs are working" duration="145"/>
    <testCase name="void test cases on Apprroved Void Api Failed tabs are working" duration="122"/>
    <testCase name="void test cases on Apprroved and click on cancel tabs are working" duration="148"/>
    <testCase name="api fail tabs are working" duration="17"/>
    <testCase name="delete test cases on AR Reveiew on true tabs are working" duration="74"/>
    <testCase name="delete test cases on AR Reveiew click on cancel button tabs are working" duration="72"/>
    <testCase name="delete test cases on AR Reveiew on false tabs are working" duration="65"/>
    <testCase name="delete test cases on AR Reveiew on api fail tabs are working" duration="80"/>
    <testCase name="Invoice details auto approve checkbox click approve invoice clickable " duration="69"/>
    <testCase name="Invoice details auto approve checkbox click api fail approve invoice clickable " duration="66"/>
    <testCase name="Invoice details fee api fail tabs are working" duration="13"/>
    <testCase name="Invoice details invoice detail api fail tabs are working" duration="11"/>
    <testCase name="Invoice details lookup api fail tabs are working" duration="8"/>
    <testCase name="Invoice details countries api fail tabs are working" duration="6"/>
    <testCase name="Invoice details employeeBreakDown api fail download clickable " duration="109"/>
  </file>
  <file path="/home/expandimo/Documents/Atlas-Payments-UI/src/layouts/views/NewInvoice/test/index.test.js">
    <testCase name="New Invoice breadcumbs are working" duration="85"/>
    <testCase name="New Invoice dropDown Value change stepper 1" duration="267"/>
    <testCase name="step one getCustomerSubscription api fail  dropDown Value change" duration="89"/>
    <testCase name="step one getCOuntry api fail dropDown Value change" duration="109"/>
    <testCase name="Stepper 2 dropDown Value change stepper 1 then stepper 2 click on  back button" duration="236"/>
    <testCase name="Stepper 2 dropDown Value change stepper 1 then stepper 2 complete and next button then row click in select table data stepper 3 then finish " duration="308"/>
    <testCase name="Stepper 2 show table click dropDown Value change stepper 1 then stepper 2 click on  " duration="131"/>
    <testCase name="Stepper 2 api fail dropDown Value change stepper 1 then stepper 2 complete and next button then row click in select table data   stepper 3 then finish " duration="125"/>
    <testCase name="Stepper 2 getEmployee exceptional error api fail   dropDown Value change stepper 1 then stepper 2 complete and next button then row click in select table data   stepper 3 then finish " duration="87"/>
    <testCase name="Stepper 2 getEmployee No Emplyee Error api fail   dropDown Value change stepper 1 then stepper 2 complete and next button then row click in select table data   stepper 3 then finish " duration="81"/>
    <testCase name="Stepper 3 dropDown Value change stepper 1 then stepper 2 complete and next button" duration="80"/>
    <testCase name="Stepper 3 dropDown Value change stepper 1 then stepper 2 click on  back button" duration="113"/>
    <testCase name="Stepper 3 dropDown Value change stepper 1 then stepper 2 complete and next button then row click in select table data stepper 3 then finish " duration="147"/>
    <testCase name="Stepper 3 invoice detail api fail dropDown Value change stepper 1 then stepper 2 complete and next button" duration="88"/>
    <testCase name="Stepper 3 invoice detail api fail dropDown Value change stepper 1 then stepper 2 click on  back button" duration="98"/>
    <testCase name="Stepper 3 invoice detail api fail dropDown Value change stepper 1 then stepper 2 complete and next button then row click in select table data   stepper 3 then finish " duration="100"/>
    <testCase name="Stepper 3 fee api fail dropDown Value change stepper 1 then stepper 2 click on  back button" duration="81"/>
    <testCase name="Stepper 3 fee api fail dropDown Value change stepper 1 then stepper 2 complete and next button then row click in select table data   stepper 3 then finish " duration="144"/>
    <testCase name="Stepper 3 address api fail dropDown Value change stepper 1 then stepper 2 complete and next button" duration="63"/>
    <testCase name="Stepper 3 address api fail dropDown Value change stepper 1 then stepper 2 click on  back button" duration="87"/>
    <testCase name="Stepper 3 address api fail dropDown Value change stepper 1 then stepper 2 complete and next button then row click in select table data   stepper 3 then finish " duration="106"/>
    <testCase name="Stepper 3 country api fail dropDown Value change stepper 1 then stepper 2 complete and next button" duration="58"/>
    <testCase name="Stepper 3 country api fail dropDown Value change stepper 1 then stepper 2 click on  back button" duration="79"/>
    <testCase name="Stepper 3 country api fail dropDown Value change stepper 1 then stepper 2 complete and next button then row click in select table data   stepper 3 then finish " duration="84"/>
    <testCase name="New Invoice for Proforma  breadcumbs are working" duration="16"/>
    <testCase name="New Invoice for Proforma  dropDown Value change stepper 1" duration="1668"/>
    <testCase name="step one Proforma getCustomer api fail  dropDown Value change" duration="19"/>
    <testCase name="New Invoice for Miscellaneous  breadcumbs are working" duration="14"/>
    <testCase name="New Invoice for Miscellaneous  dropDown Value change stepper 1" duration="3966"/>
    <testCase name="Stepper for Credit Memo  1, 2 and 3  dropDown Value change stepper 1 then stepper 2 complete and next button for credit memo" duration="3733"/>
    <testCase name="final stepper final stepper" duration="4"/>
  </file>
</testExecutions>