<?xml version="1.0" encoding="UTF-8"?>
<testExecutions version="1">
  <file path="C:\Projects\New folder\Atlas-Payments-UI\src\layouts\views\NewInvoice\test\index.test.js">
    <testCase name="New Invoice breadcumbs are working" duration="337"/>
    <testCase name="New Invoice dropDown Value change stepper 1" duration="364"/>
    <testCase name="step one getCustomerSubscription api fail  dropDown Value change" duration="226"/>
    <testCase name="step one getCOuntry api fail dropDown Value change" duration="216"/>
    <testCase name="Stepper 2 dropDown Value change stepper 1 then stepper 2 click on  back button" duration="482"/>
    <testCase name="Stepper 2 dropDown Value change stepper 1 then stepper 2 complete and next button then row click in select table data stepper 3 then finish " duration="508"/>
    <testCase name="Stepper 2 show table click dropDown Value change stepper 1 then stepper 2 click on  " duration="250"/>
    <testCase name="Stepper 2 api fail dropDown Value change stepper 1 then stepper 2 complete and next button then row click in select table data   stepper 3 then finish 1" duration="275"/>
    <testCase name="Stepper 2 getEmployee exceptional error api fail   dropDown Value change stepper 1 then stepper 2 complete and next button then row click in select table data   stepper 3 then finish 2" duration="319"/>
    <testCase name="Stepper 2 getEmployee No Emplyee Error api fail   dropDown Value change stepper 1 then stepper 2 complete and next button then row click in select table data   stepper 3 then finish 3" duration="169"/>
    <testCase name="Stepper 3 dropDown Value change stepper 1 then stepper 2 complete and next button" duration="192"/>
    <testCase name="Stepper 3 dropDown Value change stepper 1 then stepper 2 click on  back button" duration="249"/>
    <testCase name="Stepper 3 dropDown Value change stepper 1 then stepper 2 complete and next button then row click in select table data stepper 3 then finish " duration="319"/>
    <testCase name="Stepper 3 invoice detail api fail dropDown Value change stepper 1 then stepper 2 complete and next button" duration="226"/>
    <testCase name="Stepper 3 invoice detail api fail dropDown Value change stepper 1 then stepper 2 click on  back button" duration="233"/>
    <testCase name="Stepper 3 invoice detail api fail dropDown Value change stepper 1 then stepper 2 complete and next button then row click in select table data   stepper 3 then finish 4" duration="419"/>
    <testCase name="Stepper 3 fee api fail dropDown Value change stepper 1 then stepper 2 click on  back button" duration="335"/>
    <testCase name="Stepper 3 fee api fail dropDown Value change stepper 1 then stepper 2 complete and next button then row click in select table data   stepper 3 then finish 5" duration="419"/>
    <testCase name="Stepper 3 address api fail dropDown Value change stepper 1 then stepper 2 complete and next button" duration="167"/>
    <testCase name="Stepper 3 address api fail dropDown Value change stepper 1 then stepper 2 click on  back button" duration="237"/>
    <testCase name="Stepper 3 address api fail dropDown Value change stepper 1 then stepper 2 complete and next button then row click in select table data   stepper 3 then finish 6" duration="431"/>
    <testCase name="Stepper 3 country api fail dropDown Value change stepper 1 then stepper 2 complete and next button" duration="236"/>
    <testCase name="Stepper 3 country api fail dropDown Value change stepper 1 then stepper 2 click on  back button" duration="276"/>
    <testCase name="Stepper 3 country api fail dropDown Value change stepper 1 then stepper 2 complete and next button then row click in select table data   stepper 3 then finish 7" duration="334"/>
    <testCase name="New Invoice for Proforma  breadcumbs are working" duration="54"/>
    <testCase name="New Invoice for Proforma  dropDown Value change stepper 1" duration="3092"/>
    <testCase name="New Invoice for Proforma vat api fail  breadcumbs are working" duration="39"/>
    <testCase name="New Invoice for Proforma vat api fail  dropDown Value change stepper 1" duration="2732"/>
    <testCase name="step one Proforma getCustomer api fail  dropDown Value change" duration="185"/>
    <testCase name="New Invoice for Miscellaneous  breadcumbs are working" duration="45"/>
    <testCase name="New Invoice for Miscellaneous  dropDown Value change stepper 1" duration="6839"/>
    <testCase name="Stepper for Credit Memo  1, 2 and 3  dropDown Value change stepper 1 then stepper 2 complete and next button for credit memo" duration="6912"/>
    <testCase name="Stepper for Credit Memo  1, 2 and 3 api country fail  dropDown Value change stepper 1 then stepper 2 country api fail" duration="7372"/>
    <testCase name="Invoice preview Pop final stepper" duration="52"/>
    <testCase name="Invoice preview Pop Preview Invoice" duration="87"/>
    <testCase name="Invoice preview Pop related api fail final stepper" duration="108"/>
    <testCase name="Invoice preview Pop related api fail Preview Invoice" duration="99"/>
    <testCase name="final stepper final stepper" duration="44"/>
    <testCase name="final stepper with 201 status code final stepper" duration="11"/>
  </file>
</testExecutions>