<?xml version="1.0" encoding="UTF-8"?>
<testExecutions version="1">
  <file path="C:\Projects\New folder\Atlas-Payments-UI\src\layouts\views\BillsTable\test\BillsTable.test.js">
    <testCase name="Bills Table Render" duration="357"/>
  </file>
  <file path="C:\Projects\New folder\Atlas-Payments-UI\src\App.test.tsx">
    <testCase name="renders learn react link" duration="706"/>
  </file>
  <file path="C:\Projects\New folder\Atlas-Payments-UI\src\layouts\views\Logs\test\logs.test.js">
    <testCase name="View Change Log View Change Log" duration="141"/>
    <testCase name="View Change Log View Change Log" duration="44"/>
    <testCase name="View Change Log View More" duration="57"/>
    <testCase name="View Change Log View Less" duration="83"/>
  </file>
  <file path="C:\Projects\New folder\Atlas-Payments-UI\src\components\Notes\test\notes.test.js">
    <testCase name="Credit Memo Summary Render Notes" duration="274"/>
    <testCase name="Notes fail Render CM" duration="221"/>
  </file>
  <file path="C:\Projects\New folder\Atlas-Payments-UI\src\layouts\views\CreditMemoSummary\Test\creditMemoSummary.test.js">
    <testCase name="Credit Memo Summary Render CM" duration="1363"/>
    <testCase name="Credit Memo Summary Render CM with status = 2" duration="1969"/>
    <testCase name="Credit Memo Summary Render CM =&gt; delete a summary" duration="996"/>
    <testCase name="Credit Memo Summary Render CM =&gt; edit a summary" duration="1434"/>
    <testCase name="Credit Memo Summary Render CM =&gt; edit a summary" duration="1218"/>
    <testCase name="Credit Memo Summary Render CM =&gt; edit a summary" duration="1191"/>
    <testCase name="Credit Memo Summary Product Service" duration="282"/>
    <testCase name="Credit Memo Summary Enter description" duration="311"/>
    <testCase name="Credit Memo Summary Service Country" duration="249"/>
    <testCase name="Credit Memo Summary Render CM =&gt; edit a summary" duration="1415"/>
    <testCase name="Notes fail Render CM" duration="239"/>
  </file>
  <file path="C:\Projects\New folder\Atlas-Payments-UI\src\layouts\views\InvoiceListing\test\invoices.test.js">
    <testCase name="internal view Datepicker dropdowns clickoutside clickable" duration="1462"/>
    <testCase name="internal view Datepicker dropdowns today clickable" duration="1370"/>
    <testCase name="internal view Datepicker dropdowns Yesterday clickable" duration="982"/>
    <testCase name="internal view Datepicker dropdowns This Week clickable" duration="952"/>
    <testCase name="internal view Datepicker dropdowns This Month clickable" duration="777"/>
    <testCase name="internal view Datepicker dropdowns Last Month clickable" duration="670"/>
    <testCase name="internal view Datepicker dropdowns This Quarter clickable" duration="704"/>
    <testCase name="internal view Datepicker dropdowns This Year clickable" duration="652"/>
    <testCase name="internal view Datepicker dropdowns Last Year clickable" duration="644"/>
    <testCase name="internal view Customer Type clickable" duration="456"/>
    <testCase name="internal view Status clickable" duration="546"/>
    <testCase name="internal view Type clickable" duration="584"/>
    <testCase name="internal view Clear filters clickable" duration="823"/>
    <testCase name="internal view search" duration="471"/>
    <testCase name="Internal View Download click and checkbox Click table row clickable" duration="835"/>
    <testCase name="Internal View Download click for single invoice  api fail Click table row clickable" duration="706"/>
    <testCase name="Internal View Download click for multi invoice  api fail Click multi invoice download api fail Click" duration="505"/>
    <testCase name="Internal View click on New Invoice New Invoice button clickable" duration="289"/>
    <testCase name="Internal View Download click on table row table row clickable" duration="359"/>
    <testCase name="Internal View click on Add New Payment Add New Payment button clickable" duration="456"/>
  </file>
  <file path="C:\Projects\New folder\Atlas-Payments-UI\src\layouts\views\PaymentDetailPage\test\paymentDetailPage.test.js">
    <testCase name="Payment details page multiple save multiple" duration="9938"/>
    <testCase name="Payment details page multiple Test case for the payment details revert Modal" duration="6057">
      <failure message="Error: thrown: &quot;Exceeded timeout of 5000 ms for a test."><![CDATA[Error: thrown: "Exceeded timeout of 5000 ms for a test.
Use jest.setTimeout(newTimeout) to increase the timeout value, if this is a long-running test."
    at C:\Projects\New folder\Atlas-Payments-UI\src\layouts\views\PaymentDetailPage\test\paymentDetailPage.test.js:263:3
    at _dispatchDescribe (C:\Projects\New folder\Atlas-Payments-UI\node_modules\jest-circus\build\index.js:98:26)
    at describe (C:\Projects\New folder\Atlas-Payments-UI\node_modules\jest-circus\build\index.js:60:5)
    at Object.<anonymous> (C:\Projects\New folder\Atlas-Payments-UI\src\layouts\views\PaymentDetailPage\test\paymentDetailPage.test.js:193:1)
    at Runtime._execModule (C:\Projects\New folder\Atlas-Payments-UI\node_modules\jest-runtime\build\index.js:1646:24)
    at Runtime._loadModule (C:\Projects\New folder\Atlas-Payments-UI\node_modules\jest-runtime\build\index.js:1185:12)
    at Runtime.requireModule (C:\Projects\New folder\Atlas-Payments-UI\node_modules\jest-runtime\build\index.js:1009:12)
    at jestAdapter (C:\Projects\New folder\Atlas-Payments-UI\node_modules\jest-circus\build\legacy-code-todo-rewrite\jestAdapter.js:79:13)
    at processTicksAndRejections (node:internal/process/task_queues:96:5)
    at runTestInternal (C:\Projects\New folder\Atlas-Payments-UI\node_modules\jest-runner\build\runTest.js:389:16)
    at runTest (C:\Projects\New folder\Atlas-Payments-UI\node_modules\jest-runner\build\runTest.js:475:34)
    at Object.worker (C:\Projects\New folder\Atlas-Payments-UI\node_modules\jest-runner\build\testWorker.js:133:12)]]></failure>
    </testCase>
    <testCase name="Payment details page multiple payment page breadcrumbs click" duration="320"/>
    <testCase name="single payment save single" duration="5881"/>
    <testCase name="Payment details page lookup and subscription lookup api fail payment page" duration="112"/>
    <testCase name="save api fail save api fail" duration="5650"/>
    <testCase name="Payment details page click on detail page breadcrumb breadcrumb" duration="336"/>
    <testCase name="Payment details page click on invoice page breadcrumb Invoices" duration="320"/>
    <testCase name="single credit refund save single" duration="5709"/>
    <testCase name="single credit refund save single with manual amount" duration="5564"/>
  </file>
  <file path="C:\Projects\New folder\Atlas-Payments-UI\src\layouts\views\InvoiceDetails\test\invoiceDetails.test.js">
    <testCase name="Invoice details tabs are working" duration="2517"/>
    <testCase name="Invoice details download clickable " duration="1424"/>
    <testCase name="Invoice details approve invoice clickable " duration="756"/>
    <testCase name="Invoice details publish notes" duration="891"/>
    <testCase name="Invoice details download file" duration="768"/>
    <testCase name="Invoice details delete file" duration="536"/>
    <testCase name="Invoice details Navigate with breadcrumbs" duration="511"/>
    <testCase name="Invoice details Decline invoice click on cancel button" duration="541"/>
    <testCase name="Invoice details Decline invoice onchange textarea and click on decline button" duration="731"/>
    <testCase name="Api returns transaction type = 7 Render Invoice Details" duration="368"/>
    <testCase name="Invoice details decline api fail case handling Decline invoice onchange textarea click on decline button failed api" duration="541"/>
    <testCase name="void test cases on Apprroved tabs are working" duration="1261"/>
    <testCase name="void test cases on Apprroved Upload Api Failed tabs are working" duration="1216"/>
    <testCase name="void test cases on Apprroved Create Api Failed tabs are working" duration="1167"/>
    <testCase name="void test cases on Apprroved Void Api Failed tabs are working" duration="756"/>
    <testCase name="void test cases on Apprroved and click on cancel tabs are working" duration="625"/>
    <testCase name="api fail tabs are working" duration="71"/>
    <testCase name="delete test cases on AR Reveiew on true  , and save invoice calander and po vaidehi ponum" duration="574"/>
    <testCase name="delete test cases on AR Reveiew on true  , and save invoice calander and po vaidehi invoice date" duration="445"/>
    <testCase name="delete test cases on AR Reveiew on true  , and save invoice calander and po tabs are working" duration="924"/>
    <testCase name="delete test cases on AR Reveiew on true  , and save invoice calander and po save invoice calander and po" duration="503"/>
    <testCase name="delete test cases on AR Reveiew click on cancel button tabs are working" duration="596"/>
    <testCase name="delete test cases on AR Reveiew on false tabs are working" duration="614"/>
    <testCase name="delete test cases on AR Reveiew on api fail tabs are working" duration="545"/>
    <testCase name="Invoice details auto approve checkbox click approve invoice clickable " duration="556"/>
    <testCase name="Invoice details auto approve checkbox click api fail approve invoice clickable " duration="580"/>
    <testCase name="Invoice details fee api fail tabs are working" duration="96"/>
    <testCase name="Invoice details invoice detail api fail tabs are working" duration="467"/>
    <testCase name="Invoice details lookup api fail tabs are working" duration="271"/>
    <testCase name="Invoice details countries api fail tabs are working" duration="103"/>
    <testCase name="Invoice details employeeBreakDown api fail download clickable " duration="936"/>
    <testCase name="Invoice details view change log click publish notes" duration="31"/>
    <testCase name="add payment button click test cases on Apprroved tabs are working" duration="484"/>
    <testCase name="delete employee on AR Review status api fail tabs are working" duration="988"/>
    <testCase name="delete employee on AR Review status tabs are working" duration="874"/>
    <testCase name="payment detail on partial paid edit payment edit" duration="12611"/>
    <testCase name="payment detail on partial paid payment add payment add" duration="7241"/>
    <testCase name="payment detail on partial paid payment add - save api fail payment add - save api fail" duration="3181"/>
    <testCase name="payment detail on partial paid edit api fail edit api failed" duration="1936"/>
    <testCase name="subscription api fail on payment detail on partial paid subscription api fail" duration="688"/>
    <testCase name="refund payment button click test cases on Apprroved tabs are working" duration="275"/>
  </file>
  <file path="C:\Projects\New folder\Atlas-Payments-UI\src\layouts\views\NewInvoice\test\index.test.js">
    <testCase name="New Invoice breadcumbs are working" duration="783"/>
    <testCase name="New Invoice dropDown Value change stepper 1" duration="760"/>
    <testCase name="step one getCustomerSubscription api fail  dropDown Value change" duration="328"/>
    <testCase name="step one getCOuntry api fail dropDown Value change" duration="371"/>
    <testCase name="Stepper 2 dropDown Value change stepper 1 then stepper 2 click on  back button" duration="785"/>
    <testCase name="Stepper 2 dropDown Value change stepper 1 then stepper 2 complete and next button then row click in select table data stepper 3 then finish " duration="1353"/>
    <testCase name="Stepper 2 dropDown Value change stepper 1 then stepper 2 complete and next button previous recalculate part" duration="931"/>
    <testCase name="Stepper 2 show table click dropDown Value change stepper 1 then stepper 2 click on  " duration="517"/>
    <testCase name="Stepper 2 api fail dropDown Value change stepper 1 then stepper 2 complete and next button then row click in select table data   stepper 3 then finish 1" duration="552"/>
    <testCase name="Stepper 2 getEmployee exceptional error api fail   dropDown Value change stepper 1 then stepper 2 complete and next button then row click in select table data   stepper 3 then finish 2" duration="348"/>
    <testCase name="Stepper 2 getEmployee No Emplyee Error api fail   dropDown Value change stepper 1 then stepper 2 complete and next button then row click in select table data   stepper 3 then finish 3" duration="332"/>
    <testCase name="Stepper 3 dropDown Value change stepper 1 then stepper 2 complete and next button" duration="343"/>
    <testCase name="Stepper 3 dropDown Value change stepper 1 then stepper 2 click on  back button" duration="416"/>
    <testCase name="Stepper 3 dropDown Value change stepper 1 then stepper 2 complete and next button then row click in select table data stepper 3 then finish " duration="660"/>
    <testCase name="Stepper 3 invoice detail api fail dropDown Value change stepper 1 then stepper 2 complete and next button" duration="319"/>
    <testCase name="Stepper 3 invoice detail api fail dropDown Value change stepper 1 then stepper 2 click on  back button" duration="466"/>
    <testCase name="Stepper 3 invoice detail api fail dropDown Value change stepper 1 then stepper 2 complete and next button then row click in select table data   stepper 3 then finish 4" duration="507"/>
    <testCase name="Stepper 3 fee api fail dropDown Value change stepper 1 then stepper 2 click on  back button" duration="472"/>
    <testCase name="Stepper 3 fee api fail dropDown Value change stepper 1 then stepper 2 complete and next button then row click in select table data   stepper 3 then finish 5" duration="494"/>
    <testCase name="Stepper 3 address api fail dropDown Value change stepper 1 then stepper 2 complete and next button" duration="284"/>
    <testCase name="Stepper 3 address api fail dropDown Value change stepper 1 then stepper 2 click on  back button" duration="353"/>
    <testCase name="Stepper 3 address api fail dropDown Value change stepper 1 then stepper 2 complete and next button then row click in select table data   stepper 3 then finish 6" duration="464"/>
    <testCase name="Stepper 3 country api fail dropDown Value change stepper 1 then stepper 2 complete and next button" duration="299"/>
    <testCase name="Stepper 3 country api fail dropDown Value change stepper 1 then stepper 2 click on  back button" duration="367"/>
    <testCase name="Stepper 3 country api fail dropDown Value change stepper 1 then stepper 2 complete and next button then row click in select table data   stepper 3 then finish 7" duration="404"/>
    <testCase name="New Invoice for Proforma  breadcumbs are working" duration="88"/>
    <testCase name="New Invoice for Proforma  dropDown Value change stepper 1" duration="8600"/>
    <testCase name="New Invoice for Proforma vat api fail  breadcumbs are working" duration="85"/>
    <testCase name="New Invoice for Proforma vat api fail  dropDown Value change stepper 1" duration="7714"/>
    <testCase name="step one Proforma getCustomer api fail  dropDown Value change" duration="133"/>
    <testCase name="New Invoice for Miscellaneous  breadcumbs are working" duration="87"/>
    <testCase name="New Invoice for Miscellaneous  dropDown Value change stepper 1" duration="18568"/>
    <testCase name="Stepper for Credit Memo  1, 2 and 3  dropDown Value change stepper 1 then stepper 2 complete and next button for credit memo" duration="8124"/>
    <testCase name="Stepper for Credit Memo  1, 2 and 3 api country fail  dropDown Value change stepper 1 then stepper 2 country api fail" duration="7280"/>
    <testCase name="Invoice preview Pop final stepper" duration="7"/>
    <testCase name="Invoice preview Pop Preview Invoice" duration="13"/>
    <testCase name="Invoice preview Pop related api fail final stepper" duration="7"/>
    <testCase name="Invoice preview Pop related api fail Preview Invoice" duration="11"/>
    <testCase name="final stepper final stepper" duration="4"/>
    <testCase name="final stepper with 201 status code final stepper" duration="4"/>
  </file>
</testExecutions>