<?xml version="1.0" encoding="UTF-8"?>
<testExecutions version="1">
  <file path="C:\Projects\New folder\Atlas-Payments-UI\src\layouts\views\BillsTable\test\BillsTable.test.js">
    <testCase name="Bills Table Render" duration="427"/>
  </file>
  <file path="C:\Projects\New folder\Atlas-Payments-UI\src\components\Notes\test\notes.test.js">
    <testCase name="Credit Memo Summary Render Notes" duration="252"/>
    <testCase name="Notes fail Render CM" duration="199"/>
  </file>
  <file path="C:\Projects\New folder\Atlas-Payments-UI\src\layouts\views\Logs\test\logs.test.js">
    <testCase name="View Change Log View Change Log" duration="70"/>
    <testCase name="View Change Log View Change Log" duration="28"/>
    <testCase name="View Change Log View More" duration="32"/>
    <testCase name="View Change Log View Less" duration="81"/>
  </file>
  <file path="C:\Projects\New folder\Atlas-Payments-UI\src\layouts\views\CreditMemoSummary\Test\creditMemoSummary.test.js">
    <testCase name="Credit Memo Summary Render CM" duration="1130"/>
    <testCase name="Credit Memo Summary Render CM with status = 2" duration="1606"/>
    <testCase name="Credit Memo Summary Render CM =&gt; delete a summary" duration="1090"/>
    <testCase name="Credit Memo Summary Render CM =&gt; edit a summary" duration="1182"/>
    <testCase name="Credit Memo Summary Render CM =&gt; edit a summary" duration="894"/>
    <testCase name="Credit Memo Summary Render CM =&gt; edit a summary" duration="898"/>
    <testCase name="Credit Memo Summary Product Service" duration="237"/>
    <testCase name="Credit Memo Summary Enter description" duration="357"/>
    <testCase name="Credit Memo Summary Service Country" duration="239"/>
    <testCase name="Credit Memo Summary Render CM =&gt; edit a summary" duration="1403"/>
    <testCase name="Notes fail Render CM" duration="217"/>
  </file>
  <file path="C:\Projects\New folder\Atlas-Payments-UI\src\App.test.tsx">
    <testCase name="renders learn react link" duration="480"/>
  </file>
  <file path="C:\Projects\New folder\Atlas-Payments-UI\src\layouts\views\InvoiceListing\test\invoices.test.js">
    <testCase name="internal view Datepicker dropdowns clickoutside clickable" duration="1074"/>
    <testCase name="internal view Datepicker dropdowns today clickable" duration="1018"/>
    <testCase name="internal view Datepicker dropdowns Yesterday clickable" duration="782"/>
    <testCase name="internal view Datepicker dropdowns This Week clickable" duration="648"/>
    <testCase name="internal view Datepicker dropdowns This Month clickable" duration="609"/>
    <testCase name="internal view Datepicker dropdowns Last Month clickable" duration="830"/>
    <testCase name="internal view Datepicker dropdowns This Quarter clickable" duration="542"/>
    <testCase name="internal view Datepicker dropdowns This Year clickable" duration="558"/>
    <testCase name="internal view Datepicker dropdowns Last Year clickable" duration="519"/>
    <testCase name="internal view Customer Type clickable" duration="360"/>
    <testCase name="internal view Status clickable" duration="429"/>
    <testCase name="internal view Type clickable" duration="421"/>
    <testCase name="internal view Clear filters clickable" duration="771"/>
    <testCase name="internal view search" duration="315"/>
    <testCase name="Internal View Download click and checkbox Click table row clickable" duration="652"/>
    <testCase name="Internal View Download click for single invoice  api fail Click table row clickable" duration="504"/>
    <testCase name="Internal View Download click for multi invoice  api fail Click multi invoice download api fail Click" duration="365"/>
    <testCase name="Internal View click on New Invoice New Invoice button clickable" duration="255"/>
    <testCase name="Internal View Download click on table row table row clickable" duration="266"/>
    <testCase name="Internal View click on Add New Payment Add New Payment button clickable" duration="422"/>
  </file>
  <file path="C:\Projects\New folder\Atlas-Payments-UI\src\layouts\views\PaymentDetailPage\test\paymentDetailPage.test.js">
    <testCase name="Payment details page multiple save multiple" duration="8075"/>
    <testCase name="Payment details page multiple Test case for the payment details revert Modal" duration="5141">
      <failure message="Error: thrown: &quot;Exceeded timeout of 5000 ms for a test."><![CDATA[Error: thrown: "Exceeded timeout of 5000 ms for a test.
Use jest.setTimeout(newTimeout) to increase the timeout value, if this is a long-running test."
    at C:\Projects\New folder\Atlas-Payments-UI\src\layouts\views\PaymentDetailPage\test\paymentDetailPage.test.js:263:3
    at _dispatchDescribe (C:\Projects\New folder\Atlas-Payments-UI\node_modules\jest-circus\build\index.js:98:26)
    at describe (C:\Projects\New folder\Atlas-Payments-UI\node_modules\jest-circus\build\index.js:60:5)
    at Object.<anonymous> (C:\Projects\New folder\Atlas-Payments-UI\src\layouts\views\PaymentDetailPage\test\paymentDetailPage.test.js:193:1)
    at Runtime._execModule (C:\Projects\New folder\Atlas-Payments-UI\node_modules\jest-runtime\build\index.js:1646:24)
    at Runtime._loadModule (C:\Projects\New folder\Atlas-Payments-UI\node_modules\jest-runtime\build\index.js:1185:12)
    at Runtime.requireModule (C:\Projects\New folder\Atlas-Payments-UI\node_modules\jest-runtime\build\index.js:1009:12)
    at jestAdapter (C:\Projects\New folder\Atlas-Payments-UI\node_modules\jest-circus\build\legacy-code-todo-rewrite\jestAdapter.js:79:13)
    at processTicksAndRejections (node:internal/process/task_queues:96:5)
    at runTestInternal (C:\Projects\New folder\Atlas-Payments-UI\node_modules\jest-runner\build\runTest.js:389:16)
    at runTest (C:\Projects\New folder\Atlas-Payments-UI\node_modules\jest-runner\build\runTest.js:475:34)
    at Object.worker (C:\Projects\New folder\Atlas-Payments-UI\node_modules\jest-runner\build\testWorker.js:133:12)]]></failure>
    </testCase>
    <testCase name="Payment details page multiple payment page breadcrumbs click" duration="580"/>
    <testCase name="single payment save single" duration="4593"/>
    <testCase name="Payment details page lookup and subscription lookup api fail payment page" duration="80"/>
    <testCase name="save api fail save api fail" duration="3740"/>
    <testCase name="Payment details page click on detail page breadcrumb breadcrumb" duration="204"/>
    <testCase name="Payment details page click on invoice page breadcrumb Invoices" duration="203"/>
    <testCase name="single credit refund save single" duration="3794"/>
    <testCase name="single credit refund save single with manual amount" duration="3527"/>
  </file>
  <file path="C:\Projects\New folder\Atlas-Payments-UI\src\layouts\views\InvoiceDetails\test\invoiceDetails.test.js">
    <testCase name="Invoice details tabs are working" duration="1476"/>
    <testCase name="Invoice details download clickable " duration="759"/>
    <testCase name="Invoice details approve invoice clickable " duration="480"/>
    <testCase name="Invoice details publish notes" duration="458"/>
    <testCase name="Invoice details download file" duration="516"/>
    <testCase name="Invoice details delete file" duration="382"/>
    <testCase name="Invoice details Navigate with breadcrumbs" duration="393"/>
    <testCase name="Invoice details Decline invoice click on cancel button" duration="385"/>
    <testCase name="Invoice details Decline invoice onchange textarea and click on decline button" duration="904"/>
    <testCase name="Api returns transaction type = 7 Render Invoice Details" duration="554"/>
    <testCase name="Invoice details decline api fail case handling Decline invoice onchange textarea click on decline button failed api" duration="608"/>
    <testCase name="void test cases on Apprroved tabs are working" duration="784"/>
    <testCase name="void test cases on Apprroved Upload Api Failed tabs are working" duration="714"/>
    <testCase name="void test cases on Apprroved Create Api Failed tabs are working" duration="830"/>
    <testCase name="void test cases on Apprroved Void Api Failed tabs are working" duration="441"/>
    <testCase name="void test cases on Apprroved and click on cancel tabs are working" duration="341"/>
    <testCase name="api fail tabs are working" duration="61"/>
    <testCase name="delete test cases on AR Reveiew on true  , and save invoice calander and po vaidehi ponum" duration="360"/>
    <testCase name="delete test cases on AR Reveiew on true  , and save invoice calander and po vaidehi invoice date" duration="381"/>
    <testCase name="delete test cases on AR Reveiew on true  , and save invoice calander and po tabs are working" duration="587"/>
    <testCase name="delete test cases on AR Reveiew on true  , and save invoice calander and po save invoice calander and po" duration="269"/>
    <testCase name="delete test cases on AR Reveiew click on cancel button tabs are working" duration="359"/>
    <testCase name="delete test cases on AR Reveiew on false tabs are working" duration="375"/>
    <testCase name="delete test cases on AR Reveiew on api fail tabs are working" duration="358"/>
    <testCase name="Invoice details auto approve checkbox click approve invoice clickable " duration="307"/>
    <testCase name="Invoice details auto approve checkbox click api fail approve invoice clickable " duration="323"/>
    <testCase name="Invoice details fee api fail tabs are working" duration="66"/>
    <testCase name="Invoice details invoice detail api fail tabs are working" duration="282"/>
    <testCase name="Invoice details lookup api fail tabs are working" duration="178"/>
    <testCase name="Invoice details countries api fail tabs are working" duration="53"/>
    <testCase name="Invoice details employeeBreakDown api fail download clickable " duration="524"/>
    <testCase name="Invoice details view change log click publish notes" duration="24"/>
    <testCase name="add payment button click test cases on Apprroved tabs are working" duration="264"/>
    <testCase name="delete employee on AR Review status api fail tabs are working" duration="558"/>
    <testCase name="delete employee on AR Review status tabs are working" duration="527"/>
    <testCase name="payment detail on partial paid edit payment edit" duration="8450"/>
    <testCase name="payment detail on partial paid payment add payment add" duration="3583"/>
    <testCase name="payment detail on partial paid payment add - save api fail payment add - save api fail" duration="2053"/>
    <testCase name="payment detail on partial paid edit api fail edit api failed" duration="2417"/>
    <testCase name="subscription api fail on payment detail on partial paid subscription api fail" duration="844"/>
    <testCase name="refund payment button click test cases on Apprroved tabs are working" duration="354"/>
  </file>
  <file path="C:\Projects\New folder\Atlas-Payments-UI\src\layouts\views\NewInvoice\test\index.test.js">
    <testCase name="New Invoice breadcumbs are working" duration="483"/>
    <testCase name="New Invoice dropDown Value change stepper 1" duration="462"/>
    <testCase name="step one getCustomerSubscription api fail  dropDown Value change" duration="197"/>
    <testCase name="step one getCOuntry api fail dropDown Value change" duration="235"/>
    <testCase name="Stepper 2 dropDown Value change stepper 1 then stepper 2 click on  back button" duration="736"/>
    <testCase name="Stepper 2 dropDown Value change stepper 1 then stepper 2 complete and next button then row click in select table data stepper 3 then finish " duration="1037"/>
    <testCase name="Stepper 2 dropDown Value change stepper 1 then stepper 2 complete and next button previous recalculate part" duration="1047"/>
    <testCase name="Stepper 2 show table click dropDown Value change stepper 1 then stepper 2 click on  " duration="442"/>
    <testCase name="Stepper 2 api fail dropDown Value change stepper 1 then stepper 2 complete and next button then row click in select table data   stepper 3 then finish 1" duration="632"/>
    <testCase name="Stepper 2 getEmployee exceptional error api fail   dropDown Value change stepper 1 then stepper 2 complete and next button then row click in select table data   stepper 3 then finish 2" duration="396"/>
    <testCase name="Stepper 2 getEmployee No Emplyee Error api fail   dropDown Value change stepper 1 then stepper 2 complete and next button then row click in select table data   stepper 3 then finish 3" duration="706"/>
    <testCase name="Stepper 3 dropDown Value change stepper 1 then stepper 2 complete and next button" duration="720"/>
    <testCase name="Stepper 3 dropDown Value change stepper 1 then stepper 2 click on  back button" duration="612"/>
    <testCase name="Stepper 3 dropDown Value change stepper 1 then stepper 2 complete and next button then row click in select table data stepper 3 then finish " duration="643"/>
    <testCase name="Stepper 3 invoice detail api fail dropDown Value change stepper 1 then stepper 2 complete and next button" duration="293"/>
    <testCase name="Stepper 3 invoice detail api fail dropDown Value change stepper 1 then stepper 2 click on  back button" duration="345"/>
    <testCase name="Stepper 3 invoice detail api fail dropDown Value change stepper 1 then stepper 2 complete and next button then row click in select table data   stepper 3 then finish 4" duration="655"/>
    <testCase name="Stepper 3 fee api fail dropDown Value change stepper 1 then stepper 2 click on  back button" duration="348"/>
    <testCase name="Stepper 3 fee api fail dropDown Value change stepper 1 then stepper 2 complete and next button then row click in select table data   stepper 3 then finish 5" duration="538"/>
    <testCase name="Stepper 3 address api fail dropDown Value change stepper 1 then stepper 2 complete and next button" duration="266"/>
    <testCase name="Stepper 3 address api fail dropDown Value change stepper 1 then stepper 2 click on  back button" duration="328"/>
    <testCase name="Stepper 3 address api fail dropDown Value change stepper 1 then stepper 2 complete and next button then row click in select table data   stepper 3 then finish 6" duration="659"/>
    <testCase name="Stepper 3 country api fail dropDown Value change stepper 1 then stepper 2 complete and next button" duration="313"/>
    <testCase name="Stepper 3 country api fail dropDown Value change stepper 1 then stepper 2 click on  back button" duration="327"/>
    <testCase name="Stepper 3 country api fail dropDown Value change stepper 1 then stepper 2 complete and next button then row click in select table data   stepper 3 then finish 7" duration="466"/>
    <testCase name="New Invoice for Proforma  breadcumbs are working" duration="48"/>
    <testCase name="New Invoice for Proforma  dropDown Value change stepper 1" duration="5603"/>
    <testCase name="New Invoice for Proforma vat api fail  breadcumbs are working" duration="60"/>
    <testCase name="New Invoice for Proforma vat api fail  dropDown Value change stepper 1" duration="5279"/>
    <testCase name="step one Proforma getCustomer api fail  dropDown Value change" duration="55"/>
    <testCase name="New Invoice for Miscellaneous  breadcumbs are working" duration="40"/>
    <testCase name="New Invoice for Miscellaneous  dropDown Value change stepper 1" duration="10449"/>
    <testCase name="Stepper for Credit Memo  1, 2 and 3  dropDown Value change stepper 1 then stepper 2 complete and next button for credit memo" duration="9202"/>
    <testCase name="Stepper for Credit Memo  1, 2 and 3 api country fail  dropDown Value change stepper 1 then stepper 2 country api fail" duration="8423"/>
    <testCase name="Invoice preview Pop final stepper" duration="7"/>
    <testCase name="Invoice preview Pop Preview Invoice" duration="10"/>
    <testCase name="Invoice preview Pop related api fail final stepper" duration="7"/>
    <testCase name="Invoice preview Pop related api fail Preview Invoice" duration="13"/>
    <testCase name="final stepper final stepper" duration="7"/>
    <testCase name="final stepper with 201 status code final stepper" duration="5"/>
  </file>
</testExecutions>