<?xml version="1.0" encoding="UTF-8"?>
<testExecutions version="1">
  <file path="C:\Projects\New folder\Atlas-Payments-UI\src\layouts\views\BillsTable\test\BillsTable.test.js">
    <testCase name="Bills Table Render" duration="346"/>
  </file>
  <file path="C:\Projects\New folder\Atlas-Payments-UI\src\layouts\views\NewInvoice\test\index.test.js">
    <testCase name="New Invoice breadcumbs are working" duration="275"/>
    <testCase name="New Invoice dropDown Value change stepper 1" duration="408"/>
    <testCase name="step one getCustomer api fail  dropDown Value change" duration="124"/>
    <testCase name="step one getCOuntry api fail dropDown Value change" duration="95"/>
    <testCase name="Stepper 2 dropDown Value change stepper 1 then stepper 2 complete and next button" duration="304"/>
    <testCase name="Stepper 2 dropDown Value change stepper 1 then stepper 2 click on  back button" duration="322"/>
    <testCase name="Stepper 2 show table click dropDown Value change stepper 1 then stepper 2 click on  " duration="298"/>
  </file>
  <file path="C:\Projects\New folder\Atlas-Payments-UI\src\App.test.tsx">
    <testCase name="renders learn react link" duration="242"/>
  </file>
  <file path="C:\Projects\New folder\Atlas-Payments-UI\src\layouts\views\InvoiceListing\test\invoices.test.js">
    <testCase name="client view Datepicker dropdowns clickoutside clickable" duration="652"/>
    <testCase name="client view Datepicker dropdowns today clickable" duration="363"/>
    <testCase name="client view Datepicker dropdowns Yesterday clickable" duration="176"/>
    <testCase name="client view Datepicker dropdowns This Week clickable" duration="120"/>
    <testCase name="client view Datepicker dropdowns This Month clickable" duration="130"/>
    <testCase name="client view Datepicker dropdowns This Quarter clickable" duration="134"/>
    <testCase name="client view Datepicker dropdowns This Year clickable" duration="125"/>
    <testCase name="client view table row clickable" duration="111"/>
    <testCase name="client view Status clickable" duration="92"/>
    <testCase name="client view Type clickable" duration="94"/>
    <testCase name="client view Clear filters clickable" duration="136"/>
    <testCase name="client view search" duration="93"/>
    <testCase name="checkbox and download checkbox and download are clickable in client view" duration="211"/>
    <testCase name="checkbox and download checkbox and download are clickable in internal view" duration="61"/>
    <testCase name="checkbox and download checkbox and download are clickable in client view and searched view" duration="166"/>
    <testCase name="Internal View Download click and checkbox Click table row clickable" duration="211"/>
    <testCase name="Internal View Download click for single invoice  api fail Click table row clickable" duration="185"/>
  </file>
  <file path="C:\Projects\New folder\Atlas-Payments-UI\src\layouts\views\InvoiceDetails\test\invoiceDetails.test.js">
    <testCase name="Invoice details tabs are working" duration="657"/>
    <testCase name="Invoice details download clickable " duration="272"/>
    <testCase name="Invoice details approve invoice clickable " duration="146"/>
    <testCase name="Invoice details publish notes" duration="180"/>
    <testCase name="Invoice details download file" duration="263"/>
    <testCase name="Invoice details delete file" duration="291"/>
    <testCase name="Invoice details Navigate with breadcrumbs" duration="269"/>
    <testCase name="Invoice details Decline invoice click on cancel button" duration="203"/>
    <testCase name="Invoice details Decline invoice onchange textarea and click on decline button" duration="148"/>
    <testCase name="Api returns transaction type = 7 Render Invoice Details" duration="83"/>
    <testCase name="Invoice details decline api fail case handling Decline invoice onchange textarea click on decline button failed api" duration="119"/>
    <testCase name="void test cases on Apprroved tabs are working" duration="167"/>
    <testCase name="void test cases on Apprroved Upload Api Failed tabs are working" duration="159"/>
    <testCase name="void test cases on Apprroved Create Api Failed tabs are working" duration="138"/>
    <testCase name="void test cases on Apprroved Void Api Failed tabs are working" duration="149"/>
    <testCase name="void test cases on Apprroved and click on cancel tabs are working" duration="116"/>
    <testCase name="api fail tabs are working" duration="16"/>
    <testCase name="delete test cases on AR Reveiew on true tabs are working" duration="100"/>
    <testCase name="delete test cases on AR Reveiew click on cancel button tabs are working" duration="103"/>
    <testCase name="delete test cases on AR Reveiew on false tabs are working" duration="93"/>
    <testCase name="delete test cases on AR Reveiew on api fail tabs are working" duration="86"/>
    <testCase name="Invoice details auto approve checkbox click approve invoice clickable " duration="85"/>
    <testCase name="Invoice details auto approve checkbox click api fail approve invoice clickable " duration="85"/>
  </file>
</testExecutions>