<?xml version="1.0" encoding="UTF-8"?>
<testExecutions version="1">
  <file path="C:\Projects\New folder\Atlas-Payments-UI\src\layouts\views\InvoiceDetails\test\invoiceDetails.test.js">
    <testCase name="Invoice details tabs are working" duration="983"/>
    <testCase name="Invoice details download clickable " duration="447"/>
    <testCase name="Invoice details approve invoice clickable " duration="212"/>
    <testCase name="Invoice details publish notes" duration="352"/>
    <testCase name="Invoice details download file" duration="419"/>
    <testCase name="Invoice details delete file" duration="356"/>
    <testCase name="Invoice details Navigate with breadcrumbs" duration="228"/>
    <testCase name="Invoice details Decline invoice click on cancel button" duration="248"/>
    <testCase name="Invoice details Decline invoice onchange textarea and click on decline button" duration="284"/>
    <testCase name="Api returns transaction type = 7 Render Invoice Details" duration="258"/>
    <testCase name="Invoice details decline api fail case handling Decline invoice onchange textarea click on decline button failed api" duration="378"/>
    <testCase name="void test cases on Apprroved tabs are working" duration="677"/>
    <testCase name="void test cases on Apprroved Upload Api Failed tabs are working" duration="701"/>
    <testCase name="void test cases on Apprroved Create Api Failed tabs are working" duration="568"/>
    <testCase name="void test cases on Apprroved Void Api Failed tabs are working" duration="292"/>
    <testCase name="void test cases on Apprroved and click on cancel tabs are working" duration="403"/>
    <testCase name="api fail tabs are working" duration="86"/>
    <testCase name="delete test cases on AR Reveiew on true  , and save invoice calander and po vaidehi ponum" duration="284"/>
    <testCase name="delete test cases on AR Reveiew on true  , and save invoice calander and po vaidehi invoice date" duration="206"/>
    <testCase name="delete test cases on AR Reveiew on true  , and save invoice calander and po tabs are working" duration="233"/>
    <testCase name="delete test cases on AR Reveiew on true  , and save invoice calander and po save invoice calander and po" duration="172"/>
    <testCase name="delete test cases on AR Reveiew click on cancel button tabs are working" duration="262"/>
    <testCase name="delete test cases on AR Reveiew on false tabs are working" duration="235"/>
    <testCase name="delete test cases on AR Reveiew on api fail tabs are working" duration="226"/>
    <testCase name="Invoice details auto approve checkbox click approve invoice clickable " duration="198"/>
    <testCase name="Invoice details auto approve checkbox click api fail approve invoice clickable " duration="196"/>
    <testCase name="Invoice details fee api fail tabs are working" duration="88"/>
    <testCase name="Invoice details invoice detail api fail tabs are working" duration="169"/>
    <testCase name="Invoice details lookup api fail tabs are working" duration="207"/>
    <testCase name="Invoice details countries api fail tabs are working" duration="67"/>
    <testCase name="Invoice details employeeBreakDown api fail download clickable " duration="295"/>
    <testCase name="Invoice details view change log click publish notes" duration="33"/>
    <testCase name="add payment button click test cases on Apprroved tabs are working" duration="147"/>
    <testCase name="delete employee on AR Review status api fail tabs are working" duration="291"/>
    <testCase name="delete employee on AR Review status tabs are working" duration="254"/>
    <testCase name="payment detail on partial paid tabs are working" duration="4253"/>
  </file>
</testExecutions>