<?xml version="1.0" encoding="UTF-8"?>
<testExecutions version="1">
  <file path="C:\Projects\Atlas-Payments-UI\src\App.test.tsx">
    <testCase name="renders learn react link" duration="100"/>
  </file>
  <file path="C:\Projects\Atlas-Payments-UI\src\layouts\views\InvoiceDetails\test\invoiceDetails.test.js">
    <testCase name="Invoice details tabs are working" duration="242"/>
  </file>
  <file path="C:\Projects\Atlas-Payments-UI\src\layouts\views\InvoiceListing\test\invoices.test.js">
    <testCase name="client view dropdowns clickable" duration="574"/>
    <testCase name="client view table row clickable" duration="112"/>
    <testCase name="renders without crashing" duration="7"/>
    <testCase name="Client View" duration="26"/>
    <testCase name="Internal View" duration="23"/>
    <testCase name="Enter token client" duration="20"/>
    <testCase name="Enter token internal" duration="40"/>
  </file>
</testExecutions>