<?xml version="1.0" encoding="UTF-8"?>
<testExecutions version="1">
  <file path="C:\Projects\New folder\Atlas-Payments-UI\src\layouts\views\InvoiceDetails\test\invoiceDetails.test.js">
    <testCase name="Invoice details tabs are working" duration="0"/>
    <testCase name="Invoice details download clickable " duration="0"/>
    <testCase name="Invoice details approve invoice clickable " duration="0"/>
    <testCase name="Invoice details publish notes" duration="0"/>
    <testCase name="Invoice details download file" duration="0"/>
    <testCase name="Invoice details delete file" duration="0"/>
    <testCase name="Invoice details Navigate with breadcrumbs" duration="0"/>
    <testCase name="Invoice details Decline invoice click on cancel button" duration="0"/>
    <testCase name="Invoice details Decline invoice onchange textarea and click on decline button" duration="0"/>
    <testCase name="Api returns transaction type = 7 Render Invoice Details" duration="0"/>
    <testCase name="Invoice details decline api fail case handling Decline invoice onchange textarea click on decline button failed api" duration="0"/>
    <testCase name="void test cases on Apprroved tabs are working" duration="0"/>
    <testCase name="void test cases on Apprroved Upload Api Failed tabs are working" duration="0"/>
    <testCase name="void test cases on Apprroved Create Api Failed tabs are working" duration="0"/>
    <testCase name="void test cases on Apprroved Void Api Failed tabs are working" duration="0"/>
    <testCase name="void test cases on Apprroved and click on cancel tabs are working" duration="0"/>
    <testCase name="api fail tabs are working" duration="0"/>
    <testCase name="delete test cases on AR Reveiew on true  , and save invoice calander and po tabs are working" duration="0"/>
    <testCase name="delete test cases on AR Reveiew on true  , and save invoice calander and po save invoice calander and po" duration="0"/>
    <testCase name="delete test cases on AR Reveiew on true  , and save invoice calander and po save invoice with value change" duration="1545"/>
    <testCase name="delete test cases on AR Reveiew click on cancel button tabs are working" duration="0"/>
    <testCase name="delete test cases on AR Reveiew on false tabs are working" duration="0"/>
    <testCase name="delete test cases on AR Reveiew on api fail tabs are working" duration="0"/>
    <testCase name="Invoice details auto approve checkbox click approve invoice clickable " duration="0"/>
    <testCase name="Invoice details auto approve checkbox click api fail approve invoice clickable " duration="0"/>
    <testCase name="Invoice details fee api fail tabs are working" duration="0"/>
    <testCase name="Invoice details invoice detail api fail tabs are working" duration="0"/>
    <testCase name="Invoice details lookup api fail tabs are working" duration="0"/>
    <testCase name="Invoice details countries api fail tabs are working" duration="0"/>
    <testCase name="Invoice details employeeBreakDown api fail download clickable " duration="0"/>
    <testCase name="Invoice details view change log click publish notes" duration="0"/>
  </file>
</testExecutions>