<?xml version="1.0" encoding="UTF-8"?>
<testExecutions version="1">
  <file path="C:\Projects\Atlas-Payments-UI\src\App.test.tsx">
    <testCase name="renders learn react link" duration="68"/>
  </file>
  <file path="C:\Projects\Atlas-Payments-UI\src\layouts\views\InvoiceDetails\test\invoiceDetails.test.js">
    <testCase name="Invoice details tabs are working" duration="600"/>
    <testCase name="Invoice details download clickable " duration="185"/>
    <testCase name="Invoice details approve invoice clickable " duration="115"/>
    <testCase name="Invoice details publish notes" duration="156"/>
    <testCase name="Invoice details download file" duration="106"/>
    <testCase name="Invoice details delete file" duration="116"/>
  </file>
  <file path="C:\Projects\Atlas-Payments-UI\src\layouts\views\InvoiceListing\test\invoices.test.js">
    <testCase name="client view Datepicker dropdowns clickoutside clickable" duration="452"/>
    <testCase name="client view Datepicker dropdowns today clickable" duration="173"/>
    <testCase name="client view Datepicker dropdowns Yesterday clickable" duration="159"/>
    <testCase name="client view Datepicker dropdowns This Week clickable" duration="86"/>
    <testCase name="client view Datepicker dropdowns This Month clickable" duration="109"/>
    <testCase name="client view Datepicker dropdowns This Quarter clickable" duration="85"/>
    <testCase name="client view Datepicker dropdowns This Year clickable" duration="91"/>
    <testCase name="client view Datepicker dropdowns date range clickable" duration="2764"/>
    <testCase name="client view table row clickable" duration="65"/>
    <testCase name="client view Status clickable" duration="75"/>
    <testCase name="client view Type clickable" duration="88"/>
    <testCase name="client view Clear filters clickable" duration="119"/>
    <testCase name="client view search" duration="97"/>
    <testCase name="checkbox and download checkbox and download are clickable in client view" duration="175"/>
    <testCase name="checkbox and download checkbox and download are clickable in internal view" duration="98"/>
    <testCase name="checkbox and download checkbox and download are clickable in client view and searched view" duration="115"/>
    <testCase name="Client View search intenal" duration="76"/>
    <testCase name="renders without crashing" duration="1"/>
    <testCase name="Client View" duration="16"/>
    <testCase name="Internal View" duration="19"/>
    <testCase name="Enter token client" duration="26"/>
  </file>
</testExecutions>