<?xml version="1.0" encoding="UTF-8"?>
<testExecutions version="1">
  <file path="/home/expandimo/Documents/Atlas-Payments-UI/src/layouts/views/InvoiceDetails/test/invoiceDetails.test.js">
    <testCase name="Invoice details tabs are working" duration="498"/>
    <testCase name="Invoice details download clickable " duration="253"/>
    <testCase name="Invoice details approve invoice clickable " duration="96"/>
    <testCase name="Invoice details publish notes" duration="117"/>
    <testCase name="Invoice details download file" duration="117"/>
    <testCase name="Invoice details delete file" duration="99"/>
    <testCase name="Invoice details Navigate with breadcrumbs" duration="83"/>
    <testCase name="Invoice details Decline invoice click on cancel button" duration="77"/>
    <testCase name="Invoice details Decline invoice onchange textarea and click on decline button" duration="96"/>
    <testCase name="Api returns transaction type = 7 Render Invoice Details" duration="63"/>
    <testCase name="Invoice details decline api fail case handling Decline invoice onchange textarea click on decline button failed api" duration="87"/>
    <testCase name="void test cases on Apprroved tabs are working" duration="115"/>
    <testCase name="void test cases on Apprroved Upload Api Failed tabs are working" duration="114"/>
    <testCase name="void test cases on Apprroved Create Api Failed tabs are working" duration="106"/>
    <testCase name="void test cases on Apprroved Void Api Failed tabs are working" duration="101"/>
    <testCase name="void test cases on Apprroved and click on cancel tabs are working" duration="91"/>
    <testCase name="api fail tabs are working" duration="16"/>
    <testCase name="delete test cases on AR Reveiew on true tabs are working" duration="93"/>
    <testCase name="delete test cases on AR Reveiew click on cancel button tabs are working" duration="72"/>
    <testCase name="delete test cases on AR Reveiew on false tabs are working" duration="72"/>
    <testCase name="delete test cases on AR Reveiew on api fail tabs are working" duration="79"/>
    <testCase name="Invoice details auto approve checkbox click approve invoice clickable " duration="74"/>
    <testCase name="Invoice details auto approve checkbox click api fail approve invoice clickable " duration="65"/>
    <testCase name="Invoice details fee api fail tabs are working" duration="11"/>
    <testCase name="Invoice details invoice detail api fail tabs are working" duration="43"/>
    <testCase name="Invoice details lookup api fail tabs are working" duration="8"/>
    <testCase name="Invoice details countries api fail tabs are working" duration="5"/>
    <testCase name="Invoice details employeeBreakDown api fail download clickable " duration="95"/>
    <testCase name="Invoice details view change log click publish notes" duration="181"/>
  </file>
</testExecutions>