<?xml version="1.0" encoding="UTF-8"?>
<testExecutions version="1">
  <file path="C:\Projects\New folder\Atlas-Payments-UI\src\layouts\views\BillsTable\test\BillsTable.test.js">
    <testCase name="Bills Table Render" duration="693"/>
  </file>
  <file path="C:\Projects\New folder\Atlas-Payments-UI\src\layouts\views\PaymentDetailPage\test\paymentDetailPage.test.js">
    <testCase name="Payment details page payment page breadcrumbs click" duration="714"/>
    <testCase name="Payment details page payment page" duration="1087"/>
  </file>
  <file path="C:\Projects\New folder\Atlas-Payments-UI\src\layouts\views\InvoiceListing\test\invoices.test.js">
    <testCase name="client view Datepicker dropdowns clickoutside clickable" duration="1214"/>
    <testCase name="client view Datepicker dropdowns today clickable" duration="988"/>
    <testCase name="client view Datepicker dropdowns Yesterday clickable" duration="477"/>
    <testCase name="client view Datepicker dropdowns This Week clickable" duration="431"/>
    <testCase name="client view Datepicker dropdowns This Month clickable" duration="378"/>
    <testCase name="client view Datepicker dropdowns This Quarter clickable" duration="370"/>
    <testCase name="client view Datepicker dropdowns This Year clickable" duration="410"/>
    <testCase name="client view table row clickable" duration="264"/>
    <testCase name="client view Customer Type clickable" duration="169"/>
    <testCase name="client view Status clickable" duration="446"/>
    <testCase name="client view Type clickable" duration="496"/>
    <testCase name="client view Clear filters clickable" duration="651"/>
    <testCase name="checkbox and download checkbox and download are clickable in client view" duration="735"/>
    <testCase name="checkbox and download checkbox and download are clickable in internal view" duration="272"/>
    <testCase name="checkbox and download checkbox and download are clickable in client view and searched view" duration="497"/>
    <testCase name="Internal View Download click and checkbox Click table row clickable" duration="722"/>
    <testCase name="Internal View Download click for single invoice  api fail Click table row clickable" duration="600"/>
  </file>
  <file path="C:\Projects\New folder\Atlas-Payments-UI\src\App.test.tsx">
    <testCase name="renders learn react link" duration="509"/>
  </file>
  <file path="C:\Projects\New folder\Atlas-Payments-UI\src\layouts\views\CreditMemoSummary\Test\creditMemoSummary.test.js">
    <testCase name="Credit Memo Summary Render CM" duration="1660"/>
    <testCase name="Credit Memo Summary Render CM with status = 2" duration="1836"/>
    <testCase name="Credit Memo Summary Render CM =&gt; delete a summary" duration="999"/>
    <testCase name="Credit Memo Summary Render CM =&gt; edit a summary" duration="1522"/>
    <testCase name="Credit Memo Summary Render CM =&gt; edit a summary" duration="1907"/>
    <testCase name="Credit Memo Summary Render CM =&gt; edit a summary" duration="1579"/>
    <testCase name="Credit Memo Summary Product Service" duration="371"/>
    <testCase name="Credit Memo Summary Enter description" duration="495"/>
    <testCase name="Credit Memo Summary Service Country" duration="345"/>
    <testCase name="Credit Memo Summary Render CM =&gt; edit a summary" duration="2409"/>
    <testCase name="Notes fail Render CM" duration="522"/>
  </file>
  <file path="C:\Projects\New folder\Atlas-Payments-UI\src\layouts\views\InvoiceDetails\test\invoiceDetails.test.js">
    <testCase name="Invoice details tabs are working" duration="2502"/>
    <testCase name="Invoice details download clickable " duration="1031"/>
    <testCase name="Invoice details approve invoice clickable " duration="421"/>
    <testCase name="Invoice details publish notes" duration="854"/>
    <testCase name="Invoice details download file" duration="1043"/>
    <testCase name="Invoice details delete file" duration="522"/>
    <testCase name="Invoice details Navigate with breadcrumbs" duration="409"/>
    <testCase name="Invoice details Decline invoice click on cancel button" duration="479"/>
    <testCase name="Invoice details Decline invoice onchange textarea and click on decline button" duration="417"/>
    <testCase name="Api returns transaction type = 7 Render Invoice Details" duration="299"/>
    <testCase name="Invoice details decline api fail case handling Decline invoice onchange textarea click on decline button failed api" duration="367"/>
    <testCase name="void test cases on Apprroved tabs are working" duration="672"/>
    <testCase name="void test cases on Apprroved Upload Api Failed tabs are working" duration="563"/>
    <testCase name="void test cases on Apprroved Create Api Failed tabs are working" duration="537"/>
    <testCase name="void test cases on Apprroved Void Api Failed tabs are working" duration="548"/>
    <testCase name="void test cases on Apprroved and click on cancel tabs are working" duration="480"/>
    <testCase name="api fail tabs are working" duration="55"/>
    <testCase name="delete test cases on AR Reveiew on true  , and save invoice calander and po tabs are working" duration="663"/>
    <testCase name="delete test cases on AR Reveiew on true  , and save invoice calander and po save invoice calander and po" duration="386"/>
    <testCase name="delete test cases on AR Reveiew click on cancel button tabs are working" duration="405"/>
    <testCase name="delete test cases on AR Reveiew on false tabs are working" duration="453"/>
    <testCase name="delete test cases on AR Reveiew on api fail tabs are working" duration="422"/>
    <testCase name="Invoice details auto approve checkbox click approve invoice clickable " duration="425"/>
    <testCase name="Invoice details auto approve checkbox click api fail approve invoice clickable " duration="487"/>
    <testCase name="Invoice details fee api fail tabs are working" duration="65"/>
    <testCase name="Invoice details invoice detail api fail tabs are working" duration="355"/>
    <testCase name="Invoice details lookup api fail tabs are working" duration="228"/>
    <testCase name="Invoice details countries api fail tabs are working" duration="57"/>
    <testCase name="Invoice details employeeBreakDown api fail download clickable " duration="539"/>
    <testCase name="Invoice details view change log click publish notes" duration="37"/>
  </file>
  <file path="C:\Projects\New folder\Atlas-Payments-UI\src\layouts\views\NewInvoice\test\index.test.js">
    <testCase name="New Invoice breadcumbs are working" duration="1275"/>
    <testCase name="New Invoice dropDown Value change stepper 1" duration="744"/>
    <testCase name="step one getCustomerSubscription api fail  dropDown Value change" duration="229"/>
    <testCase name="step one getCOuntry api fail dropDown Value change" duration="389"/>
    <testCase name="Stepper 2 dropDown Value change stepper 1 then stepper 2 click on  back button" duration="1011"/>
    <testCase name="Stepper 2 dropDown Value change stepper 1 then stepper 2 complete and next button then row click in select table data stepper 3 then finish " duration="1395"/>
    <testCase name="Stepper 2 show table click dropDown Value change stepper 1 then stepper 2 click on  " duration="505"/>
    <testCase name="Stepper 2 api fail dropDown Value change stepper 1 then stepper 2 complete and next button then row click in select table data   stepper 3 then finish " duration="703"/>
    <testCase name="Stepper 2 getEmployee exceptional error api fail   dropDown Value change stepper 1 then stepper 2 complete and next button then row click in select table data   stepper 3 then finish " duration="877"/>
    <testCase name="Stepper 2 getEmployee No Emplyee Error api fail   dropDown Value change stepper 1 then stepper 2 complete and next button then row click in select table data   stepper 3 then finish " duration="519"/>
    <testCase name="Stepper 3 dropDown Value change stepper 1 then stepper 2 complete and next button" duration="390"/>
    <testCase name="Stepper 3 dropDown Value change stepper 1 then stepper 2 click on  back button" duration="512"/>
    <testCase name="Stepper 3 dropDown Value change stepper 1 then stepper 2 complete and next button then row click in select table data stepper 3 then finish " duration="640"/>
    <testCase name="Stepper 3 invoice detail api fail dropDown Value change stepper 1 then stepper 2 complete and next button" duration="264"/>
    <testCase name="Stepper 3 invoice detail api fail dropDown Value change stepper 1 then stepper 2 click on  back button" duration="347"/>
    <testCase name="Stepper 3 invoice detail api fail dropDown Value change stepper 1 then stepper 2 complete and next button then row click in select table data   stepper 3 then finish " duration="481"/>
    <testCase name="Stepper 3 fee api fail dropDown Value change stepper 1 then stepper 2 click on  back button" duration="481"/>
    <testCase name="Stepper 3 fee api fail dropDown Value change stepper 1 then stepper 2 complete and next button then row click in select table data   stepper 3 then finish " duration="476"/>
    <testCase name="Stepper 3 address api fail dropDown Value change stepper 1 then stepper 2 complete and next button" duration="313"/>
    <testCase name="Stepper 3 address api fail dropDown Value change stepper 1 then stepper 2 click on  back button" duration="396"/>
    <testCase name="Stepper 3 address api fail dropDown Value change stepper 1 then stepper 2 complete and next button then row click in select table data   stepper 3 then finish " duration="490"/>
    <testCase name="Stepper 3 country api fail dropDown Value change stepper 1 then stepper 2 complete and next button" duration="328"/>
    <testCase name="Stepper 3 country api fail dropDown Value change stepper 1 then stepper 2 click on  back button" duration="404"/>
    <testCase name="Stepper 3 country api fail dropDown Value change stepper 1 then stepper 2 complete and next button then row click in select table data   stepper 3 then finish " duration="487"/>
    <testCase name="New Invoice for Proforma  breadcumbs are working" duration="120"/>
    <testCase name="New Invoice for Proforma  dropDown Value change stepper 1" duration="8615"/>
    <testCase name="step one Proforma getCustomer api fail  dropDown Value change" duration="94"/>
    <testCase name="New Invoice for Miscellaneous  breadcumbs are working" duration="115"/>
    <testCase name="New Invoice for Miscellaneous  dropDown Value change stepper 1" duration="20408"/>
    <testCase name="Stepper for Credit Memo  1, 2 and 3  dropDown Value change stepper 1 then stepper 2 complete and next button for credit memo" duration="16552"/>
    <testCase name="Stepper for Credit Memo  1, 2 and 3 api country fail  dropDown Value change stepper 1 then stepper 2 country api fail" duration="14211"/>
    <testCase name="Invoice preview Pop final stepper" duration="13"/>
    <testCase name="Invoice preview Pop Preview Invoice" duration="27"/>
    <testCase name="final stepper final stepper" duration="16"/>
    <testCase name="final stepper with 201 status code final stepper" duration="9"/>
  </file>
</testExecutions>