<?xml version="1.0" encoding="UTF-8"?>
<testExecutions version="1">
  <file path="C:\Projects\Atlas-Payments-UI\src\layouts\views\BillsTable\test\BillsTable.test.js">
    <testCase name="Bills Table Render" duration="262"/>
  </file>
  <file path="C:\Projects\Atlas-Payments-UI\src\App.test.tsx">
    <testCase name="renders learn react link" duration="57"/>
  </file>
  <file path="C:\Projects\Atlas-Payments-UI\src\layouts\views\InvoiceDetails\test\invoiceDetails.test.js">
    <testCase name="Invoice details tabs are working" duration="915"/>
    <testCase name="Invoice details download clickable " duration="261"/>
    <testCase name="Invoice details approve invoice clickable " duration="190"/>
    <testCase name="Invoice details publish notes" duration="180"/>
    <testCase name="Invoice details download file" duration="237"/>
    <testCase name="Invoice details delete file" duration="171"/>
    <testCase name="Invoice details Navigate with breadcrumbs" duration="150"/>
    <testCase name="Api returns transaction type = 7 Render Invoice Details" duration="87"/>
  </file>
  <file path="C:\Projects\Atlas-Payments-UI\src\layouts\views\InvoiceListing\test\invoices.test.js">
    <testCase name="client view Datepicker dropdowns clickoutside clickable" duration="498"/>
    <testCase name="client view Datepicker dropdowns today clickable" duration="179"/>
    <testCase name="client view Datepicker dropdowns Yesterday clickable" duration="154"/>
    <testCase name="client view Datepicker dropdowns This Week clickable" duration="131"/>
    <testCase name="client view Datepicker dropdowns This Month clickable" duration="276"/>
    <testCase name="client view Datepicker dropdowns This Quarter clickable" duration="281"/>
    <testCase name="client view Datepicker dropdowns This Year clickable" duration="162"/>
    <testCase name="client view Datepicker dropdowns date range clickable" duration="4407"/>
    <testCase name="client view table row clickable" duration="143"/>
    <testCase name="client view Status clickable" duration="115"/>
    <testCase name="client view Type clickable" duration="221"/>
    <testCase name="client view Clear filters clickable" duration="154"/>
    <testCase name="client view search" duration="110"/>
    <testCase name="checkbox and download checkbox and download are clickable in client view" duration="255"/>
    <testCase name="checkbox and download checkbox and download are clickable in internal view" duration="271"/>
    <testCase name="checkbox and download checkbox and download are clickable in client view and searched view" duration="158"/>
    <testCase name="Client View search intenal" duration="108"/>
    <testCase name="renders without crashing" duration="2"/>
    <testCase name="Client View" duration="19"/>
    <testCase name="Internal View" duration="23"/>
    <testCase name="Enter token client" duration="45"/>
  </file>
</testExecutions>