<?xml version="1.0" encoding="UTF-8"?>
<testExecutions version="1">
  <file path="C:\Projects\New folder\Atlas-Payments-UI\src\layouts\views\BillsTable\test\BillsTable.test.js">
    <testCase name="Bills Table Render" duration="381"/>
  </file>
  <file path="C:\Projects\New folder\Atlas-Payments-UI\src\App.test.tsx">
    <testCase name="renders learn react link" duration="355"/>
  </file>
  <file path="C:\Projects\New folder\Atlas-Payments-UI\src\layouts\views\InvoiceListing\test\invoices.test.js">
    <testCase name="client view Datepicker dropdowns clickoutside clickable" duration="742"/>
    <testCase name="client view Datepicker dropdowns today clickable" duration="665"/>
    <testCase name="client view Datepicker dropdowns Yesterday clickable" duration="396"/>
    <testCase name="client view Datepicker dropdowns This Week clickable" duration="306"/>
    <testCase name="client view Datepicker dropdowns This Month clickable" duration="277"/>
    <testCase name="client view Datepicker dropdowns This Quarter clickable" duration="253"/>
    <testCase name="client view Datepicker dropdowns This Year clickable" duration="258"/>
    <testCase name="client view table row clickable" duration="173"/>
    <testCase name="client view Customer Type clickable" duration="113"/>
    <testCase name="client view Status clickable" duration="244"/>
    <testCase name="client view Type clickable" duration="228"/>
    <testCase name="client view Clear filters clickable" duration="275"/>
    <testCase name="checkbox and download checkbox and download are clickable in client view" duration="360"/>
    <testCase name="checkbox and download checkbox and download are clickable in internal view" duration="154"/>
    <testCase name="checkbox and download checkbox and download are clickable in client view and searched view" duration="300"/>
    <testCase name="Internal View Download click and checkbox Click table row clickable" duration="373"/>
    <testCase name="Internal View Download click for single invoice  api fail Click table row clickable" duration="320"/>
  </file>
  <file path="C:\Projects\New folder\Atlas-Payments-UI\src\layouts\views\CreditMemoSummary\Test\creditMemoSummary.test.js">
    <testCase name="Credit Memo Summary Render CM" duration="1003"/>
    <testCase name="Credit Memo Summary Render CM with status = 2" duration="1334"/>
    <testCase name="Credit Memo Summary Render CM =&gt; delete a summary" duration="677"/>
    <testCase name="Credit Memo Summary Render CM =&gt; edit a summary" duration="921"/>
    <testCase name="Credit Memo Summary Render CM =&gt; edit a summary" duration="806"/>
    <testCase name="Credit Memo Summary Render CM =&gt; edit a summary" duration="850"/>
    <testCase name="Credit Memo Summary Product Service" duration="207"/>
    <testCase name="Credit Memo Summary Enter description" duration="246"/>
    <testCase name="Credit Memo Summary Service Country" duration="202"/>
    <testCase name="Credit Memo Summary Render CM =&gt; edit a summary" duration="1402"/>
    <testCase name="Notes fail Render CM" duration="156"/>
  </file>
  <file path="C:\Projects\New folder\Atlas-Payments-UI\src\layouts\views\InvoiceDetails\test\invoiceDetails.test.js">
    <testCase name="Invoice details tabs are working" duration="1657"/>
    <testCase name="Invoice details download clickable " duration="575"/>
    <testCase name="Invoice details approve invoice clickable " duration="271"/>
    <testCase name="Invoice details publish notes" duration="368"/>
    <testCase name="Invoice details download file" duration="431"/>
    <testCase name="Invoice details delete file" duration="318"/>
    <testCase name="Invoice details Navigate with breadcrumbs" duration="330"/>
    <testCase name="Invoice details Decline invoice click on cancel button" duration="326"/>
    <testCase name="Invoice details Decline invoice onchange textarea and click on decline button" duration="572"/>
    <testCase name="Api returns transaction type = 7 Render Invoice Details" duration="259"/>
    <testCase name="Invoice details decline api fail case handling Decline invoice onchange textarea click on decline button failed api" duration="278"/>
    <testCase name="void test cases on Apprroved tabs are working" duration="533"/>
    <testCase name="void test cases on Apprroved Upload Api Failed tabs are working" duration="549"/>
    <testCase name="void test cases on Apprroved Create Api Failed tabs are working" duration="375"/>
    <testCase name="void test cases on Apprroved Void Api Failed tabs are working" duration="305"/>
    <testCase name="void test cases on Apprroved and click on cancel tabs are working" duration="253"/>
    <testCase name="api fail tabs are working" duration="27"/>
    <testCase name="delete test cases on AR Reveiew on true  , and save invoice calander and po tabs are working" duration="548"/>
    <testCase name="delete test cases on AR Reveiew on true  , and save invoice calander and po save invoice calander and po" duration="181"/>
    <testCase name="delete test cases on AR Reveiew click on cancel button tabs are working" duration="196"/>
    <testCase name="delete test cases on AR Reveiew on false tabs are working" duration="174"/>
    <testCase name="delete test cases on AR Reveiew on api fail tabs are working" duration="177"/>
    <testCase name="Invoice details auto approve checkbox click approve invoice clickable " duration="181"/>
    <testCase name="Invoice details auto approve checkbox click api fail approve invoice clickable " duration="176"/>
    <testCase name="Invoice details fee api fail tabs are working" duration="22"/>
    <testCase name="Invoice details invoice detail api fail tabs are working" duration="132"/>
    <testCase name="Invoice details lookup api fail tabs are working" duration="124"/>
    <testCase name="Invoice details countries api fail tabs are working" duration="29"/>
    <testCase name="Invoice details employeeBreakDown api fail download clickable " duration="292"/>
    <testCase name="Invoice details view change log click publish notes" duration="17"/>
    <testCase name="add payment button click test cases on Apprroved tabs are working" duration="157"/>
  </file>
  <file path="C:\Projects\New folder\Atlas-Payments-UI\src\layouts\views\PaymentDetailPage\test\paymentDetailPage.test.js">
    <testCase name="Payment details page multiple save multiple" duration="6074"/>
    <testCase name="Payment details page multiple payment page breadcrumbs click" duration="271"/>
    <testCase name="single paymwnt save single" duration="3315"/>
    <testCase name="Payment details page lookup and subscription lookup api fail payment page" duration="59"/>
  </file>
  <file path="C:\Projects\New folder\Atlas-Payments-UI\src\layouts\views\NewInvoice\test\index.test.js">
    <testCase name="New Invoice breadcumbs are working" duration="519"/>
    <testCase name="New Invoice dropDown Value change stepper 1" duration="533"/>
    <testCase name="step one getCustomerSubscription api fail  dropDown Value change" duration="153"/>
    <testCase name="step one getCOuntry api fail dropDown Value change" duration="230"/>
    <testCase name="Stepper 2 dropDown Value change stepper 1 then stepper 2 click on  back button" duration="581"/>
    <testCase name="Stepper 2 dropDown Value change stepper 1 then stepper 2 complete and next button then row click in select table data stepper 3 then finish " duration="839"/>
    <testCase name="Stepper 2 show table click dropDown Value change stepper 1 then stepper 2 click on  " duration="339"/>
    <testCase name="Stepper 2 api fail dropDown Value change stepper 1 then stepper 2 complete and next button then row click in select table data   stepper 3 then finish " duration="353"/>
    <testCase name="Stepper 2 getEmployee exceptional error api fail   dropDown Value change stepper 1 then stepper 2 complete and next button then row click in select table data   stepper 3 then finish " duration="302"/>
    <testCase name="Stepper 2 getEmployee No Emplyee Error api fail   dropDown Value change stepper 1 then stepper 2 complete and next button then row click in select table data   stepper 3 then finish " duration="246"/>
    <testCase name="Stepper 3 dropDown Value change stepper 1 then stepper 2 complete and next button" duration="242"/>
    <testCase name="Stepper 3 dropDown Value change stepper 1 then stepper 2 click on  back button" duration="286"/>
    <testCase name="Stepper 3 dropDown Value change stepper 1 then stepper 2 complete and next button then row click in select table data stepper 3 then finish " duration="480"/>
    <testCase name="Stepper 3 invoice detail api fail dropDown Value change stepper 1 then stepper 2 complete and next button" duration="189"/>
    <testCase name="Stepper 3 invoice detail api fail dropDown Value change stepper 1 then stepper 2 click on  back button" duration="634"/>
    <testCase name="Stepper 3 invoice detail api fail dropDown Value change stepper 1 then stepper 2 complete and next button then row click in select table data   stepper 3 then finish " duration="409"/>
    <testCase name="Stepper 3 fee api fail dropDown Value change stepper 1 then stepper 2 click on  back button" duration="266"/>
    <testCase name="Stepper 3 fee api fail dropDown Value change stepper 1 then stepper 2 complete and next button then row click in select table data   stepper 3 then finish " duration="307"/>
    <testCase name="Stepper 3 address api fail dropDown Value change stepper 1 then stepper 2 complete and next button" duration="185"/>
    <testCase name="Stepper 3 address api fail dropDown Value change stepper 1 then stepper 2 click on  back button" duration="260"/>
    <testCase name="Stepper 3 address api fail dropDown Value change stepper 1 then stepper 2 complete and next button then row click in select table data   stepper 3 then finish " duration="402"/>
    <testCase name="Stepper 3 country api fail dropDown Value change stepper 1 then stepper 2 complete and next button" duration="146"/>
    <testCase name="Stepper 3 country api fail dropDown Value change stepper 1 then stepper 2 click on  back button" duration="178"/>
    <testCase name="Stepper 3 country api fail dropDown Value change stepper 1 then stepper 2 complete and next button then row click in select table data   stepper 3 then finish " duration="187"/>
    <testCase name="New Invoice for Proforma  breadcumbs are working" duration="43"/>
    <testCase name="New Invoice for Proforma  dropDown Value change stepper 1" duration="4707"/>
    <testCase name="step one Proforma getCustomer api fail  dropDown Value change" duration="43"/>
    <testCase name="New Invoice for Miscellaneous  breadcumbs are working" duration="43"/>
    <testCase name="New Invoice for Miscellaneous  dropDown Value change stepper 1" duration="6700"/>
    <testCase name="Stepper for Credit Memo  1, 2 and 3  dropDown Value change stepper 1 then stepper 2 complete and next button for credit memo" duration="6127"/>
    <testCase name="Stepper for Credit Memo  1, 2 and 3 api country fail  dropDown Value change stepper 1 then stepper 2 country api fail" duration="6133"/>
    <testCase name="Invoice preview Pop final stepper" duration="7"/>
    <testCase name="Invoice preview Pop Preview Invoice" duration="11"/>
    <testCase name="final stepper final stepper" duration="5"/>
    <testCase name="final stepper with 201 status code final stepper" duration="3"/>
  </file>
</testExecutions>