<?xml version="1.0" encoding="UTF-8"?>
<testExecutions version="1">
  <file path="C:\Projects\New folder\Atlas-Payments-UI\src\layouts\views\BillsTable\test\BillsTable.test.js">
    <testCase name="Bills Table Render" duration="495"/>
  </file>
  <file path="C:\Projects\New folder\Atlas-Payments-UI\src\App.test.tsx">
    <testCase name="renders learn react link" duration="485"/>
  </file>
  <file path="C:\Projects\New folder\Atlas-Payments-UI\src\layouts\views\InvoiceListing\test\invoices.test.js">
    <testCase name="client view Datepicker dropdowns clickoutside clickable" duration="954"/>
    <testCase name="client view Datepicker dropdowns today clickable" duration="401"/>
    <testCase name="client view Datepicker dropdowns Yesterday clickable" duration="394"/>
    <testCase name="client view Datepicker dropdowns This Week clickable" duration="253"/>
    <testCase name="client view Datepicker dropdowns This Month clickable" duration="314"/>
    <testCase name="client view Datepicker dropdowns This Quarter clickable" duration="252"/>
    <testCase name="client view Datepicker dropdowns This Year clickable" duration="192"/>
    <testCase name="client view table row clickable" duration="183"/>
    <testCase name="client view Status clickable" duration="242"/>
    <testCase name="client view Type clickable" duration="251"/>
    <testCase name="client view Clear filters clickable" duration="270"/>
    <testCase name="client view search" duration="236"/>
    <testCase name="checkbox and download checkbox and download are clickable in client view" duration="527"/>
    <testCase name="checkbox and download checkbox and download are clickable in internal view" duration="177"/>
    <testCase name="checkbox and download checkbox and download are clickable in client view and searched view" duration="426"/>
    <testCase name="Internal View Download click and checkbox Click table row clickable" duration="610"/>
    <testCase name="Internal View Download click for single invoice  api fail Click table row clickable" duration="417"/>
  </file>
  <file path="C:\Projects\New folder\Atlas-Payments-UI\src\layouts\views\CreditMemoSummary\Test\creditMemoSummary.test.js">
    <testCase name="Credit Memo Summary Render CM" duration="1379"/>
    <testCase name="Credit Memo Summary Render CM with status = 2" duration="1614"/>
    <testCase name="Credit Memo Summary Render CM =&gt; delete a summary" duration="826"/>
    <testCase name="Credit Memo Summary Render CM =&gt; edit a summary" duration="966"/>
    <testCase name="Credit Memo Summary Render CM =&gt; edit a summary" duration="1016"/>
    <testCase name="Credit Memo Summary Render CM =&gt; edit a summary" duration="960"/>
    <testCase name="Credit Memo Summary Render CM =&gt; edit a summary" duration="1682"/>
    <testCase name="Notes fail Render CM" duration="400"/>
  </file>
  <file path="C:\Projects\New folder\Atlas-Payments-UI\src\layouts\views\InvoiceDetails\test\invoiceDetails.test.js">
    <testCase name="Invoice details tabs are working" duration="1805"/>
    <testCase name="Invoice details download clickable " duration="872"/>
    <testCase name="Invoice details approve invoice clickable " duration="342"/>
    <testCase name="Invoice details publish notes" duration="497"/>
    <testCase name="Invoice details download file" duration="459"/>
    <testCase name="Invoice details delete file" duration="371"/>
    <testCase name="Invoice details Navigate with breadcrumbs" duration="397"/>
    <testCase name="Invoice details Decline invoice click on cancel button" duration="314"/>
    <testCase name="Invoice details Decline invoice onchange textarea and click on decline button" duration="447"/>
    <testCase name="Api returns transaction type = 7 Render Invoice Details" duration="251"/>
    <testCase name="Invoice details decline api fail case handling Decline invoice onchange textarea click on decline button failed api" duration="368"/>
    <testCase name="void test cases on Apprroved tabs are working" duration="517"/>
    <testCase name="void test cases on Apprroved Upload Api Failed tabs are working" duration="742"/>
    <testCase name="void test cases on Apprroved Create Api Failed tabs are working" duration="604"/>
    <testCase name="void test cases on Apprroved Void Api Failed tabs are working" duration="479"/>
    <testCase name="void test cases on Apprroved and click on cancel tabs are working" duration="486"/>
    <testCase name="api fail tabs are working" duration="46"/>
    <testCase name="delete test cases on AR Reveiew on true tabs are working" duration="240"/>
    <testCase name="delete test cases on AR Reveiew click on cancel button tabs are working" duration="239"/>
    <testCase name="delete test cases on AR Reveiew on false tabs are working" duration="190"/>
    <testCase name="delete test cases on AR Reveiew on api fail tabs are working" duration="215"/>
    <testCase name="Invoice details auto approve checkbox click approve invoice clickable " duration="189"/>
    <testCase name="Invoice details auto approve checkbox click api fail approve invoice clickable " duration="185"/>
    <testCase name="Invoice details fee api fail tabs are working" duration="26"/>
    <testCase name="Invoice details invoice detail api fail tabs are working" duration="23"/>
    <testCase name="Invoice details lookup api fail tabs are working" duration="21"/>
    <testCase name="Invoice details countries api fail tabs are working" duration="19"/>
    <testCase name="Invoice details employeeBreakDown api fail download clickable " duration="259"/>
  </file>
  <file path="C:\Projects\New folder\Atlas-Payments-UI\src\layouts\views\NewInvoice\test\index.test.js">
    <testCase name="New Invoice breadcumbs are working" duration="405"/>
    <testCase name="New Invoice dropDown Value change stepper 1" duration="523"/>
    <testCase name="step one getCustomer api fail  dropDown Value change" duration="360"/>
    <testCase name="step one getCOuntry api fail dropDown Value change" duration="157"/>
    <testCase name="Stepper 2 dropDown Value change stepper 1 then stepper 2 complete and next button" duration="635"/>
    <testCase name="Stepper 2 dropDown Value change stepper 1 then stepper 2 click on  back button" duration="480"/>
    <testCase name="Stepper 2 dropDown Value change stepper 1 then stepper 2 complete and next button then row click in select table data stepper 3 then finish " duration="988"/>
    <testCase name="Stepper 2 show table click dropDown Value change stepper 1 then stepper 2 click on  " duration="403"/>
    <testCase name="Stepper 2 api fail dropDown Value change stepper 1 then stepper 2 complete and next button then row click in select table data   stepper 3 then finish " duration="509"/>
    <testCase name="Stepper 2 getEmployee exceptional error api fail   dropDown Value change stepper 1 then stepper 2 complete and next button then row click in select table data   stepper 3 then finish " duration="365"/>
    <testCase name="Stepper 2 getEmployee No Emplyee Error api fail   dropDown Value change stepper 1 then stepper 2 complete and next button then row click in select table data   stepper 3 then finish " duration="253"/>
    <testCase name="Stepper 3 dropDown Value change stepper 1 then stepper 2 complete and next button" duration="276"/>
    <testCase name="Stepper 3 dropDown Value change stepper 1 then stepper 2 click on  back button" duration="397"/>
    <testCase name="Stepper 3 dropDown Value change stepper 1 then stepper 2 complete and next button then row click in select table data stepper 3 then finish " duration="953"/>
    <testCase name="Stepper 3 invoice detail api fail dropDown Value change stepper 1 then stepper 2 complete and next button" duration="377"/>
    <testCase name="Stepper 3 invoice detail api fail dropDown Value change stepper 1 then stepper 2 click on  back button" duration="494"/>
    <testCase name="Stepper 3 invoice detail api fail dropDown Value change stepper 1 then stepper 2 complete and next button then row click in select table data   stepper 3 then finish " duration="472"/>
    <testCase name="Stepper 3 fee api fail dropDown Value change stepper 1 then stepper 2 click on  back button" duration="410"/>
    <testCase name="Stepper 3 fee api fail dropDown Value change stepper 1 then stepper 2 complete and next button then row click in select table data   stepper 3 then finish " duration="352"/>
    <testCase name="Stepper 3 address api fail dropDown Value change stepper 1 then stepper 2 complete and next button" duration="202"/>
    <testCase name="Stepper 3 address api fail dropDown Value change stepper 1 then stepper 2 click on  back button" duration="244"/>
    <testCase name="Stepper 3 address api fail dropDown Value change stepper 1 then stepper 2 complete and next button then row click in select table data   stepper 3 then finish " duration="306"/>
    <testCase name="Stepper 3 country api fail dropDown Value change stepper 1 then stepper 2 complete and next button" duration="173"/>
    <testCase name="Stepper 3 country api fail dropDown Value change stepper 1 then stepper 2 click on  back button" duration="216"/>
    <testCase name="Stepper 3 country api fail dropDown Value change stepper 1 then stepper 2 complete and next button then row click in select table data   stepper 3 then finish " duration="225"/>
    <testCase name="New Invoice for Proforma  breadcumbs are working" duration="61"/>
    <testCase name="New Invoice for Proforma  dropDown Value change stepper 1" duration="4359"/>
    <testCase name="New Invoice for Miscellaneous  breadcumbs are working" duration="98"/>
    <testCase name="New Invoice for Miscellaneous  dropDown Value change stepper 1" duration="7688"/>
    <testCase name="Stepper for Credit Memo  1, 2 and 3  dropDown Value change stepper 1 then stepper 2 complete and next button for credit memo" duration="7506"/>
    <testCase name="final stepper final stepper" duration="7"/>
  </file>
</testExecutions>