<?xml version="1.0" encoding="UTF-8"?>
<testExecutions version="1">
  <file path="C:\Projects\New folder\Atlas-Payments-UI\src\layouts\views\BillsTable\test\BillsTable.test.js">
    <testCase name="Bills Table Render" duration="383"/>
  </file>
  <file path="C:\Projects\New folder\Atlas-Payments-UI\src\layouts\views\NewInvoice\test\index.test.js">
    <testCase name="New Invoice breadcumbs are working" duration="225"/>
    <testCase name="New Invoice dropDown Value change stepper 1" duration="361"/>
    <testCase name="step one getCustomer api fail  dropDown Value change" duration="104"/>
    <testCase name="step one getCOuntry api fail dropDown Value change" duration="99"/>
    <testCase name="Stepper 2 dropDown Value change stepper 1 then stepper 2 complete and next button" duration="294"/>
    <testCase name="Stepper 2 dropDown Value change stepper 1 then stepper 2 click on  back button" duration="386"/>
    <testCase name="Stepper 2 show table click dropDown Value change stepper 1 then stepper 2 click on  " duration="297"/>
  </file>
  <file path="C:\Projects\New folder\Atlas-Payments-UI\src\App.test.tsx">
    <testCase name="renders learn react link" duration="54"/>
  </file>
  <file path="C:\Projects\New folder\Atlas-Payments-UI\src\layouts\views\InvoiceListing\test\invoices.test.js">
    <testCase name="client view Datepicker dropdowns clickoutside clickable" duration="543"/>
    <testCase name="client view Datepicker dropdowns today clickable" duration="306"/>
    <testCase name="client view Datepicker dropdowns Yesterday clickable" duration="278"/>
    <testCase name="client view Datepicker dropdowns This Week clickable" duration="209"/>
    <testCase name="client view Datepicker dropdowns This Month clickable" duration="271"/>
    <testCase name="client view Datepicker dropdowns This Quarter clickable" duration="194"/>
    <testCase name="client view Datepicker dropdowns This Year clickable" duration="146"/>
    <testCase name="client view table row clickable" duration="115"/>
    <testCase name="client view Status clickable" duration="147"/>
    <testCase name="client view Type clickable" duration="128"/>
    <testCase name="client view Clear filters clickable" duration="153"/>
    <testCase name="client view search" duration="89"/>
    <testCase name="checkbox and download checkbox and download are clickable in client view" duration="225"/>
    <testCase name="checkbox and download checkbox and download are clickable in internal view" duration="152"/>
    <testCase name="checkbox and download checkbox and download are clickable in client view and searched view" duration="158"/>
    <testCase name="Client View search intenal" duration="164"/>
    <testCase name="renders without crashing" duration="2"/>
    <testCase name="Client View" duration="20"/>
    <testCase name="Internal View" duration="39"/>
    <testCase name="Enter token client" duration="32"/>
  </file>
  <file path="C:\Projects\New folder\Atlas-Payments-UI\src\layouts\views\InvoiceDetails\test\invoiceDetails.test.js">
    <testCase name="Invoice details tabs are working" duration="687"/>
    <testCase name="Invoice details download clickable " duration="277"/>
    <testCase name="Invoice details approve invoice clickable " duration="219"/>
    <testCase name="Invoice details publish notes" duration="501"/>
    <testCase name="Invoice details download file" duration="389"/>
    <testCase name="Invoice details delete file" duration="125"/>
    <testCase name="Invoice details Navigate with breadcrumbs" duration="100"/>
    <testCase name="Invoice details Decline invoice click on cancel button" duration="107"/>
    <testCase name="Invoice details Decline invoice onchange textarea and click on decline button" duration="123"/>
    <testCase name="Api returns transaction type = 7 Render Invoice Details" duration="83"/>
    <testCase name="Invoice details decline api fail case handling Decline invoice onchange textarea click on decline button failed api" duration="118"/>
    <testCase name="void test cases on Apprroved tabs are working" duration="158"/>
    <testCase name="void test cases on Apprroved Upload Api Failed tabs are working" duration="162"/>
    <testCase name="void test cases on Apprroved Create Api Failed tabs are working" duration="138"/>
    <testCase name="void test cases on Apprroved Void Api Failed tabs are working" duration="145"/>
    <testCase name="void test cases on Apprroved and click on cancel tabs are working" duration="111"/>
    <testCase name="api fail tabs are working" duration="18"/>
    <testCase name="delete test cases on AR Reveiew on true tabs are working" duration="80"/>
    <testCase name="delete test cases on AR Reveiew on false tabs are working" duration="83"/>
    <testCase name="delete test cases on AR Reveiew on api fail tabs are working" duration="86"/>
  </file>
</testExecutions>