<?xml version="1.0" encoding="UTF-8"?>
<testExecutions version="1">
  <file path="D:\Thinkpalm\Atlas-Payments-UI\src\layouts\views\BillsTable\test\BillsTable.test.js">
    <testCase name="Bills Table Render" duration="246"/>
  </file>
  <file path="D:\Thinkpalm\Atlas-Payments-UI\src\layouts\views\CreditMemoSummary\Test\creditMemoSummary.test.js">
    <testCase name="Credit Memo Summary Render CM" duration="342"/>
    <testCase name="Notes fail Render CM" duration="84"/>
  </file>
  <file path="D:\Thinkpalm\Atlas-Payments-UI\src\App.test.tsx">
    <testCase name="renders learn react link" duration="202"/>
  </file>
  <file path="D:\Thinkpalm\Atlas-Payments-UI\src\layouts\views\InvoiceListing\test\invoices.test.js">
    <testCase name="client view Datepicker dropdowns clickoutside clickable" duration="392"/>
    <testCase name="client view Datepicker dropdowns today clickable" duration="174"/>
    <testCase name="client view Datepicker dropdowns Yesterday clickable" duration="145"/>
    <testCase name="client view Datepicker dropdowns This Week clickable" duration="128"/>
    <testCase name="client view Datepicker dropdowns This Month clickable" duration="95"/>
    <testCase name="client view Datepicker dropdowns This Quarter clickable" duration="102"/>
    <testCase name="client view Datepicker dropdowns This Year clickable" duration="101"/>
    <testCase name="client view table row clickable" duration="78"/>
    <testCase name="client view Status clickable" duration="101"/>
    <testCase name="client view Type clickable" duration="80"/>
    <testCase name="client view Clear filters clickable" duration="142"/>
    <testCase name="client view search" duration="84"/>
    <testCase name="checkbox and download checkbox and download are clickable in client view" duration="185"/>
    <testCase name="checkbox and download checkbox and download are clickable in internal view" duration="67"/>
    <testCase name="checkbox and download checkbox and download are clickable in client view and searched view" duration="145"/>
    <testCase name="Internal View Download click and checkbox Click table row clickable" duration="181"/>
    <testCase name="Internal View Download click for single invoice  api fail Click table row clickable" duration="162"/>
  </file>
  <file path="D:\Thinkpalm\Atlas-Payments-UI\src\layouts\views\InvoiceDetails\test\invoiceDetails.test.js">
    <testCase name="Invoice details tabs are working" duration="679"/>
    <testCase name="Invoice details download clickable " duration="267"/>
    <testCase name="Invoice details approve invoice clickable " duration="150"/>
    <testCase name="Invoice details publish notes" duration="181"/>
    <testCase name="Invoice details download file" duration="187"/>
    <testCase name="Invoice details delete file" duration="143"/>
    <testCase name="Invoice details Navigate with breadcrumbs" duration="126"/>
    <testCase name="Invoice details Decline invoice click on cancel button" duration="117"/>
    <testCase name="Invoice details Decline invoice onchange textarea and click on decline button" duration="135"/>
    <testCase name="Api returns transaction type = 7 Render Invoice Details" duration="121"/>
    <testCase name="Invoice details decline api fail case handling Decline invoice onchange textarea click on decline button failed api" duration="142"/>
    <testCase name="void test cases on Apprroved tabs are working" duration="277"/>
    <testCase name="void test cases on Apprroved Upload Api Failed tabs are working" duration="214"/>
    <testCase name="void test cases on Apprroved Create Api Failed tabs are working" duration="154"/>
    <testCase name="void test cases on Apprroved Void Api Failed tabs are working" duration="140"/>
    <testCase name="void test cases on Apprroved and click on cancel tabs are working" duration="123"/>
    <testCase name="api fail tabs are working" duration="18"/>
    <testCase name="delete test cases on AR Reveiew on true tabs are working" duration="91"/>
    <testCase name="delete test cases on AR Reveiew click on cancel button tabs are working" duration="98"/>
    <testCase name="delete test cases on AR Reveiew on false tabs are working" duration="92"/>
    <testCase name="delete test cases on AR Reveiew on api fail tabs are working" duration="89"/>
    <testCase name="Invoice details auto approve checkbox click approve invoice clickable " duration="95"/>
    <testCase name="Invoice details auto approve checkbox click api fail approve invoice clickable " duration="97"/>
  </file>
  <file path="D:\Thinkpalm\Atlas-Payments-UI\src\layouts\views\NewInvoice\test\index.test.js">
    <testCase name="New Invoice breadcumbs are working" duration="280">
      <failure message="Error: Request failed with status code 404"><![CDATA[Error: Request failed with status code 404
    at createAxiosError (D:\Thinkpalm\Atlas-Payments-UI\node_modules\axios-mock-adapter\src\utils.js:151:15)
    at Object.settle (D:\Thinkpalm\Atlas-Payments-UI\node_modules\axios-mock-adapter\src\utils.js:142:12)
    at handleRequest (D:\Thinkpalm\Atlas-Payments-UI\node_modules\axios-mock-adapter\src\handle_request.js:127:15)
    at D:\Thinkpalm\Atlas-Payments-UI\node_modules\axios-mock-adapter\src\index.js:26:9
    at new Promise (<anonymous>)
    at MockAdapter.<anonymous> (D:\Thinkpalm\Atlas-Payments-UI\node_modules\axios-mock-adapter\src\index.js:25:14)
    at dispatchRequest (D:\Thinkpalm\Atlas-Payments-UI\node_modules\axios\lib\core\dispatchRequest.js:58:10)
    at Axios.request (D:\Thinkpalm\Atlas-Payments-UI\node_modules\axios\lib\core\Axios.js:108:15)
    at Axios.<computed> [as get] (D:\Thinkpalm\Atlas-Payments-UI\node_modules\axios\lib\core\Axios.js:129:17)
    at Function.get (D:\Thinkpalm\Atlas-Payments-UI\node_modules\axios\lib\helpers\bind.js:9:15)
    at productFun (D:\Thinkpalm\Atlas-Payments-UI\src\layouts\views\NewInvoice\ProductInvoiceCreation.tsx:40:15)
    at D:\Thinkpalm\Atlas-Payments-UI\src\layouts\views\NewInvoice\ProductInvoiceCreation.tsx:34:9
    at invokePassiveEffectCreate (D:\Thinkpalm\Atlas-Payments-UI\node_modules\react-dom\cjs\react-dom.development.js:23487:20)
    at HTMLUnknownElement.callCallback (D:\Thinkpalm\Atlas-Payments-UI\node_modules\react-dom\cjs\react-dom.development.js:3945:14)
    at HTMLUnknownElement.callTheUserObjectsOperation (D:\Thinkpalm\Atlas-Payments-UI\node_modules\jsdom\lib\jsdom\living\generated\EventListener.js:26:30)
    at innerInvokeEventListeners (D:\Thinkpalm\Atlas-Payments-UI\node_modules\jsdom\lib\jsdom\living\events\EventTarget-impl.js:338:25)
    at invokeEventListeners (D:\Thinkpalm\Atlas-Payments-UI\node_modules\jsdom\lib\jsdom\living\events\EventTarget-impl.js:274:3)
    at HTMLUnknownElementImpl._dispatch (D:\Thinkpalm\Atlas-Payments-UI\node_modules\jsdom\lib\jsdom\living\events\EventTarget-impl.js:221:9)
    at HTMLUnknownElementImpl.dispatchEvent (D:\Thinkpalm\Atlas-Payments-UI\node_modules\jsdom\lib\jsdom\living\events\EventTarget-impl.js:94:17)
    at HTMLUnknownElement.dispatchEvent (D:\Thinkpalm\Atlas-Payments-UI\node_modules\jsdom\lib\jsdom\living\generated\EventTarget.js:231:34)
    at Object.invokeGuardedCallbackDev (D:\Thinkpalm\Atlas-Payments-UI\node_modules\react-dom\cjs\react-dom.development.js:3994:16)
    at invokeGuardedCallback (D:\Thinkpalm\Atlas-Payments-UI\node_modules\react-dom\cjs\react-dom.development.js:4056:31)
    at flushPassiveEffectsImpl (D:\Thinkpalm\Atlas-Payments-UI\node_modules\react-dom\cjs\react-dom.development.js:23574:9)
    at unstable_runWithPriority (D:\Thinkpalm\Atlas-Payments-UI\node_modules\scheduler\cjs\scheduler.development.js:468:12)
    at runWithPriority$1 (D:\Thinkpalm\Atlas-Payments-UI\node_modules\react-dom\cjs\react-dom.development.js:11276:10)
    at flushPassiveEffects (D:\Thinkpalm\Atlas-Payments-UI\node_modules\react-dom\cjs\react-dom.development.js:23447:14)
    at performSyncWorkOnRoot (D:\Thinkpalm\Atlas-Payments-UI\node_modules\react-dom\cjs\react-dom.development.js:22269:3)
    at D:\Thinkpalm\Atlas-Payments-UI\node_modules\react-dom\cjs\react-dom.development.js:11327:26
    at unstable_runWithPriority (D:\Thinkpalm\Atlas-Payments-UI\node_modules\scheduler\cjs\scheduler.development.js:468:12)
    at runWithPriority$1 (D:\Thinkpalm\Atlas-Payments-UI\node_modules\react-dom\cjs\react-dom.development.js:11276:10)
    at flushSyncCallbackQueueImpl (D:\Thinkpalm\Atlas-Payments-UI\node_modules\react-dom\cjs\react-dom.development.js:11322:9)
    at flushSyncCallbackQueue (D:\Thinkpalm\Atlas-Payments-UI\node_modules\react-dom\cjs\react-dom.development.js:11309:3)
    at batchedUpdates$1 (D:\Thinkpalm\Atlas-Payments-UI\node_modules\react-dom\cjs\react-dom.development.js:22387:7)
    at act (D:\Thinkpalm\Atlas-Payments-UI\node_modules\react-dom\cjs\react-dom-test-utils.development.js:1042:14)
    at render (D:\Thinkpalm\Atlas-Payments-UI\node_modules\@testing-library\react\dist\pure.js:97:26)
    at _callee$ (D:\Thinkpalm\Atlas-Payments-UI\src\layouts\views\NewInvoice\test\index.test.js:29:5)
    at tryCatch (D:\Thinkpalm\Atlas-Payments-UI\node_modules\regenerator-runtime\runtime.js:63:40)
    at Generator.invoke [as _invoke] (D:\Thinkpalm\Atlas-Payments-UI\node_modules\regenerator-runtime\runtime.js:294:22)
    at Generator.next (D:\Thinkpalm\Atlas-Payments-UI\node_modules\regenerator-runtime\runtime.js:119:21)
    at asyncGeneratorStep (D:\Thinkpalm\Atlas-Payments-UI\node_modules\@babel\runtime\helpers\asyncToGenerator.js:3:24)
    at _next (D:\Thinkpalm\Atlas-Payments-UI\node_modules\@babel\runtime\helpers\asyncToGenerator.js:25:9)
    at D:\Thinkpalm\Atlas-Payments-UI\node_modules\@babel\runtime\helpers\asyncToGenerator.js:32:7
    at new Promise (<anonymous>)
    at Object.<anonymous> (D:\Thinkpalm\Atlas-Payments-UI\node_modules\@babel\runtime\helpers\asyncToGenerator.js:21:12)
    at Promise.then.completed (D:\Thinkpalm\Atlas-Payments-UI\node_modules\jest-circus\build\utils.js:391:28)
    at new Promise (<anonymous>)
    at callAsyncCircusFn (D:\Thinkpalm\Atlas-Payments-UI\node_modules\jest-circus\build\utils.js:316:10)
    at _callCircusTest (D:\Thinkpalm\Atlas-Payments-UI\node_modules\jest-circus\build\run.js:218:40)
    at processTicksAndRejections (internal/process/task_queues.js:95:5)
    at _runTest (D:\Thinkpalm\Atlas-Payments-UI\node_modules\jest-circus\build\run.js:155:3)
    at _runTestsForDescribeBlock (D:\Thinkpalm\Atlas-Payments-UI\node_modules\jest-circus\build\run.js:66:9)
    at _runTestsForDescribeBlock (D:\Thinkpalm\Atlas-Payments-UI\node_modules\jest-circus\build\run.js:60:9)
    at run (D:\Thinkpalm\Atlas-Payments-UI\node_modules\jest-circus\build\run.js:25:3)
    at runAndTransformResultsToJestFormat (D:\Thinkpalm\Atlas-Payments-UI\node_modules\jest-circus\build\legacy-code-todo-rewrite\jestAdapterInit.js:170:21)
    at jestAdapter (D:\Thinkpalm\Atlas-Payments-UI\node_modules\jest-circus\build\legacy-code-todo-rewrite\jestAdapter.js:82:19)
    at runTestInternal (D:\Thinkpalm\Atlas-Payments-UI\node_modules\jest-runner\build\runTest.js:389:16)
    at runTest (D:\Thinkpalm\Atlas-Payments-UI\node_modules\jest-runner\build\runTest.js:475:34)
    at Object.worker (D:\Thinkpalm\Atlas-Payments-UI\node_modules\jest-runner\build\testWorker.js:133:12)]]></failure>
      <failure message="Error: Request failed with status code 404"><![CDATA[Error: Request failed with status code 404
    at createAxiosError (D:\Thinkpalm\Atlas-Payments-UI\node_modules\axios-mock-adapter\src\utils.js:151:15)
    at Object.settle (D:\Thinkpalm\Atlas-Payments-UI\node_modules\axios-mock-adapter\src\utils.js:142:12)
    at handleRequest (D:\Thinkpalm\Atlas-Payments-UI\node_modules\axios-mock-adapter\src\handle_request.js:127:15)
    at D:\Thinkpalm\Atlas-Payments-UI\node_modules\axios-mock-adapter\src\index.js:26:9
    at new Promise (<anonymous>)
    at MockAdapter.<anonymous> (D:\Thinkpalm\Atlas-Payments-UI\node_modules\axios-mock-adapter\src\index.js:25:14)
    at dispatchRequest (D:\Thinkpalm\Atlas-Payments-UI\node_modules\axios\lib\core\dispatchRequest.js:58:10)
    at Axios.request (D:\Thinkpalm\Atlas-Payments-UI\node_modules\axios\lib\core\Axios.js:108:15)
    at Axios.<computed> [as get] (D:\Thinkpalm\Atlas-Payments-UI\node_modules\axios\lib\core\Axios.js:129:17)
    at Function.get (D:\Thinkpalm\Atlas-Payments-UI\node_modules\axios\lib\helpers\bind.js:9:15)
    at countryFun (D:\Thinkpalm\Atlas-Payments-UI\src\layouts\views\NewInvoice\ProductInvoiceCreation.tsx:52:15)
    at D:\Thinkpalm\Atlas-Payments-UI\src\layouts\views\NewInvoice\ProductInvoiceCreation.tsx:35:9
    at invokePassiveEffectCreate (D:\Thinkpalm\Atlas-Payments-UI\node_modules\react-dom\cjs\react-dom.development.js:23487:20)
    at HTMLUnknownElement.callCallback (D:\Thinkpalm\Atlas-Payments-UI\node_modules\react-dom\cjs\react-dom.development.js:3945:14)
    at HTMLUnknownElement.callTheUserObjectsOperation (D:\Thinkpalm\Atlas-Payments-UI\node_modules\jsdom\lib\jsdom\living\generated\EventListener.js:26:30)
    at innerInvokeEventListeners (D:\Thinkpalm\Atlas-Payments-UI\node_modules\jsdom\lib\jsdom\living\events\EventTarget-impl.js:338:25)
    at invokeEventListeners (D:\Thinkpalm\Atlas-Payments-UI\node_modules\jsdom\lib\jsdom\living\events\EventTarget-impl.js:274:3)
    at HTMLUnknownElementImpl._dispatch (D:\Thinkpalm\Atlas-Payments-UI\node_modules\jsdom\lib\jsdom\living\events\EventTarget-impl.js:221:9)
    at HTMLUnknownElementImpl.dispatchEvent (D:\Thinkpalm\Atlas-Payments-UI\node_modules\jsdom\lib\jsdom\living\events\EventTarget-impl.js:94:17)
    at HTMLUnknownElement.dispatchEvent (D:\Thinkpalm\Atlas-Payments-UI\node_modules\jsdom\lib\jsdom\living\generated\EventTarget.js:231:34)
    at Object.invokeGuardedCallbackDev (D:\Thinkpalm\Atlas-Payments-UI\node_modules\react-dom\cjs\react-dom.development.js:3994:16)
    at invokeGuardedCallback (D:\Thinkpalm\Atlas-Payments-UI\node_modules\react-dom\cjs\react-dom.development.js:4056:31)
    at flushPassiveEffectsImpl (D:\Thinkpalm\Atlas-Payments-UI\node_modules\react-dom\cjs\react-dom.development.js:23574:9)
    at unstable_runWithPriority (D:\Thinkpalm\Atlas-Payments-UI\node_modules\scheduler\cjs\scheduler.development.js:468:12)
    at runWithPriority$1 (D:\Thinkpalm\Atlas-Payments-UI\node_modules\react-dom\cjs\react-dom.development.js:11276:10)
    at flushPassiveEffects (D:\Thinkpalm\Atlas-Payments-UI\node_modules\react-dom\cjs\react-dom.development.js:23447:14)
    at performSyncWorkOnRoot (D:\Thinkpalm\Atlas-Payments-UI\node_modules\react-dom\cjs\react-dom.development.js:22269:3)
    at D:\Thinkpalm\Atlas-Payments-UI\node_modules\react-dom\cjs\react-dom.development.js:11327:26
    at unstable_runWithPriority (D:\Thinkpalm\Atlas-Payments-UI\node_modules\scheduler\cjs\scheduler.development.js:468:12)
    at runWithPriority$1 (D:\Thinkpalm\Atlas-Payments-UI\node_modules\react-dom\cjs\react-dom.development.js:11276:10)
    at flushSyncCallbackQueueImpl (D:\Thinkpalm\Atlas-Payments-UI\node_modules\react-dom\cjs\react-dom.development.js:11322:9)
    at flushSyncCallbackQueue (D:\Thinkpalm\Atlas-Payments-UI\node_modules\react-dom\cjs\react-dom.development.js:11309:3)
    at batchedUpdates$1 (D:\Thinkpalm\Atlas-Payments-UI\node_modules\react-dom\cjs\react-dom.development.js:22387:7)
    at act (D:\Thinkpalm\Atlas-Payments-UI\node_modules\react-dom\cjs\react-dom-test-utils.development.js:1042:14)
    at render (D:\Thinkpalm\Atlas-Payments-UI\node_modules\@testing-library\react\dist\pure.js:97:26)
    at _callee$ (D:\Thinkpalm\Atlas-Payments-UI\src\layouts\views\NewInvoice\test\index.test.js:29:5)
    at tryCatch (D:\Thinkpalm\Atlas-Payments-UI\node_modules\regenerator-runtime\runtime.js:63:40)
    at Generator.invoke [as _invoke] (D:\Thinkpalm\Atlas-Payments-UI\node_modules\regenerator-runtime\runtime.js:294:22)
    at Generator.next (D:\Thinkpalm\Atlas-Payments-UI\node_modules\regenerator-runtime\runtime.js:119:21)
    at asyncGeneratorStep (D:\Thinkpalm\Atlas-Payments-UI\node_modules\@babel\runtime\helpers\asyncToGenerator.js:3:24)
    at _next (D:\Thinkpalm\Atlas-Payments-UI\node_modules\@babel\runtime\helpers\asyncToGenerator.js:25:9)
    at D:\Thinkpalm\Atlas-Payments-UI\node_modules\@babel\runtime\helpers\asyncToGenerator.js:32:7
    at new Promise (<anonymous>)
    at Object.<anonymous> (D:\Thinkpalm\Atlas-Payments-UI\node_modules\@babel\runtime\helpers\asyncToGenerator.js:21:12)
    at Promise.then.completed (D:\Thinkpalm\Atlas-Payments-UI\node_modules\jest-circus\build\utils.js:391:28)
    at new Promise (<anonymous>)
    at callAsyncCircusFn (D:\Thinkpalm\Atlas-Payments-UI\node_modules\jest-circus\build\utils.js:316:10)
    at _callCircusTest (D:\Thinkpalm\Atlas-Payments-UI\node_modules\jest-circus\build\run.js:218:40)
    at processTicksAndRejections (internal/process/task_queues.js:95:5)
    at _runTest (D:\Thinkpalm\Atlas-Payments-UI\node_modules\jest-circus\build\run.js:155:3)
    at _runTestsForDescribeBlock (D:\Thinkpalm\Atlas-Payments-UI\node_modules\jest-circus\build\run.js:66:9)
    at _runTestsForDescribeBlock (D:\Thinkpalm\Atlas-Payments-UI\node_modules\jest-circus\build\run.js:60:9)
    at run (D:\Thinkpalm\Atlas-Payments-UI\node_modules\jest-circus\build\run.js:25:3)
    at runAndTransformResultsToJestFormat (D:\Thinkpalm\Atlas-Payments-UI\node_modules\jest-circus\build\legacy-code-todo-rewrite\jestAdapterInit.js:170:21)
    at jestAdapter (D:\Thinkpalm\Atlas-Payments-UI\node_modules\jest-circus\build\legacy-code-todo-rewrite\jestAdapter.js:82:19)
    at runTestInternal (D:\Thinkpalm\Atlas-Payments-UI\node_modules\jest-runner\build\runTest.js:389:16)
    at runTest (D:\Thinkpalm\Atlas-Payments-UI\node_modules\jest-runner\build\runTest.js:475:34)
    at Object.worker (D:\Thinkpalm\Atlas-Payments-UI\node_modules\jest-runner\build\testWorker.js:133:12)]]></failure>
    </testCase>
    <testCase name="New Invoice dropDown Value change stepper 1" duration="1087">
      <failure message="Error: Request failed with status code 404"><![CDATA[Error: Request failed with status code 404
    at createAxiosError (D:\Thinkpalm\Atlas-Payments-UI\node_modules\axios-mock-adapter\src\utils.js:151:15)
    at Object.settle (D:\Thinkpalm\Atlas-Payments-UI\node_modules\axios-mock-adapter\src\utils.js:142:12)
    at handleRequest (D:\Thinkpalm\Atlas-Payments-UI\node_modules\axios-mock-adapter\src\handle_request.js:127:15)
    at D:\Thinkpalm\Atlas-Payments-UI\node_modules\axios-mock-adapter\src\index.js:26:9
    at new Promise (<anonymous>)
    at MockAdapter.<anonymous> (D:\Thinkpalm\Atlas-Payments-UI\node_modules\axios-mock-adapter\src\index.js:25:14)
    at dispatchRequest (D:\Thinkpalm\Atlas-Payments-UI\node_modules\axios\lib\core\dispatchRequest.js:58:10)
    at Axios.request (D:\Thinkpalm\Atlas-Payments-UI\node_modules\axios\lib\core\Axios.js:108:15)
    at Axios.<computed> [as get] (D:\Thinkpalm\Atlas-Payments-UI\node_modules\axios\lib\core\Axios.js:129:17)
    at Function.get (D:\Thinkpalm\Atlas-Payments-UI\node_modules\axios\lib\helpers\bind.js:9:15)
    at productFun (D:\Thinkpalm\Atlas-Payments-UI\src\layouts\views\NewInvoice\ProductInvoiceCreation.tsx:40:15)
    at D:\Thinkpalm\Atlas-Payments-UI\src\layouts\views\NewInvoice\ProductInvoiceCreation.tsx:34:9
    at invokePassiveEffectCreate (D:\Thinkpalm\Atlas-Payments-UI\node_modules\react-dom\cjs\react-dom.development.js:23487:20)
    at HTMLUnknownElement.callCallback (D:\Thinkpalm\Atlas-Payments-UI\node_modules\react-dom\cjs\react-dom.development.js:3945:14)
    at HTMLUnknownElement.callTheUserObjectsOperation (D:\Thinkpalm\Atlas-Payments-UI\node_modules\jsdom\lib\jsdom\living\generated\EventListener.js:26:30)
    at innerInvokeEventListeners (D:\Thinkpalm\Atlas-Payments-UI\node_modules\jsdom\lib\jsdom\living\events\EventTarget-impl.js:338:25)
    at invokeEventListeners (D:\Thinkpalm\Atlas-Payments-UI\node_modules\jsdom\lib\jsdom\living\events\EventTarget-impl.js:274:3)
    at HTMLUnknownElementImpl._dispatch (D:\Thinkpalm\Atlas-Payments-UI\node_modules\jsdom\lib\jsdom\living\events\EventTarget-impl.js:221:9)
    at HTMLUnknownElementImpl.dispatchEvent (D:\Thinkpalm\Atlas-Payments-UI\node_modules\jsdom\lib\jsdom\living\events\EventTarget-impl.js:94:17)
    at HTMLUnknownElement.dispatchEvent (D:\Thinkpalm\Atlas-Payments-UI\node_modules\jsdom\lib\jsdom\living\generated\EventTarget.js:231:34)
    at Object.invokeGuardedCallbackDev (D:\Thinkpalm\Atlas-Payments-UI\node_modules\react-dom\cjs\react-dom.development.js:3994:16)
    at invokeGuardedCallback (D:\Thinkpalm\Atlas-Payments-UI\node_modules\react-dom\cjs\react-dom.development.js:4056:31)
    at flushPassiveEffectsImpl (D:\Thinkpalm\Atlas-Payments-UI\node_modules\react-dom\cjs\react-dom.development.js:23574:9)
    at unstable_runWithPriority (D:\Thinkpalm\Atlas-Payments-UI\node_modules\scheduler\cjs\scheduler.development.js:468:12)
    at runWithPriority$1 (D:\Thinkpalm\Atlas-Payments-UI\node_modules\react-dom\cjs\react-dom.development.js:11276:10)
    at flushPassiveEffects (D:\Thinkpalm\Atlas-Payments-UI\node_modules\react-dom\cjs\react-dom.development.js:23447:14)
    at performSyncWorkOnRoot (D:\Thinkpalm\Atlas-Payments-UI\node_modules\react-dom\cjs\react-dom.development.js:22269:3)
    at D:\Thinkpalm\Atlas-Payments-UI\node_modules\react-dom\cjs\react-dom.development.js:11327:26
    at unstable_runWithPriority (D:\Thinkpalm\Atlas-Payments-UI\node_modules\scheduler\cjs\scheduler.development.js:468:12)
    at runWithPriority$1 (D:\Thinkpalm\Atlas-Payments-UI\node_modules\react-dom\cjs\react-dom.development.js:11276:10)
    at flushSyncCallbackQueueImpl (D:\Thinkpalm\Atlas-Payments-UI\node_modules\react-dom\cjs\react-dom.development.js:11322:9)
    at flushSyncCallbackQueue (D:\Thinkpalm\Atlas-Payments-UI\node_modules\react-dom\cjs\react-dom.development.js:11309:3)
    at batchedUpdates$1 (D:\Thinkpalm\Atlas-Payments-UI\node_modules\react-dom\cjs\react-dom.development.js:22387:7)
    at act (D:\Thinkpalm\Atlas-Payments-UI\node_modules\react-dom\cjs\react-dom-test-utils.development.js:1042:14)
    at render (D:\Thinkpalm\Atlas-Payments-UI\node_modules\@testing-library\react\dist\pure.js:97:26)
    at _callee2$ (D:\Thinkpalm\Atlas-Payments-UI\src\layouts\views\NewInvoice\test\index.test.js:43:5)
    at tryCatch (D:\Thinkpalm\Atlas-Payments-UI\node_modules\regenerator-runtime\runtime.js:63:40)
    at Generator.invoke [as _invoke] (D:\Thinkpalm\Atlas-Payments-UI\node_modules\regenerator-runtime\runtime.js:294:22)
    at Generator.next (D:\Thinkpalm\Atlas-Payments-UI\node_modules\regenerator-runtime\runtime.js:119:21)
    at asyncGeneratorStep (D:\Thinkpalm\Atlas-Payments-UI\node_modules\@babel\runtime\helpers\asyncToGenerator.js:3:24)
    at _next (D:\Thinkpalm\Atlas-Payments-UI\node_modules\@babel\runtime\helpers\asyncToGenerator.js:25:9)
    at D:\Thinkpalm\Atlas-Payments-UI\node_modules\@babel\runtime\helpers\asyncToGenerator.js:32:7
    at new Promise (<anonymous>)
    at Object.<anonymous> (D:\Thinkpalm\Atlas-Payments-UI\node_modules\@babel\runtime\helpers\asyncToGenerator.js:21:12)
    at Promise.then.completed (D:\Thinkpalm\Atlas-Payments-UI\node_modules\jest-circus\build\utils.js:391:28)
    at new Promise (<anonymous>)
    at callAsyncCircusFn (D:\Thinkpalm\Atlas-Payments-UI\node_modules\jest-circus\build\utils.js:316:10)
    at _callCircusTest (D:\Thinkpalm\Atlas-Payments-UI\node_modules\jest-circus\build\run.js:218:40)
    at _runTest (D:\Thinkpalm\Atlas-Payments-UI\node_modules\jest-circus\build\run.js:155:3)
    at _runTestsForDescribeBlock (D:\Thinkpalm\Atlas-Payments-UI\node_modules\jest-circus\build\run.js:66:9)
    at _runTestsForDescribeBlock (D:\Thinkpalm\Atlas-Payments-UI\node_modules\jest-circus\build\run.js:60:9)
    at run (D:\Thinkpalm\Atlas-Payments-UI\node_modules\jest-circus\build\run.js:25:3)
    at runAndTransformResultsToJestFormat (D:\Thinkpalm\Atlas-Payments-UI\node_modules\jest-circus\build\legacy-code-todo-rewrite\jestAdapterInit.js:170:21)
    at jestAdapter (D:\Thinkpalm\Atlas-Payments-UI\node_modules\jest-circus\build\legacy-code-todo-rewrite\jestAdapter.js:82:19)
    at runTestInternal (D:\Thinkpalm\Atlas-Payments-UI\node_modules\jest-runner\build\runTest.js:389:16)
    at runTest (D:\Thinkpalm\Atlas-Payments-UI\node_modules\jest-runner\build\runTest.js:475:34)
    at Object.worker (D:\Thinkpalm\Atlas-Payments-UI\node_modules\jest-runner\build\testWorker.js:133:12)]]></failure>
      <failure message="Error: Request failed with status code 404"><![CDATA[Error: Request failed with status code 404
    at createAxiosError (D:\Thinkpalm\Atlas-Payments-UI\node_modules\axios-mock-adapter\src\utils.js:151:15)
    at Object.settle (D:\Thinkpalm\Atlas-Payments-UI\node_modules\axios-mock-adapter\src\utils.js:142:12)
    at handleRequest (D:\Thinkpalm\Atlas-Payments-UI\node_modules\axios-mock-adapter\src\handle_request.js:127:15)
    at D:\Thinkpalm\Atlas-Payments-UI\node_modules\axios-mock-adapter\src\index.js:26:9
    at new Promise (<anonymous>)
    at MockAdapter.<anonymous> (D:\Thinkpalm\Atlas-Payments-UI\node_modules\axios-mock-adapter\src\index.js:25:14)
    at dispatchRequest (D:\Thinkpalm\Atlas-Payments-UI\node_modules\axios\lib\core\dispatchRequest.js:58:10)
    at Axios.request (D:\Thinkpalm\Atlas-Payments-UI\node_modules\axios\lib\core\Axios.js:108:15)
    at Axios.<computed> [as get] (D:\Thinkpalm\Atlas-Payments-UI\node_modules\axios\lib\core\Axios.js:129:17)
    at Function.get (D:\Thinkpalm\Atlas-Payments-UI\node_modules\axios\lib\helpers\bind.js:9:15)
    at countryFun (D:\Thinkpalm\Atlas-Payments-UI\src\layouts\views\NewInvoice\ProductInvoiceCreation.tsx:52:15)
    at D:\Thinkpalm\Atlas-Payments-UI\src\layouts\views\NewInvoice\ProductInvoiceCreation.tsx:35:9
    at invokePassiveEffectCreate (D:\Thinkpalm\Atlas-Payments-UI\node_modules\react-dom\cjs\react-dom.development.js:23487:20)
    at HTMLUnknownElement.callCallback (D:\Thinkpalm\Atlas-Payments-UI\node_modules\react-dom\cjs\react-dom.development.js:3945:14)
    at HTMLUnknownElement.callTheUserObjectsOperation (D:\Thinkpalm\Atlas-Payments-UI\node_modules\jsdom\lib\jsdom\living\generated\EventListener.js:26:30)
    at innerInvokeEventListeners (D:\Thinkpalm\Atlas-Payments-UI\node_modules\jsdom\lib\jsdom\living\events\EventTarget-impl.js:338:25)
    at invokeEventListeners (D:\Thinkpalm\Atlas-Payments-UI\node_modules\jsdom\lib\jsdom\living\events\EventTarget-impl.js:274:3)
    at HTMLUnknownElementImpl._dispatch (D:\Thinkpalm\Atlas-Payments-UI\node_modules\jsdom\lib\jsdom\living\events\EventTarget-impl.js:221:9)
    at HTMLUnknownElementImpl.dispatchEvent (D:\Thinkpalm\Atlas-Payments-UI\node_modules\jsdom\lib\jsdom\living\events\EventTarget-impl.js:94:17)
    at HTMLUnknownElement.dispatchEvent (D:\Thinkpalm\Atlas-Payments-UI\node_modules\jsdom\lib\jsdom\living\generated\EventTarget.js:231:34)
    at Object.invokeGuardedCallbackDev (D:\Thinkpalm\Atlas-Payments-UI\node_modules\react-dom\cjs\react-dom.development.js:3994:16)
    at invokeGuardedCallback (D:\Thinkpalm\Atlas-Payments-UI\node_modules\react-dom\cjs\react-dom.development.js:4056:31)
    at flushPassiveEffectsImpl (D:\Thinkpalm\Atlas-Payments-UI\node_modules\react-dom\cjs\react-dom.development.js:23574:9)
    at unstable_runWithPriority (D:\Thinkpalm\Atlas-Payments-UI\node_modules\scheduler\cjs\scheduler.development.js:468:12)
    at runWithPriority$1 (D:\Thinkpalm\Atlas-Payments-UI\node_modules\react-dom\cjs\react-dom.development.js:11276:10)
    at flushPassiveEffects (D:\Thinkpalm\Atlas-Payments-UI\node_modules\react-dom\cjs\react-dom.development.js:23447:14)
    at performSyncWorkOnRoot (D:\Thinkpalm\Atlas-Payments-UI\node_modules\react-dom\cjs\react-dom.development.js:22269:3)
    at D:\Thinkpalm\Atlas-Payments-UI\node_modules\react-dom\cjs\react-dom.development.js:11327:26
    at unstable_runWithPriority (D:\Thinkpalm\Atlas-Payments-UI\node_modules\scheduler\cjs\scheduler.development.js:468:12)
    at runWithPriority$1 (D:\Thinkpalm\Atlas-Payments-UI\node_modules\react-dom\cjs\react-dom.development.js:11276:10)
    at flushSyncCallbackQueueImpl (D:\Thinkpalm\Atlas-Payments-UI\node_modules\react-dom\cjs\react-dom.development.js:11322:9)
    at flushSyncCallbackQueue (D:\Thinkpalm\Atlas-Payments-UI\node_modules\react-dom\cjs\react-dom.development.js:11309:3)
    at batchedUpdates$1 (D:\Thinkpalm\Atlas-Payments-UI\node_modules\react-dom\cjs\react-dom.development.js:22387:7)
    at act (D:\Thinkpalm\Atlas-Payments-UI\node_modules\react-dom\cjs\react-dom-test-utils.development.js:1042:14)
    at render (D:\Thinkpalm\Atlas-Payments-UI\node_modules\@testing-library\react\dist\pure.js:97:26)
    at _callee2$ (D:\Thinkpalm\Atlas-Payments-UI\src\layouts\views\NewInvoice\test\index.test.js:43:5)
    at tryCatch (D:\Thinkpalm\Atlas-Payments-UI\node_modules\regenerator-runtime\runtime.js:63:40)
    at Generator.invoke [as _invoke] (D:\Thinkpalm\Atlas-Payments-UI\node_modules\regenerator-runtime\runtime.js:294:22)
    at Generator.next (D:\Thinkpalm\Atlas-Payments-UI\node_modules\regenerator-runtime\runtime.js:119:21)
    at asyncGeneratorStep (D:\Thinkpalm\Atlas-Payments-UI\node_modules\@babel\runtime\helpers\asyncToGenerator.js:3:24)
    at _next (D:\Thinkpalm\Atlas-Payments-UI\node_modules\@babel\runtime\helpers\asyncToGenerator.js:25:9)
    at D:\Thinkpalm\Atlas-Payments-UI\node_modules\@babel\runtime\helpers\asyncToGenerator.js:32:7
    at new Promise (<anonymous>)
    at Object.<anonymous> (D:\Thinkpalm\Atlas-Payments-UI\node_modules\@babel\runtime\helpers\asyncToGenerator.js:21:12)
    at Promise.then.completed (D:\Thinkpalm\Atlas-Payments-UI\node_modules\jest-circus\build\utils.js:391:28)
    at new Promise (<anonymous>)
    at callAsyncCircusFn (D:\Thinkpalm\Atlas-Payments-UI\node_modules\jest-circus\build\utils.js:316:10)
    at _callCircusTest (D:\Thinkpalm\Atlas-Payments-UI\node_modules\jest-circus\build\run.js:218:40)
    at _runTest (D:\Thinkpalm\Atlas-Payments-UI\node_modules\jest-circus\build\run.js:155:3)
    at _runTestsForDescribeBlock (D:\Thinkpalm\Atlas-Payments-UI\node_modules\jest-circus\build\run.js:66:9)
    at _runTestsForDescribeBlock (D:\Thinkpalm\Atlas-Payments-UI\node_modules\jest-circus\build\run.js:60:9)
    at run (D:\Thinkpalm\Atlas-Payments-UI\node_modules\jest-circus\build\run.js:25:3)
    at runAndTransformResultsToJestFormat (D:\Thinkpalm\Atlas-Payments-UI\node_modules\jest-circus\build\legacy-code-todo-rewrite\jestAdapterInit.js:170:21)
    at jestAdapter (D:\Thinkpalm\Atlas-Payments-UI\node_modules\jest-circus\build\legacy-code-todo-rewrite\jestAdapter.js:82:19)
    at runTestInternal (D:\Thinkpalm\Atlas-Payments-UI\node_modules\jest-runner\build\runTest.js:389:16)
    at runTest (D:\Thinkpalm\Atlas-Payments-UI\node_modules\jest-runner\build\runTest.js:475:34)
    at Object.worker (D:\Thinkpalm\Atlas-Payments-UI\node_modules\jest-runner\build\testWorker.js:133:12)]]></failure>
      <failure message="Error: Unable to find an element with the text: /&quot;DSM Nutritional Products AG&quot;/. This could be because the text is broken up by multiple elements. In this case, you can provide a function for your text matcher to make your matcher more flexible."><![CDATA[Error: Unable to find an element with the text: /"DSM Nutritional Products AG"/. This could be because the text is broken up by multiple elements. In this case, you can provide a function for your text matcher to make your matcher more flexible.

Ignored nodes: comments, <script />, <style />
<body>
  <div>
    <div
      class="newinvoice-container"
    >
      <div
        class="breadcrumbs"
      >
        <div
          class="a-breadcrumb"
        >
          <span
            class="steps"
          >
            <span
              class="a-breadcrumb__label label-active"
            >
              Invoices
            </span>
          </span>
          <span
            class="steps"
          >
            <svg
              class=""
              height="20px"
              style="display: inline-block; vertical-align: middle;"
              viewBox="-2 -4 24 24"
              width="20px"
              xmlns="http://www.w3.org/2000/svg"
              xmlns:xlink="http://www.w3.org/1999/xlink"
            >
              <path
                d="M 0.8574456,11.144166 A 0.57143003,0.57143003 0 0 0 1.2617425,10.976197 L 5.832055,6.4058847 a 0.57148717,0.57148717 0 0 0 0,-0.8085938 L 1.2617425,1.0250248 a 0.57143003,0.57143003 0 0 0 -0.8085937,0 0.57143003,0.57143003 0 0 0 0,0.808594 l 4.1679687,4.167969 -4.1679687,4.1679692 a 0.57143003,0.57143003 0 0 0 0,0.80664 0.57143003,0.57143003 0 0 0 0.4042968,0.167969 z"
                fill="#17224E"
              />
            </svg>
            <span
              class="a-breadcrumb__label last-item"
            >
              New Invoice
            </span>
          </span>
        </div>
      </div>
      <div
        class="detail-container"
      >
        <div
          class="a-layouts"
        >
          <div
            class="sidebar-inner-container"
          >
            <div
              class="panel left-panel"
            >
              <div
                class="a-progress"
              >
                <div
                  class="a-progress__items completed"
                >
                  <span
                    class="count"
                  >
                    1
                  </span>
                  <span
                    class="label"
                  >
                    New Invoice
                  </span>
                </div>
                <span
                  class="splitter"
                />
                <div
                  class="a-progress__items"
                >
                  <span
                    class="count"
                  >
                    2
                  </span>
                  <span
                    class="label"
                  />
                </div>
                <span
                  class="splitter"
                />
                <div
                  class="a-progress__items"
                >
                  <span
                    class="count"
                  >
                    3
                  </span>
                  <span
                    class="label"
                  />
                </div>
                <span
                  class="splitter"
                />
                <div
                  class="a-progress__items"
                >
                  <span
                    class="count"
                  >
                    <svg
                      class=""
                      height="24px"
                      style="display: inline-block; vertical-align: middle;"
                      viewBox="-2 -3 24 24"
                      width="24px"
                      xmlns="http://www.w3.org/2000/svg"
                      xmlns:xlink="http://www.w3.org/1999/xlink"
                    >
                      <path
                        d="M1.04892 8.20174C0.943259 8.08271 0.79464 8.01053 0.635759 8.00108C0.476878 7.99163 0.32075 8.04568 0.201721 8.15134C0.0826916 8.257 0.0105119 8.40562 0.00106008 8.5645C-0.00839175 8.72338 0.0456585 8.87951 0.151321 8.99854L4.95132 14.3985C5.0056 14.4598 5.07184 14.5094 5.14598 14.5441C5.22012 14.5789 5.30058 14.598 5.38242 14.6005C5.46425 14.603 5.54573 14.5887 5.62183 14.5585C5.69793 14.5283 5.76704 14.4828 5.82492 14.4249L18.4249 1.82494C18.5376 1.71243 18.6009 1.55978 18.6011 1.40056C18.6012 1.24134 18.538 1.0886 18.4255 0.975939C18.313 0.863275 18.1604 0.799917 18.0011 0.799805C17.8419 0.799692 17.6892 0.862833 17.5765 0.975338L5.42412 13.1253L1.04772 8.20174H1.04892Z"
                        fill="#526FD6"
                      />
                    </svg>
                  </span>
                  <span
                    class="label"
                  />
                </div>
                <span
                  class="splitter"
                />
              </div>
            </div>
            <div
              class="panel right-panel"
            >
              <div>
                <div
                  class="newinvoice_main"
                >
                  <div>
                    <div
                      class="newinvoice-container"
                    >
                      <div
                        id="head_sec"
                      >
                        <h3>
                ...
    at waitForWrapper (D:\Thinkpalm\Atlas-Payments-UI\node_modules\@testing-library\dom\dist\wait-for.js:187:27)
    at findByText (D:\Thinkpalm\Atlas-Payments-UI\node_modules\@testing-library\dom\dist\query-helpers.js:101:33)
    at _callee2$ (D:\Thinkpalm\Atlas-Payments-UI\src\layouts\views\NewInvoice\test\index.test.js:55:44)
    at tryCatch (D:\Thinkpalm\Atlas-Payments-UI\node_modules\regenerator-runtime\runtime.js:63:40)
    at Generator.invoke [as _invoke] (D:\Thinkpalm\Atlas-Payments-UI\node_modules\regenerator-runtime\runtime.js:294:22)
    at Generator.next (D:\Thinkpalm\Atlas-Payments-UI\node_modules\regenerator-runtime\runtime.js:119:21)
    at asyncGeneratorStep (D:\Thinkpalm\Atlas-Payments-UI\node_modules\@babel\runtime\helpers\asyncToGenerator.js:3:24)
    at _next (D:\Thinkpalm\Atlas-Payments-UI\node_modules\@babel\runtime\helpers\asyncToGenerator.js:25:9)]]></failure>
    </testCase>
    <testCase name="step one getCustomer api fail  dropDown Value change" duration="41">
      <failure message="Error: Request failed with status code 404"><![CDATA[Error: Request failed with status code 404
    at createAxiosError (D:\Thinkpalm\Atlas-Payments-UI\node_modules\axios-mock-adapter\src\utils.js:151:15)
    at Object.settle (D:\Thinkpalm\Atlas-Payments-UI\node_modules\axios-mock-adapter\src\utils.js:142:12)
    at handleRequest (D:\Thinkpalm\Atlas-Payments-UI\node_modules\axios-mock-adapter\src\handle_request.js:127:15)
    at D:\Thinkpalm\Atlas-Payments-UI\node_modules\axios-mock-adapter\src\index.js:26:9
    at new Promise (<anonymous>)
    at MockAdapter.<anonymous> (D:\Thinkpalm\Atlas-Payments-UI\node_modules\axios-mock-adapter\src\index.js:25:14)
    at dispatchRequest (D:\Thinkpalm\Atlas-Payments-UI\node_modules\axios\lib\core\dispatchRequest.js:58:10)
    at Axios.request (D:\Thinkpalm\Atlas-Payments-UI\node_modules\axios\lib\core\Axios.js:108:15)
    at Axios.<computed> [as get] (D:\Thinkpalm\Atlas-Payments-UI\node_modules\axios\lib\core\Axios.js:129:17)
    at Function.get (D:\Thinkpalm\Atlas-Payments-UI\node_modules\axios\lib\helpers\bind.js:9:15)
    at productFun (D:\Thinkpalm\Atlas-Payments-UI\src\layouts\views\NewInvoice\ProductInvoiceCreation.tsx:40:15)
    at D:\Thinkpalm\Atlas-Payments-UI\src\layouts\views\NewInvoice\ProductInvoiceCreation.tsx:34:9
    at invokePassiveEffectCreate (D:\Thinkpalm\Atlas-Payments-UI\node_modules\react-dom\cjs\react-dom.development.js:23487:20)
    at HTMLUnknownElement.callCallback (D:\Thinkpalm\Atlas-Payments-UI\node_modules\react-dom\cjs\react-dom.development.js:3945:14)
    at HTMLUnknownElement.callTheUserObjectsOperation (D:\Thinkpalm\Atlas-Payments-UI\node_modules\jsdom\lib\jsdom\living\generated\EventListener.js:26:30)
    at innerInvokeEventListeners (D:\Thinkpalm\Atlas-Payments-UI\node_modules\jsdom\lib\jsdom\living\events\EventTarget-impl.js:338:25)
    at invokeEventListeners (D:\Thinkpalm\Atlas-Payments-UI\node_modules\jsdom\lib\jsdom\living\events\EventTarget-impl.js:274:3)
    at HTMLUnknownElementImpl._dispatch (D:\Thinkpalm\Atlas-Payments-UI\node_modules\jsdom\lib\jsdom\living\events\EventTarget-impl.js:221:9)
    at HTMLUnknownElementImpl.dispatchEvent (D:\Thinkpalm\Atlas-Payments-UI\node_modules\jsdom\lib\jsdom\living\events\EventTarget-impl.js:94:17)
    at HTMLUnknownElement.dispatchEvent (D:\Thinkpalm\Atlas-Payments-UI\node_modules\jsdom\lib\jsdom\living\generated\EventTarget.js:231:34)
    at Object.invokeGuardedCallbackDev (D:\Thinkpalm\Atlas-Payments-UI\node_modules\react-dom\cjs\react-dom.development.js:3994:16)
    at invokeGuardedCallback (D:\Thinkpalm\Atlas-Payments-UI\node_modules\react-dom\cjs\react-dom.development.js:4056:31)
    at flushPassiveEffectsImpl (D:\Thinkpalm\Atlas-Payments-UI\node_modules\react-dom\cjs\react-dom.development.js:23574:9)
    at unstable_runWithPriority (D:\Thinkpalm\Atlas-Payments-UI\node_modules\scheduler\cjs\scheduler.development.js:468:12)
    at runWithPriority$1 (D:\Thinkpalm\Atlas-Payments-UI\node_modules\react-dom\cjs\react-dom.development.js:11276:10)
    at flushPassiveEffects (D:\Thinkpalm\Atlas-Payments-UI\node_modules\react-dom\cjs\react-dom.development.js:23447:14)
    at performSyncWorkOnRoot (D:\Thinkpalm\Atlas-Payments-UI\node_modules\react-dom\cjs\react-dom.development.js:22269:3)
    at D:\Thinkpalm\Atlas-Payments-UI\node_modules\react-dom\cjs\react-dom.development.js:11327:26
    at unstable_runWithPriority (D:\Thinkpalm\Atlas-Payments-UI\node_modules\scheduler\cjs\scheduler.development.js:468:12)
    at runWithPriority$1 (D:\Thinkpalm\Atlas-Payments-UI\node_modules\react-dom\cjs\react-dom.development.js:11276:10)
    at flushSyncCallbackQueueImpl (D:\Thinkpalm\Atlas-Payments-UI\node_modules\react-dom\cjs\react-dom.development.js:11322:9)
    at flushSyncCallbackQueue (D:\Thinkpalm\Atlas-Payments-UI\node_modules\react-dom\cjs\react-dom.development.js:11309:3)
    at batchedUpdates$1 (D:\Thinkpalm\Atlas-Payments-UI\node_modules\react-dom\cjs\react-dom.development.js:22387:7)
    at act (D:\Thinkpalm\Atlas-Payments-UI\node_modules\react-dom\cjs\react-dom-test-utils.development.js:1042:14)
    at render (D:\Thinkpalm\Atlas-Payments-UI\node_modules\@testing-library\react\dist\pure.js:97:26)
    at _callee3$ (D:\Thinkpalm\Atlas-Payments-UI\src\layouts\views\NewInvoice\test\index.test.js:96:5)
    at tryCatch (D:\Thinkpalm\Atlas-Payments-UI\node_modules\regenerator-runtime\runtime.js:63:40)
    at Generator.invoke [as _invoke] (D:\Thinkpalm\Atlas-Payments-UI\node_modules\regenerator-runtime\runtime.js:294:22)
    at Generator.next (D:\Thinkpalm\Atlas-Payments-UI\node_modules\regenerator-runtime\runtime.js:119:21)
    at asyncGeneratorStep (D:\Thinkpalm\Atlas-Payments-UI\node_modules\@babel\runtime\helpers\asyncToGenerator.js:3:24)
    at _next (D:\Thinkpalm\Atlas-Payments-UI\node_modules\@babel\runtime\helpers\asyncToGenerator.js:25:9)
    at D:\Thinkpalm\Atlas-Payments-UI\node_modules\@babel\runtime\helpers\asyncToGenerator.js:32:7
    at new Promise (<anonymous>)
    at Object.<anonymous> (D:\Thinkpalm\Atlas-Payments-UI\node_modules\@babel\runtime\helpers\asyncToGenerator.js:21:12)
    at Promise.then.completed (D:\Thinkpalm\Atlas-Payments-UI\node_modules\jest-circus\build\utils.js:391:28)
    at new Promise (<anonymous>)
    at callAsyncCircusFn (D:\Thinkpalm\Atlas-Payments-UI\node_modules\jest-circus\build\utils.js:316:10)
    at _callCircusTest (D:\Thinkpalm\Atlas-Payments-UI\node_modules\jest-circus\build\run.js:218:40)
    at _runTest (D:\Thinkpalm\Atlas-Payments-UI\node_modules\jest-circus\build\run.js:155:3)
    at _runTestsForDescribeBlock (D:\Thinkpalm\Atlas-Payments-UI\node_modules\jest-circus\build\run.js:66:9)
    at _runTestsForDescribeBlock (D:\Thinkpalm\Atlas-Payments-UI\node_modules\jest-circus\build\run.js:60:9)
    at run (D:\Thinkpalm\Atlas-Payments-UI\node_modules\jest-circus\build\run.js:25:3)
    at runAndTransformResultsToJestFormat (D:\Thinkpalm\Atlas-Payments-UI\node_modules\jest-circus\build\legacy-code-todo-rewrite\jestAdapterInit.js:170:21)
    at jestAdapter (D:\Thinkpalm\Atlas-Payments-UI\node_modules\jest-circus\build\legacy-code-todo-rewrite\jestAdapter.js:82:19)
    at runTestInternal (D:\Thinkpalm\Atlas-Payments-UI\node_modules\jest-runner\build\runTest.js:389:16)
    at runTest (D:\Thinkpalm\Atlas-Payments-UI\node_modules\jest-runner\build\runTest.js:475:34)
    at Object.worker (D:\Thinkpalm\Atlas-Payments-UI\node_modules\jest-runner\build\testWorker.js:133:12)]]></failure>
      <failure message="Error: Request failed with status code 404"><![CDATA[Error: Request failed with status code 404
    at createAxiosError (D:\Thinkpalm\Atlas-Payments-UI\node_modules\axios-mock-adapter\src\utils.js:151:15)
    at Object.settle (D:\Thinkpalm\Atlas-Payments-UI\node_modules\axios-mock-adapter\src\utils.js:142:12)
    at handleRequest (D:\Thinkpalm\Atlas-Payments-UI\node_modules\axios-mock-adapter\src\handle_request.js:127:15)
    at D:\Thinkpalm\Atlas-Payments-UI\node_modules\axios-mock-adapter\src\index.js:26:9
    at new Promise (<anonymous>)
    at MockAdapter.<anonymous> (D:\Thinkpalm\Atlas-Payments-UI\node_modules\axios-mock-adapter\src\index.js:25:14)
    at dispatchRequest (D:\Thinkpalm\Atlas-Payments-UI\node_modules\axios\lib\core\dispatchRequest.js:58:10)
    at Axios.request (D:\Thinkpalm\Atlas-Payments-UI\node_modules\axios\lib\core\Axios.js:108:15)
    at Axios.<computed> [as get] (D:\Thinkpalm\Atlas-Payments-UI\node_modules\axios\lib\core\Axios.js:129:17)
    at Function.get (D:\Thinkpalm\Atlas-Payments-UI\node_modules\axios\lib\helpers\bind.js:9:15)
    at countryFun (D:\Thinkpalm\Atlas-Payments-UI\src\layouts\views\NewInvoice\ProductInvoiceCreation.tsx:52:15)
    at D:\Thinkpalm\Atlas-Payments-UI\src\layouts\views\NewInvoice\ProductInvoiceCreation.tsx:35:9
    at invokePassiveEffectCreate (D:\Thinkpalm\Atlas-Payments-UI\node_modules\react-dom\cjs\react-dom.development.js:23487:20)
    at HTMLUnknownElement.callCallback (D:\Thinkpalm\Atlas-Payments-UI\node_modules\react-dom\cjs\react-dom.development.js:3945:14)
    at HTMLUnknownElement.callTheUserObjectsOperation (D:\Thinkpalm\Atlas-Payments-UI\node_modules\jsdom\lib\jsdom\living\generated\EventListener.js:26:30)
    at innerInvokeEventListeners (D:\Thinkpalm\Atlas-Payments-UI\node_modules\jsdom\lib\jsdom\living\events\EventTarget-impl.js:338:25)
    at invokeEventListeners (D:\Thinkpalm\Atlas-Payments-UI\node_modules\jsdom\lib\jsdom\living\events\EventTarget-impl.js:274:3)
    at HTMLUnknownElementImpl._dispatch (D:\Thinkpalm\Atlas-Payments-UI\node_modules\jsdom\lib\jsdom\living\events\EventTarget-impl.js:221:9)
    at HTMLUnknownElementImpl.dispatchEvent (D:\Thinkpalm\Atlas-Payments-UI\node_modules\jsdom\lib\jsdom\living\events\EventTarget-impl.js:94:17)
    at HTMLUnknownElement.dispatchEvent (D:\Thinkpalm\Atlas-Payments-UI\node_modules\jsdom\lib\jsdom\living\generated\EventTarget.js:231:34)
    at Object.invokeGuardedCallbackDev (D:\Thinkpalm\Atlas-Payments-UI\node_modules\react-dom\cjs\react-dom.development.js:3994:16)
    at invokeGuardedCallback (D:\Thinkpalm\Atlas-Payments-UI\node_modules\react-dom\cjs\react-dom.development.js:4056:31)
    at flushPassiveEffectsImpl (D:\Thinkpalm\Atlas-Payments-UI\node_modules\react-dom\cjs\react-dom.development.js:23574:9)
    at unstable_runWithPriority (D:\Thinkpalm\Atlas-Payments-UI\node_modules\scheduler\cjs\scheduler.development.js:468:12)
    at runWithPriority$1 (D:\Thinkpalm\Atlas-Payments-UI\node_modules\react-dom\cjs\react-dom.development.js:11276:10)
    at flushPassiveEffects (D:\Thinkpalm\Atlas-Payments-UI\node_modules\react-dom\cjs\react-dom.development.js:23447:14)
    at performSyncWorkOnRoot (D:\Thinkpalm\Atlas-Payments-UI\node_modules\react-dom\cjs\react-dom.development.js:22269:3)
    at D:\Thinkpalm\Atlas-Payments-UI\node_modules\react-dom\cjs\react-dom.development.js:11327:26
    at unstable_runWithPriority (D:\Thinkpalm\Atlas-Payments-UI\node_modules\scheduler\cjs\scheduler.development.js:468:12)
    at runWithPriority$1 (D:\Thinkpalm\Atlas-Payments-UI\node_modules\react-dom\cjs\react-dom.development.js:11276:10)
    at flushSyncCallbackQueueImpl (D:\Thinkpalm\Atlas-Payments-UI\node_modules\react-dom\cjs\react-dom.development.js:11322:9)
    at flushSyncCallbackQueue (D:\Thinkpalm\Atlas-Payments-UI\node_modules\react-dom\cjs\react-dom.development.js:11309:3)
    at batchedUpdates$1 (D:\Thinkpalm\Atlas-Payments-UI\node_modules\react-dom\cjs\react-dom.development.js:22387:7)
    at act (D:\Thinkpalm\Atlas-Payments-UI\node_modules\react-dom\cjs\react-dom-test-utils.development.js:1042:14)
    at render (D:\Thinkpalm\Atlas-Payments-UI\node_modules\@testing-library\react\dist\pure.js:97:26)
    at _callee3$ (D:\Thinkpalm\Atlas-Payments-UI\src\layouts\views\NewInvoice\test\index.test.js:96:5)
    at tryCatch (D:\Thinkpalm\Atlas-Payments-UI\node_modules\regenerator-runtime\runtime.js:63:40)
    at Generator.invoke [as _invoke] (D:\Thinkpalm\Atlas-Payments-UI\node_modules\regenerator-runtime\runtime.js:294:22)
    at Generator.next (D:\Thinkpalm\Atlas-Payments-UI\node_modules\regenerator-runtime\runtime.js:119:21)
    at asyncGeneratorStep (D:\Thinkpalm\Atlas-Payments-UI\node_modules\@babel\runtime\helpers\asyncToGenerator.js:3:24)
    at _next (D:\Thinkpalm\Atlas-Payments-UI\node_modules\@babel\runtime\helpers\asyncToGenerator.js:25:9)
    at D:\Thinkpalm\Atlas-Payments-UI\node_modules\@babel\runtime\helpers\asyncToGenerator.js:32:7
    at new Promise (<anonymous>)
    at Object.<anonymous> (D:\Thinkpalm\Atlas-Payments-UI\node_modules\@babel\runtime\helpers\asyncToGenerator.js:21:12)
    at Promise.then.completed (D:\Thinkpalm\Atlas-Payments-UI\node_modules\jest-circus\build\utils.js:391:28)
    at new Promise (<anonymous>)
    at callAsyncCircusFn (D:\Thinkpalm\Atlas-Payments-UI\node_modules\jest-circus\build\utils.js:316:10)
    at _callCircusTest (D:\Thinkpalm\Atlas-Payments-UI\node_modules\jest-circus\build\run.js:218:40)
    at _runTest (D:\Thinkpalm\Atlas-Payments-UI\node_modules\jest-circus\build\run.js:155:3)
    at _runTestsForDescribeBlock (D:\Thinkpalm\Atlas-Payments-UI\node_modules\jest-circus\build\run.js:66:9)
    at _runTestsForDescribeBlock (D:\Thinkpalm\Atlas-Payments-UI\node_modules\jest-circus\build\run.js:60:9)
    at run (D:\Thinkpalm\Atlas-Payments-UI\node_modules\jest-circus\build\run.js:25:3)
    at runAndTransformResultsToJestFormat (D:\Thinkpalm\Atlas-Payments-UI\node_modules\jest-circus\build\legacy-code-todo-rewrite\jestAdapterInit.js:170:21)
    at jestAdapter (D:\Thinkpalm\Atlas-Payments-UI\node_modules\jest-circus\build\legacy-code-todo-rewrite\jestAdapter.js:82:19)
    at runTestInternal (D:\Thinkpalm\Atlas-Payments-UI\node_modules\jest-runner\build\runTest.js:389:16)
    at runTest (D:\Thinkpalm\Atlas-Payments-UI\node_modules\jest-runner\build\runTest.js:475:34)
    at Object.worker (D:\Thinkpalm\Atlas-Payments-UI\node_modules\jest-runner\build\testWorker.js:133:12)]]></failure>
    </testCase>
    <testCase name="step one getCOuntry api fail dropDown Value change" duration="1055">
      <failure message="Error: Request failed with status code 404"><![CDATA[Error: Request failed with status code 404
    at createAxiosError (D:\Thinkpalm\Atlas-Payments-UI\node_modules\axios-mock-adapter\src\utils.js:151:15)
    at Object.settle (D:\Thinkpalm\Atlas-Payments-UI\node_modules\axios-mock-adapter\src\utils.js:142:12)
    at handleRequest (D:\Thinkpalm\Atlas-Payments-UI\node_modules\axios-mock-adapter\src\handle_request.js:127:15)
    at D:\Thinkpalm\Atlas-Payments-UI\node_modules\axios-mock-adapter\src\index.js:26:9
    at new Promise (<anonymous>)
    at MockAdapter.<anonymous> (D:\Thinkpalm\Atlas-Payments-UI\node_modules\axios-mock-adapter\src\index.js:25:14)
    at dispatchRequest (D:\Thinkpalm\Atlas-Payments-UI\node_modules\axios\lib\core\dispatchRequest.js:58:10)
    at Axios.request (D:\Thinkpalm\Atlas-Payments-UI\node_modules\axios\lib\core\Axios.js:108:15)
    at Axios.<computed> [as get] (D:\Thinkpalm\Atlas-Payments-UI\node_modules\axios\lib\core\Axios.js:129:17)
    at Function.get (D:\Thinkpalm\Atlas-Payments-UI\node_modules\axios\lib\helpers\bind.js:9:15)
    at productFun (D:\Thinkpalm\Atlas-Payments-UI\src\layouts\views\NewInvoice\ProductInvoiceCreation.tsx:40:15)
    at D:\Thinkpalm\Atlas-Payments-UI\src\layouts\views\NewInvoice\ProductInvoiceCreation.tsx:34:9
    at invokePassiveEffectCreate (D:\Thinkpalm\Atlas-Payments-UI\node_modules\react-dom\cjs\react-dom.development.js:23487:20)
    at HTMLUnknownElement.callCallback (D:\Thinkpalm\Atlas-Payments-UI\node_modules\react-dom\cjs\react-dom.development.js:3945:14)
    at HTMLUnknownElement.callTheUserObjectsOperation (D:\Thinkpalm\Atlas-Payments-UI\node_modules\jsdom\lib\jsdom\living\generated\EventListener.js:26:30)
    at innerInvokeEventListeners (D:\Thinkpalm\Atlas-Payments-UI\node_modules\jsdom\lib\jsdom\living\events\EventTarget-impl.js:338:25)
    at invokeEventListeners (D:\Thinkpalm\Atlas-Payments-UI\node_modules\jsdom\lib\jsdom\living\events\EventTarget-impl.js:274:3)
    at HTMLUnknownElementImpl._dispatch (D:\Thinkpalm\Atlas-Payments-UI\node_modules\jsdom\lib\jsdom\living\events\EventTarget-impl.js:221:9)
    at HTMLUnknownElementImpl.dispatchEvent (D:\Thinkpalm\Atlas-Payments-UI\node_modules\jsdom\lib\jsdom\living\events\EventTarget-impl.js:94:17)
    at HTMLUnknownElement.dispatchEvent (D:\Thinkpalm\Atlas-Payments-UI\node_modules\jsdom\lib\jsdom\living\generated\EventTarget.js:231:34)
    at Object.invokeGuardedCallbackDev (D:\Thinkpalm\Atlas-Payments-UI\node_modules\react-dom\cjs\react-dom.development.js:3994:16)
    at invokeGuardedCallback (D:\Thinkpalm\Atlas-Payments-UI\node_modules\react-dom\cjs\react-dom.development.js:4056:31)
    at flushPassiveEffectsImpl (D:\Thinkpalm\Atlas-Payments-UI\node_modules\react-dom\cjs\react-dom.development.js:23574:9)
    at unstable_runWithPriority (D:\Thinkpalm\Atlas-Payments-UI\node_modules\scheduler\cjs\scheduler.development.js:468:12)
    at runWithPriority$1 (D:\Thinkpalm\Atlas-Payments-UI\node_modules\react-dom\cjs\react-dom.development.js:11276:10)
    at flushPassiveEffects (D:\Thinkpalm\Atlas-Payments-UI\node_modules\react-dom\cjs\react-dom.development.js:23447:14)
    at performSyncWorkOnRoot (D:\Thinkpalm\Atlas-Payments-UI\node_modules\react-dom\cjs\react-dom.development.js:22269:3)
    at D:\Thinkpalm\Atlas-Payments-UI\node_modules\react-dom\cjs\react-dom.development.js:11327:26
    at unstable_runWithPriority (D:\Thinkpalm\Atlas-Payments-UI\node_modules\scheduler\cjs\scheduler.development.js:468:12)
    at runWithPriority$1 (D:\Thinkpalm\Atlas-Payments-UI\node_modules\react-dom\cjs\react-dom.development.js:11276:10)
    at flushSyncCallbackQueueImpl (D:\Thinkpalm\Atlas-Payments-UI\node_modules\react-dom\cjs\react-dom.development.js:11322:9)
    at flushSyncCallbackQueue (D:\Thinkpalm\Atlas-Payments-UI\node_modules\react-dom\cjs\react-dom.development.js:11309:3)
    at batchedUpdates$1 (D:\Thinkpalm\Atlas-Payments-UI\node_modules\react-dom\cjs\react-dom.development.js:22387:7)
    at act (D:\Thinkpalm\Atlas-Payments-UI\node_modules\react-dom\cjs\react-dom-test-utils.development.js:1042:14)
    at render (D:\Thinkpalm\Atlas-Payments-UI\node_modules\@testing-library\react\dist\pure.js:97:26)
    at _callee4$ (D:\Thinkpalm\Atlas-Payments-UI\src\layouts\views\NewInvoice\test\index.test.js:119:5)
    at tryCatch (D:\Thinkpalm\Atlas-Payments-UI\node_modules\regenerator-runtime\runtime.js:63:40)
    at Generator.invoke [as _invoke] (D:\Thinkpalm\Atlas-Payments-UI\node_modules\regenerator-runtime\runtime.js:294:22)
    at Generator.next (D:\Thinkpalm\Atlas-Payments-UI\node_modules\regenerator-runtime\runtime.js:119:21)
    at asyncGeneratorStep (D:\Thinkpalm\Atlas-Payments-UI\node_modules\@babel\runtime\helpers\asyncToGenerator.js:3:24)
    at _next (D:\Thinkpalm\Atlas-Payments-UI\node_modules\@babel\runtime\helpers\asyncToGenerator.js:25:9)
    at D:\Thinkpalm\Atlas-Payments-UI\node_modules\@babel\runtime\helpers\asyncToGenerator.js:32:7
    at new Promise (<anonymous>)
    at Object.<anonymous> (D:\Thinkpalm\Atlas-Payments-UI\node_modules\@babel\runtime\helpers\asyncToGenerator.js:21:12)
    at Promise.then.completed (D:\Thinkpalm\Atlas-Payments-UI\node_modules\jest-circus\build\utils.js:391:28)
    at new Promise (<anonymous>)
    at callAsyncCircusFn (D:\Thinkpalm\Atlas-Payments-UI\node_modules\jest-circus\build\utils.js:316:10)
    at _callCircusTest (D:\Thinkpalm\Atlas-Payments-UI\node_modules\jest-circus\build\run.js:218:40)
    at _runTest (D:\Thinkpalm\Atlas-Payments-UI\node_modules\jest-circus\build\run.js:155:3)
    at _runTestsForDescribeBlock (D:\Thinkpalm\Atlas-Payments-UI\node_modules\jest-circus\build\run.js:66:9)
    at _runTestsForDescribeBlock (D:\Thinkpalm\Atlas-Payments-UI\node_modules\jest-circus\build\run.js:60:9)
    at run (D:\Thinkpalm\Atlas-Payments-UI\node_modules\jest-circus\build\run.js:25:3)
    at runAndTransformResultsToJestFormat (D:\Thinkpalm\Atlas-Payments-UI\node_modules\jest-circus\build\legacy-code-todo-rewrite\jestAdapterInit.js:170:21)
    at jestAdapter (D:\Thinkpalm\Atlas-Payments-UI\node_modules\jest-circus\build\legacy-code-todo-rewrite\jestAdapter.js:82:19)
    at runTestInternal (D:\Thinkpalm\Atlas-Payments-UI\node_modules\jest-runner\build\runTest.js:389:16)
    at runTest (D:\Thinkpalm\Atlas-Payments-UI\node_modules\jest-runner\build\runTest.js:475:34)
    at Object.worker (D:\Thinkpalm\Atlas-Payments-UI\node_modules\jest-runner\build\testWorker.js:133:12)]]></failure>
      <failure message="Error: Request failed with status code 404"><![CDATA[Error: Request failed with status code 404
    at createAxiosError (D:\Thinkpalm\Atlas-Payments-UI\node_modules\axios-mock-adapter\src\utils.js:151:15)
    at Object.settle (D:\Thinkpalm\Atlas-Payments-UI\node_modules\axios-mock-adapter\src\utils.js:142:12)
    at handleRequest (D:\Thinkpalm\Atlas-Payments-UI\node_modules\axios-mock-adapter\src\handle_request.js:127:15)
    at D:\Thinkpalm\Atlas-Payments-UI\node_modules\axios-mock-adapter\src\index.js:26:9
    at new Promise (<anonymous>)
    at MockAdapter.<anonymous> (D:\Thinkpalm\Atlas-Payments-UI\node_modules\axios-mock-adapter\src\index.js:25:14)
    at dispatchRequest (D:\Thinkpalm\Atlas-Payments-UI\node_modules\axios\lib\core\dispatchRequest.js:58:10)
    at Axios.request (D:\Thinkpalm\Atlas-Payments-UI\node_modules\axios\lib\core\Axios.js:108:15)
    at Axios.<computed> [as get] (D:\Thinkpalm\Atlas-Payments-UI\node_modules\axios\lib\core\Axios.js:129:17)
    at Function.get (D:\Thinkpalm\Atlas-Payments-UI\node_modules\axios\lib\helpers\bind.js:9:15)
    at countryFun (D:\Thinkpalm\Atlas-Payments-UI\src\layouts\views\NewInvoice\ProductInvoiceCreation.tsx:52:15)
    at D:\Thinkpalm\Atlas-Payments-UI\src\layouts\views\NewInvoice\ProductInvoiceCreation.tsx:35:9
    at invokePassiveEffectCreate (D:\Thinkpalm\Atlas-Payments-UI\node_modules\react-dom\cjs\react-dom.development.js:23487:20)
    at HTMLUnknownElement.callCallback (D:\Thinkpalm\Atlas-Payments-UI\node_modules\react-dom\cjs\react-dom.development.js:3945:14)
    at HTMLUnknownElement.callTheUserObjectsOperation (D:\Thinkpalm\Atlas-Payments-UI\node_modules\jsdom\lib\jsdom\living\generated\EventListener.js:26:30)
    at innerInvokeEventListeners (D:\Thinkpalm\Atlas-Payments-UI\node_modules\jsdom\lib\jsdom\living\events\EventTarget-impl.js:338:25)
    at invokeEventListeners (D:\Thinkpalm\Atlas-Payments-UI\node_modules\jsdom\lib\jsdom\living\events\EventTarget-impl.js:274:3)
    at HTMLUnknownElementImpl._dispatch (D:\Thinkpalm\Atlas-Payments-UI\node_modules\jsdom\lib\jsdom\living\events\EventTarget-impl.js:221:9)
    at HTMLUnknownElementImpl.dispatchEvent (D:\Thinkpalm\Atlas-Payments-UI\node_modules\jsdom\lib\jsdom\living\events\EventTarget-impl.js:94:17)
    at HTMLUnknownElement.dispatchEvent (D:\Thinkpalm\Atlas-Payments-UI\node_modules\jsdom\lib\jsdom\living\generated\EventTarget.js:231:34)
    at Object.invokeGuardedCallbackDev (D:\Thinkpalm\Atlas-Payments-UI\node_modules\react-dom\cjs\react-dom.development.js:3994:16)
    at invokeGuardedCallback (D:\Thinkpalm\Atlas-Payments-UI\node_modules\react-dom\cjs\react-dom.development.js:4056:31)
    at flushPassiveEffectsImpl (D:\Thinkpalm\Atlas-Payments-UI\node_modules\react-dom\cjs\react-dom.development.js:23574:9)
    at unstable_runWithPriority (D:\Thinkpalm\Atlas-Payments-UI\node_modules\scheduler\cjs\scheduler.development.js:468:12)
    at runWithPriority$1 (D:\Thinkpalm\Atlas-Payments-UI\node_modules\react-dom\cjs\react-dom.development.js:11276:10)
    at flushPassiveEffects (D:\Thinkpalm\Atlas-Payments-UI\node_modules\react-dom\cjs\react-dom.development.js:23447:14)
    at performSyncWorkOnRoot (D:\Thinkpalm\Atlas-Payments-UI\node_modules\react-dom\cjs\react-dom.development.js:22269:3)
    at D:\Thinkpalm\Atlas-Payments-UI\node_modules\react-dom\cjs\react-dom.development.js:11327:26
    at unstable_runWithPriority (D:\Thinkpalm\Atlas-Payments-UI\node_modules\scheduler\cjs\scheduler.development.js:468:12)
    at runWithPriority$1 (D:\Thinkpalm\Atlas-Payments-UI\node_modules\react-dom\cjs\react-dom.development.js:11276:10)
    at flushSyncCallbackQueueImpl (D:\Thinkpalm\Atlas-Payments-UI\node_modules\react-dom\cjs\react-dom.development.js:11322:9)
    at flushSyncCallbackQueue (D:\Thinkpalm\Atlas-Payments-UI\node_modules\react-dom\cjs\react-dom.development.js:11309:3)
    at batchedUpdates$1 (D:\Thinkpalm\Atlas-Payments-UI\node_modules\react-dom\cjs\react-dom.development.js:22387:7)
    at act (D:\Thinkpalm\Atlas-Payments-UI\node_modules\react-dom\cjs\react-dom-test-utils.development.js:1042:14)
    at render (D:\Thinkpalm\Atlas-Payments-UI\node_modules\@testing-library\react\dist\pure.js:97:26)
    at _callee4$ (D:\Thinkpalm\Atlas-Payments-UI\src\layouts\views\NewInvoice\test\index.test.js:119:5)
    at tryCatch (D:\Thinkpalm\Atlas-Payments-UI\node_modules\regenerator-runtime\runtime.js:63:40)
    at Generator.invoke [as _invoke] (D:\Thinkpalm\Atlas-Payments-UI\node_modules\regenerator-runtime\runtime.js:294:22)
    at Generator.next (D:\Thinkpalm\Atlas-Payments-UI\node_modules\regenerator-runtime\runtime.js:119:21)
    at asyncGeneratorStep (D:\Thinkpalm\Atlas-Payments-UI\node_modules\@babel\runtime\helpers\asyncToGenerator.js:3:24)
    at _next (D:\Thinkpalm\Atlas-Payments-UI\node_modules\@babel\runtime\helpers\asyncToGenerator.js:25:9)
    at D:\Thinkpalm\Atlas-Payments-UI\node_modules\@babel\runtime\helpers\asyncToGenerator.js:32:7
    at new Promise (<anonymous>)
    at Object.<anonymous> (D:\Thinkpalm\Atlas-Payments-UI\node_modules\@babel\runtime\helpers\asyncToGenerator.js:21:12)
    at Promise.then.completed (D:\Thinkpalm\Atlas-Payments-UI\node_modules\jest-circus\build\utils.js:391:28)
    at new Promise (<anonymous>)
    at callAsyncCircusFn (D:\Thinkpalm\Atlas-Payments-UI\node_modules\jest-circus\build\utils.js:316:10)
    at _callCircusTest (D:\Thinkpalm\Atlas-Payments-UI\node_modules\jest-circus\build\run.js:218:40)
    at _runTest (D:\Thinkpalm\Atlas-Payments-UI\node_modules\jest-circus\build\run.js:155:3)
    at _runTestsForDescribeBlock (D:\Thinkpalm\Atlas-Payments-UI\node_modules\jest-circus\build\run.js:66:9)
    at _runTestsForDescribeBlock (D:\Thinkpalm\Atlas-Payments-UI\node_modules\jest-circus\build\run.js:60:9)
    at run (D:\Thinkpalm\Atlas-Payments-UI\node_modules\jest-circus\build\run.js:25:3)
    at runAndTransformResultsToJestFormat (D:\Thinkpalm\Atlas-Payments-UI\node_modules\jest-circus\build\legacy-code-todo-rewrite\jestAdapterInit.js:170:21)
    at jestAdapter (D:\Thinkpalm\Atlas-Payments-UI\node_modules\jest-circus\build\legacy-code-todo-rewrite\jestAdapter.js:82:19)
    at runTestInternal (D:\Thinkpalm\Atlas-Payments-UI\node_modules\jest-runner\build\runTest.js:389:16)
    at runTest (D:\Thinkpalm\Atlas-Payments-UI\node_modules\jest-runner\build\runTest.js:475:34)
    at Object.worker (D:\Thinkpalm\Atlas-Payments-UI\node_modules\jest-runner\build\testWorker.js:133:12)]]></failure>
      <failure message="Error: Unable to find an element with the text: /&quot;DSM Nutritional Products AG&quot;/. This could be because the text is broken up by multiple elements. In this case, you can provide a function for your text matcher to make your matcher more flexible."><![CDATA[Error: Unable to find an element with the text: /"DSM Nutritional Products AG"/. This could be because the text is broken up by multiple elements. In this case, you can provide a function for your text matcher to make your matcher more flexible.

Ignored nodes: comments, <script />, <style />
<body>
  <div>
    <div
      class="newinvoice-container"
    >
      <div
        class="breadcrumbs"
      >
        <div
          class="a-breadcrumb"
        >
          <span
            class="steps"
          >
            <span
              class="a-breadcrumb__label label-active"
            >
              Invoices
            </span>
          </span>
          <span
            class="steps"
          >
            <svg
              class=""
              height="20px"
              style="display: inline-block; vertical-align: middle;"
              viewBox="-2 -4 24 24"
              width="20px"
              xmlns="http://www.w3.org/2000/svg"
              xmlns:xlink="http://www.w3.org/1999/xlink"
            >
              <path
                d="M 0.8574456,11.144166 A 0.57143003,0.57143003 0 0 0 1.2617425,10.976197 L 5.832055,6.4058847 a 0.57148717,0.57148717 0 0 0 0,-0.8085938 L 1.2617425,1.0250248 a 0.57143003,0.57143003 0 0 0 -0.8085937,0 0.57143003,0.57143003 0 0 0 0,0.808594 l 4.1679687,4.167969 -4.1679687,4.1679692 a 0.57143003,0.57143003 0 0 0 0,0.80664 0.57143003,0.57143003 0 0 0 0.4042968,0.167969 z"
                fill="#17224E"
              />
            </svg>
            <span
              class="a-breadcrumb__label last-item"
            >
              New Invoice
            </span>
          </span>
        </div>
      </div>
      <div
        class="detail-container"
      >
        <div
          class="a-layouts"
        >
          <div
            class="sidebar-inner-container"
          >
            <div
              class="panel left-panel"
            >
              <div
                class="a-progress"
              >
                <div
                  class="a-progress__items completed"
                >
                  <span
                    class="count"
                  >
                    1
                  </span>
                  <span
                    class="label"
                  >
                    New Invoice
                  </span>
                </div>
                <span
                  class="splitter"
                />
                <div
                  class="a-progress__items"
                >
                  <span
                    class="count"
                  >
                    2
                  </span>
                  <span
                    class="label"
                  />
                </div>
                <span
                  class="splitter"
                />
                <div
                  class="a-progress__items"
                >
                  <span
                    class="count"
                  >
                    3
                  </span>
                  <span
                    class="label"
                  />
                </div>
                <span
                  class="splitter"
                />
                <div
                  class="a-progress__items"
                >
                  <span
                    class="count"
                  >
                    <svg
                      class=""
                      height="24px"
                      style="display: inline-block; vertical-align: middle;"
                      viewBox="-2 -3 24 24"
                      width="24px"
                      xmlns="http://www.w3.org/2000/svg"
                      xmlns:xlink="http://www.w3.org/1999/xlink"
                    >
                      <path
                        d="M1.04892 8.20174C0.943259 8.08271 0.79464 8.01053 0.635759 8.00108C0.476878 7.99163 0.32075 8.04568 0.201721 8.15134C0.0826916 8.257 0.0105119 8.40562 0.00106008 8.5645C-0.00839175 8.72338 0.0456585 8.87951 0.151321 8.99854L4.95132 14.3985C5.0056 14.4598 5.07184 14.5094 5.14598 14.5441C5.22012 14.5789 5.30058 14.598 5.38242 14.6005C5.46425 14.603 5.54573 14.5887 5.62183 14.5585C5.69793 14.5283 5.76704 14.4828 5.82492 14.4249L18.4249 1.82494C18.5376 1.71243 18.6009 1.55978 18.6011 1.40056C18.6012 1.24134 18.538 1.0886 18.4255 0.975939C18.313 0.863275 18.1604 0.799917 18.0011 0.799805C17.8419 0.799692 17.6892 0.862833 17.5765 0.975338L5.42412 13.1253L1.04772 8.20174H1.04892Z"
                        fill="#526FD6"
                      />
                    </svg>
                  </span>
                  <span
                    class="label"
                  />
                </div>
                <span
                  class="splitter"
                />
              </div>
            </div>
            <div
              class="panel right-panel"
            >
              <div>
                <div
                  class="newinvoice_main"
                >
                  <div>
                    <div
                      class="newinvoice-container"
                    >
                      <div
                        id="head_sec"
                      >
                        <h3>
                ...
    at waitForWrapper (D:\Thinkpalm\Atlas-Payments-UI\node_modules\@testing-library\dom\dist\wait-for.js:187:27)
    at findByText (D:\Thinkpalm\Atlas-Payments-UI\node_modules\@testing-library\dom\dist\query-helpers.js:101:33)
    at _callee4$ (D:\Thinkpalm\Atlas-Payments-UI\src\layouts\views\NewInvoice\test\index.test.js:131:44)
    at tryCatch (D:\Thinkpalm\Atlas-Payments-UI\node_modules\regenerator-runtime\runtime.js:63:40)
    at Generator.invoke [as _invoke] (D:\Thinkpalm\Atlas-Payments-UI\node_modules\regenerator-runtime\runtime.js:294:22)
    at Generator.next (D:\Thinkpalm\Atlas-Payments-UI\node_modules\regenerator-runtime\runtime.js:119:21)
    at asyncGeneratorStep (D:\Thinkpalm\Atlas-Payments-UI\node_modules\@babel\runtime\helpers\asyncToGenerator.js:3:24)
    at _next (D:\Thinkpalm\Atlas-Payments-UI\node_modules\@babel\runtime\helpers\asyncToGenerator.js:25:9)]]></failure>
    </testCase>
    <testCase name="Stepper 2 dropDown Value change stepper 1 then stepper 2 complete and next button" duration="1050">
      <failure message="Error: Request failed with status code 404"><![CDATA[Error: Request failed with status code 404
    at createAxiosError (D:\Thinkpalm\Atlas-Payments-UI\node_modules\axios-mock-adapter\src\utils.js:151:15)
    at Object.settle (D:\Thinkpalm\Atlas-Payments-UI\node_modules\axios-mock-adapter\src\utils.js:142:12)
    at handleRequest (D:\Thinkpalm\Atlas-Payments-UI\node_modules\axios-mock-adapter\src\handle_request.js:127:15)
    at D:\Thinkpalm\Atlas-Payments-UI\node_modules\axios-mock-adapter\src\index.js:26:9
    at new Promise (<anonymous>)
    at MockAdapter.<anonymous> (D:\Thinkpalm\Atlas-Payments-UI\node_modules\axios-mock-adapter\src\index.js:25:14)
    at dispatchRequest (D:\Thinkpalm\Atlas-Payments-UI\node_modules\axios\lib\core\dispatchRequest.js:58:10)
    at Axios.request (D:\Thinkpalm\Atlas-Payments-UI\node_modules\axios\lib\core\Axios.js:108:15)
    at Axios.<computed> [as get] (D:\Thinkpalm\Atlas-Payments-UI\node_modules\axios\lib\core\Axios.js:129:17)
    at Function.get (D:\Thinkpalm\Atlas-Payments-UI\node_modules\axios\lib\helpers\bind.js:9:15)
    at productFun (D:\Thinkpalm\Atlas-Payments-UI\src\layouts\views\NewInvoice\ProductInvoiceCreation.tsx:40:15)
    at D:\Thinkpalm\Atlas-Payments-UI\src\layouts\views\NewInvoice\ProductInvoiceCreation.tsx:34:9
    at invokePassiveEffectCreate (D:\Thinkpalm\Atlas-Payments-UI\node_modules\react-dom\cjs\react-dom.development.js:23487:20)
    at HTMLUnknownElement.callCallback (D:\Thinkpalm\Atlas-Payments-UI\node_modules\react-dom\cjs\react-dom.development.js:3945:14)
    at HTMLUnknownElement.callTheUserObjectsOperation (D:\Thinkpalm\Atlas-Payments-UI\node_modules\jsdom\lib\jsdom\living\generated\EventListener.js:26:30)
    at innerInvokeEventListeners (D:\Thinkpalm\Atlas-Payments-UI\node_modules\jsdom\lib\jsdom\living\events\EventTarget-impl.js:338:25)
    at invokeEventListeners (D:\Thinkpalm\Atlas-Payments-UI\node_modules\jsdom\lib\jsdom\living\events\EventTarget-impl.js:274:3)
    at HTMLUnknownElementImpl._dispatch (D:\Thinkpalm\Atlas-Payments-UI\node_modules\jsdom\lib\jsdom\living\events\EventTarget-impl.js:221:9)
    at HTMLUnknownElementImpl.dispatchEvent (D:\Thinkpalm\Atlas-Payments-UI\node_modules\jsdom\lib\jsdom\living\events\EventTarget-impl.js:94:17)
    at HTMLUnknownElement.dispatchEvent (D:\Thinkpalm\Atlas-Payments-UI\node_modules\jsdom\lib\jsdom\living\generated\EventTarget.js:231:34)
    at Object.invokeGuardedCallbackDev (D:\Thinkpalm\Atlas-Payments-UI\node_modules\react-dom\cjs\react-dom.development.js:3994:16)
    at invokeGuardedCallback (D:\Thinkpalm\Atlas-Payments-UI\node_modules\react-dom\cjs\react-dom.development.js:4056:31)
    at flushPassiveEffectsImpl (D:\Thinkpalm\Atlas-Payments-UI\node_modules\react-dom\cjs\react-dom.development.js:23574:9)
    at unstable_runWithPriority (D:\Thinkpalm\Atlas-Payments-UI\node_modules\scheduler\cjs\scheduler.development.js:468:12)
    at runWithPriority$1 (D:\Thinkpalm\Atlas-Payments-UI\node_modules\react-dom\cjs\react-dom.development.js:11276:10)
    at flushPassiveEffects (D:\Thinkpalm\Atlas-Payments-UI\node_modules\react-dom\cjs\react-dom.development.js:23447:14)
    at performSyncWorkOnRoot (D:\Thinkpalm\Atlas-Payments-UI\node_modules\react-dom\cjs\react-dom.development.js:22269:3)
    at D:\Thinkpalm\Atlas-Payments-UI\node_modules\react-dom\cjs\react-dom.development.js:11327:26
    at unstable_runWithPriority (D:\Thinkpalm\Atlas-Payments-UI\node_modules\scheduler\cjs\scheduler.development.js:468:12)
    at runWithPriority$1 (D:\Thinkpalm\Atlas-Payments-UI\node_modules\react-dom\cjs\react-dom.development.js:11276:10)
    at flushSyncCallbackQueueImpl (D:\Thinkpalm\Atlas-Payments-UI\node_modules\react-dom\cjs\react-dom.development.js:11322:9)
    at flushSyncCallbackQueue (D:\Thinkpalm\Atlas-Payments-UI\node_modules\react-dom\cjs\react-dom.development.js:11309:3)
    at batchedUpdates$1 (D:\Thinkpalm\Atlas-Payments-UI\node_modules\react-dom\cjs\react-dom.development.js:22387:7)
    at act (D:\Thinkpalm\Atlas-Payments-UI\node_modules\react-dom\cjs\react-dom-test-utils.development.js:1042:14)
    at render (D:\Thinkpalm\Atlas-Payments-UI\node_modules\@testing-library\react\dist\pure.js:97:26)
    at _callee5$ (D:\Thinkpalm\Atlas-Payments-UI\src\layouts\views\NewInvoice\test\index.test.js:157:5)
    at tryCatch (D:\Thinkpalm\Atlas-Payments-UI\node_modules\regenerator-runtime\runtime.js:63:40)
    at Generator.invoke [as _invoke] (D:\Thinkpalm\Atlas-Payments-UI\node_modules\regenerator-runtime\runtime.js:294:22)
    at Generator.next (D:\Thinkpalm\Atlas-Payments-UI\node_modules\regenerator-runtime\runtime.js:119:21)
    at asyncGeneratorStep (D:\Thinkpalm\Atlas-Payments-UI\node_modules\@babel\runtime\helpers\asyncToGenerator.js:3:24)
    at _next (D:\Thinkpalm\Atlas-Payments-UI\node_modules\@babel\runtime\helpers\asyncToGenerator.js:25:9)
    at D:\Thinkpalm\Atlas-Payments-UI\node_modules\@babel\runtime\helpers\asyncToGenerator.js:32:7
    at new Promise (<anonymous>)
    at Object.<anonymous> (D:\Thinkpalm\Atlas-Payments-UI\node_modules\@babel\runtime\helpers\asyncToGenerator.js:21:12)
    at Promise.then.completed (D:\Thinkpalm\Atlas-Payments-UI\node_modules\jest-circus\build\utils.js:391:28)
    at new Promise (<anonymous>)
    at callAsyncCircusFn (D:\Thinkpalm\Atlas-Payments-UI\node_modules\jest-circus\build\utils.js:316:10)
    at _callCircusTest (D:\Thinkpalm\Atlas-Payments-UI\node_modules\jest-circus\build\run.js:218:40)
    at _runTest (D:\Thinkpalm\Atlas-Payments-UI\node_modules\jest-circus\build\run.js:155:3)
    at _runTestsForDescribeBlock (D:\Thinkpalm\Atlas-Payments-UI\node_modules\jest-circus\build\run.js:66:9)
    at _runTestsForDescribeBlock (D:\Thinkpalm\Atlas-Payments-UI\node_modules\jest-circus\build\run.js:60:9)
    at run (D:\Thinkpalm\Atlas-Payments-UI\node_modules\jest-circus\build\run.js:25:3)
    at runAndTransformResultsToJestFormat (D:\Thinkpalm\Atlas-Payments-UI\node_modules\jest-circus\build\legacy-code-todo-rewrite\jestAdapterInit.js:170:21)
    at jestAdapter (D:\Thinkpalm\Atlas-Payments-UI\node_modules\jest-circus\build\legacy-code-todo-rewrite\jestAdapter.js:82:19)
    at runTestInternal (D:\Thinkpalm\Atlas-Payments-UI\node_modules\jest-runner\build\runTest.js:389:16)
    at runTest (D:\Thinkpalm\Atlas-Payments-UI\node_modules\jest-runner\build\runTest.js:475:34)
    at Object.worker (D:\Thinkpalm\Atlas-Payments-UI\node_modules\jest-runner\build\testWorker.js:133:12)]]></failure>
      <failure message="Error: Request failed with status code 404"><![CDATA[Error: Request failed with status code 404
    at createAxiosError (D:\Thinkpalm\Atlas-Payments-UI\node_modules\axios-mock-adapter\src\utils.js:151:15)
    at Object.settle (D:\Thinkpalm\Atlas-Payments-UI\node_modules\axios-mock-adapter\src\utils.js:142:12)
    at handleRequest (D:\Thinkpalm\Atlas-Payments-UI\node_modules\axios-mock-adapter\src\handle_request.js:127:15)
    at D:\Thinkpalm\Atlas-Payments-UI\node_modules\axios-mock-adapter\src\index.js:26:9
    at new Promise (<anonymous>)
    at MockAdapter.<anonymous> (D:\Thinkpalm\Atlas-Payments-UI\node_modules\axios-mock-adapter\src\index.js:25:14)
    at dispatchRequest (D:\Thinkpalm\Atlas-Payments-UI\node_modules\axios\lib\core\dispatchRequest.js:58:10)
    at Axios.request (D:\Thinkpalm\Atlas-Payments-UI\node_modules\axios\lib\core\Axios.js:108:15)
    at Axios.<computed> [as get] (D:\Thinkpalm\Atlas-Payments-UI\node_modules\axios\lib\core\Axios.js:129:17)
    at Function.get (D:\Thinkpalm\Atlas-Payments-UI\node_modules\axios\lib\helpers\bind.js:9:15)
    at countryFun (D:\Thinkpalm\Atlas-Payments-UI\src\layouts\views\NewInvoice\ProductInvoiceCreation.tsx:52:15)
    at D:\Thinkpalm\Atlas-Payments-UI\src\layouts\views\NewInvoice\ProductInvoiceCreation.tsx:35:9
    at invokePassiveEffectCreate (D:\Thinkpalm\Atlas-Payments-UI\node_modules\react-dom\cjs\react-dom.development.js:23487:20)
    at HTMLUnknownElement.callCallback (D:\Thinkpalm\Atlas-Payments-UI\node_modules\react-dom\cjs\react-dom.development.js:3945:14)
    at HTMLUnknownElement.callTheUserObjectsOperation (D:\Thinkpalm\Atlas-Payments-UI\node_modules\jsdom\lib\jsdom\living\generated\EventListener.js:26:30)
    at innerInvokeEventListeners (D:\Thinkpalm\Atlas-Payments-UI\node_modules\jsdom\lib\jsdom\living\events\EventTarget-impl.js:338:25)
    at invokeEventListeners (D:\Thinkpalm\Atlas-Payments-UI\node_modules\jsdom\lib\jsdom\living\events\EventTarget-impl.js:274:3)
    at HTMLUnknownElementImpl._dispatch (D:\Thinkpalm\Atlas-Payments-UI\node_modules\jsdom\lib\jsdom\living\events\EventTarget-impl.js:221:9)
    at HTMLUnknownElementImpl.dispatchEvent (D:\Thinkpalm\Atlas-Payments-UI\node_modules\jsdom\lib\jsdom\living\events\EventTarget-impl.js:94:17)
    at HTMLUnknownElement.dispatchEvent (D:\Thinkpalm\Atlas-Payments-UI\node_modules\jsdom\lib\jsdom\living\generated\EventTarget.js:231:34)
    at Object.invokeGuardedCallbackDev (D:\Thinkpalm\Atlas-Payments-UI\node_modules\react-dom\cjs\react-dom.development.js:3994:16)
    at invokeGuardedCallback (D:\Thinkpalm\Atlas-Payments-UI\node_modules\react-dom\cjs\react-dom.development.js:4056:31)
    at flushPassiveEffectsImpl (D:\Thinkpalm\Atlas-Payments-UI\node_modules\react-dom\cjs\react-dom.development.js:23574:9)
    at unstable_runWithPriority (D:\Thinkpalm\Atlas-Payments-UI\node_modules\scheduler\cjs\scheduler.development.js:468:12)
    at runWithPriority$1 (D:\Thinkpalm\Atlas-Payments-UI\node_modules\react-dom\cjs\react-dom.development.js:11276:10)
    at flushPassiveEffects (D:\Thinkpalm\Atlas-Payments-UI\node_modules\react-dom\cjs\react-dom.development.js:23447:14)
    at performSyncWorkOnRoot (D:\Thinkpalm\Atlas-Payments-UI\node_modules\react-dom\cjs\react-dom.development.js:22269:3)
    at D:\Thinkpalm\Atlas-Payments-UI\node_modules\react-dom\cjs\react-dom.development.js:11327:26
    at unstable_runWithPriority (D:\Thinkpalm\Atlas-Payments-UI\node_modules\scheduler\cjs\scheduler.development.js:468:12)
    at runWithPriority$1 (D:\Thinkpalm\Atlas-Payments-UI\node_modules\react-dom\cjs\react-dom.development.js:11276:10)
    at flushSyncCallbackQueueImpl (D:\Thinkpalm\Atlas-Payments-UI\node_modules\react-dom\cjs\react-dom.development.js:11322:9)
    at flushSyncCallbackQueue (D:\Thinkpalm\Atlas-Payments-UI\node_modules\react-dom\cjs\react-dom.development.js:11309:3)
    at batchedUpdates$1 (D:\Thinkpalm\Atlas-Payments-UI\node_modules\react-dom\cjs\react-dom.development.js:22387:7)
    at act (D:\Thinkpalm\Atlas-Payments-UI\node_modules\react-dom\cjs\react-dom-test-utils.development.js:1042:14)
    at render (D:\Thinkpalm\Atlas-Payments-UI\node_modules\@testing-library\react\dist\pure.js:97:26)
    at _callee5$ (D:\Thinkpalm\Atlas-Payments-UI\src\layouts\views\NewInvoice\test\index.test.js:157:5)
    at tryCatch (D:\Thinkpalm\Atlas-Payments-UI\node_modules\regenerator-runtime\runtime.js:63:40)
    at Generator.invoke [as _invoke] (D:\Thinkpalm\Atlas-Payments-UI\node_modules\regenerator-runtime\runtime.js:294:22)
    at Generator.next (D:\Thinkpalm\Atlas-Payments-UI\node_modules\regenerator-runtime\runtime.js:119:21)
    at asyncGeneratorStep (D:\Thinkpalm\Atlas-Payments-UI\node_modules\@babel\runtime\helpers\asyncToGenerator.js:3:24)
    at _next (D:\Thinkpalm\Atlas-Payments-UI\node_modules\@babel\runtime\helpers\asyncToGenerator.js:25:9)
    at D:\Thinkpalm\Atlas-Payments-UI\node_modules\@babel\runtime\helpers\asyncToGenerator.js:32:7
    at new Promise (<anonymous>)
    at Object.<anonymous> (D:\Thinkpalm\Atlas-Payments-UI\node_modules\@babel\runtime\helpers\asyncToGenerator.js:21:12)
    at Promise.then.completed (D:\Thinkpalm\Atlas-Payments-UI\node_modules\jest-circus\build\utils.js:391:28)
    at new Promise (<anonymous>)
    at callAsyncCircusFn (D:\Thinkpalm\Atlas-Payments-UI\node_modules\jest-circus\build\utils.js:316:10)
    at _callCircusTest (D:\Thinkpalm\Atlas-Payments-UI\node_modules\jest-circus\build\run.js:218:40)
    at _runTest (D:\Thinkpalm\Atlas-Payments-UI\node_modules\jest-circus\build\run.js:155:3)
    at _runTestsForDescribeBlock (D:\Thinkpalm\Atlas-Payments-UI\node_modules\jest-circus\build\run.js:66:9)
    at _runTestsForDescribeBlock (D:\Thinkpalm\Atlas-Payments-UI\node_modules\jest-circus\build\run.js:60:9)
    at run (D:\Thinkpalm\Atlas-Payments-UI\node_modules\jest-circus\build\run.js:25:3)
    at runAndTransformResultsToJestFormat (D:\Thinkpalm\Atlas-Payments-UI\node_modules\jest-circus\build\legacy-code-todo-rewrite\jestAdapterInit.js:170:21)
    at jestAdapter (D:\Thinkpalm\Atlas-Payments-UI\node_modules\jest-circus\build\legacy-code-todo-rewrite\jestAdapter.js:82:19)
    at runTestInternal (D:\Thinkpalm\Atlas-Payments-UI\node_modules\jest-runner\build\runTest.js:389:16)
    at runTest (D:\Thinkpalm\Atlas-Payments-UI\node_modules\jest-runner\build\runTest.js:475:34)
    at Object.worker (D:\Thinkpalm\Atlas-Payments-UI\node_modules\jest-runner\build\testWorker.js:133:12)]]></failure>
      <failure message="Error: Unable to find an element with the text: /&quot;DSM Nutritional Products AG&quot;/. This could be because the text is broken up by multiple elements. In this case, you can provide a function for your text matcher to make your matcher more flexible."><![CDATA[Error: Unable to find an element with the text: /"DSM Nutritional Products AG"/. This could be because the text is broken up by multiple elements. In this case, you can provide a function for your text matcher to make your matcher more flexible.

Ignored nodes: comments, <script />, <style />
<body>
  <div>
    <div
      class="newinvoice-container"
    >
      <div
        class="breadcrumbs"
      >
        <div
          class="a-breadcrumb"
        >
          <span
            class="steps"
          >
            <span
              class="a-breadcrumb__label label-active"
            >
              Invoices
            </span>
          </span>
          <span
            class="steps"
          >
            <svg
              class=""
              height="20px"
              style="display: inline-block; vertical-align: middle;"
              viewBox="-2 -4 24 24"
              width="20px"
              xmlns="http://www.w3.org/2000/svg"
              xmlns:xlink="http://www.w3.org/1999/xlink"
            >
              <path
                d="M 0.8574456,11.144166 A 0.57143003,0.57143003 0 0 0 1.2617425,10.976197 L 5.832055,6.4058847 a 0.57148717,0.57148717 0 0 0 0,-0.8085938 L 1.2617425,1.0250248 a 0.57143003,0.57143003 0 0 0 -0.8085937,0 0.57143003,0.57143003 0 0 0 0,0.808594 l 4.1679687,4.167969 -4.1679687,4.1679692 a 0.57143003,0.57143003 0 0 0 0,0.80664 0.57143003,0.57143003 0 0 0 0.4042968,0.167969 z"
                fill="#17224E"
              />
            </svg>
            <span
              class="a-breadcrumb__label last-item"
            >
              New Invoice
            </span>
          </span>
        </div>
      </div>
      <div
        class="detail-container"
      >
        <div
          class="a-layouts"
        >
          <div
            class="sidebar-inner-container"
          >
            <div
              class="panel left-panel"
            >
              <div
                class="a-progress"
              >
                <div
                  class="a-progress__items completed"
                >
                  <span
                    class="count"
                  >
                    1
                  </span>
                  <span
                    class="label"
                  >
                    New Invoice
                  </span>
                </div>
                <span
                  class="splitter"
                />
                <div
                  class="a-progress__items"
                >
                  <span
                    class="count"
                  >
                    2
                  </span>
                  <span
                    class="label"
                  />
                </div>
                <span
                  class="splitter"
                />
                <div
                  class="a-progress__items"
                >
                  <span
                    class="count"
                  >
                    3
                  </span>
                  <span
                    class="label"
                  />
                </div>
                <span
                  class="splitter"
                />
                <div
                  class="a-progress__items"
                >
                  <span
                    class="count"
                  >
                    <svg
                      class=""
                      height="24px"
                      style="display: inline-block; vertical-align: middle;"
                      viewBox="-2 -3 24 24"
                      width="24px"
                      xmlns="http://www.w3.org/2000/svg"
                      xmlns:xlink="http://www.w3.org/1999/xlink"
                    >
                      <path
                        d="M1.04892 8.20174C0.943259 8.08271 0.79464 8.01053 0.635759 8.00108C0.476878 7.99163 0.32075 8.04568 0.201721 8.15134C0.0826916 8.257 0.0105119 8.40562 0.00106008 8.5645C-0.00839175 8.72338 0.0456585 8.87951 0.151321 8.99854L4.95132 14.3985C5.0056 14.4598 5.07184 14.5094 5.14598 14.5441C5.22012 14.5789 5.30058 14.598 5.38242 14.6005C5.46425 14.603 5.54573 14.5887 5.62183 14.5585C5.69793 14.5283 5.76704 14.4828 5.82492 14.4249L18.4249 1.82494C18.5376 1.71243 18.6009 1.55978 18.6011 1.40056C18.6012 1.24134 18.538 1.0886 18.4255 0.975939C18.313 0.863275 18.1604 0.799917 18.0011 0.799805C17.8419 0.799692 17.6892 0.862833 17.5765 0.975338L5.42412 13.1253L1.04772 8.20174H1.04892Z"
                        fill="#526FD6"
                      />
                    </svg>
                  </span>
                  <span
                    class="label"
                  />
                </div>
                <span
                  class="splitter"
                />
              </div>
            </div>
            <div
              class="panel right-panel"
            >
              <div>
                <div
                  class="newinvoice_main"
                >
                  <div>
                    <div
                      class="newinvoice-container"
                    >
                      <div
                        id="head_sec"
                      >
                        <h3>
                ...
    at waitForWrapper (D:\Thinkpalm\Atlas-Payments-UI\node_modules\@testing-library\dom\dist\wait-for.js:187:27)
    at findByText (D:\Thinkpalm\Atlas-Payments-UI\node_modules\@testing-library\dom\dist\query-helpers.js:101:33)
    at _callee5$ (D:\Thinkpalm\Atlas-Payments-UI\src\layouts\views\NewInvoice\test\index.test.js:169:44)
    at tryCatch (D:\Thinkpalm\Atlas-Payments-UI\node_modules\regenerator-runtime\runtime.js:63:40)
    at Generator.invoke [as _invoke] (D:\Thinkpalm\Atlas-Payments-UI\node_modules\regenerator-runtime\runtime.js:294:22)
    at Generator.next (D:\Thinkpalm\Atlas-Payments-UI\node_modules\regenerator-runtime\runtime.js:119:21)
    at asyncGeneratorStep (D:\Thinkpalm\Atlas-Payments-UI\node_modules\@babel\runtime\helpers\asyncToGenerator.js:3:24)
    at _next (D:\Thinkpalm\Atlas-Payments-UI\node_modules\@babel\runtime\helpers\asyncToGenerator.js:25:9)]]></failure>
    </testCase>
    <testCase name="Stepper 2 dropDown Value change stepper 1 then stepper 2 click on  back button" duration="1054">
      <failure message="Error: Request failed with status code 404"><![CDATA[Error: Request failed with status code 404
    at createAxiosError (D:\Thinkpalm\Atlas-Payments-UI\node_modules\axios-mock-adapter\src\utils.js:151:15)
    at Object.settle (D:\Thinkpalm\Atlas-Payments-UI\node_modules\axios-mock-adapter\src\utils.js:142:12)
    at handleRequest (D:\Thinkpalm\Atlas-Payments-UI\node_modules\axios-mock-adapter\src\handle_request.js:127:15)
    at D:\Thinkpalm\Atlas-Payments-UI\node_modules\axios-mock-adapter\src\index.js:26:9
    at new Promise (<anonymous>)
    at MockAdapter.<anonymous> (D:\Thinkpalm\Atlas-Payments-UI\node_modules\axios-mock-adapter\src\index.js:25:14)
    at dispatchRequest (D:\Thinkpalm\Atlas-Payments-UI\node_modules\axios\lib\core\dispatchRequest.js:58:10)
    at Axios.request (D:\Thinkpalm\Atlas-Payments-UI\node_modules\axios\lib\core\Axios.js:108:15)
    at Axios.<computed> [as get] (D:\Thinkpalm\Atlas-Payments-UI\node_modules\axios\lib\core\Axios.js:129:17)
    at Function.get (D:\Thinkpalm\Atlas-Payments-UI\node_modules\axios\lib\helpers\bind.js:9:15)
    at productFun (D:\Thinkpalm\Atlas-Payments-UI\src\layouts\views\NewInvoice\ProductInvoiceCreation.tsx:40:15)
    at D:\Thinkpalm\Atlas-Payments-UI\src\layouts\views\NewInvoice\ProductInvoiceCreation.tsx:34:9
    at invokePassiveEffectCreate (D:\Thinkpalm\Atlas-Payments-UI\node_modules\react-dom\cjs\react-dom.development.js:23487:20)
    at HTMLUnknownElement.callCallback (D:\Thinkpalm\Atlas-Payments-UI\node_modules\react-dom\cjs\react-dom.development.js:3945:14)
    at HTMLUnknownElement.callTheUserObjectsOperation (D:\Thinkpalm\Atlas-Payments-UI\node_modules\jsdom\lib\jsdom\living\generated\EventListener.js:26:30)
    at innerInvokeEventListeners (D:\Thinkpalm\Atlas-Payments-UI\node_modules\jsdom\lib\jsdom\living\events\EventTarget-impl.js:338:25)
    at invokeEventListeners (D:\Thinkpalm\Atlas-Payments-UI\node_modules\jsdom\lib\jsdom\living\events\EventTarget-impl.js:274:3)
    at HTMLUnknownElementImpl._dispatch (D:\Thinkpalm\Atlas-Payments-UI\node_modules\jsdom\lib\jsdom\living\events\EventTarget-impl.js:221:9)
    at HTMLUnknownElementImpl.dispatchEvent (D:\Thinkpalm\Atlas-Payments-UI\node_modules\jsdom\lib\jsdom\living\events\EventTarget-impl.js:94:17)
    at HTMLUnknownElement.dispatchEvent (D:\Thinkpalm\Atlas-Payments-UI\node_modules\jsdom\lib\jsdom\living\generated\EventTarget.js:231:34)
    at Object.invokeGuardedCallbackDev (D:\Thinkpalm\Atlas-Payments-UI\node_modules\react-dom\cjs\react-dom.development.js:3994:16)
    at invokeGuardedCallback (D:\Thinkpalm\Atlas-Payments-UI\node_modules\react-dom\cjs\react-dom.development.js:4056:31)
    at flushPassiveEffectsImpl (D:\Thinkpalm\Atlas-Payments-UI\node_modules\react-dom\cjs\react-dom.development.js:23574:9)
    at unstable_runWithPriority (D:\Thinkpalm\Atlas-Payments-UI\node_modules\scheduler\cjs\scheduler.development.js:468:12)
    at runWithPriority$1 (D:\Thinkpalm\Atlas-Payments-UI\node_modules\react-dom\cjs\react-dom.development.js:11276:10)
    at flushPassiveEffects (D:\Thinkpalm\Atlas-Payments-UI\node_modules\react-dom\cjs\react-dom.development.js:23447:14)
    at performSyncWorkOnRoot (D:\Thinkpalm\Atlas-Payments-UI\node_modules\react-dom\cjs\react-dom.development.js:22269:3)
    at D:\Thinkpalm\Atlas-Payments-UI\node_modules\react-dom\cjs\react-dom.development.js:11327:26
    at unstable_runWithPriority (D:\Thinkpalm\Atlas-Payments-UI\node_modules\scheduler\cjs\scheduler.development.js:468:12)
    at runWithPriority$1 (D:\Thinkpalm\Atlas-Payments-UI\node_modules\react-dom\cjs\react-dom.development.js:11276:10)
    at flushSyncCallbackQueueImpl (D:\Thinkpalm\Atlas-Payments-UI\node_modules\react-dom\cjs\react-dom.development.js:11322:9)
    at flushSyncCallbackQueue (D:\Thinkpalm\Atlas-Payments-UI\node_modules\react-dom\cjs\react-dom.development.js:11309:3)
    at batchedUpdates$1 (D:\Thinkpalm\Atlas-Payments-UI\node_modules\react-dom\cjs\react-dom.development.js:22387:7)
    at act (D:\Thinkpalm\Atlas-Payments-UI\node_modules\react-dom\cjs\react-dom-test-utils.development.js:1042:14)
    at render (D:\Thinkpalm\Atlas-Payments-UI\node_modules\@testing-library\react\dist\pure.js:97:26)
    at _callee6$ (D:\Thinkpalm\Atlas-Payments-UI\src\layouts\views\NewInvoice\test\index.test.js:211:5)
    at tryCatch (D:\Thinkpalm\Atlas-Payments-UI\node_modules\regenerator-runtime\runtime.js:63:40)
    at Generator.invoke [as _invoke] (D:\Thinkpalm\Atlas-Payments-UI\node_modules\regenerator-runtime\runtime.js:294:22)
    at Generator.next (D:\Thinkpalm\Atlas-Payments-UI\node_modules\regenerator-runtime\runtime.js:119:21)
    at asyncGeneratorStep (D:\Thinkpalm\Atlas-Payments-UI\node_modules\@babel\runtime\helpers\asyncToGenerator.js:3:24)
    at _next (D:\Thinkpalm\Atlas-Payments-UI\node_modules\@babel\runtime\helpers\asyncToGenerator.js:25:9)
    at D:\Thinkpalm\Atlas-Payments-UI\node_modules\@babel\runtime\helpers\asyncToGenerator.js:32:7
    at new Promise (<anonymous>)
    at Object.<anonymous> (D:\Thinkpalm\Atlas-Payments-UI\node_modules\@babel\runtime\helpers\asyncToGenerator.js:21:12)
    at Promise.then.completed (D:\Thinkpalm\Atlas-Payments-UI\node_modules\jest-circus\build\utils.js:391:28)
    at new Promise (<anonymous>)
    at callAsyncCircusFn (D:\Thinkpalm\Atlas-Payments-UI\node_modules\jest-circus\build\utils.js:316:10)
    at _callCircusTest (D:\Thinkpalm\Atlas-Payments-UI\node_modules\jest-circus\build\run.js:218:40)
    at _runTest (D:\Thinkpalm\Atlas-Payments-UI\node_modules\jest-circus\build\run.js:155:3)
    at _runTestsForDescribeBlock (D:\Thinkpalm\Atlas-Payments-UI\node_modules\jest-circus\build\run.js:66:9)
    at _runTestsForDescribeBlock (D:\Thinkpalm\Atlas-Payments-UI\node_modules\jest-circus\build\run.js:60:9)
    at run (D:\Thinkpalm\Atlas-Payments-UI\node_modules\jest-circus\build\run.js:25:3)
    at runAndTransformResultsToJestFormat (D:\Thinkpalm\Atlas-Payments-UI\node_modules\jest-circus\build\legacy-code-todo-rewrite\jestAdapterInit.js:170:21)
    at jestAdapter (D:\Thinkpalm\Atlas-Payments-UI\node_modules\jest-circus\build\legacy-code-todo-rewrite\jestAdapter.js:82:19)
    at runTestInternal (D:\Thinkpalm\Atlas-Payments-UI\node_modules\jest-runner\build\runTest.js:389:16)
    at runTest (D:\Thinkpalm\Atlas-Payments-UI\node_modules\jest-runner\build\runTest.js:475:34)
    at Object.worker (D:\Thinkpalm\Atlas-Payments-UI\node_modules\jest-runner\build\testWorker.js:133:12)]]></failure>
      <failure message="Error: Request failed with status code 404"><![CDATA[Error: Request failed with status code 404
    at createAxiosError (D:\Thinkpalm\Atlas-Payments-UI\node_modules\axios-mock-adapter\src\utils.js:151:15)
    at Object.settle (D:\Thinkpalm\Atlas-Payments-UI\node_modules\axios-mock-adapter\src\utils.js:142:12)
    at handleRequest (D:\Thinkpalm\Atlas-Payments-UI\node_modules\axios-mock-adapter\src\handle_request.js:127:15)
    at D:\Thinkpalm\Atlas-Payments-UI\node_modules\axios-mock-adapter\src\index.js:26:9
    at new Promise (<anonymous>)
    at MockAdapter.<anonymous> (D:\Thinkpalm\Atlas-Payments-UI\node_modules\axios-mock-adapter\src\index.js:25:14)
    at dispatchRequest (D:\Thinkpalm\Atlas-Payments-UI\node_modules\axios\lib\core\dispatchRequest.js:58:10)
    at Axios.request (D:\Thinkpalm\Atlas-Payments-UI\node_modules\axios\lib\core\Axios.js:108:15)
    at Axios.<computed> [as get] (D:\Thinkpalm\Atlas-Payments-UI\node_modules\axios\lib\core\Axios.js:129:17)
    at Function.get (D:\Thinkpalm\Atlas-Payments-UI\node_modules\axios\lib\helpers\bind.js:9:15)
    at countryFun (D:\Thinkpalm\Atlas-Payments-UI\src\layouts\views\NewInvoice\ProductInvoiceCreation.tsx:52:15)
    at D:\Thinkpalm\Atlas-Payments-UI\src\layouts\views\NewInvoice\ProductInvoiceCreation.tsx:35:9
    at invokePassiveEffectCreate (D:\Thinkpalm\Atlas-Payments-UI\node_modules\react-dom\cjs\react-dom.development.js:23487:20)
    at HTMLUnknownElement.callCallback (D:\Thinkpalm\Atlas-Payments-UI\node_modules\react-dom\cjs\react-dom.development.js:3945:14)
    at HTMLUnknownElement.callTheUserObjectsOperation (D:\Thinkpalm\Atlas-Payments-UI\node_modules\jsdom\lib\jsdom\living\generated\EventListener.js:26:30)
    at innerInvokeEventListeners (D:\Thinkpalm\Atlas-Payments-UI\node_modules\jsdom\lib\jsdom\living\events\EventTarget-impl.js:338:25)
    at invokeEventListeners (D:\Thinkpalm\Atlas-Payments-UI\node_modules\jsdom\lib\jsdom\living\events\EventTarget-impl.js:274:3)
    at HTMLUnknownElementImpl._dispatch (D:\Thinkpalm\Atlas-Payments-UI\node_modules\jsdom\lib\jsdom\living\events\EventTarget-impl.js:221:9)
    at HTMLUnknownElementImpl.dispatchEvent (D:\Thinkpalm\Atlas-Payments-UI\node_modules\jsdom\lib\jsdom\living\events\EventTarget-impl.js:94:17)
    at HTMLUnknownElement.dispatchEvent (D:\Thinkpalm\Atlas-Payments-UI\node_modules\jsdom\lib\jsdom\living\generated\EventTarget.js:231:34)
    at Object.invokeGuardedCallbackDev (D:\Thinkpalm\Atlas-Payments-UI\node_modules\react-dom\cjs\react-dom.development.js:3994:16)
    at invokeGuardedCallback (D:\Thinkpalm\Atlas-Payments-UI\node_modules\react-dom\cjs\react-dom.development.js:4056:31)
    at flushPassiveEffectsImpl (D:\Thinkpalm\Atlas-Payments-UI\node_modules\react-dom\cjs\react-dom.development.js:23574:9)
    at unstable_runWithPriority (D:\Thinkpalm\Atlas-Payments-UI\node_modules\scheduler\cjs\scheduler.development.js:468:12)
    at runWithPriority$1 (D:\Thinkpalm\Atlas-Payments-UI\node_modules\react-dom\cjs\react-dom.development.js:11276:10)
    at flushPassiveEffects (D:\Thinkpalm\Atlas-Payments-UI\node_modules\react-dom\cjs\react-dom.development.js:23447:14)
    at performSyncWorkOnRoot (D:\Thinkpalm\Atlas-Payments-UI\node_modules\react-dom\cjs\react-dom.development.js:22269:3)
    at D:\Thinkpalm\Atlas-Payments-UI\node_modules\react-dom\cjs\react-dom.development.js:11327:26
    at unstable_runWithPriority (D:\Thinkpalm\Atlas-Payments-UI\node_modules\scheduler\cjs\scheduler.development.js:468:12)
    at runWithPriority$1 (D:\Thinkpalm\Atlas-Payments-UI\node_modules\react-dom\cjs\react-dom.development.js:11276:10)
    at flushSyncCallbackQueueImpl (D:\Thinkpalm\Atlas-Payments-UI\node_modules\react-dom\cjs\react-dom.development.js:11322:9)
    at flushSyncCallbackQueue (D:\Thinkpalm\Atlas-Payments-UI\node_modules\react-dom\cjs\react-dom.development.js:11309:3)
    at batchedUpdates$1 (D:\Thinkpalm\Atlas-Payments-UI\node_modules\react-dom\cjs\react-dom.development.js:22387:7)
    at act (D:\Thinkpalm\Atlas-Payments-UI\node_modules\react-dom\cjs\react-dom-test-utils.development.js:1042:14)
    at render (D:\Thinkpalm\Atlas-Payments-UI\node_modules\@testing-library\react\dist\pure.js:97:26)
    at _callee6$ (D:\Thinkpalm\Atlas-Payments-UI\src\layouts\views\NewInvoice\test\index.test.js:211:5)
    at tryCatch (D:\Thinkpalm\Atlas-Payments-UI\node_modules\regenerator-runtime\runtime.js:63:40)
    at Generator.invoke [as _invoke] (D:\Thinkpalm\Atlas-Payments-UI\node_modules\regenerator-runtime\runtime.js:294:22)
    at Generator.next (D:\Thinkpalm\Atlas-Payments-UI\node_modules\regenerator-runtime\runtime.js:119:21)
    at asyncGeneratorStep (D:\Thinkpalm\Atlas-Payments-UI\node_modules\@babel\runtime\helpers\asyncToGenerator.js:3:24)
    at _next (D:\Thinkpalm\Atlas-Payments-UI\node_modules\@babel\runtime\helpers\asyncToGenerator.js:25:9)
    at D:\Thinkpalm\Atlas-Payments-UI\node_modules\@babel\runtime\helpers\asyncToGenerator.js:32:7
    at new Promise (<anonymous>)
    at Object.<anonymous> (D:\Thinkpalm\Atlas-Payments-UI\node_modules\@babel\runtime\helpers\asyncToGenerator.js:21:12)
    at Promise.then.completed (D:\Thinkpalm\Atlas-Payments-UI\node_modules\jest-circus\build\utils.js:391:28)
    at new Promise (<anonymous>)
    at callAsyncCircusFn (D:\Thinkpalm\Atlas-Payments-UI\node_modules\jest-circus\build\utils.js:316:10)
    at _callCircusTest (D:\Thinkpalm\Atlas-Payments-UI\node_modules\jest-circus\build\run.js:218:40)
    at _runTest (D:\Thinkpalm\Atlas-Payments-UI\node_modules\jest-circus\build\run.js:155:3)
    at _runTestsForDescribeBlock (D:\Thinkpalm\Atlas-Payments-UI\node_modules\jest-circus\build\run.js:66:9)
    at _runTestsForDescribeBlock (D:\Thinkpalm\Atlas-Payments-UI\node_modules\jest-circus\build\run.js:60:9)
    at run (D:\Thinkpalm\Atlas-Payments-UI\node_modules\jest-circus\build\run.js:25:3)
    at runAndTransformResultsToJestFormat (D:\Thinkpalm\Atlas-Payments-UI\node_modules\jest-circus\build\legacy-code-todo-rewrite\jestAdapterInit.js:170:21)
    at jestAdapter (D:\Thinkpalm\Atlas-Payments-UI\node_modules\jest-circus\build\legacy-code-todo-rewrite\jestAdapter.js:82:19)
    at runTestInternal (D:\Thinkpalm\Atlas-Payments-UI\node_modules\jest-runner\build\runTest.js:389:16)
    at runTest (D:\Thinkpalm\Atlas-Payments-UI\node_modules\jest-runner\build\runTest.js:475:34)
    at Object.worker (D:\Thinkpalm\Atlas-Payments-UI\node_modules\jest-runner\build\testWorker.js:133:12)]]></failure>
      <failure message="Error: Unable to find an element with the text: /&quot;DSM Nutritional Products AG&quot;/. This could be because the text is broken up by multiple elements. In this case, you can provide a function for your text matcher to make your matcher more flexible."><![CDATA[Error: Unable to find an element with the text: /"DSM Nutritional Products AG"/. This could be because the text is broken up by multiple elements. In this case, you can provide a function for your text matcher to make your matcher more flexible.

Ignored nodes: comments, <script />, <style />
<body>
  <div>
    <div
      class="newinvoice-container"
    >
      <div
        class="breadcrumbs"
      >
        <div
          class="a-breadcrumb"
        >
          <span
            class="steps"
          >
            <span
              class="a-breadcrumb__label label-active"
            >
              Invoices
            </span>
          </span>
          <span
            class="steps"
          >
            <svg
              class=""
              height="20px"
              style="display: inline-block; vertical-align: middle;"
              viewBox="-2 -4 24 24"
              width="20px"
              xmlns="http://www.w3.org/2000/svg"
              xmlns:xlink="http://www.w3.org/1999/xlink"
            >
              <path
                d="M 0.8574456,11.144166 A 0.57143003,0.57143003 0 0 0 1.2617425,10.976197 L 5.832055,6.4058847 a 0.57148717,0.57148717 0 0 0 0,-0.8085938 L 1.2617425,1.0250248 a 0.57143003,0.57143003 0 0 0 -0.8085937,0 0.57143003,0.57143003 0 0 0 0,0.808594 l 4.1679687,4.167969 -4.1679687,4.1679692 a 0.57143003,0.57143003 0 0 0 0,0.80664 0.57143003,0.57143003 0 0 0 0.4042968,0.167969 z"
                fill="#17224E"
              />
            </svg>
            <span
              class="a-breadcrumb__label last-item"
            >
              New Invoice
            </span>
          </span>
        </div>
      </div>
      <div
        class="detail-container"
      >
        <div
          class="a-layouts"
        >
          <div
            class="sidebar-inner-container"
          >
            <div
              class="panel left-panel"
            >
              <div
                class="a-progress"
              >
                <div
                  class="a-progress__items completed"
                >
                  <span
                    class="count"
                  >
                    1
                  </span>
                  <span
                    class="label"
                  >
                    New Invoice
                  </span>
                </div>
                <span
                  class="splitter"
                />
                <div
                  class="a-progress__items"
                >
                  <span
                    class="count"
                  >
                    2
                  </span>
                  <span
                    class="label"
                  />
                </div>
                <span
                  class="splitter"
                />
                <div
                  class="a-progress__items"
                >
                  <span
                    class="count"
                  >
                    3
                  </span>
                  <span
                    class="label"
                  />
                </div>
                <span
                  class="splitter"
                />
                <div
                  class="a-progress__items"
                >
                  <span
                    class="count"
                  >
                    <svg
                      class=""
                      height="24px"
                      style="display: inline-block; vertical-align: middle;"
                      viewBox="-2 -3 24 24"
                      width="24px"
                      xmlns="http://www.w3.org/2000/svg"
                      xmlns:xlink="http://www.w3.org/1999/xlink"
                    >
                      <path
                        d="M1.04892 8.20174C0.943259 8.08271 0.79464 8.01053 0.635759 8.00108C0.476878 7.99163 0.32075 8.04568 0.201721 8.15134C0.0826916 8.257 0.0105119 8.40562 0.00106008 8.5645C-0.00839175 8.72338 0.0456585 8.87951 0.151321 8.99854L4.95132 14.3985C5.0056 14.4598 5.07184 14.5094 5.14598 14.5441C5.22012 14.5789 5.30058 14.598 5.38242 14.6005C5.46425 14.603 5.54573 14.5887 5.62183 14.5585C5.69793 14.5283 5.76704 14.4828 5.82492 14.4249L18.4249 1.82494C18.5376 1.71243 18.6009 1.55978 18.6011 1.40056C18.6012 1.24134 18.538 1.0886 18.4255 0.975939C18.313 0.863275 18.1604 0.799917 18.0011 0.799805C17.8419 0.799692 17.6892 0.862833 17.5765 0.975338L5.42412 13.1253L1.04772 8.20174H1.04892Z"
                        fill="#526FD6"
                      />
                    </svg>
                  </span>
                  <span
                    class="label"
                  />
                </div>
                <span
                  class="splitter"
                />
              </div>
            </div>
            <div
              class="panel right-panel"
            >
              <div>
                <div
                  class="newinvoice_main"
                >
                  <div>
                    <div
                      class="newinvoice-container"
                    >
                      <div
                        id="head_sec"
                      >
                        <h3>
                ...
    at waitForWrapper (D:\Thinkpalm\Atlas-Payments-UI\node_modules\@testing-library\dom\dist\wait-for.js:187:27)
    at findByText (D:\Thinkpalm\Atlas-Payments-UI\node_modules\@testing-library\dom\dist\query-helpers.js:101:33)
    at _callee6$ (D:\Thinkpalm\Atlas-Payments-UI\src\layouts\views\NewInvoice\test\index.test.js:223:44)
    at tryCatch (D:\Thinkpalm\Atlas-Payments-UI\node_modules\regenerator-runtime\runtime.js:63:40)
    at Generator.invoke [as _invoke] (D:\Thinkpalm\Atlas-Payments-UI\node_modules\regenerator-runtime\runtime.js:294:22)
    at Generator.next (D:\Thinkpalm\Atlas-Payments-UI\node_modules\regenerator-runtime\runtime.js:119:21)
    at asyncGeneratorStep (D:\Thinkpalm\Atlas-Payments-UI\node_modules\@babel\runtime\helpers\asyncToGenerator.js:3:24)
    at _next (D:\Thinkpalm\Atlas-Payments-UI\node_modules\@babel\runtime\helpers\asyncToGenerator.js:25:9)]]></failure>
    </testCase>
    <testCase name="Stepper 2 dropDown Value change stepper 1 then stepper 2 complete and next button then row click in select table data   stepper 3 then finish " duration="1049">
      <failure message="Error: Request failed with status code 404"><![CDATA[Error: Request failed with status code 404
    at createAxiosError (D:\Thinkpalm\Atlas-Payments-UI\node_modules\axios-mock-adapter\src\utils.js:151:15)
    at Object.settle (D:\Thinkpalm\Atlas-Payments-UI\node_modules\axios-mock-adapter\src\utils.js:142:12)
    at handleRequest (D:\Thinkpalm\Atlas-Payments-UI\node_modules\axios-mock-adapter\src\handle_request.js:127:15)
    at D:\Thinkpalm\Atlas-Payments-UI\node_modules\axios-mock-adapter\src\index.js:26:9
    at new Promise (<anonymous>)
    at MockAdapter.<anonymous> (D:\Thinkpalm\Atlas-Payments-UI\node_modules\axios-mock-adapter\src\index.js:25:14)
    at dispatchRequest (D:\Thinkpalm\Atlas-Payments-UI\node_modules\axios\lib\core\dispatchRequest.js:58:10)
    at Axios.request (D:\Thinkpalm\Atlas-Payments-UI\node_modules\axios\lib\core\Axios.js:108:15)
    at Axios.<computed> [as get] (D:\Thinkpalm\Atlas-Payments-UI\node_modules\axios\lib\core\Axios.js:129:17)
    at Function.get (D:\Thinkpalm\Atlas-Payments-UI\node_modules\axios\lib\helpers\bind.js:9:15)
    at productFun (D:\Thinkpalm\Atlas-Payments-UI\src\layouts\views\NewInvoice\ProductInvoiceCreation.tsx:40:15)
    at D:\Thinkpalm\Atlas-Payments-UI\src\layouts\views\NewInvoice\ProductInvoiceCreation.tsx:34:9
    at invokePassiveEffectCreate (D:\Thinkpalm\Atlas-Payments-UI\node_modules\react-dom\cjs\react-dom.development.js:23487:20)
    at HTMLUnknownElement.callCallback (D:\Thinkpalm\Atlas-Payments-UI\node_modules\react-dom\cjs\react-dom.development.js:3945:14)
    at HTMLUnknownElement.callTheUserObjectsOperation (D:\Thinkpalm\Atlas-Payments-UI\node_modules\jsdom\lib\jsdom\living\generated\EventListener.js:26:30)
    at innerInvokeEventListeners (D:\Thinkpalm\Atlas-Payments-UI\node_modules\jsdom\lib\jsdom\living\events\EventTarget-impl.js:338:25)
    at invokeEventListeners (D:\Thinkpalm\Atlas-Payments-UI\node_modules\jsdom\lib\jsdom\living\events\EventTarget-impl.js:274:3)
    at HTMLUnknownElementImpl._dispatch (D:\Thinkpalm\Atlas-Payments-UI\node_modules\jsdom\lib\jsdom\living\events\EventTarget-impl.js:221:9)
    at HTMLUnknownElementImpl.dispatchEvent (D:\Thinkpalm\Atlas-Payments-UI\node_modules\jsdom\lib\jsdom\living\events\EventTarget-impl.js:94:17)
    at HTMLUnknownElement.dispatchEvent (D:\Thinkpalm\Atlas-Payments-UI\node_modules\jsdom\lib\jsdom\living\generated\EventTarget.js:231:34)
    at Object.invokeGuardedCallbackDev (D:\Thinkpalm\Atlas-Payments-UI\node_modules\react-dom\cjs\react-dom.development.js:3994:16)
    at invokeGuardedCallback (D:\Thinkpalm\Atlas-Payments-UI\node_modules\react-dom\cjs\react-dom.development.js:4056:31)
    at flushPassiveEffectsImpl (D:\Thinkpalm\Atlas-Payments-UI\node_modules\react-dom\cjs\react-dom.development.js:23574:9)
    at unstable_runWithPriority (D:\Thinkpalm\Atlas-Payments-UI\node_modules\scheduler\cjs\scheduler.development.js:468:12)
    at runWithPriority$1 (D:\Thinkpalm\Atlas-Payments-UI\node_modules\react-dom\cjs\react-dom.development.js:11276:10)
    at flushPassiveEffects (D:\Thinkpalm\Atlas-Payments-UI\node_modules\react-dom\cjs\react-dom.development.js:23447:14)
    at performSyncWorkOnRoot (D:\Thinkpalm\Atlas-Payments-UI\node_modules\react-dom\cjs\react-dom.development.js:22269:3)
    at D:\Thinkpalm\Atlas-Payments-UI\node_modules\react-dom\cjs\react-dom.development.js:11327:26
    at unstable_runWithPriority (D:\Thinkpalm\Atlas-Payments-UI\node_modules\scheduler\cjs\scheduler.development.js:468:12)
    at runWithPriority$1 (D:\Thinkpalm\Atlas-Payments-UI\node_modules\react-dom\cjs\react-dom.development.js:11276:10)
    at flushSyncCallbackQueueImpl (D:\Thinkpalm\Atlas-Payments-UI\node_modules\react-dom\cjs\react-dom.development.js:11322:9)
    at flushSyncCallbackQueue (D:\Thinkpalm\Atlas-Payments-UI\node_modules\react-dom\cjs\react-dom.development.js:11309:3)
    at batchedUpdates$1 (D:\Thinkpalm\Atlas-Payments-UI\node_modules\react-dom\cjs\react-dom.development.js:22387:7)
    at act (D:\Thinkpalm\Atlas-Payments-UI\node_modules\react-dom\cjs\react-dom-test-utils.development.js:1042:14)
    at render (D:\Thinkpalm\Atlas-Payments-UI\node_modules\@testing-library\react\dist\pure.js:97:26)
    at _callee7$ (D:\Thinkpalm\Atlas-Payments-UI\src\layouts\views\NewInvoice\test\index.test.js:262:27)
    at tryCatch (D:\Thinkpalm\Atlas-Payments-UI\node_modules\regenerator-runtime\runtime.js:63:40)
    at Generator.invoke [as _invoke] (D:\Thinkpalm\Atlas-Payments-UI\node_modules\regenerator-runtime\runtime.js:294:22)
    at Generator.next (D:\Thinkpalm\Atlas-Payments-UI\node_modules\regenerator-runtime\runtime.js:119:21)
    at asyncGeneratorStep (D:\Thinkpalm\Atlas-Payments-UI\node_modules\@babel\runtime\helpers\asyncToGenerator.js:3:24)
    at _next (D:\Thinkpalm\Atlas-Payments-UI\node_modules\@babel\runtime\helpers\asyncToGenerator.js:25:9)
    at D:\Thinkpalm\Atlas-Payments-UI\node_modules\@babel\runtime\helpers\asyncToGenerator.js:32:7
    at new Promise (<anonymous>)
    at Object.<anonymous> (D:\Thinkpalm\Atlas-Payments-UI\node_modules\@babel\runtime\helpers\asyncToGenerator.js:21:12)
    at Promise.then.completed (D:\Thinkpalm\Atlas-Payments-UI\node_modules\jest-circus\build\utils.js:391:28)
    at new Promise (<anonymous>)
    at callAsyncCircusFn (D:\Thinkpalm\Atlas-Payments-UI\node_modules\jest-circus\build\utils.js:316:10)
    at _callCircusTest (D:\Thinkpalm\Atlas-Payments-UI\node_modules\jest-circus\build\run.js:218:40)
    at _runTest (D:\Thinkpalm\Atlas-Payments-UI\node_modules\jest-circus\build\run.js:155:3)
    at _runTestsForDescribeBlock (D:\Thinkpalm\Atlas-Payments-UI\node_modules\jest-circus\build\run.js:66:9)
    at _runTestsForDescribeBlock (D:\Thinkpalm\Atlas-Payments-UI\node_modules\jest-circus\build\run.js:60:9)
    at run (D:\Thinkpalm\Atlas-Payments-UI\node_modules\jest-circus\build\run.js:25:3)
    at runAndTransformResultsToJestFormat (D:\Thinkpalm\Atlas-Payments-UI\node_modules\jest-circus\build\legacy-code-todo-rewrite\jestAdapterInit.js:170:21)
    at jestAdapter (D:\Thinkpalm\Atlas-Payments-UI\node_modules\jest-circus\build\legacy-code-todo-rewrite\jestAdapter.js:82:19)
    at runTestInternal (D:\Thinkpalm\Atlas-Payments-UI\node_modules\jest-runner\build\runTest.js:389:16)
    at runTest (D:\Thinkpalm\Atlas-Payments-UI\node_modules\jest-runner\build\runTest.js:475:34)
    at Object.worker (D:\Thinkpalm\Atlas-Payments-UI\node_modules\jest-runner\build\testWorker.js:133:12)]]></failure>
      <failure message="Error: Request failed with status code 404"><![CDATA[Error: Request failed with status code 404
    at createAxiosError (D:\Thinkpalm\Atlas-Payments-UI\node_modules\axios-mock-adapter\src\utils.js:151:15)
    at Object.settle (D:\Thinkpalm\Atlas-Payments-UI\node_modules\axios-mock-adapter\src\utils.js:142:12)
    at handleRequest (D:\Thinkpalm\Atlas-Payments-UI\node_modules\axios-mock-adapter\src\handle_request.js:127:15)
    at D:\Thinkpalm\Atlas-Payments-UI\node_modules\axios-mock-adapter\src\index.js:26:9
    at new Promise (<anonymous>)
    at MockAdapter.<anonymous> (D:\Thinkpalm\Atlas-Payments-UI\node_modules\axios-mock-adapter\src\index.js:25:14)
    at dispatchRequest (D:\Thinkpalm\Atlas-Payments-UI\node_modules\axios\lib\core\dispatchRequest.js:58:10)
    at Axios.request (D:\Thinkpalm\Atlas-Payments-UI\node_modules\axios\lib\core\Axios.js:108:15)
    at Axios.<computed> [as get] (D:\Thinkpalm\Atlas-Payments-UI\node_modules\axios\lib\core\Axios.js:129:17)
    at Function.get (D:\Thinkpalm\Atlas-Payments-UI\node_modules\axios\lib\helpers\bind.js:9:15)
    at countryFun (D:\Thinkpalm\Atlas-Payments-UI\src\layouts\views\NewInvoice\ProductInvoiceCreation.tsx:52:15)
    at D:\Thinkpalm\Atlas-Payments-UI\src\layouts\views\NewInvoice\ProductInvoiceCreation.tsx:35:9
    at invokePassiveEffectCreate (D:\Thinkpalm\Atlas-Payments-UI\node_modules\react-dom\cjs\react-dom.development.js:23487:20)
    at HTMLUnknownElement.callCallback (D:\Thinkpalm\Atlas-Payments-UI\node_modules\react-dom\cjs\react-dom.development.js:3945:14)
    at HTMLUnknownElement.callTheUserObjectsOperation (D:\Thinkpalm\Atlas-Payments-UI\node_modules\jsdom\lib\jsdom\living\generated\EventListener.js:26:30)
    at innerInvokeEventListeners (D:\Thinkpalm\Atlas-Payments-UI\node_modules\jsdom\lib\jsdom\living\events\EventTarget-impl.js:338:25)
    at invokeEventListeners (D:\Thinkpalm\Atlas-Payments-UI\node_modules\jsdom\lib\jsdom\living\events\EventTarget-impl.js:274:3)
    at HTMLUnknownElementImpl._dispatch (D:\Thinkpalm\Atlas-Payments-UI\node_modules\jsdom\lib\jsdom\living\events\EventTarget-impl.js:221:9)
    at HTMLUnknownElementImpl.dispatchEvent (D:\Thinkpalm\Atlas-Payments-UI\node_modules\jsdom\lib\jsdom\living\events\EventTarget-impl.js:94:17)
    at HTMLUnknownElement.dispatchEvent (D:\Thinkpalm\Atlas-Payments-UI\node_modules\jsdom\lib\jsdom\living\generated\EventTarget.js:231:34)
    at Object.invokeGuardedCallbackDev (D:\Thinkpalm\Atlas-Payments-UI\node_modules\react-dom\cjs\react-dom.development.js:3994:16)
    at invokeGuardedCallback (D:\Thinkpalm\Atlas-Payments-UI\node_modules\react-dom\cjs\react-dom.development.js:4056:31)
    at flushPassiveEffectsImpl (D:\Thinkpalm\Atlas-Payments-UI\node_modules\react-dom\cjs\react-dom.development.js:23574:9)
    at unstable_runWithPriority (D:\Thinkpalm\Atlas-Payments-UI\node_modules\scheduler\cjs\scheduler.development.js:468:12)
    at runWithPriority$1 (D:\Thinkpalm\Atlas-Payments-UI\node_modules\react-dom\cjs\react-dom.development.js:11276:10)
    at flushPassiveEffects (D:\Thinkpalm\Atlas-Payments-UI\node_modules\react-dom\cjs\react-dom.development.js:23447:14)
    at performSyncWorkOnRoot (D:\Thinkpalm\Atlas-Payments-UI\node_modules\react-dom\cjs\react-dom.development.js:22269:3)
    at D:\Thinkpalm\Atlas-Payments-UI\node_modules\react-dom\cjs\react-dom.development.js:11327:26
    at unstable_runWithPriority (D:\Thinkpalm\Atlas-Payments-UI\node_modules\scheduler\cjs\scheduler.development.js:468:12)
    at runWithPriority$1 (D:\Thinkpalm\Atlas-Payments-UI\node_modules\react-dom\cjs\react-dom.development.js:11276:10)
    at flushSyncCallbackQueueImpl (D:\Thinkpalm\Atlas-Payments-UI\node_modules\react-dom\cjs\react-dom.development.js:11322:9)
    at flushSyncCallbackQueue (D:\Thinkpalm\Atlas-Payments-UI\node_modules\react-dom\cjs\react-dom.development.js:11309:3)
    at batchedUpdates$1 (D:\Thinkpalm\Atlas-Payments-UI\node_modules\react-dom\cjs\react-dom.development.js:22387:7)
    at act (D:\Thinkpalm\Atlas-Payments-UI\node_modules\react-dom\cjs\react-dom-test-utils.development.js:1042:14)
    at render (D:\Thinkpalm\Atlas-Payments-UI\node_modules\@testing-library\react\dist\pure.js:97:26)
    at _callee7$ (D:\Thinkpalm\Atlas-Payments-UI\src\layouts\views\NewInvoice\test\index.test.js:262:27)
    at tryCatch (D:\Thinkpalm\Atlas-Payments-UI\node_modules\regenerator-runtime\runtime.js:63:40)
    at Generator.invoke [as _invoke] (D:\Thinkpalm\Atlas-Payments-UI\node_modules\regenerator-runtime\runtime.js:294:22)
    at Generator.next (D:\Thinkpalm\Atlas-Payments-UI\node_modules\regenerator-runtime\runtime.js:119:21)
    at asyncGeneratorStep (D:\Thinkpalm\Atlas-Payments-UI\node_modules\@babel\runtime\helpers\asyncToGenerator.js:3:24)
    at _next (D:\Thinkpalm\Atlas-Payments-UI\node_modules\@babel\runtime\helpers\asyncToGenerator.js:25:9)
    at D:\Thinkpalm\Atlas-Payments-UI\node_modules\@babel\runtime\helpers\asyncToGenerator.js:32:7
    at new Promise (<anonymous>)
    at Object.<anonymous> (D:\Thinkpalm\Atlas-Payments-UI\node_modules\@babel\runtime\helpers\asyncToGenerator.js:21:12)
    at Promise.then.completed (D:\Thinkpalm\Atlas-Payments-UI\node_modules\jest-circus\build\utils.js:391:28)
    at new Promise (<anonymous>)
    at callAsyncCircusFn (D:\Thinkpalm\Atlas-Payments-UI\node_modules\jest-circus\build\utils.js:316:10)
    at _callCircusTest (D:\Thinkpalm\Atlas-Payments-UI\node_modules\jest-circus\build\run.js:218:40)
    at _runTest (D:\Thinkpalm\Atlas-Payments-UI\node_modules\jest-circus\build\run.js:155:3)
    at _runTestsForDescribeBlock (D:\Thinkpalm\Atlas-Payments-UI\node_modules\jest-circus\build\run.js:66:9)
    at _runTestsForDescribeBlock (D:\Thinkpalm\Atlas-Payments-UI\node_modules\jest-circus\build\run.js:60:9)
    at run (D:\Thinkpalm\Atlas-Payments-UI\node_modules\jest-circus\build\run.js:25:3)
    at runAndTransformResultsToJestFormat (D:\Thinkpalm\Atlas-Payments-UI\node_modules\jest-circus\build\legacy-code-todo-rewrite\jestAdapterInit.js:170:21)
    at jestAdapter (D:\Thinkpalm\Atlas-Payments-UI\node_modules\jest-circus\build\legacy-code-todo-rewrite\jestAdapter.js:82:19)
    at runTestInternal (D:\Thinkpalm\Atlas-Payments-UI\node_modules\jest-runner\build\runTest.js:389:16)
    at runTest (D:\Thinkpalm\Atlas-Payments-UI\node_modules\jest-runner\build\runTest.js:475:34)
    at Object.worker (D:\Thinkpalm\Atlas-Payments-UI\node_modules\jest-runner\build\testWorker.js:133:12)]]></failure>
      <failure message="Error: Unable to find an element with the text: /&quot;DSM Nutritional Products AG&quot;/. This could be because the text is broken up by multiple elements. In this case, you can provide a function for your text matcher to make your matcher more flexible."><![CDATA[Error: Unable to find an element with the text: /"DSM Nutritional Products AG"/. This could be because the text is broken up by multiple elements. In this case, you can provide a function for your text matcher to make your matcher more flexible.

Ignored nodes: comments, <script />, <style />
<body>
  <div>
    <div
      class="newinvoice-container"
    >
      <div
        class="breadcrumbs"
      >
        <div
          class="a-breadcrumb"
        >
          <span
            class="steps"
          >
            <span
              class="a-breadcrumb__label label-active"
            >
              Invoices
            </span>
          </span>
          <span
            class="steps"
          >
            <svg
              class=""
              height="20px"
              style="display: inline-block; vertical-align: middle;"
              viewBox="-2 -4 24 24"
              width="20px"
              xmlns="http://www.w3.org/2000/svg"
              xmlns:xlink="http://www.w3.org/1999/xlink"
            >
              <path
                d="M 0.8574456,11.144166 A 0.57143003,0.57143003 0 0 0 1.2617425,10.976197 L 5.832055,6.4058847 a 0.57148717,0.57148717 0 0 0 0,-0.8085938 L 1.2617425,1.0250248 a 0.57143003,0.57143003 0 0 0 -0.8085937,0 0.57143003,0.57143003 0 0 0 0,0.808594 l 4.1679687,4.167969 -4.1679687,4.1679692 a 0.57143003,0.57143003 0 0 0 0,0.80664 0.57143003,0.57143003 0 0 0 0.4042968,0.167969 z"
                fill="#17224E"
              />
            </svg>
            <span
              class="a-breadcrumb__label last-item"
            >
              New Invoice
            </span>
          </span>
        </div>
      </div>
      <div
        class="detail-container"
      >
        <div
          class="a-layouts"
        >
          <div
            class="sidebar-inner-container"
          >
            <div
              class="panel left-panel"
            >
              <div
                class="a-progress"
              >
                <div
                  class="a-progress__items completed"
                >
                  <span
                    class="count"
                  >
                    1
                  </span>
                  <span
                    class="label"
                  >
                    New Invoice
                  </span>
                </div>
                <span
                  class="splitter"
                />
                <div
                  class="a-progress__items"
                >
                  <span
                    class="count"
                  >
                    2
                  </span>
                  <span
                    class="label"
                  />
                </div>
                <span
                  class="splitter"
                />
                <div
                  class="a-progress__items"
                >
                  <span
                    class="count"
                  >
                    3
                  </span>
                  <span
                    class="label"
                  />
                </div>
                <span
                  class="splitter"
                />
                <div
                  class="a-progress__items"
                >
                  <span
                    class="count"
                  >
                    <svg
                      class=""
                      height="24px"
                      style="display: inline-block; vertical-align: middle;"
                      viewBox="-2 -3 24 24"
                      width="24px"
                      xmlns="http://www.w3.org/2000/svg"
                      xmlns:xlink="http://www.w3.org/1999/xlink"
                    >
                      <path
                        d="M1.04892 8.20174C0.943259 8.08271 0.79464 8.01053 0.635759 8.00108C0.476878 7.99163 0.32075 8.04568 0.201721 8.15134C0.0826916 8.257 0.0105119 8.40562 0.00106008 8.5645C-0.00839175 8.72338 0.0456585 8.87951 0.151321 8.99854L4.95132 14.3985C5.0056 14.4598 5.07184 14.5094 5.14598 14.5441C5.22012 14.5789 5.30058 14.598 5.38242 14.6005C5.46425 14.603 5.54573 14.5887 5.62183 14.5585C5.69793 14.5283 5.76704 14.4828 5.82492 14.4249L18.4249 1.82494C18.5376 1.71243 18.6009 1.55978 18.6011 1.40056C18.6012 1.24134 18.538 1.0886 18.4255 0.975939C18.313 0.863275 18.1604 0.799917 18.0011 0.799805C17.8419 0.799692 17.6892 0.862833 17.5765 0.975338L5.42412 13.1253L1.04772 8.20174H1.04892Z"
                        fill="#526FD6"
                      />
                    </svg>
                  </span>
                  <span
                    class="label"
                  />
                </div>
                <span
                  class="splitter"
                />
              </div>
            </div>
            <div
              class="panel right-panel"
            >
              <div>
                <div
                  class="newinvoice_main"
                >
                  <div>
                    <div
                      class="newinvoice-container"
                    >
                      <div
                        id="head_sec"
                      >
                        <h3>
                ...
    at waitForWrapper (D:\Thinkpalm\Atlas-Payments-UI\node_modules\@testing-library\dom\dist\wait-for.js:187:27)
    at findByText (D:\Thinkpalm\Atlas-Payments-UI\node_modules\@testing-library\dom\dist\query-helpers.js:101:33)
    at _callee7$ (D:\Thinkpalm\Atlas-Payments-UI\src\layouts\views\NewInvoice\test\index.test.js:274:44)
    at tryCatch (D:\Thinkpalm\Atlas-Payments-UI\node_modules\regenerator-runtime\runtime.js:63:40)
    at Generator.invoke [as _invoke] (D:\Thinkpalm\Atlas-Payments-UI\node_modules\regenerator-runtime\runtime.js:294:22)
    at Generator.next (D:\Thinkpalm\Atlas-Payments-UI\node_modules\regenerator-runtime\runtime.js:119:21)
    at asyncGeneratorStep (D:\Thinkpalm\Atlas-Payments-UI\node_modules\@babel\runtime\helpers\asyncToGenerator.js:3:24)
    at _next (D:\Thinkpalm\Atlas-Payments-UI\node_modules\@babel\runtime\helpers\asyncToGenerator.js:25:9)]]></failure>
    </testCase>
    <testCase name="Stepper 2 show table click dropDown Value change stepper 1 then stepper 2 click on  " duration="1059">
      <failure message="Error: Request failed with status code 404"><![CDATA[Error: Request failed with status code 404
    at createAxiosError (D:\Thinkpalm\Atlas-Payments-UI\node_modules\axios-mock-adapter\src\utils.js:151:15)
    at Object.settle (D:\Thinkpalm\Atlas-Payments-UI\node_modules\axios-mock-adapter\src\utils.js:142:12)
    at handleRequest (D:\Thinkpalm\Atlas-Payments-UI\node_modules\axios-mock-adapter\src\handle_request.js:127:15)
    at D:\Thinkpalm\Atlas-Payments-UI\node_modules\axios-mock-adapter\src\index.js:26:9
    at new Promise (<anonymous>)
    at MockAdapter.<anonymous> (D:\Thinkpalm\Atlas-Payments-UI\node_modules\axios-mock-adapter\src\index.js:25:14)
    at dispatchRequest (D:\Thinkpalm\Atlas-Payments-UI\node_modules\axios\lib\core\dispatchRequest.js:58:10)
    at Axios.request (D:\Thinkpalm\Atlas-Payments-UI\node_modules\axios\lib\core\Axios.js:108:15)
    at Axios.<computed> [as get] (D:\Thinkpalm\Atlas-Payments-UI\node_modules\axios\lib\core\Axios.js:129:17)
    at Function.get (D:\Thinkpalm\Atlas-Payments-UI\node_modules\axios\lib\helpers\bind.js:9:15)
    at productFun (D:\Thinkpalm\Atlas-Payments-UI\src\layouts\views\NewInvoice\ProductInvoiceCreation.tsx:40:15)
    at D:\Thinkpalm\Atlas-Payments-UI\src\layouts\views\NewInvoice\ProductInvoiceCreation.tsx:34:9
    at invokePassiveEffectCreate (D:\Thinkpalm\Atlas-Payments-UI\node_modules\react-dom\cjs\react-dom.development.js:23487:20)
    at HTMLUnknownElement.callCallback (D:\Thinkpalm\Atlas-Payments-UI\node_modules\react-dom\cjs\react-dom.development.js:3945:14)
    at HTMLUnknownElement.callTheUserObjectsOperation (D:\Thinkpalm\Atlas-Payments-UI\node_modules\jsdom\lib\jsdom\living\generated\EventListener.js:26:30)
    at innerInvokeEventListeners (D:\Thinkpalm\Atlas-Payments-UI\node_modules\jsdom\lib\jsdom\living\events\EventTarget-impl.js:338:25)
    at invokeEventListeners (D:\Thinkpalm\Atlas-Payments-UI\node_modules\jsdom\lib\jsdom\living\events\EventTarget-impl.js:274:3)
    at HTMLUnknownElementImpl._dispatch (D:\Thinkpalm\Atlas-Payments-UI\node_modules\jsdom\lib\jsdom\living\events\EventTarget-impl.js:221:9)
    at HTMLUnknownElementImpl.dispatchEvent (D:\Thinkpalm\Atlas-Payments-UI\node_modules\jsdom\lib\jsdom\living\events\EventTarget-impl.js:94:17)
    at HTMLUnknownElement.dispatchEvent (D:\Thinkpalm\Atlas-Payments-UI\node_modules\jsdom\lib\jsdom\living\generated\EventTarget.js:231:34)
    at Object.invokeGuardedCallbackDev (D:\Thinkpalm\Atlas-Payments-UI\node_modules\react-dom\cjs\react-dom.development.js:3994:16)
    at invokeGuardedCallback (D:\Thinkpalm\Atlas-Payments-UI\node_modules\react-dom\cjs\react-dom.development.js:4056:31)
    at flushPassiveEffectsImpl (D:\Thinkpalm\Atlas-Payments-UI\node_modules\react-dom\cjs\react-dom.development.js:23574:9)
    at unstable_runWithPriority (D:\Thinkpalm\Atlas-Payments-UI\node_modules\scheduler\cjs\scheduler.development.js:468:12)
    at runWithPriority$1 (D:\Thinkpalm\Atlas-Payments-UI\node_modules\react-dom\cjs\react-dom.development.js:11276:10)
    at flushPassiveEffects (D:\Thinkpalm\Atlas-Payments-UI\node_modules\react-dom\cjs\react-dom.development.js:23447:14)
    at performSyncWorkOnRoot (D:\Thinkpalm\Atlas-Payments-UI\node_modules\react-dom\cjs\react-dom.development.js:22269:3)
    at D:\Thinkpalm\Atlas-Payments-UI\node_modules\react-dom\cjs\react-dom.development.js:11327:26
    at unstable_runWithPriority (D:\Thinkpalm\Atlas-Payments-UI\node_modules\scheduler\cjs\scheduler.development.js:468:12)
    at runWithPriority$1 (D:\Thinkpalm\Atlas-Payments-UI\node_modules\react-dom\cjs\react-dom.development.js:11276:10)
    at flushSyncCallbackQueueImpl (D:\Thinkpalm\Atlas-Payments-UI\node_modules\react-dom\cjs\react-dom.development.js:11322:9)
    at flushSyncCallbackQueue (D:\Thinkpalm\Atlas-Payments-UI\node_modules\react-dom\cjs\react-dom.development.js:11309:3)
    at batchedUpdates$1 (D:\Thinkpalm\Atlas-Payments-UI\node_modules\react-dom\cjs\react-dom.development.js:22387:7)
    at act (D:\Thinkpalm\Atlas-Payments-UI\node_modules\react-dom\cjs\react-dom-test-utils.development.js:1042:14)
    at render (D:\Thinkpalm\Atlas-Payments-UI\node_modules\@testing-library\react\dist\pure.js:97:26)
    at _callee8$ (D:\Thinkpalm\Atlas-Payments-UI\src\layouts\views\NewInvoice\test\index.test.js:380:5)
    at tryCatch (D:\Thinkpalm\Atlas-Payments-UI\node_modules\regenerator-runtime\runtime.js:63:40)
    at Generator.invoke [as _invoke] (D:\Thinkpalm\Atlas-Payments-UI\node_modules\regenerator-runtime\runtime.js:294:22)
    at Generator.next (D:\Thinkpalm\Atlas-Payments-UI\node_modules\regenerator-runtime\runtime.js:119:21)
    at asyncGeneratorStep (D:\Thinkpalm\Atlas-Payments-UI\node_modules\@babel\runtime\helpers\asyncToGenerator.js:3:24)
    at _next (D:\Thinkpalm\Atlas-Payments-UI\node_modules\@babel\runtime\helpers\asyncToGenerator.js:25:9)
    at D:\Thinkpalm\Atlas-Payments-UI\node_modules\@babel\runtime\helpers\asyncToGenerator.js:32:7
    at new Promise (<anonymous>)
    at Object.<anonymous> (D:\Thinkpalm\Atlas-Payments-UI\node_modules\@babel\runtime\helpers\asyncToGenerator.js:21:12)
    at Promise.then.completed (D:\Thinkpalm\Atlas-Payments-UI\node_modules\jest-circus\build\utils.js:391:28)
    at new Promise (<anonymous>)
    at callAsyncCircusFn (D:\Thinkpalm\Atlas-Payments-UI\node_modules\jest-circus\build\utils.js:316:10)
    at _callCircusTest (D:\Thinkpalm\Atlas-Payments-UI\node_modules\jest-circus\build\run.js:218:40)
    at _runTest (D:\Thinkpalm\Atlas-Payments-UI\node_modules\jest-circus\build\run.js:155:3)
    at _runTestsForDescribeBlock (D:\Thinkpalm\Atlas-Payments-UI\node_modules\jest-circus\build\run.js:66:9)
    at _runTestsForDescribeBlock (D:\Thinkpalm\Atlas-Payments-UI\node_modules\jest-circus\build\run.js:60:9)
    at run (D:\Thinkpalm\Atlas-Payments-UI\node_modules\jest-circus\build\run.js:25:3)
    at runAndTransformResultsToJestFormat (D:\Thinkpalm\Atlas-Payments-UI\node_modules\jest-circus\build\legacy-code-todo-rewrite\jestAdapterInit.js:170:21)
    at jestAdapter (D:\Thinkpalm\Atlas-Payments-UI\node_modules\jest-circus\build\legacy-code-todo-rewrite\jestAdapter.js:82:19)
    at runTestInternal (D:\Thinkpalm\Atlas-Payments-UI\node_modules\jest-runner\build\runTest.js:389:16)
    at runTest (D:\Thinkpalm\Atlas-Payments-UI\node_modules\jest-runner\build\runTest.js:475:34)
    at Object.worker (D:\Thinkpalm\Atlas-Payments-UI\node_modules\jest-runner\build\testWorker.js:133:12)]]></failure>
      <failure message="Error: Request failed with status code 404"><![CDATA[Error: Request failed with status code 404
    at createAxiosError (D:\Thinkpalm\Atlas-Payments-UI\node_modules\axios-mock-adapter\src\utils.js:151:15)
    at Object.settle (D:\Thinkpalm\Atlas-Payments-UI\node_modules\axios-mock-adapter\src\utils.js:142:12)
    at handleRequest (D:\Thinkpalm\Atlas-Payments-UI\node_modules\axios-mock-adapter\src\handle_request.js:127:15)
    at D:\Thinkpalm\Atlas-Payments-UI\node_modules\axios-mock-adapter\src\index.js:26:9
    at new Promise (<anonymous>)
    at MockAdapter.<anonymous> (D:\Thinkpalm\Atlas-Payments-UI\node_modules\axios-mock-adapter\src\index.js:25:14)
    at dispatchRequest (D:\Thinkpalm\Atlas-Payments-UI\node_modules\axios\lib\core\dispatchRequest.js:58:10)
    at Axios.request (D:\Thinkpalm\Atlas-Payments-UI\node_modules\axios\lib\core\Axios.js:108:15)
    at Axios.<computed> [as get] (D:\Thinkpalm\Atlas-Payments-UI\node_modules\axios\lib\core\Axios.js:129:17)
    at Function.get (D:\Thinkpalm\Atlas-Payments-UI\node_modules\axios\lib\helpers\bind.js:9:15)
    at countryFun (D:\Thinkpalm\Atlas-Payments-UI\src\layouts\views\NewInvoice\ProductInvoiceCreation.tsx:52:15)
    at D:\Thinkpalm\Atlas-Payments-UI\src\layouts\views\NewInvoice\ProductInvoiceCreation.tsx:35:9
    at invokePassiveEffectCreate (D:\Thinkpalm\Atlas-Payments-UI\node_modules\react-dom\cjs\react-dom.development.js:23487:20)
    at HTMLUnknownElement.callCallback (D:\Thinkpalm\Atlas-Payments-UI\node_modules\react-dom\cjs\react-dom.development.js:3945:14)
    at HTMLUnknownElement.callTheUserObjectsOperation (D:\Thinkpalm\Atlas-Payments-UI\node_modules\jsdom\lib\jsdom\living\generated\EventListener.js:26:30)
    at innerInvokeEventListeners (D:\Thinkpalm\Atlas-Payments-UI\node_modules\jsdom\lib\jsdom\living\events\EventTarget-impl.js:338:25)
    at invokeEventListeners (D:\Thinkpalm\Atlas-Payments-UI\node_modules\jsdom\lib\jsdom\living\events\EventTarget-impl.js:274:3)
    at HTMLUnknownElementImpl._dispatch (D:\Thinkpalm\Atlas-Payments-UI\node_modules\jsdom\lib\jsdom\living\events\EventTarget-impl.js:221:9)
    at HTMLUnknownElementImpl.dispatchEvent (D:\Thinkpalm\Atlas-Payments-UI\node_modules\jsdom\lib\jsdom\living\events\EventTarget-impl.js:94:17)
    at HTMLUnknownElement.dispatchEvent (D:\Thinkpalm\Atlas-Payments-UI\node_modules\jsdom\lib\jsdom\living\generated\EventTarget.js:231:34)
    at Object.invokeGuardedCallbackDev (D:\Thinkpalm\Atlas-Payments-UI\node_modules\react-dom\cjs\react-dom.development.js:3994:16)
    at invokeGuardedCallback (D:\Thinkpalm\Atlas-Payments-UI\node_modules\react-dom\cjs\react-dom.development.js:4056:31)
    at flushPassiveEffectsImpl (D:\Thinkpalm\Atlas-Payments-UI\node_modules\react-dom\cjs\react-dom.development.js:23574:9)
    at unstable_runWithPriority (D:\Thinkpalm\Atlas-Payments-UI\node_modules\scheduler\cjs\scheduler.development.js:468:12)
    at runWithPriority$1 (D:\Thinkpalm\Atlas-Payments-UI\node_modules\react-dom\cjs\react-dom.development.js:11276:10)
    at flushPassiveEffects (D:\Thinkpalm\Atlas-Payments-UI\node_modules\react-dom\cjs\react-dom.development.js:23447:14)
    at performSyncWorkOnRoot (D:\Thinkpalm\Atlas-Payments-UI\node_modules\react-dom\cjs\react-dom.development.js:22269:3)
    at D:\Thinkpalm\Atlas-Payments-UI\node_modules\react-dom\cjs\react-dom.development.js:11327:26
    at unstable_runWithPriority (D:\Thinkpalm\Atlas-Payments-UI\node_modules\scheduler\cjs\scheduler.development.js:468:12)
    at runWithPriority$1 (D:\Thinkpalm\Atlas-Payments-UI\node_modules\react-dom\cjs\react-dom.development.js:11276:10)
    at flushSyncCallbackQueueImpl (D:\Thinkpalm\Atlas-Payments-UI\node_modules\react-dom\cjs\react-dom.development.js:11322:9)
    at flushSyncCallbackQueue (D:\Thinkpalm\Atlas-Payments-UI\node_modules\react-dom\cjs\react-dom.development.js:11309:3)
    at batchedUpdates$1 (D:\Thinkpalm\Atlas-Payments-UI\node_modules\react-dom\cjs\react-dom.development.js:22387:7)
    at act (D:\Thinkpalm\Atlas-Payments-UI\node_modules\react-dom\cjs\react-dom-test-utils.development.js:1042:14)
    at render (D:\Thinkpalm\Atlas-Payments-UI\node_modules\@testing-library\react\dist\pure.js:97:26)
    at _callee8$ (D:\Thinkpalm\Atlas-Payments-UI\src\layouts\views\NewInvoice\test\index.test.js:380:5)
    at tryCatch (D:\Thinkpalm\Atlas-Payments-UI\node_modules\regenerator-runtime\runtime.js:63:40)
    at Generator.invoke [as _invoke] (D:\Thinkpalm\Atlas-Payments-UI\node_modules\regenerator-runtime\runtime.js:294:22)
    at Generator.next (D:\Thinkpalm\Atlas-Payments-UI\node_modules\regenerator-runtime\runtime.js:119:21)
    at asyncGeneratorStep (D:\Thinkpalm\Atlas-Payments-UI\node_modules\@babel\runtime\helpers\asyncToGenerator.js:3:24)
    at _next (D:\Thinkpalm\Atlas-Payments-UI\node_modules\@babel\runtime\helpers\asyncToGenerator.js:25:9)
    at D:\Thinkpalm\Atlas-Payments-UI\node_modules\@babel\runtime\helpers\asyncToGenerator.js:32:7
    at new Promise (<anonymous>)
    at Object.<anonymous> (D:\Thinkpalm\Atlas-Payments-UI\node_modules\@babel\runtime\helpers\asyncToGenerator.js:21:12)
    at Promise.then.completed (D:\Thinkpalm\Atlas-Payments-UI\node_modules\jest-circus\build\utils.js:391:28)
    at new Promise (<anonymous>)
    at callAsyncCircusFn (D:\Thinkpalm\Atlas-Payments-UI\node_modules\jest-circus\build\utils.js:316:10)
    at _callCircusTest (D:\Thinkpalm\Atlas-Payments-UI\node_modules\jest-circus\build\run.js:218:40)
    at _runTest (D:\Thinkpalm\Atlas-Payments-UI\node_modules\jest-circus\build\run.js:155:3)
    at _runTestsForDescribeBlock (D:\Thinkpalm\Atlas-Payments-UI\node_modules\jest-circus\build\run.js:66:9)
    at _runTestsForDescribeBlock (D:\Thinkpalm\Atlas-Payments-UI\node_modules\jest-circus\build\run.js:60:9)
    at run (D:\Thinkpalm\Atlas-Payments-UI\node_modules\jest-circus\build\run.js:25:3)
    at runAndTransformResultsToJestFormat (D:\Thinkpalm\Atlas-Payments-UI\node_modules\jest-circus\build\legacy-code-todo-rewrite\jestAdapterInit.js:170:21)
    at jestAdapter (D:\Thinkpalm\Atlas-Payments-UI\node_modules\jest-circus\build\legacy-code-todo-rewrite\jestAdapter.js:82:19)
    at runTestInternal (D:\Thinkpalm\Atlas-Payments-UI\node_modules\jest-runner\build\runTest.js:389:16)
    at runTest (D:\Thinkpalm\Atlas-Payments-UI\node_modules\jest-runner\build\runTest.js:475:34)
    at Object.worker (D:\Thinkpalm\Atlas-Payments-UI\node_modules\jest-runner\build\testWorker.js:133:12)]]></failure>
      <failure message="Error: Unable to find an element with the text: /&quot;DSM Nutritional Products AG&quot;/. This could be because the text is broken up by multiple elements. In this case, you can provide a function for your text matcher to make your matcher more flexible."><![CDATA[Error: Unable to find an element with the text: /"DSM Nutritional Products AG"/. This could be because the text is broken up by multiple elements. In this case, you can provide a function for your text matcher to make your matcher more flexible.

Ignored nodes: comments, <script />, <style />
<body>
  <div>
    <div
      class="newinvoice-container"
    >
      <div
        class="breadcrumbs"
      >
        <div
          class="a-breadcrumb"
        >
          <span
            class="steps"
          >
            <span
              class="a-breadcrumb__label label-active"
            >
              Invoices
            </span>
          </span>
          <span
            class="steps"
          >
            <svg
              class=""
              height="20px"
              style="display: inline-block; vertical-align: middle;"
              viewBox="-2 -4 24 24"
              width="20px"
              xmlns="http://www.w3.org/2000/svg"
              xmlns:xlink="http://www.w3.org/1999/xlink"
            >
              <path
                d="M 0.8574456,11.144166 A 0.57143003,0.57143003 0 0 0 1.2617425,10.976197 L 5.832055,6.4058847 a 0.57148717,0.57148717 0 0 0 0,-0.8085938 L 1.2617425,1.0250248 a 0.57143003,0.57143003 0 0 0 -0.8085937,0 0.57143003,0.57143003 0 0 0 0,0.808594 l 4.1679687,4.167969 -4.1679687,4.1679692 a 0.57143003,0.57143003 0 0 0 0,0.80664 0.57143003,0.57143003 0 0 0 0.4042968,0.167969 z"
                fill="#17224E"
              />
            </svg>
            <span
              class="a-breadcrumb__label last-item"
            >
              New Invoice
            </span>
          </span>
        </div>
      </div>
      <div
        class="detail-container"
      >
        <div
          class="a-layouts"
        >
          <div
            class="sidebar-inner-container"
          >
            <div
              class="panel left-panel"
            >
              <div
                class="a-progress"
              >
                <div
                  class="a-progress__items completed"
                >
                  <span
                    class="count"
                  >
                    1
                  </span>
                  <span
                    class="label"
                  >
                    New Invoice
                  </span>
                </div>
                <span
                  class="splitter"
                />
                <div
                  class="a-progress__items"
                >
                  <span
                    class="count"
                  >
                    2
                  </span>
                  <span
                    class="label"
                  />
                </div>
                <span
                  class="splitter"
                />
                <div
                  class="a-progress__items"
                >
                  <span
                    class="count"
                  >
                    3
                  </span>
                  <span
                    class="label"
                  />
                </div>
                <span
                  class="splitter"
                />
                <div
                  class="a-progress__items"
                >
                  <span
                    class="count"
                  >
                    <svg
                      class=""
                      height="24px"
                      style="display: inline-block; vertical-align: middle;"
                      viewBox="-2 -3 24 24"
                      width="24px"
                      xmlns="http://www.w3.org/2000/svg"
                      xmlns:xlink="http://www.w3.org/1999/xlink"
                    >
                      <path
                        d="M1.04892 8.20174C0.943259 8.08271 0.79464 8.01053 0.635759 8.00108C0.476878 7.99163 0.32075 8.04568 0.201721 8.15134C0.0826916 8.257 0.0105119 8.40562 0.00106008 8.5645C-0.00839175 8.72338 0.0456585 8.87951 0.151321 8.99854L4.95132 14.3985C5.0056 14.4598 5.07184 14.5094 5.14598 14.5441C5.22012 14.5789 5.30058 14.598 5.38242 14.6005C5.46425 14.603 5.54573 14.5887 5.62183 14.5585C5.69793 14.5283 5.76704 14.4828 5.82492 14.4249L18.4249 1.82494C18.5376 1.71243 18.6009 1.55978 18.6011 1.40056C18.6012 1.24134 18.538 1.0886 18.4255 0.975939C18.313 0.863275 18.1604 0.799917 18.0011 0.799805C17.8419 0.799692 17.6892 0.862833 17.5765 0.975338L5.42412 13.1253L1.04772 8.20174H1.04892Z"
                        fill="#526FD6"
                      />
                    </svg>
                  </span>
                  <span
                    class="label"
                  />
                </div>
                <span
                  class="splitter"
                />
              </div>
            </div>
            <div
              class="panel right-panel"
            >
              <div>
                <div
                  class="newinvoice_main"
                >
                  <div>
                    <div
                      class="newinvoice-container"
                    >
                      <div
                        id="head_sec"
                      >
                        <h3>
                ...
    at waitForWrapper (D:\Thinkpalm\Atlas-Payments-UI\node_modules\@testing-library\dom\dist\wait-for.js:187:27)
    at findByText (D:\Thinkpalm\Atlas-Payments-UI\node_modules\@testing-library\dom\dist\query-helpers.js:101:33)
    at _callee8$ (D:\Thinkpalm\Atlas-Payments-UI\src\layouts\views\NewInvoice\test\index.test.js:392:44)
    at tryCatch (D:\Thinkpalm\Atlas-Payments-UI\node_modules\regenerator-runtime\runtime.js:63:40)
    at Generator.invoke [as _invoke] (D:\Thinkpalm\Atlas-Payments-UI\node_modules\regenerator-runtime\runtime.js:294:22)
    at Generator.next (D:\Thinkpalm\Atlas-Payments-UI\node_modules\regenerator-runtime\runtime.js:119:21)
    at asyncGeneratorStep (D:\Thinkpalm\Atlas-Payments-UI\node_modules\@babel\runtime\helpers\asyncToGenerator.js:3:24)
    at _next (D:\Thinkpalm\Atlas-Payments-UI\node_modules\@babel\runtime\helpers\asyncToGenerator.js:25:9)]]></failure>
    </testCase>
    <testCase name="Stepper 2 api fail dropDown Value change stepper 1 then stepper 2 complete and next button then row click in select table data   stepper 3 then finish " duration="1059">
      <failure message="Error: Request failed with status code 404"><![CDATA[Error: Request failed with status code 404
    at createAxiosError (D:\Thinkpalm\Atlas-Payments-UI\node_modules\axios-mock-adapter\src\utils.js:151:15)
    at Object.settle (D:\Thinkpalm\Atlas-Payments-UI\node_modules\axios-mock-adapter\src\utils.js:142:12)
    at handleRequest (D:\Thinkpalm\Atlas-Payments-UI\node_modules\axios-mock-adapter\src\handle_request.js:127:15)
    at D:\Thinkpalm\Atlas-Payments-UI\node_modules\axios-mock-adapter\src\index.js:26:9
    at new Promise (<anonymous>)
    at MockAdapter.<anonymous> (D:\Thinkpalm\Atlas-Payments-UI\node_modules\axios-mock-adapter\src\index.js:25:14)
    at dispatchRequest (D:\Thinkpalm\Atlas-Payments-UI\node_modules\axios\lib\core\dispatchRequest.js:58:10)
    at Axios.request (D:\Thinkpalm\Atlas-Payments-UI\node_modules\axios\lib\core\Axios.js:108:15)
    at Axios.<computed> [as get] (D:\Thinkpalm\Atlas-Payments-UI\node_modules\axios\lib\core\Axios.js:129:17)
    at Function.get (D:\Thinkpalm\Atlas-Payments-UI\node_modules\axios\lib\helpers\bind.js:9:15)
    at productFun (D:\Thinkpalm\Atlas-Payments-UI\src\layouts\views\NewInvoice\ProductInvoiceCreation.tsx:40:15)
    at D:\Thinkpalm\Atlas-Payments-UI\src\layouts\views\NewInvoice\ProductInvoiceCreation.tsx:34:9
    at invokePassiveEffectCreate (D:\Thinkpalm\Atlas-Payments-UI\node_modules\react-dom\cjs\react-dom.development.js:23487:20)
    at HTMLUnknownElement.callCallback (D:\Thinkpalm\Atlas-Payments-UI\node_modules\react-dom\cjs\react-dom.development.js:3945:14)
    at HTMLUnknownElement.callTheUserObjectsOperation (D:\Thinkpalm\Atlas-Payments-UI\node_modules\jsdom\lib\jsdom\living\generated\EventListener.js:26:30)
    at innerInvokeEventListeners (D:\Thinkpalm\Atlas-Payments-UI\node_modules\jsdom\lib\jsdom\living\events\EventTarget-impl.js:338:25)
    at invokeEventListeners (D:\Thinkpalm\Atlas-Payments-UI\node_modules\jsdom\lib\jsdom\living\events\EventTarget-impl.js:274:3)
    at HTMLUnknownElementImpl._dispatch (D:\Thinkpalm\Atlas-Payments-UI\node_modules\jsdom\lib\jsdom\living\events\EventTarget-impl.js:221:9)
    at HTMLUnknownElementImpl.dispatchEvent (D:\Thinkpalm\Atlas-Payments-UI\node_modules\jsdom\lib\jsdom\living\events\EventTarget-impl.js:94:17)
    at HTMLUnknownElement.dispatchEvent (D:\Thinkpalm\Atlas-Payments-UI\node_modules\jsdom\lib\jsdom\living\generated\EventTarget.js:231:34)
    at Object.invokeGuardedCallbackDev (D:\Thinkpalm\Atlas-Payments-UI\node_modules\react-dom\cjs\react-dom.development.js:3994:16)
    at invokeGuardedCallback (D:\Thinkpalm\Atlas-Payments-UI\node_modules\react-dom\cjs\react-dom.development.js:4056:31)
    at flushPassiveEffectsImpl (D:\Thinkpalm\Atlas-Payments-UI\node_modules\react-dom\cjs\react-dom.development.js:23574:9)
    at unstable_runWithPriority (D:\Thinkpalm\Atlas-Payments-UI\node_modules\scheduler\cjs\scheduler.development.js:468:12)
    at runWithPriority$1 (D:\Thinkpalm\Atlas-Payments-UI\node_modules\react-dom\cjs\react-dom.development.js:11276:10)
    at flushPassiveEffects (D:\Thinkpalm\Atlas-Payments-UI\node_modules\react-dom\cjs\react-dom.development.js:23447:14)
    at performSyncWorkOnRoot (D:\Thinkpalm\Atlas-Payments-UI\node_modules\react-dom\cjs\react-dom.development.js:22269:3)
    at D:\Thinkpalm\Atlas-Payments-UI\node_modules\react-dom\cjs\react-dom.development.js:11327:26
    at unstable_runWithPriority (D:\Thinkpalm\Atlas-Payments-UI\node_modules\scheduler\cjs\scheduler.development.js:468:12)
    at runWithPriority$1 (D:\Thinkpalm\Atlas-Payments-UI\node_modules\react-dom\cjs\react-dom.development.js:11276:10)
    at flushSyncCallbackQueueImpl (D:\Thinkpalm\Atlas-Payments-UI\node_modules\react-dom\cjs\react-dom.development.js:11322:9)
    at flushSyncCallbackQueue (D:\Thinkpalm\Atlas-Payments-UI\node_modules\react-dom\cjs\react-dom.development.js:11309:3)
    at batchedUpdates$1 (D:\Thinkpalm\Atlas-Payments-UI\node_modules\react-dom\cjs\react-dom.development.js:22387:7)
    at act (D:\Thinkpalm\Atlas-Payments-UI\node_modules\react-dom\cjs\react-dom-test-utils.development.js:1042:14)
    at render (D:\Thinkpalm\Atlas-Payments-UI\node_modules\@testing-library\react\dist\pure.js:97:26)
    at _callee9$ (D:\Thinkpalm\Atlas-Payments-UI\src\layouts\views\NewInvoice\test\index.test.js:456:27)
    at tryCatch (D:\Thinkpalm\Atlas-Payments-UI\node_modules\regenerator-runtime\runtime.js:63:40)
    at Generator.invoke [as _invoke] (D:\Thinkpalm\Atlas-Payments-UI\node_modules\regenerator-runtime\runtime.js:294:22)
    at Generator.next (D:\Thinkpalm\Atlas-Payments-UI\node_modules\regenerator-runtime\runtime.js:119:21)
    at asyncGeneratorStep (D:\Thinkpalm\Atlas-Payments-UI\node_modules\@babel\runtime\helpers\asyncToGenerator.js:3:24)
    at _next (D:\Thinkpalm\Atlas-Payments-UI\node_modules\@babel\runtime\helpers\asyncToGenerator.js:25:9)
    at D:\Thinkpalm\Atlas-Payments-UI\node_modules\@babel\runtime\helpers\asyncToGenerator.js:32:7
    at new Promise (<anonymous>)
    at Object.<anonymous> (D:\Thinkpalm\Atlas-Payments-UI\node_modules\@babel\runtime\helpers\asyncToGenerator.js:21:12)
    at Promise.then.completed (D:\Thinkpalm\Atlas-Payments-UI\node_modules\jest-circus\build\utils.js:391:28)
    at new Promise (<anonymous>)
    at callAsyncCircusFn (D:\Thinkpalm\Atlas-Payments-UI\node_modules\jest-circus\build\utils.js:316:10)
    at _callCircusTest (D:\Thinkpalm\Atlas-Payments-UI\node_modules\jest-circus\build\run.js:218:40)
    at _runTest (D:\Thinkpalm\Atlas-Payments-UI\node_modules\jest-circus\build\run.js:155:3)
    at _runTestsForDescribeBlock (D:\Thinkpalm\Atlas-Payments-UI\node_modules\jest-circus\build\run.js:66:9)
    at _runTestsForDescribeBlock (D:\Thinkpalm\Atlas-Payments-UI\node_modules\jest-circus\build\run.js:60:9)
    at run (D:\Thinkpalm\Atlas-Payments-UI\node_modules\jest-circus\build\run.js:25:3)
    at runAndTransformResultsToJestFormat (D:\Thinkpalm\Atlas-Payments-UI\node_modules\jest-circus\build\legacy-code-todo-rewrite\jestAdapterInit.js:170:21)
    at jestAdapter (D:\Thinkpalm\Atlas-Payments-UI\node_modules\jest-circus\build\legacy-code-todo-rewrite\jestAdapter.js:82:19)
    at runTestInternal (D:\Thinkpalm\Atlas-Payments-UI\node_modules\jest-runner\build\runTest.js:389:16)
    at runTest (D:\Thinkpalm\Atlas-Payments-UI\node_modules\jest-runner\build\runTest.js:475:34)
    at Object.worker (D:\Thinkpalm\Atlas-Payments-UI\node_modules\jest-runner\build\testWorker.js:133:12)]]></failure>
      <failure message="Error: Request failed with status code 404"><![CDATA[Error: Request failed with status code 404
    at createAxiosError (D:\Thinkpalm\Atlas-Payments-UI\node_modules\axios-mock-adapter\src\utils.js:151:15)
    at Object.settle (D:\Thinkpalm\Atlas-Payments-UI\node_modules\axios-mock-adapter\src\utils.js:142:12)
    at handleRequest (D:\Thinkpalm\Atlas-Payments-UI\node_modules\axios-mock-adapter\src\handle_request.js:127:15)
    at D:\Thinkpalm\Atlas-Payments-UI\node_modules\axios-mock-adapter\src\index.js:26:9
    at new Promise (<anonymous>)
    at MockAdapter.<anonymous> (D:\Thinkpalm\Atlas-Payments-UI\node_modules\axios-mock-adapter\src\index.js:25:14)
    at dispatchRequest (D:\Thinkpalm\Atlas-Payments-UI\node_modules\axios\lib\core\dispatchRequest.js:58:10)
    at Axios.request (D:\Thinkpalm\Atlas-Payments-UI\node_modules\axios\lib\core\Axios.js:108:15)
    at Axios.<computed> [as get] (D:\Thinkpalm\Atlas-Payments-UI\node_modules\axios\lib\core\Axios.js:129:17)
    at Function.get (D:\Thinkpalm\Atlas-Payments-UI\node_modules\axios\lib\helpers\bind.js:9:15)
    at countryFun (D:\Thinkpalm\Atlas-Payments-UI\src\layouts\views\NewInvoice\ProductInvoiceCreation.tsx:52:15)
    at D:\Thinkpalm\Atlas-Payments-UI\src\layouts\views\NewInvoice\ProductInvoiceCreation.tsx:35:9
    at invokePassiveEffectCreate (D:\Thinkpalm\Atlas-Payments-UI\node_modules\react-dom\cjs\react-dom.development.js:23487:20)
    at HTMLUnknownElement.callCallback (D:\Thinkpalm\Atlas-Payments-UI\node_modules\react-dom\cjs\react-dom.development.js:3945:14)
    at HTMLUnknownElement.callTheUserObjectsOperation (D:\Thinkpalm\Atlas-Payments-UI\node_modules\jsdom\lib\jsdom\living\generated\EventListener.js:26:30)
    at innerInvokeEventListeners (D:\Thinkpalm\Atlas-Payments-UI\node_modules\jsdom\lib\jsdom\living\events\EventTarget-impl.js:338:25)
    at invokeEventListeners (D:\Thinkpalm\Atlas-Payments-UI\node_modules\jsdom\lib\jsdom\living\events\EventTarget-impl.js:274:3)
    at HTMLUnknownElementImpl._dispatch (D:\Thinkpalm\Atlas-Payments-UI\node_modules\jsdom\lib\jsdom\living\events\EventTarget-impl.js:221:9)
    at HTMLUnknownElementImpl.dispatchEvent (D:\Thinkpalm\Atlas-Payments-UI\node_modules\jsdom\lib\jsdom\living\events\EventTarget-impl.js:94:17)
    at HTMLUnknownElement.dispatchEvent (D:\Thinkpalm\Atlas-Payments-UI\node_modules\jsdom\lib\jsdom\living\generated\EventTarget.js:231:34)
    at Object.invokeGuardedCallbackDev (D:\Thinkpalm\Atlas-Payments-UI\node_modules\react-dom\cjs\react-dom.development.js:3994:16)
    at invokeGuardedCallback (D:\Thinkpalm\Atlas-Payments-UI\node_modules\react-dom\cjs\react-dom.development.js:4056:31)
    at flushPassiveEffectsImpl (D:\Thinkpalm\Atlas-Payments-UI\node_modules\react-dom\cjs\react-dom.development.js:23574:9)
    at unstable_runWithPriority (D:\Thinkpalm\Atlas-Payments-UI\node_modules\scheduler\cjs\scheduler.development.js:468:12)
    at runWithPriority$1 (D:\Thinkpalm\Atlas-Payments-UI\node_modules\react-dom\cjs\react-dom.development.js:11276:10)
    at flushPassiveEffects (D:\Thinkpalm\Atlas-Payments-UI\node_modules\react-dom\cjs\react-dom.development.js:23447:14)
    at performSyncWorkOnRoot (D:\Thinkpalm\Atlas-Payments-UI\node_modules\react-dom\cjs\react-dom.development.js:22269:3)
    at D:\Thinkpalm\Atlas-Payments-UI\node_modules\react-dom\cjs\react-dom.development.js:11327:26
    at unstable_runWithPriority (D:\Thinkpalm\Atlas-Payments-UI\node_modules\scheduler\cjs\scheduler.development.js:468:12)
    at runWithPriority$1 (D:\Thinkpalm\Atlas-Payments-UI\node_modules\react-dom\cjs\react-dom.development.js:11276:10)
    at flushSyncCallbackQueueImpl (D:\Thinkpalm\Atlas-Payments-UI\node_modules\react-dom\cjs\react-dom.development.js:11322:9)
    at flushSyncCallbackQueue (D:\Thinkpalm\Atlas-Payments-UI\node_modules\react-dom\cjs\react-dom.development.js:11309:3)
    at batchedUpdates$1 (D:\Thinkpalm\Atlas-Payments-UI\node_modules\react-dom\cjs\react-dom.development.js:22387:7)
    at act (D:\Thinkpalm\Atlas-Payments-UI\node_modules\react-dom\cjs\react-dom-test-utils.development.js:1042:14)
    at render (D:\Thinkpalm\Atlas-Payments-UI\node_modules\@testing-library\react\dist\pure.js:97:26)
    at _callee9$ (D:\Thinkpalm\Atlas-Payments-UI\src\layouts\views\NewInvoice\test\index.test.js:456:27)
    at tryCatch (D:\Thinkpalm\Atlas-Payments-UI\node_modules\regenerator-runtime\runtime.js:63:40)
    at Generator.invoke [as _invoke] (D:\Thinkpalm\Atlas-Payments-UI\node_modules\regenerator-runtime\runtime.js:294:22)
    at Generator.next (D:\Thinkpalm\Atlas-Payments-UI\node_modules\regenerator-runtime\runtime.js:119:21)
    at asyncGeneratorStep (D:\Thinkpalm\Atlas-Payments-UI\node_modules\@babel\runtime\helpers\asyncToGenerator.js:3:24)
    at _next (D:\Thinkpalm\Atlas-Payments-UI\node_modules\@babel\runtime\helpers\asyncToGenerator.js:25:9)
    at D:\Thinkpalm\Atlas-Payments-UI\node_modules\@babel\runtime\helpers\asyncToGenerator.js:32:7
    at new Promise (<anonymous>)
    at Object.<anonymous> (D:\Thinkpalm\Atlas-Payments-UI\node_modules\@babel\runtime\helpers\asyncToGenerator.js:21:12)
    at Promise.then.completed (D:\Thinkpalm\Atlas-Payments-UI\node_modules\jest-circus\build\utils.js:391:28)
    at new Promise (<anonymous>)
    at callAsyncCircusFn (D:\Thinkpalm\Atlas-Payments-UI\node_modules\jest-circus\build\utils.js:316:10)
    at _callCircusTest (D:\Thinkpalm\Atlas-Payments-UI\node_modules\jest-circus\build\run.js:218:40)
    at _runTest (D:\Thinkpalm\Atlas-Payments-UI\node_modules\jest-circus\build\run.js:155:3)
    at _runTestsForDescribeBlock (D:\Thinkpalm\Atlas-Payments-UI\node_modules\jest-circus\build\run.js:66:9)
    at _runTestsForDescribeBlock (D:\Thinkpalm\Atlas-Payments-UI\node_modules\jest-circus\build\run.js:60:9)
    at run (D:\Thinkpalm\Atlas-Payments-UI\node_modules\jest-circus\build\run.js:25:3)
    at runAndTransformResultsToJestFormat (D:\Thinkpalm\Atlas-Payments-UI\node_modules\jest-circus\build\legacy-code-todo-rewrite\jestAdapterInit.js:170:21)
    at jestAdapter (D:\Thinkpalm\Atlas-Payments-UI\node_modules\jest-circus\build\legacy-code-todo-rewrite\jestAdapter.js:82:19)
    at runTestInternal (D:\Thinkpalm\Atlas-Payments-UI\node_modules\jest-runner\build\runTest.js:389:16)
    at runTest (D:\Thinkpalm\Atlas-Payments-UI\node_modules\jest-runner\build\runTest.js:475:34)
    at Object.worker (D:\Thinkpalm\Atlas-Payments-UI\node_modules\jest-runner\build\testWorker.js:133:12)]]></failure>
      <failure message="Error: Unable to find an element with the text: /&quot;DSM Nutritional Products AG&quot;/. This could be because the text is broken up by multiple elements. In this case, you can provide a function for your text matcher to make your matcher more flexible."><![CDATA[Error: Unable to find an element with the text: /"DSM Nutritional Products AG"/. This could be because the text is broken up by multiple elements. In this case, you can provide a function for your text matcher to make your matcher more flexible.

Ignored nodes: comments, <script />, <style />
<body>
  <div>
    <div
      class="newinvoice-container"
    >
      <div
        class="breadcrumbs"
      >
        <div
          class="a-breadcrumb"
        >
          <span
            class="steps"
          >
            <span
              class="a-breadcrumb__label label-active"
            >
              Invoices
            </span>
          </span>
          <span
            class="steps"
          >
            <svg
              class=""
              height="20px"
              style="display: inline-block; vertical-align: middle;"
              viewBox="-2 -4 24 24"
              width="20px"
              xmlns="http://www.w3.org/2000/svg"
              xmlns:xlink="http://www.w3.org/1999/xlink"
            >
              <path
                d="M 0.8574456,11.144166 A 0.57143003,0.57143003 0 0 0 1.2617425,10.976197 L 5.832055,6.4058847 a 0.57148717,0.57148717 0 0 0 0,-0.8085938 L 1.2617425,1.0250248 a 0.57143003,0.57143003 0 0 0 -0.8085937,0 0.57143003,0.57143003 0 0 0 0,0.808594 l 4.1679687,4.167969 -4.1679687,4.1679692 a 0.57143003,0.57143003 0 0 0 0,0.80664 0.57143003,0.57143003 0 0 0 0.4042968,0.167969 z"
                fill="#17224E"
              />
            </svg>
            <span
              class="a-breadcrumb__label last-item"
            >
              New Invoice
            </span>
          </span>
        </div>
      </div>
      <div
        class="detail-container"
      >
        <div
          class="a-layouts"
        >
          <div
            class="sidebar-inner-container"
          >
            <div
              class="panel left-panel"
            >
              <div
                class="a-progress"
              >
                <div
                  class="a-progress__items completed"
                >
                  <span
                    class="count"
                  >
                    1
                  </span>
                  <span
                    class="label"
                  >
                    New Invoice
                  </span>
                </div>
                <span
                  class="splitter"
                />
                <div
                  class="a-progress__items"
                >
                  <span
                    class="count"
                  >
                    2
                  </span>
                  <span
                    class="label"
                  />
                </div>
                <span
                  class="splitter"
                />
                <div
                  class="a-progress__items"
                >
                  <span
                    class="count"
                  >
                    3
                  </span>
                  <span
                    class="label"
                  />
                </div>
                <span
                  class="splitter"
                />
                <div
                  class="a-progress__items"
                >
                  <span
                    class="count"
                  >
                    <svg
                      class=""
                      height="24px"
                      style="display: inline-block; vertical-align: middle;"
                      viewBox="-2 -3 24 24"
                      width="24px"
                      xmlns="http://www.w3.org/2000/svg"
                      xmlns:xlink="http://www.w3.org/1999/xlink"
                    >
                      <path
                        d="M1.04892 8.20174C0.943259 8.08271 0.79464 8.01053 0.635759 8.00108C0.476878 7.99163 0.32075 8.04568 0.201721 8.15134C0.0826916 8.257 0.0105119 8.40562 0.00106008 8.5645C-0.00839175 8.72338 0.0456585 8.87951 0.151321 8.99854L4.95132 14.3985C5.0056 14.4598 5.07184 14.5094 5.14598 14.5441C5.22012 14.5789 5.30058 14.598 5.38242 14.6005C5.46425 14.603 5.54573 14.5887 5.62183 14.5585C5.69793 14.5283 5.76704 14.4828 5.82492 14.4249L18.4249 1.82494C18.5376 1.71243 18.6009 1.55978 18.6011 1.40056C18.6012 1.24134 18.538 1.0886 18.4255 0.975939C18.313 0.863275 18.1604 0.799917 18.0011 0.799805C17.8419 0.799692 17.6892 0.862833 17.5765 0.975338L5.42412 13.1253L1.04772 8.20174H1.04892Z"
                        fill="#526FD6"
                      />
                    </svg>
                  </span>
                  <span
                    class="label"
                  />
                </div>
                <span
                  class="splitter"
                />
              </div>
            </div>
            <div
              class="panel right-panel"
            >
              <div>
                <div
                  class="newinvoice_main"
                >
                  <div>
                    <div
                      class="newinvoice-container"
                    >
                      <div
                        id="head_sec"
                      >
                        <h3>
                ...
    at waitForWrapper (D:\Thinkpalm\Atlas-Payments-UI\node_modules\@testing-library\dom\dist\wait-for.js:187:27)
    at findByText (D:\Thinkpalm\Atlas-Payments-UI\node_modules\@testing-library\dom\dist\query-helpers.js:101:33)
    at _callee9$ (D:\Thinkpalm\Atlas-Payments-UI\src\layouts\views\NewInvoice\test\index.test.js:468:44)
    at tryCatch (D:\Thinkpalm\Atlas-Payments-UI\node_modules\regenerator-runtime\runtime.js:63:40)
    at Generator.invoke [as _invoke] (D:\Thinkpalm\Atlas-Payments-UI\node_modules\regenerator-runtime\runtime.js:294:22)
    at Generator.next (D:\Thinkpalm\Atlas-Payments-UI\node_modules\regenerator-runtime\runtime.js:119:21)
    at asyncGeneratorStep (D:\Thinkpalm\Atlas-Payments-UI\node_modules\@babel\runtime\helpers\asyncToGenerator.js:3:24)
    at _next (D:\Thinkpalm\Atlas-Payments-UI\node_modules\@babel\runtime\helpers\asyncToGenerator.js:25:9)]]></failure>
    </testCase>
    <testCase name="Test case for ProductInvoice Test to find the title" duration="41">
      <failure message="Error: Request failed with status code 404"><![CDATA[Error: Request failed with status code 404
    at createAxiosError (D:\Thinkpalm\Atlas-Payments-UI\node_modules\axios-mock-adapter\src\utils.js:151:15)
    at Object.settle (D:\Thinkpalm\Atlas-Payments-UI\node_modules\axios-mock-adapter\src\utils.js:142:12)
    at handleRequest (D:\Thinkpalm\Atlas-Payments-UI\node_modules\axios-mock-adapter\src\handle_request.js:127:15)
    at D:\Thinkpalm\Atlas-Payments-UI\node_modules\axios-mock-adapter\src\index.js:26:9
    at new Promise (<anonymous>)
    at MockAdapter.<anonymous> (D:\Thinkpalm\Atlas-Payments-UI\node_modules\axios-mock-adapter\src\index.js:25:14)
    at dispatchRequest (D:\Thinkpalm\Atlas-Payments-UI\node_modules\axios\lib\core\dispatchRequest.js:58:10)
    at Axios.request (D:\Thinkpalm\Atlas-Payments-UI\node_modules\axios\lib\core\Axios.js:108:15)
    at Axios.<computed> [as get] (D:\Thinkpalm\Atlas-Payments-UI\node_modules\axios\lib\core\Axios.js:129:17)
    at Function.get (D:\Thinkpalm\Atlas-Payments-UI\node_modules\axios\lib\helpers\bind.js:9:15)
    at productFun (D:\Thinkpalm\Atlas-Payments-UI\src\layouts\views\NewInvoice\ProductInvoiceCreation.tsx:40:15)
    at D:\Thinkpalm\Atlas-Payments-UI\src\layouts\views\NewInvoice\ProductInvoiceCreation.tsx:34:9
    at invokePassiveEffectCreate (D:\Thinkpalm\Atlas-Payments-UI\node_modules\react-dom\cjs\react-dom.development.js:23487:20)
    at HTMLUnknownElement.callCallback (D:\Thinkpalm\Atlas-Payments-UI\node_modules\react-dom\cjs\react-dom.development.js:3945:14)
    at HTMLUnknownElement.callTheUserObjectsOperation (D:\Thinkpalm\Atlas-Payments-UI\node_modules\jsdom\lib\jsdom\living\generated\EventListener.js:26:30)
    at innerInvokeEventListeners (D:\Thinkpalm\Atlas-Payments-UI\node_modules\jsdom\lib\jsdom\living\events\EventTarget-impl.js:338:25)
    at invokeEventListeners (D:\Thinkpalm\Atlas-Payments-UI\node_modules\jsdom\lib\jsdom\living\events\EventTarget-impl.js:274:3)
    at HTMLUnknownElementImpl._dispatch (D:\Thinkpalm\Atlas-Payments-UI\node_modules\jsdom\lib\jsdom\living\events\EventTarget-impl.js:221:9)
    at HTMLUnknownElementImpl.dispatchEvent (D:\Thinkpalm\Atlas-Payments-UI\node_modules\jsdom\lib\jsdom\living\events\EventTarget-impl.js:94:17)
    at HTMLUnknownElement.dispatchEvent (D:\Thinkpalm\Atlas-Payments-UI\node_modules\jsdom\lib\jsdom\living\generated\EventTarget.js:231:34)
    at Object.invokeGuardedCallbackDev (D:\Thinkpalm\Atlas-Payments-UI\node_modules\react-dom\cjs\react-dom.development.js:3994:16)
    at invokeGuardedCallback (D:\Thinkpalm\Atlas-Payments-UI\node_modules\react-dom\cjs\react-dom.development.js:4056:31)
    at flushPassiveEffectsImpl (D:\Thinkpalm\Atlas-Payments-UI\node_modules\react-dom\cjs\react-dom.development.js:23574:9)
    at unstable_runWithPriority (D:\Thinkpalm\Atlas-Payments-UI\node_modules\scheduler\cjs\scheduler.development.js:468:12)
    at runWithPriority$1 (D:\Thinkpalm\Atlas-Payments-UI\node_modules\react-dom\cjs\react-dom.development.js:11276:10)
    at flushPassiveEffects (D:\Thinkpalm\Atlas-Payments-UI\node_modules\react-dom\cjs\react-dom.development.js:23447:14)
    at performSyncWorkOnRoot (D:\Thinkpalm\Atlas-Payments-UI\node_modules\react-dom\cjs\react-dom.development.js:22269:3)
    at D:\Thinkpalm\Atlas-Payments-UI\node_modules\react-dom\cjs\react-dom.development.js:11327:26
    at unstable_runWithPriority (D:\Thinkpalm\Atlas-Payments-UI\node_modules\scheduler\cjs\scheduler.development.js:468:12)
    at runWithPriority$1 (D:\Thinkpalm\Atlas-Payments-UI\node_modules\react-dom\cjs\react-dom.development.js:11276:10)
    at flushSyncCallbackQueueImpl (D:\Thinkpalm\Atlas-Payments-UI\node_modules\react-dom\cjs\react-dom.development.js:11322:9)
    at flushSyncCallbackQueue (D:\Thinkpalm\Atlas-Payments-UI\node_modules\react-dom\cjs\react-dom.development.js:11309:3)
    at batchedUpdates$1 (D:\Thinkpalm\Atlas-Payments-UI\node_modules\react-dom\cjs\react-dom.development.js:22387:7)
    at act (D:\Thinkpalm\Atlas-Payments-UI\node_modules\react-dom\cjs\react-dom-test-utils.development.js:1042:14)
    at render (D:\Thinkpalm\Atlas-Payments-UI\node_modules\@testing-library\react\dist\pure.js:97:26)
    at _callee10$ (D:\Thinkpalm\Atlas-Payments-UI\src\layouts\views\NewInvoice\test\index.test.js:537:5)
    at tryCatch (D:\Thinkpalm\Atlas-Payments-UI\node_modules\regenerator-runtime\runtime.js:63:40)
    at Generator.invoke [as _invoke] (D:\Thinkpalm\Atlas-Payments-UI\node_modules\regenerator-runtime\runtime.js:294:22)
    at Generator.next (D:\Thinkpalm\Atlas-Payments-UI\node_modules\regenerator-runtime\runtime.js:119:21)
    at asyncGeneratorStep (D:\Thinkpalm\Atlas-Payments-UI\node_modules\@babel\runtime\helpers\asyncToGenerator.js:3:24)
    at _next (D:\Thinkpalm\Atlas-Payments-UI\node_modules\@babel\runtime\helpers\asyncToGenerator.js:25:9)
    at D:\Thinkpalm\Atlas-Payments-UI\node_modules\@babel\runtime\helpers\asyncToGenerator.js:32:7
    at new Promise (<anonymous>)
    at Object.<anonymous> (D:\Thinkpalm\Atlas-Payments-UI\node_modules\@babel\runtime\helpers\asyncToGenerator.js:21:12)
    at Promise.then.completed (D:\Thinkpalm\Atlas-Payments-UI\node_modules\jest-circus\build\utils.js:391:28)
    at new Promise (<anonymous>)
    at callAsyncCircusFn (D:\Thinkpalm\Atlas-Payments-UI\node_modules\jest-circus\build\utils.js:316:10)
    at _callCircusTest (D:\Thinkpalm\Atlas-Payments-UI\node_modules\jest-circus\build\run.js:218:40)
    at _runTest (D:\Thinkpalm\Atlas-Payments-UI\node_modules\jest-circus\build\run.js:155:3)
    at _runTestsForDescribeBlock (D:\Thinkpalm\Atlas-Payments-UI\node_modules\jest-circus\build\run.js:66:9)
    at _runTestsForDescribeBlock (D:\Thinkpalm\Atlas-Payments-UI\node_modules\jest-circus\build\run.js:60:9)
    at run (D:\Thinkpalm\Atlas-Payments-UI\node_modules\jest-circus\build\run.js:25:3)
    at runAndTransformResultsToJestFormat (D:\Thinkpalm\Atlas-Payments-UI\node_modules\jest-circus\build\legacy-code-todo-rewrite\jestAdapterInit.js:170:21)
    at jestAdapter (D:\Thinkpalm\Atlas-Payments-UI\node_modules\jest-circus\build\legacy-code-todo-rewrite\jestAdapter.js:82:19)
    at runTestInternal (D:\Thinkpalm\Atlas-Payments-UI\node_modules\jest-runner\build\runTest.js:389:16)
    at runTest (D:\Thinkpalm\Atlas-Payments-UI\node_modules\jest-runner\build\runTest.js:475:34)
    at Object.worker (D:\Thinkpalm\Atlas-Payments-UI\node_modules\jest-runner\build\testWorker.js:133:12)]]></failure>
      <failure message="Error: Request failed with status code 404"><![CDATA[Error: Request failed with status code 404
    at createAxiosError (D:\Thinkpalm\Atlas-Payments-UI\node_modules\axios-mock-adapter\src\utils.js:151:15)
    at Object.settle (D:\Thinkpalm\Atlas-Payments-UI\node_modules\axios-mock-adapter\src\utils.js:142:12)
    at handleRequest (D:\Thinkpalm\Atlas-Payments-UI\node_modules\axios-mock-adapter\src\handle_request.js:127:15)
    at D:\Thinkpalm\Atlas-Payments-UI\node_modules\axios-mock-adapter\src\index.js:26:9
    at new Promise (<anonymous>)
    at MockAdapter.<anonymous> (D:\Thinkpalm\Atlas-Payments-UI\node_modules\axios-mock-adapter\src\index.js:25:14)
    at dispatchRequest (D:\Thinkpalm\Atlas-Payments-UI\node_modules\axios\lib\core\dispatchRequest.js:58:10)
    at Axios.request (D:\Thinkpalm\Atlas-Payments-UI\node_modules\axios\lib\core\Axios.js:108:15)
    at Axios.<computed> [as get] (D:\Thinkpalm\Atlas-Payments-UI\node_modules\axios\lib\core\Axios.js:129:17)
    at Function.get (D:\Thinkpalm\Atlas-Payments-UI\node_modules\axios\lib\helpers\bind.js:9:15)
    at countryFun (D:\Thinkpalm\Atlas-Payments-UI\src\layouts\views\NewInvoice\ProductInvoiceCreation.tsx:52:15)
    at D:\Thinkpalm\Atlas-Payments-UI\src\layouts\views\NewInvoice\ProductInvoiceCreation.tsx:35:9
    at invokePassiveEffectCreate (D:\Thinkpalm\Atlas-Payments-UI\node_modules\react-dom\cjs\react-dom.development.js:23487:20)
    at HTMLUnknownElement.callCallback (D:\Thinkpalm\Atlas-Payments-UI\node_modules\react-dom\cjs\react-dom.development.js:3945:14)
    at HTMLUnknownElement.callTheUserObjectsOperation (D:\Thinkpalm\Atlas-Payments-UI\node_modules\jsdom\lib\jsdom\living\generated\EventListener.js:26:30)
    at innerInvokeEventListeners (D:\Thinkpalm\Atlas-Payments-UI\node_modules\jsdom\lib\jsdom\living\events\EventTarget-impl.js:338:25)
    at invokeEventListeners (D:\Thinkpalm\Atlas-Payments-UI\node_modules\jsdom\lib\jsdom\living\events\EventTarget-impl.js:274:3)
    at HTMLUnknownElementImpl._dispatch (D:\Thinkpalm\Atlas-Payments-UI\node_modules\jsdom\lib\jsdom\living\events\EventTarget-impl.js:221:9)
    at HTMLUnknownElementImpl.dispatchEvent (D:\Thinkpalm\Atlas-Payments-UI\node_modules\jsdom\lib\jsdom\living\events\EventTarget-impl.js:94:17)
    at HTMLUnknownElement.dispatchEvent (D:\Thinkpalm\Atlas-Payments-UI\node_modules\jsdom\lib\jsdom\living\generated\EventTarget.js:231:34)
    at Object.invokeGuardedCallbackDev (D:\Thinkpalm\Atlas-Payments-UI\node_modules\react-dom\cjs\react-dom.development.js:3994:16)
    at invokeGuardedCallback (D:\Thinkpalm\Atlas-Payments-UI\node_modules\react-dom\cjs\react-dom.development.js:4056:31)
    at flushPassiveEffectsImpl (D:\Thinkpalm\Atlas-Payments-UI\node_modules\react-dom\cjs\react-dom.development.js:23574:9)
    at unstable_runWithPriority (D:\Thinkpalm\Atlas-Payments-UI\node_modules\scheduler\cjs\scheduler.development.js:468:12)
    at runWithPriority$1 (D:\Thinkpalm\Atlas-Payments-UI\node_modules\react-dom\cjs\react-dom.development.js:11276:10)
    at flushPassiveEffects (D:\Thinkpalm\Atlas-Payments-UI\node_modules\react-dom\cjs\react-dom.development.js:23447:14)
    at performSyncWorkOnRoot (D:\Thinkpalm\Atlas-Payments-UI\node_modules\react-dom\cjs\react-dom.development.js:22269:3)
    at D:\Thinkpalm\Atlas-Payments-UI\node_modules\react-dom\cjs\react-dom.development.js:11327:26
    at unstable_runWithPriority (D:\Thinkpalm\Atlas-Payments-UI\node_modules\scheduler\cjs\scheduler.development.js:468:12)
    at runWithPriority$1 (D:\Thinkpalm\Atlas-Payments-UI\node_modules\react-dom\cjs\react-dom.development.js:11276:10)
    at flushSyncCallbackQueueImpl (D:\Thinkpalm\Atlas-Payments-UI\node_modules\react-dom\cjs\react-dom.development.js:11322:9)
    at flushSyncCallbackQueue (D:\Thinkpalm\Atlas-Payments-UI\node_modules\react-dom\cjs\react-dom.development.js:11309:3)
    at batchedUpdates$1 (D:\Thinkpalm\Atlas-Payments-UI\node_modules\react-dom\cjs\react-dom.development.js:22387:7)
    at act (D:\Thinkpalm\Atlas-Payments-UI\node_modules\react-dom\cjs\react-dom-test-utils.development.js:1042:14)
    at render (D:\Thinkpalm\Atlas-Payments-UI\node_modules\@testing-library\react\dist\pure.js:97:26)
    at _callee10$ (D:\Thinkpalm\Atlas-Payments-UI\src\layouts\views\NewInvoice\test\index.test.js:537:5)
    at tryCatch (D:\Thinkpalm\Atlas-Payments-UI\node_modules\regenerator-runtime\runtime.js:63:40)
    at Generator.invoke [as _invoke] (D:\Thinkpalm\Atlas-Payments-UI\node_modules\regenerator-runtime\runtime.js:294:22)
    at Generator.next (D:\Thinkpalm\Atlas-Payments-UI\node_modules\regenerator-runtime\runtime.js:119:21)
    at asyncGeneratorStep (D:\Thinkpalm\Atlas-Payments-UI\node_modules\@babel\runtime\helpers\asyncToGenerator.js:3:24)
    at _next (D:\Thinkpalm\Atlas-Payments-UI\node_modules\@babel\runtime\helpers\asyncToGenerator.js:25:9)
    at D:\Thinkpalm\Atlas-Payments-UI\node_modules\@babel\runtime\helpers\asyncToGenerator.js:32:7
    at new Promise (<anonymous>)
    at Object.<anonymous> (D:\Thinkpalm\Atlas-Payments-UI\node_modules\@babel\runtime\helpers\asyncToGenerator.js:21:12)
    at Promise.then.completed (D:\Thinkpalm\Atlas-Payments-UI\node_modules\jest-circus\build\utils.js:391:28)
    at new Promise (<anonymous>)
    at callAsyncCircusFn (D:\Thinkpalm\Atlas-Payments-UI\node_modules\jest-circus\build\utils.js:316:10)
    at _callCircusTest (D:\Thinkpalm\Atlas-Payments-UI\node_modules\jest-circus\build\run.js:218:40)
    at _runTest (D:\Thinkpalm\Atlas-Payments-UI\node_modules\jest-circus\build\run.js:155:3)
    at _runTestsForDescribeBlock (D:\Thinkpalm\Atlas-Payments-UI\node_modules\jest-circus\build\run.js:66:9)
    at _runTestsForDescribeBlock (D:\Thinkpalm\Atlas-Payments-UI\node_modules\jest-circus\build\run.js:60:9)
    at run (D:\Thinkpalm\Atlas-Payments-UI\node_modules\jest-circus\build\run.js:25:3)
    at runAndTransformResultsToJestFormat (D:\Thinkpalm\Atlas-Payments-UI\node_modules\jest-circus\build\legacy-code-todo-rewrite\jestAdapterInit.js:170:21)
    at jestAdapter (D:\Thinkpalm\Atlas-Payments-UI\node_modules\jest-circus\build\legacy-code-todo-rewrite\jestAdapter.js:82:19)
    at runTestInternal (D:\Thinkpalm\Atlas-Payments-UI\node_modules\jest-runner\build\runTest.js:389:16)
    at runTest (D:\Thinkpalm\Atlas-Payments-UI\node_modules\jest-runner\build\runTest.js:475:34)
    at Object.worker (D:\Thinkpalm\Atlas-Payments-UI\node_modules\jest-runner\build\testWorker.js:133:12)]]></failure>
    </testCase>
    <testCase name="Test case for ProductInvoice To find text total balance" duration="42">
      <failure message="Error: Request failed with status code 404"><![CDATA[Error: Request failed with status code 404
    at createAxiosError (D:\Thinkpalm\Atlas-Payments-UI\node_modules\axios-mock-adapter\src\utils.js:151:15)
    at Object.settle (D:\Thinkpalm\Atlas-Payments-UI\node_modules\axios-mock-adapter\src\utils.js:142:12)
    at handleRequest (D:\Thinkpalm\Atlas-Payments-UI\node_modules\axios-mock-adapter\src\handle_request.js:127:15)
    at D:\Thinkpalm\Atlas-Payments-UI\node_modules\axios-mock-adapter\src\index.js:26:9
    at new Promise (<anonymous>)
    at MockAdapter.<anonymous> (D:\Thinkpalm\Atlas-Payments-UI\node_modules\axios-mock-adapter\src\index.js:25:14)
    at dispatchRequest (D:\Thinkpalm\Atlas-Payments-UI\node_modules\axios\lib\core\dispatchRequest.js:58:10)
    at Axios.request (D:\Thinkpalm\Atlas-Payments-UI\node_modules\axios\lib\core\Axios.js:108:15)
    at Axios.<computed> [as get] (D:\Thinkpalm\Atlas-Payments-UI\node_modules\axios\lib\core\Axios.js:129:17)
    at Function.get (D:\Thinkpalm\Atlas-Payments-UI\node_modules\axios\lib\helpers\bind.js:9:15)
    at productFun (D:\Thinkpalm\Atlas-Payments-UI\src\layouts\views\NewInvoice\ProductInvoiceCreation.tsx:40:15)
    at D:\Thinkpalm\Atlas-Payments-UI\src\layouts\views\NewInvoice\ProductInvoiceCreation.tsx:34:9
    at invokePassiveEffectCreate (D:\Thinkpalm\Atlas-Payments-UI\node_modules\react-dom\cjs\react-dom.development.js:23487:20)
    at HTMLUnknownElement.callCallback (D:\Thinkpalm\Atlas-Payments-UI\node_modules\react-dom\cjs\react-dom.development.js:3945:14)
    at HTMLUnknownElement.callTheUserObjectsOperation (D:\Thinkpalm\Atlas-Payments-UI\node_modules\jsdom\lib\jsdom\living\generated\EventListener.js:26:30)
    at innerInvokeEventListeners (D:\Thinkpalm\Atlas-Payments-UI\node_modules\jsdom\lib\jsdom\living\events\EventTarget-impl.js:338:25)
    at invokeEventListeners (D:\Thinkpalm\Atlas-Payments-UI\node_modules\jsdom\lib\jsdom\living\events\EventTarget-impl.js:274:3)
    at HTMLUnknownElementImpl._dispatch (D:\Thinkpalm\Atlas-Payments-UI\node_modules\jsdom\lib\jsdom\living\events\EventTarget-impl.js:221:9)
    at HTMLUnknownElementImpl.dispatchEvent (D:\Thinkpalm\Atlas-Payments-UI\node_modules\jsdom\lib\jsdom\living\events\EventTarget-impl.js:94:17)
    at HTMLUnknownElement.dispatchEvent (D:\Thinkpalm\Atlas-Payments-UI\node_modules\jsdom\lib\jsdom\living\generated\EventTarget.js:231:34)
    at Object.invokeGuardedCallbackDev (D:\Thinkpalm\Atlas-Payments-UI\node_modules\react-dom\cjs\react-dom.development.js:3994:16)
    at invokeGuardedCallback (D:\Thinkpalm\Atlas-Payments-UI\node_modules\react-dom\cjs\react-dom.development.js:4056:31)
    at flushPassiveEffectsImpl (D:\Thinkpalm\Atlas-Payments-UI\node_modules\react-dom\cjs\react-dom.development.js:23574:9)
    at unstable_runWithPriority (D:\Thinkpalm\Atlas-Payments-UI\node_modules\scheduler\cjs\scheduler.development.js:468:12)
    at runWithPriority$1 (D:\Thinkpalm\Atlas-Payments-UI\node_modules\react-dom\cjs\react-dom.development.js:11276:10)
    at flushPassiveEffects (D:\Thinkpalm\Atlas-Payments-UI\node_modules\react-dom\cjs\react-dom.development.js:23447:14)
    at performSyncWorkOnRoot (D:\Thinkpalm\Atlas-Payments-UI\node_modules\react-dom\cjs\react-dom.development.js:22269:3)
    at D:\Thinkpalm\Atlas-Payments-UI\node_modules\react-dom\cjs\react-dom.development.js:11327:26
    at unstable_runWithPriority (D:\Thinkpalm\Atlas-Payments-UI\node_modules\scheduler\cjs\scheduler.development.js:468:12)
    at runWithPriority$1 (D:\Thinkpalm\Atlas-Payments-UI\node_modules\react-dom\cjs\react-dom.development.js:11276:10)
    at flushSyncCallbackQueueImpl (D:\Thinkpalm\Atlas-Payments-UI\node_modules\react-dom\cjs\react-dom.development.js:11322:9)
    at flushSyncCallbackQueue (D:\Thinkpalm\Atlas-Payments-UI\node_modules\react-dom\cjs\react-dom.development.js:11309:3)
    at batchedUpdates$1 (D:\Thinkpalm\Atlas-Payments-UI\node_modules\react-dom\cjs\react-dom.development.js:22387:7)
    at act (D:\Thinkpalm\Atlas-Payments-UI\node_modules\react-dom\cjs\react-dom-test-utils.development.js:1042:14)
    at render (D:\Thinkpalm\Atlas-Payments-UI\node_modules\@testing-library\react\dist\pure.js:97:26)
    at _callee11$ (D:\Thinkpalm\Atlas-Payments-UI\src\layouts\views\NewInvoice\test\index.test.js:547:5)
    at tryCatch (D:\Thinkpalm\Atlas-Payments-UI\node_modules\regenerator-runtime\runtime.js:63:40)
    at Generator.invoke [as _invoke] (D:\Thinkpalm\Atlas-Payments-UI\node_modules\regenerator-runtime\runtime.js:294:22)
    at Generator.next (D:\Thinkpalm\Atlas-Payments-UI\node_modules\regenerator-runtime\runtime.js:119:21)
    at asyncGeneratorStep (D:\Thinkpalm\Atlas-Payments-UI\node_modules\@babel\runtime\helpers\asyncToGenerator.js:3:24)
    at _next (D:\Thinkpalm\Atlas-Payments-UI\node_modules\@babel\runtime\helpers\asyncToGenerator.js:25:9)
    at D:\Thinkpalm\Atlas-Payments-UI\node_modules\@babel\runtime\helpers\asyncToGenerator.js:32:7
    at new Promise (<anonymous>)
    at Object.<anonymous> (D:\Thinkpalm\Atlas-Payments-UI\node_modules\@babel\runtime\helpers\asyncToGenerator.js:21:12)
    at Promise.then.completed (D:\Thinkpalm\Atlas-Payments-UI\node_modules\jest-circus\build\utils.js:391:28)
    at new Promise (<anonymous>)
    at callAsyncCircusFn (D:\Thinkpalm\Atlas-Payments-UI\node_modules\jest-circus\build\utils.js:316:10)
    at _callCircusTest (D:\Thinkpalm\Atlas-Payments-UI\node_modules\jest-circus\build\run.js:218:40)
    at _runTest (D:\Thinkpalm\Atlas-Payments-UI\node_modules\jest-circus\build\run.js:155:3)
    at _runTestsForDescribeBlock (D:\Thinkpalm\Atlas-Payments-UI\node_modules\jest-circus\build\run.js:66:9)
    at _runTestsForDescribeBlock (D:\Thinkpalm\Atlas-Payments-UI\node_modules\jest-circus\build\run.js:60:9)
    at run (D:\Thinkpalm\Atlas-Payments-UI\node_modules\jest-circus\build\run.js:25:3)
    at runAndTransformResultsToJestFormat (D:\Thinkpalm\Atlas-Payments-UI\node_modules\jest-circus\build\legacy-code-todo-rewrite\jestAdapterInit.js:170:21)
    at jestAdapter (D:\Thinkpalm\Atlas-Payments-UI\node_modules\jest-circus\build\legacy-code-todo-rewrite\jestAdapter.js:82:19)
    at runTestInternal (D:\Thinkpalm\Atlas-Payments-UI\node_modules\jest-runner\build\runTest.js:389:16)
    at runTest (D:\Thinkpalm\Atlas-Payments-UI\node_modules\jest-runner\build\runTest.js:475:34)
    at Object.worker (D:\Thinkpalm\Atlas-Payments-UI\node_modules\jest-runner\build\testWorker.js:133:12)]]></failure>
      <failure message="Error: Request failed with status code 404"><![CDATA[Error: Request failed with status code 404
    at createAxiosError (D:\Thinkpalm\Atlas-Payments-UI\node_modules\axios-mock-adapter\src\utils.js:151:15)
    at Object.settle (D:\Thinkpalm\Atlas-Payments-UI\node_modules\axios-mock-adapter\src\utils.js:142:12)
    at handleRequest (D:\Thinkpalm\Atlas-Payments-UI\node_modules\axios-mock-adapter\src\handle_request.js:127:15)
    at D:\Thinkpalm\Atlas-Payments-UI\node_modules\axios-mock-adapter\src\index.js:26:9
    at new Promise (<anonymous>)
    at MockAdapter.<anonymous> (D:\Thinkpalm\Atlas-Payments-UI\node_modules\axios-mock-adapter\src\index.js:25:14)
    at dispatchRequest (D:\Thinkpalm\Atlas-Payments-UI\node_modules\axios\lib\core\dispatchRequest.js:58:10)
    at Axios.request (D:\Thinkpalm\Atlas-Payments-UI\node_modules\axios\lib\core\Axios.js:108:15)
    at Axios.<computed> [as get] (D:\Thinkpalm\Atlas-Payments-UI\node_modules\axios\lib\core\Axios.js:129:17)
    at Function.get (D:\Thinkpalm\Atlas-Payments-UI\node_modules\axios\lib\helpers\bind.js:9:15)
    at countryFun (D:\Thinkpalm\Atlas-Payments-UI\src\layouts\views\NewInvoice\ProductInvoiceCreation.tsx:52:15)
    at D:\Thinkpalm\Atlas-Payments-UI\src\layouts\views\NewInvoice\ProductInvoiceCreation.tsx:35:9
    at invokePassiveEffectCreate (D:\Thinkpalm\Atlas-Payments-UI\node_modules\react-dom\cjs\react-dom.development.js:23487:20)
    at HTMLUnknownElement.callCallback (D:\Thinkpalm\Atlas-Payments-UI\node_modules\react-dom\cjs\react-dom.development.js:3945:14)
    at HTMLUnknownElement.callTheUserObjectsOperation (D:\Thinkpalm\Atlas-Payments-UI\node_modules\jsdom\lib\jsdom\living\generated\EventListener.js:26:30)
    at innerInvokeEventListeners (D:\Thinkpalm\Atlas-Payments-UI\node_modules\jsdom\lib\jsdom\living\events\EventTarget-impl.js:338:25)
    at invokeEventListeners (D:\Thinkpalm\Atlas-Payments-UI\node_modules\jsdom\lib\jsdom\living\events\EventTarget-impl.js:274:3)
    at HTMLUnknownElementImpl._dispatch (D:\Thinkpalm\Atlas-Payments-UI\node_modules\jsdom\lib\jsdom\living\events\EventTarget-impl.js:221:9)
    at HTMLUnknownElementImpl.dispatchEvent (D:\Thinkpalm\Atlas-Payments-UI\node_modules\jsdom\lib\jsdom\living\events\EventTarget-impl.js:94:17)
    at HTMLUnknownElement.dispatchEvent (D:\Thinkpalm\Atlas-Payments-UI\node_modules\jsdom\lib\jsdom\living\generated\EventTarget.js:231:34)
    at Object.invokeGuardedCallbackDev (D:\Thinkpalm\Atlas-Payments-UI\node_modules\react-dom\cjs\react-dom.development.js:3994:16)
    at invokeGuardedCallback (D:\Thinkpalm\Atlas-Payments-UI\node_modules\react-dom\cjs\react-dom.development.js:4056:31)
    at flushPassiveEffectsImpl (D:\Thinkpalm\Atlas-Payments-UI\node_modules\react-dom\cjs\react-dom.development.js:23574:9)
    at unstable_runWithPriority (D:\Thinkpalm\Atlas-Payments-UI\node_modules\scheduler\cjs\scheduler.development.js:468:12)
    at runWithPriority$1 (D:\Thinkpalm\Atlas-Payments-UI\node_modules\react-dom\cjs\react-dom.development.js:11276:10)
    at flushPassiveEffects (D:\Thinkpalm\Atlas-Payments-UI\node_modules\react-dom\cjs\react-dom.development.js:23447:14)
    at performSyncWorkOnRoot (D:\Thinkpalm\Atlas-Payments-UI\node_modules\react-dom\cjs\react-dom.development.js:22269:3)
    at D:\Thinkpalm\Atlas-Payments-UI\node_modules\react-dom\cjs\react-dom.development.js:11327:26
    at unstable_runWithPriority (D:\Thinkpalm\Atlas-Payments-UI\node_modules\scheduler\cjs\scheduler.development.js:468:12)
    at runWithPriority$1 (D:\Thinkpalm\Atlas-Payments-UI\node_modules\react-dom\cjs\react-dom.development.js:11276:10)
    at flushSyncCallbackQueueImpl (D:\Thinkpalm\Atlas-Payments-UI\node_modules\react-dom\cjs\react-dom.development.js:11322:9)
    at flushSyncCallbackQueue (D:\Thinkpalm\Atlas-Payments-UI\node_modules\react-dom\cjs\react-dom.development.js:11309:3)
    at batchedUpdates$1 (D:\Thinkpalm\Atlas-Payments-UI\node_modules\react-dom\cjs\react-dom.development.js:22387:7)
    at act (D:\Thinkpalm\Atlas-Payments-UI\node_modules\react-dom\cjs\react-dom-test-utils.development.js:1042:14)
    at render (D:\Thinkpalm\Atlas-Payments-UI\node_modules\@testing-library\react\dist\pure.js:97:26)
    at _callee11$ (D:\Thinkpalm\Atlas-Payments-UI\src\layouts\views\NewInvoice\test\index.test.js:547:5)
    at tryCatch (D:\Thinkpalm\Atlas-Payments-UI\node_modules\regenerator-runtime\runtime.js:63:40)
    at Generator.invoke [as _invoke] (D:\Thinkpalm\Atlas-Payments-UI\node_modules\regenerator-runtime\runtime.js:294:22)
    at Generator.next (D:\Thinkpalm\Atlas-Payments-UI\node_modules\regenerator-runtime\runtime.js:119:21)
    at asyncGeneratorStep (D:\Thinkpalm\Atlas-Payments-UI\node_modules\@babel\runtime\helpers\asyncToGenerator.js:3:24)
    at _next (D:\Thinkpalm\Atlas-Payments-UI\node_modules\@babel\runtime\helpers\asyncToGenerator.js:25:9)
    at D:\Thinkpalm\Atlas-Payments-UI\node_modules\@babel\runtime\helpers\asyncToGenerator.js:32:7
    at new Promise (<anonymous>)
    at Object.<anonymous> (D:\Thinkpalm\Atlas-Payments-UI\node_modules\@babel\runtime\helpers\asyncToGenerator.js:21:12)
    at Promise.then.completed (D:\Thinkpalm\Atlas-Payments-UI\node_modules\jest-circus\build\utils.js:391:28)
    at new Promise (<anonymous>)
    at callAsyncCircusFn (D:\Thinkpalm\Atlas-Payments-UI\node_modules\jest-circus\build\utils.js:316:10)
    at _callCircusTest (D:\Thinkpalm\Atlas-Payments-UI\node_modules\jest-circus\build\run.js:218:40)
    at _runTest (D:\Thinkpalm\Atlas-Payments-UI\node_modules\jest-circus\build\run.js:155:3)
    at _runTestsForDescribeBlock (D:\Thinkpalm\Atlas-Payments-UI\node_modules\jest-circus\build\run.js:66:9)
    at _runTestsForDescribeBlock (D:\Thinkpalm\Atlas-Payments-UI\node_modules\jest-circus\build\run.js:60:9)
    at run (D:\Thinkpalm\Atlas-Payments-UI\node_modules\jest-circus\build\run.js:25:3)
    at runAndTransformResultsToJestFormat (D:\Thinkpalm\Atlas-Payments-UI\node_modules\jest-circus\build\legacy-code-todo-rewrite\jestAdapterInit.js:170:21)
    at jestAdapter (D:\Thinkpalm\Atlas-Payments-UI\node_modules\jest-circus\build\legacy-code-todo-rewrite\jestAdapter.js:82:19)
    at runTestInternal (D:\Thinkpalm\Atlas-Payments-UI\node_modules\jest-runner\build\runTest.js:389:16)
    at runTest (D:\Thinkpalm\Atlas-Payments-UI\node_modules\jest-runner\build\runTest.js:475:34)
    at Object.worker (D:\Thinkpalm\Atlas-Payments-UI\node_modules\jest-runner\build\testWorker.js:133:12)]]></failure>
    </testCase>
    <testCase name="Test case for ProductInvoice Test for add new From" duration="60">
      <failure message="Error: Request failed with status code 404"><![CDATA[Error: Request failed with status code 404
    at createAxiosError (D:\Thinkpalm\Atlas-Payments-UI\node_modules\axios-mock-adapter\src\utils.js:151:15)
    at Object.settle (D:\Thinkpalm\Atlas-Payments-UI\node_modules\axios-mock-adapter\src\utils.js:142:12)
    at handleRequest (D:\Thinkpalm\Atlas-Payments-UI\node_modules\axios-mock-adapter\src\handle_request.js:127:15)
    at D:\Thinkpalm\Atlas-Payments-UI\node_modules\axios-mock-adapter\src\index.js:26:9
    at new Promise (<anonymous>)
    at MockAdapter.<anonymous> (D:\Thinkpalm\Atlas-Payments-UI\node_modules\axios-mock-adapter\src\index.js:25:14)
    at dispatchRequest (D:\Thinkpalm\Atlas-Payments-UI\node_modules\axios\lib\core\dispatchRequest.js:58:10)
    at Axios.request (D:\Thinkpalm\Atlas-Payments-UI\node_modules\axios\lib\core\Axios.js:108:15)
    at Axios.<computed> [as get] (D:\Thinkpalm\Atlas-Payments-UI\node_modules\axios\lib\core\Axios.js:129:17)
    at Function.get (D:\Thinkpalm\Atlas-Payments-UI\node_modules\axios\lib\helpers\bind.js:9:15)
    at productFun (D:\Thinkpalm\Atlas-Payments-UI\src\layouts\views\NewInvoice\ProductInvoiceCreation.tsx:40:15)
    at D:\Thinkpalm\Atlas-Payments-UI\src\layouts\views\NewInvoice\ProductInvoiceCreation.tsx:34:9
    at invokePassiveEffectCreate (D:\Thinkpalm\Atlas-Payments-UI\node_modules\react-dom\cjs\react-dom.development.js:23487:20)
    at HTMLUnknownElement.callCallback (D:\Thinkpalm\Atlas-Payments-UI\node_modules\react-dom\cjs\react-dom.development.js:3945:14)
    at HTMLUnknownElement.callTheUserObjectsOperation (D:\Thinkpalm\Atlas-Payments-UI\node_modules\jsdom\lib\jsdom\living\generated\EventListener.js:26:30)
    at innerInvokeEventListeners (D:\Thinkpalm\Atlas-Payments-UI\node_modules\jsdom\lib\jsdom\living\events\EventTarget-impl.js:338:25)
    at invokeEventListeners (D:\Thinkpalm\Atlas-Payments-UI\node_modules\jsdom\lib\jsdom\living\events\EventTarget-impl.js:274:3)
    at HTMLUnknownElementImpl._dispatch (D:\Thinkpalm\Atlas-Payments-UI\node_modules\jsdom\lib\jsdom\living\events\EventTarget-impl.js:221:9)
    at HTMLUnknownElementImpl.dispatchEvent (D:\Thinkpalm\Atlas-Payments-UI\node_modules\jsdom\lib\jsdom\living\events\EventTarget-impl.js:94:17)
    at HTMLUnknownElement.dispatchEvent (D:\Thinkpalm\Atlas-Payments-UI\node_modules\jsdom\lib\jsdom\living\generated\EventTarget.js:231:34)
    at Object.invokeGuardedCallbackDev (D:\Thinkpalm\Atlas-Payments-UI\node_modules\react-dom\cjs\react-dom.development.js:3994:16)
    at invokeGuardedCallback (D:\Thinkpalm\Atlas-Payments-UI\node_modules\react-dom\cjs\react-dom.development.js:4056:31)
    at flushPassiveEffectsImpl (D:\Thinkpalm\Atlas-Payments-UI\node_modules\react-dom\cjs\react-dom.development.js:23574:9)
    at unstable_runWithPriority (D:\Thinkpalm\Atlas-Payments-UI\node_modules\scheduler\cjs\scheduler.development.js:468:12)
    at runWithPriority$1 (D:\Thinkpalm\Atlas-Payments-UI\node_modules\react-dom\cjs\react-dom.development.js:11276:10)
    at flushPassiveEffects (D:\Thinkpalm\Atlas-Payments-UI\node_modules\react-dom\cjs\react-dom.development.js:23447:14)
    at performSyncWorkOnRoot (D:\Thinkpalm\Atlas-Payments-UI\node_modules\react-dom\cjs\react-dom.development.js:22269:3)
    at D:\Thinkpalm\Atlas-Payments-UI\node_modules\react-dom\cjs\react-dom.development.js:11327:26
    at unstable_runWithPriority (D:\Thinkpalm\Atlas-Payments-UI\node_modules\scheduler\cjs\scheduler.development.js:468:12)
    at runWithPriority$1 (D:\Thinkpalm\Atlas-Payments-UI\node_modules\react-dom\cjs\react-dom.development.js:11276:10)
    at flushSyncCallbackQueueImpl (D:\Thinkpalm\Atlas-Payments-UI\node_modules\react-dom\cjs\react-dom.development.js:11322:9)
    at flushSyncCallbackQueue (D:\Thinkpalm\Atlas-Payments-UI\node_modules\react-dom\cjs\react-dom.development.js:11309:3)
    at batchedUpdates$1 (D:\Thinkpalm\Atlas-Payments-UI\node_modules\react-dom\cjs\react-dom.development.js:22387:7)
    at act (D:\Thinkpalm\Atlas-Payments-UI\node_modules\react-dom\cjs\react-dom-test-utils.development.js:1042:14)
    at render (D:\Thinkpalm\Atlas-Payments-UI\node_modules\@testing-library\react\dist\pure.js:97:26)
    at _callee12$ (D:\Thinkpalm\Atlas-Payments-UI\src\layouts\views\NewInvoice\test\index.test.js:557:5)
    at tryCatch (D:\Thinkpalm\Atlas-Payments-UI\node_modules\regenerator-runtime\runtime.js:63:40)
    at Generator.invoke [as _invoke] (D:\Thinkpalm\Atlas-Payments-UI\node_modules\regenerator-runtime\runtime.js:294:22)
    at Generator.next (D:\Thinkpalm\Atlas-Payments-UI\node_modules\regenerator-runtime\runtime.js:119:21)
    at asyncGeneratorStep (D:\Thinkpalm\Atlas-Payments-UI\node_modules\@babel\runtime\helpers\asyncToGenerator.js:3:24)
    at _next (D:\Thinkpalm\Atlas-Payments-UI\node_modules\@babel\runtime\helpers\asyncToGenerator.js:25:9)
    at D:\Thinkpalm\Atlas-Payments-UI\node_modules\@babel\runtime\helpers\asyncToGenerator.js:32:7
    at new Promise (<anonymous>)
    at Object.<anonymous> (D:\Thinkpalm\Atlas-Payments-UI\node_modules\@babel\runtime\helpers\asyncToGenerator.js:21:12)
    at Promise.then.completed (D:\Thinkpalm\Atlas-Payments-UI\node_modules\jest-circus\build\utils.js:391:28)
    at new Promise (<anonymous>)
    at callAsyncCircusFn (D:\Thinkpalm\Atlas-Payments-UI\node_modules\jest-circus\build\utils.js:316:10)
    at _callCircusTest (D:\Thinkpalm\Atlas-Payments-UI\node_modules\jest-circus\build\run.js:218:40)
    at _runTest (D:\Thinkpalm\Atlas-Payments-UI\node_modules\jest-circus\build\run.js:155:3)
    at _runTestsForDescribeBlock (D:\Thinkpalm\Atlas-Payments-UI\node_modules\jest-circus\build\run.js:66:9)
    at _runTestsForDescribeBlock (D:\Thinkpalm\Atlas-Payments-UI\node_modules\jest-circus\build\run.js:60:9)
    at run (D:\Thinkpalm\Atlas-Payments-UI\node_modules\jest-circus\build\run.js:25:3)
    at runAndTransformResultsToJestFormat (D:\Thinkpalm\Atlas-Payments-UI\node_modules\jest-circus\build\legacy-code-todo-rewrite\jestAdapterInit.js:170:21)
    at jestAdapter (D:\Thinkpalm\Atlas-Payments-UI\node_modules\jest-circus\build\legacy-code-todo-rewrite\jestAdapter.js:82:19)
    at runTestInternal (D:\Thinkpalm\Atlas-Payments-UI\node_modules\jest-runner\build\runTest.js:389:16)
    at runTest (D:\Thinkpalm\Atlas-Payments-UI\node_modules\jest-runner\build\runTest.js:475:34)
    at Object.worker (D:\Thinkpalm\Atlas-Payments-UI\node_modules\jest-runner\build\testWorker.js:133:12)]]></failure>
      <failure message="Error: Request failed with status code 404"><![CDATA[Error: Request failed with status code 404
    at createAxiosError (D:\Thinkpalm\Atlas-Payments-UI\node_modules\axios-mock-adapter\src\utils.js:151:15)
    at Object.settle (D:\Thinkpalm\Atlas-Payments-UI\node_modules\axios-mock-adapter\src\utils.js:142:12)
    at handleRequest (D:\Thinkpalm\Atlas-Payments-UI\node_modules\axios-mock-adapter\src\handle_request.js:127:15)
    at D:\Thinkpalm\Atlas-Payments-UI\node_modules\axios-mock-adapter\src\index.js:26:9
    at new Promise (<anonymous>)
    at MockAdapter.<anonymous> (D:\Thinkpalm\Atlas-Payments-UI\node_modules\axios-mock-adapter\src\index.js:25:14)
    at dispatchRequest (D:\Thinkpalm\Atlas-Payments-UI\node_modules\axios\lib\core\dispatchRequest.js:58:10)
    at Axios.request (D:\Thinkpalm\Atlas-Payments-UI\node_modules\axios\lib\core\Axios.js:108:15)
    at Axios.<computed> [as get] (D:\Thinkpalm\Atlas-Payments-UI\node_modules\axios\lib\core\Axios.js:129:17)
    at Function.get (D:\Thinkpalm\Atlas-Payments-UI\node_modules\axios\lib\helpers\bind.js:9:15)
    at countryFun (D:\Thinkpalm\Atlas-Payments-UI\src\layouts\views\NewInvoice\ProductInvoiceCreation.tsx:52:15)
    at D:\Thinkpalm\Atlas-Payments-UI\src\layouts\views\NewInvoice\ProductInvoiceCreation.tsx:35:9
    at invokePassiveEffectCreate (D:\Thinkpalm\Atlas-Payments-UI\node_modules\react-dom\cjs\react-dom.development.js:23487:20)
    at HTMLUnknownElement.callCallback (D:\Thinkpalm\Atlas-Payments-UI\node_modules\react-dom\cjs\react-dom.development.js:3945:14)
    at HTMLUnknownElement.callTheUserObjectsOperation (D:\Thinkpalm\Atlas-Payments-UI\node_modules\jsdom\lib\jsdom\living\generated\EventListener.js:26:30)
    at innerInvokeEventListeners (D:\Thinkpalm\Atlas-Payments-UI\node_modules\jsdom\lib\jsdom\living\events\EventTarget-impl.js:338:25)
    at invokeEventListeners (D:\Thinkpalm\Atlas-Payments-UI\node_modules\jsdom\lib\jsdom\living\events\EventTarget-impl.js:274:3)
    at HTMLUnknownElementImpl._dispatch (D:\Thinkpalm\Atlas-Payments-UI\node_modules\jsdom\lib\jsdom\living\events\EventTarget-impl.js:221:9)
    at HTMLUnknownElementImpl.dispatchEvent (D:\Thinkpalm\Atlas-Payments-UI\node_modules\jsdom\lib\jsdom\living\events\EventTarget-impl.js:94:17)
    at HTMLUnknownElement.dispatchEvent (D:\Thinkpalm\Atlas-Payments-UI\node_modules\jsdom\lib\jsdom\living\generated\EventTarget.js:231:34)
    at Object.invokeGuardedCallbackDev (D:\Thinkpalm\Atlas-Payments-UI\node_modules\react-dom\cjs\react-dom.development.js:3994:16)
    at invokeGuardedCallback (D:\Thinkpalm\Atlas-Payments-UI\node_modules\react-dom\cjs\react-dom.development.js:4056:31)
    at flushPassiveEffectsImpl (D:\Thinkpalm\Atlas-Payments-UI\node_modules\react-dom\cjs\react-dom.development.js:23574:9)
    at unstable_runWithPriority (D:\Thinkpalm\Atlas-Payments-UI\node_modules\scheduler\cjs\scheduler.development.js:468:12)
    at runWithPriority$1 (D:\Thinkpalm\Atlas-Payments-UI\node_modules\react-dom\cjs\react-dom.development.js:11276:10)
    at flushPassiveEffects (D:\Thinkpalm\Atlas-Payments-UI\node_modules\react-dom\cjs\react-dom.development.js:23447:14)
    at performSyncWorkOnRoot (D:\Thinkpalm\Atlas-Payments-UI\node_modules\react-dom\cjs\react-dom.development.js:22269:3)
    at D:\Thinkpalm\Atlas-Payments-UI\node_modules\react-dom\cjs\react-dom.development.js:11327:26
    at unstable_runWithPriority (D:\Thinkpalm\Atlas-Payments-UI\node_modules\scheduler\cjs\scheduler.development.js:468:12)
    at runWithPriority$1 (D:\Thinkpalm\Atlas-Payments-UI\node_modules\react-dom\cjs\react-dom.development.js:11276:10)
    at flushSyncCallbackQueueImpl (D:\Thinkpalm\Atlas-Payments-UI\node_modules\react-dom\cjs\react-dom.development.js:11322:9)
    at flushSyncCallbackQueue (D:\Thinkpalm\Atlas-Payments-UI\node_modules\react-dom\cjs\react-dom.development.js:11309:3)
    at batchedUpdates$1 (D:\Thinkpalm\Atlas-Payments-UI\node_modules\react-dom\cjs\react-dom.development.js:22387:7)
    at act (D:\Thinkpalm\Atlas-Payments-UI\node_modules\react-dom\cjs\react-dom-test-utils.development.js:1042:14)
    at render (D:\Thinkpalm\Atlas-Payments-UI\node_modules\@testing-library\react\dist\pure.js:97:26)
    at _callee12$ (D:\Thinkpalm\Atlas-Payments-UI\src\layouts\views\NewInvoice\test\index.test.js:557:5)
    at tryCatch (D:\Thinkpalm\Atlas-Payments-UI\node_modules\regenerator-runtime\runtime.js:63:40)
    at Generator.invoke [as _invoke] (D:\Thinkpalm\Atlas-Payments-UI\node_modules\regenerator-runtime\runtime.js:294:22)
    at Generator.next (D:\Thinkpalm\Atlas-Payments-UI\node_modules\regenerator-runtime\runtime.js:119:21)
    at asyncGeneratorStep (D:\Thinkpalm\Atlas-Payments-UI\node_modules\@babel\runtime\helpers\asyncToGenerator.js:3:24)
    at _next (D:\Thinkpalm\Atlas-Payments-UI\node_modules\@babel\runtime\helpers\asyncToGenerator.js:25:9)
    at D:\Thinkpalm\Atlas-Payments-UI\node_modules\@babel\runtime\helpers\asyncToGenerator.js:32:7
    at new Promise (<anonymous>)
    at Object.<anonymous> (D:\Thinkpalm\Atlas-Payments-UI\node_modules\@babel\runtime\helpers\asyncToGenerator.js:21:12)
    at Promise.then.completed (D:\Thinkpalm\Atlas-Payments-UI\node_modules\jest-circus\build\utils.js:391:28)
    at new Promise (<anonymous>)
    at callAsyncCircusFn (D:\Thinkpalm\Atlas-Payments-UI\node_modules\jest-circus\build\utils.js:316:10)
    at _callCircusTest (D:\Thinkpalm\Atlas-Payments-UI\node_modules\jest-circus\build\run.js:218:40)
    at _runTest (D:\Thinkpalm\Atlas-Payments-UI\node_modules\jest-circus\build\run.js:155:3)
    at _runTestsForDescribeBlock (D:\Thinkpalm\Atlas-Payments-UI\node_modules\jest-circus\build\run.js:66:9)
    at _runTestsForDescribeBlock (D:\Thinkpalm\Atlas-Payments-UI\node_modules\jest-circus\build\run.js:60:9)
    at run (D:\Thinkpalm\Atlas-Payments-UI\node_modules\jest-circus\build\run.js:25:3)
    at runAndTransformResultsToJestFormat (D:\Thinkpalm\Atlas-Payments-UI\node_modules\jest-circus\build\legacy-code-todo-rewrite\jestAdapterInit.js:170:21)
    at jestAdapter (D:\Thinkpalm\Atlas-Payments-UI\node_modules\jest-circus\build\legacy-code-todo-rewrite\jestAdapter.js:82:19)
    at runTestInternal (D:\Thinkpalm\Atlas-Payments-UI\node_modules\jest-runner\build\runTest.js:389:16)
    at runTest (D:\Thinkpalm\Atlas-Payments-UI\node_modules\jest-runner\build\runTest.js:475:34)
    at Object.worker (D:\Thinkpalm\Atlas-Payments-UI\node_modules\jest-runner\build\testWorker.js:133:12)]]></failure>
    </testCase>
    <testCase name="Test case for ProductInvoice Test remove item button" duration="43">
      <failure message="Error: Request failed with status code 404"><![CDATA[Error: Request failed with status code 404
    at createAxiosError (D:\Thinkpalm\Atlas-Payments-UI\node_modules\axios-mock-adapter\src\utils.js:151:15)
    at Object.settle (D:\Thinkpalm\Atlas-Payments-UI\node_modules\axios-mock-adapter\src\utils.js:142:12)
    at handleRequest (D:\Thinkpalm\Atlas-Payments-UI\node_modules\axios-mock-adapter\src\handle_request.js:127:15)
    at D:\Thinkpalm\Atlas-Payments-UI\node_modules\axios-mock-adapter\src\index.js:26:9
    at new Promise (<anonymous>)
    at MockAdapter.<anonymous> (D:\Thinkpalm\Atlas-Payments-UI\node_modules\axios-mock-adapter\src\index.js:25:14)
    at dispatchRequest (D:\Thinkpalm\Atlas-Payments-UI\node_modules\axios\lib\core\dispatchRequest.js:58:10)
    at Axios.request (D:\Thinkpalm\Atlas-Payments-UI\node_modules\axios\lib\core\Axios.js:108:15)
    at Axios.<computed> [as get] (D:\Thinkpalm\Atlas-Payments-UI\node_modules\axios\lib\core\Axios.js:129:17)
    at Function.get (D:\Thinkpalm\Atlas-Payments-UI\node_modules\axios\lib\helpers\bind.js:9:15)
    at productFun (D:\Thinkpalm\Atlas-Payments-UI\src\layouts\views\NewInvoice\ProductInvoiceCreation.tsx:40:15)
    at D:\Thinkpalm\Atlas-Payments-UI\src\layouts\views\NewInvoice\ProductInvoiceCreation.tsx:34:9
    at invokePassiveEffectCreate (D:\Thinkpalm\Atlas-Payments-UI\node_modules\react-dom\cjs\react-dom.development.js:23487:20)
    at HTMLUnknownElement.callCallback (D:\Thinkpalm\Atlas-Payments-UI\node_modules\react-dom\cjs\react-dom.development.js:3945:14)
    at HTMLUnknownElement.callTheUserObjectsOperation (D:\Thinkpalm\Atlas-Payments-UI\node_modules\jsdom\lib\jsdom\living\generated\EventListener.js:26:30)
    at innerInvokeEventListeners (D:\Thinkpalm\Atlas-Payments-UI\node_modules\jsdom\lib\jsdom\living\events\EventTarget-impl.js:338:25)
    at invokeEventListeners (D:\Thinkpalm\Atlas-Payments-UI\node_modules\jsdom\lib\jsdom\living\events\EventTarget-impl.js:274:3)
    at HTMLUnknownElementImpl._dispatch (D:\Thinkpalm\Atlas-Payments-UI\node_modules\jsdom\lib\jsdom\living\events\EventTarget-impl.js:221:9)
    at HTMLUnknownElementImpl.dispatchEvent (D:\Thinkpalm\Atlas-Payments-UI\node_modules\jsdom\lib\jsdom\living\events\EventTarget-impl.js:94:17)
    at HTMLUnknownElement.dispatchEvent (D:\Thinkpalm\Atlas-Payments-UI\node_modules\jsdom\lib\jsdom\living\generated\EventTarget.js:231:34)
    at Object.invokeGuardedCallbackDev (D:\Thinkpalm\Atlas-Payments-UI\node_modules\react-dom\cjs\react-dom.development.js:3994:16)
    at invokeGuardedCallback (D:\Thinkpalm\Atlas-Payments-UI\node_modules\react-dom\cjs\react-dom.development.js:4056:31)
    at flushPassiveEffectsImpl (D:\Thinkpalm\Atlas-Payments-UI\node_modules\react-dom\cjs\react-dom.development.js:23574:9)
    at unstable_runWithPriority (D:\Thinkpalm\Atlas-Payments-UI\node_modules\scheduler\cjs\scheduler.development.js:468:12)
    at runWithPriority$1 (D:\Thinkpalm\Atlas-Payments-UI\node_modules\react-dom\cjs\react-dom.development.js:11276:10)
    at flushPassiveEffects (D:\Thinkpalm\Atlas-Payments-UI\node_modules\react-dom\cjs\react-dom.development.js:23447:14)
    at performSyncWorkOnRoot (D:\Thinkpalm\Atlas-Payments-UI\node_modules\react-dom\cjs\react-dom.development.js:22269:3)
    at D:\Thinkpalm\Atlas-Payments-UI\node_modules\react-dom\cjs\react-dom.development.js:11327:26
    at unstable_runWithPriority (D:\Thinkpalm\Atlas-Payments-UI\node_modules\scheduler\cjs\scheduler.development.js:468:12)
    at runWithPriority$1 (D:\Thinkpalm\Atlas-Payments-UI\node_modules\react-dom\cjs\react-dom.development.js:11276:10)
    at flushSyncCallbackQueueImpl (D:\Thinkpalm\Atlas-Payments-UI\node_modules\react-dom\cjs\react-dom.development.js:11322:9)
    at flushSyncCallbackQueue (D:\Thinkpalm\Atlas-Payments-UI\node_modules\react-dom\cjs\react-dom.development.js:11309:3)
    at batchedUpdates$1 (D:\Thinkpalm\Atlas-Payments-UI\node_modules\react-dom\cjs\react-dom.development.js:22387:7)
    at act (D:\Thinkpalm\Atlas-Payments-UI\node_modules\react-dom\cjs\react-dom-test-utils.development.js:1042:14)
    at render (D:\Thinkpalm\Atlas-Payments-UI\node_modules\@testing-library\react\dist\pure.js:97:26)
    at _callee13$ (D:\Thinkpalm\Atlas-Payments-UI\src\layouts\views\NewInvoice\test\index.test.js:568:5)
    at tryCatch (D:\Thinkpalm\Atlas-Payments-UI\node_modules\regenerator-runtime\runtime.js:63:40)
    at Generator.invoke [as _invoke] (D:\Thinkpalm\Atlas-Payments-UI\node_modules\regenerator-runtime\runtime.js:294:22)
    at Generator.next (D:\Thinkpalm\Atlas-Payments-UI\node_modules\regenerator-runtime\runtime.js:119:21)
    at asyncGeneratorStep (D:\Thinkpalm\Atlas-Payments-UI\node_modules\@babel\runtime\helpers\asyncToGenerator.js:3:24)
    at _next (D:\Thinkpalm\Atlas-Payments-UI\node_modules\@babel\runtime\helpers\asyncToGenerator.js:25:9)
    at D:\Thinkpalm\Atlas-Payments-UI\node_modules\@babel\runtime\helpers\asyncToGenerator.js:32:7
    at new Promise (<anonymous>)
    at Object.<anonymous> (D:\Thinkpalm\Atlas-Payments-UI\node_modules\@babel\runtime\helpers\asyncToGenerator.js:21:12)
    at Promise.then.completed (D:\Thinkpalm\Atlas-Payments-UI\node_modules\jest-circus\build\utils.js:391:28)
    at new Promise (<anonymous>)
    at callAsyncCircusFn (D:\Thinkpalm\Atlas-Payments-UI\node_modules\jest-circus\build\utils.js:316:10)
    at _callCircusTest (D:\Thinkpalm\Atlas-Payments-UI\node_modules\jest-circus\build\run.js:218:40)
    at _runTest (D:\Thinkpalm\Atlas-Payments-UI\node_modules\jest-circus\build\run.js:155:3)
    at _runTestsForDescribeBlock (D:\Thinkpalm\Atlas-Payments-UI\node_modules\jest-circus\build\run.js:66:9)
    at _runTestsForDescribeBlock (D:\Thinkpalm\Atlas-Payments-UI\node_modules\jest-circus\build\run.js:60:9)
    at run (D:\Thinkpalm\Atlas-Payments-UI\node_modules\jest-circus\build\run.js:25:3)
    at runAndTransformResultsToJestFormat (D:\Thinkpalm\Atlas-Payments-UI\node_modules\jest-circus\build\legacy-code-todo-rewrite\jestAdapterInit.js:170:21)
    at jestAdapter (D:\Thinkpalm\Atlas-Payments-UI\node_modules\jest-circus\build\legacy-code-todo-rewrite\jestAdapter.js:82:19)
    at runTestInternal (D:\Thinkpalm\Atlas-Payments-UI\node_modules\jest-runner\build\runTest.js:389:16)
    at runTest (D:\Thinkpalm\Atlas-Payments-UI\node_modules\jest-runner\build\runTest.js:475:34)
    at Object.worker (D:\Thinkpalm\Atlas-Payments-UI\node_modules\jest-runner\build\testWorker.js:133:12)]]></failure>
      <failure message="Error: Request failed with status code 404"><![CDATA[Error: Request failed with status code 404
    at createAxiosError (D:\Thinkpalm\Atlas-Payments-UI\node_modules\axios-mock-adapter\src\utils.js:151:15)
    at Object.settle (D:\Thinkpalm\Atlas-Payments-UI\node_modules\axios-mock-adapter\src\utils.js:142:12)
    at handleRequest (D:\Thinkpalm\Atlas-Payments-UI\node_modules\axios-mock-adapter\src\handle_request.js:127:15)
    at D:\Thinkpalm\Atlas-Payments-UI\node_modules\axios-mock-adapter\src\index.js:26:9
    at new Promise (<anonymous>)
    at MockAdapter.<anonymous> (D:\Thinkpalm\Atlas-Payments-UI\node_modules\axios-mock-adapter\src\index.js:25:14)
    at dispatchRequest (D:\Thinkpalm\Atlas-Payments-UI\node_modules\axios\lib\core\dispatchRequest.js:58:10)
    at Axios.request (D:\Thinkpalm\Atlas-Payments-UI\node_modules\axios\lib\core\Axios.js:108:15)
    at Axios.<computed> [as get] (D:\Thinkpalm\Atlas-Payments-UI\node_modules\axios\lib\core\Axios.js:129:17)
    at Function.get (D:\Thinkpalm\Atlas-Payments-UI\node_modules\axios\lib\helpers\bind.js:9:15)
    at countryFun (D:\Thinkpalm\Atlas-Payments-UI\src\layouts\views\NewInvoice\ProductInvoiceCreation.tsx:52:15)
    at D:\Thinkpalm\Atlas-Payments-UI\src\layouts\views\NewInvoice\ProductInvoiceCreation.tsx:35:9
    at invokePassiveEffectCreate (D:\Thinkpalm\Atlas-Payments-UI\node_modules\react-dom\cjs\react-dom.development.js:23487:20)
    at HTMLUnknownElement.callCallback (D:\Thinkpalm\Atlas-Payments-UI\node_modules\react-dom\cjs\react-dom.development.js:3945:14)
    at HTMLUnknownElement.callTheUserObjectsOperation (D:\Thinkpalm\Atlas-Payments-UI\node_modules\jsdom\lib\jsdom\living\generated\EventListener.js:26:30)
    at innerInvokeEventListeners (D:\Thinkpalm\Atlas-Payments-UI\node_modules\jsdom\lib\jsdom\living\events\EventTarget-impl.js:338:25)
    at invokeEventListeners (D:\Thinkpalm\Atlas-Payments-UI\node_modules\jsdom\lib\jsdom\living\events\EventTarget-impl.js:274:3)
    at HTMLUnknownElementImpl._dispatch (D:\Thinkpalm\Atlas-Payments-UI\node_modules\jsdom\lib\jsdom\living\events\EventTarget-impl.js:221:9)
    at HTMLUnknownElementImpl.dispatchEvent (D:\Thinkpalm\Atlas-Payments-UI\node_modules\jsdom\lib\jsdom\living\events\EventTarget-impl.js:94:17)
    at HTMLUnknownElement.dispatchEvent (D:\Thinkpalm\Atlas-Payments-UI\node_modules\jsdom\lib\jsdom\living\generated\EventTarget.js:231:34)
    at Object.invokeGuardedCallbackDev (D:\Thinkpalm\Atlas-Payments-UI\node_modules\react-dom\cjs\react-dom.development.js:3994:16)
    at invokeGuardedCallback (D:\Thinkpalm\Atlas-Payments-UI\node_modules\react-dom\cjs\react-dom.development.js:4056:31)
    at flushPassiveEffectsImpl (D:\Thinkpalm\Atlas-Payments-UI\node_modules\react-dom\cjs\react-dom.development.js:23574:9)
    at unstable_runWithPriority (D:\Thinkpalm\Atlas-Payments-UI\node_modules\scheduler\cjs\scheduler.development.js:468:12)
    at runWithPriority$1 (D:\Thinkpalm\Atlas-Payments-UI\node_modules\react-dom\cjs\react-dom.development.js:11276:10)
    at flushPassiveEffects (D:\Thinkpalm\Atlas-Payments-UI\node_modules\react-dom\cjs\react-dom.development.js:23447:14)
    at performSyncWorkOnRoot (D:\Thinkpalm\Atlas-Payments-UI\node_modules\react-dom\cjs\react-dom.development.js:22269:3)
    at D:\Thinkpalm\Atlas-Payments-UI\node_modules\react-dom\cjs\react-dom.development.js:11327:26
    at unstable_runWithPriority (D:\Thinkpalm\Atlas-Payments-UI\node_modules\scheduler\cjs\scheduler.development.js:468:12)
    at runWithPriority$1 (D:\Thinkpalm\Atlas-Payments-UI\node_modules\react-dom\cjs\react-dom.development.js:11276:10)
    at flushSyncCallbackQueueImpl (D:\Thinkpalm\Atlas-Payments-UI\node_modules\react-dom\cjs\react-dom.development.js:11322:9)
    at flushSyncCallbackQueue (D:\Thinkpalm\Atlas-Payments-UI\node_modules\react-dom\cjs\react-dom.development.js:11309:3)
    at batchedUpdates$1 (D:\Thinkpalm\Atlas-Payments-UI\node_modules\react-dom\cjs\react-dom.development.js:22387:7)
    at act (D:\Thinkpalm\Atlas-Payments-UI\node_modules\react-dom\cjs\react-dom-test-utils.development.js:1042:14)
    at render (D:\Thinkpalm\Atlas-Payments-UI\node_modules\@testing-library\react\dist\pure.js:97:26)
    at _callee13$ (D:\Thinkpalm\Atlas-Payments-UI\src\layouts\views\NewInvoice\test\index.test.js:568:5)
    at tryCatch (D:\Thinkpalm\Atlas-Payments-UI\node_modules\regenerator-runtime\runtime.js:63:40)
    at Generator.invoke [as _invoke] (D:\Thinkpalm\Atlas-Payments-UI\node_modules\regenerator-runtime\runtime.js:294:22)
    at Generator.next (D:\Thinkpalm\Atlas-Payments-UI\node_modules\regenerator-runtime\runtime.js:119:21)
    at asyncGeneratorStep (D:\Thinkpalm\Atlas-Payments-UI\node_modules\@babel\runtime\helpers\asyncToGenerator.js:3:24)
    at _next (D:\Thinkpalm\Atlas-Payments-UI\node_modules\@babel\runtime\helpers\asyncToGenerator.js:25:9)
    at D:\Thinkpalm\Atlas-Payments-UI\node_modules\@babel\runtime\helpers\asyncToGenerator.js:32:7
    at new Promise (<anonymous>)
    at Object.<anonymous> (D:\Thinkpalm\Atlas-Payments-UI\node_modules\@babel\runtime\helpers\asyncToGenerator.js:21:12)
    at Promise.then.completed (D:\Thinkpalm\Atlas-Payments-UI\node_modules\jest-circus\build\utils.js:391:28)
    at new Promise (<anonymous>)
    at callAsyncCircusFn (D:\Thinkpalm\Atlas-Payments-UI\node_modules\jest-circus\build\utils.js:316:10)
    at _callCircusTest (D:\Thinkpalm\Atlas-Payments-UI\node_modules\jest-circus\build\run.js:218:40)
    at _runTest (D:\Thinkpalm\Atlas-Payments-UI\node_modules\jest-circus\build\run.js:155:3)
    at _runTestsForDescribeBlock (D:\Thinkpalm\Atlas-Payments-UI\node_modules\jest-circus\build\run.js:66:9)
    at _runTestsForDescribeBlock (D:\Thinkpalm\Atlas-Payments-UI\node_modules\jest-circus\build\run.js:60:9)
    at run (D:\Thinkpalm\Atlas-Payments-UI\node_modules\jest-circus\build\run.js:25:3)
    at runAndTransformResultsToJestFormat (D:\Thinkpalm\Atlas-Payments-UI\node_modules\jest-circus\build\legacy-code-todo-rewrite\jestAdapterInit.js:170:21)
    at jestAdapter (D:\Thinkpalm\Atlas-Payments-UI\node_modules\jest-circus\build\legacy-code-todo-rewrite\jestAdapter.js:82:19)
    at runTestInternal (D:\Thinkpalm\Atlas-Payments-UI\node_modules\jest-runner\build\runTest.js:389:16)
    at runTest (D:\Thinkpalm\Atlas-Payments-UI\node_modules\jest-runner\build\runTest.js:475:34)
    at Object.worker (D:\Thinkpalm\Atlas-Payments-UI\node_modules\jest-runner\build\testWorker.js:133:12)]]></failure>
    </testCase>
    <testCase name="Test case for ProductInvoice Product name save in local storage" duration="29">
      <failure message="Error: Request failed with status code 404"><![CDATA[Error: Request failed with status code 404
    at createAxiosError (D:\Thinkpalm\Atlas-Payments-UI\node_modules\axios-mock-adapter\src\utils.js:151:15)
    at Object.settle (D:\Thinkpalm\Atlas-Payments-UI\node_modules\axios-mock-adapter\src\utils.js:142:12)
    at handleRequest (D:\Thinkpalm\Atlas-Payments-UI\node_modules\axios-mock-adapter\src\handle_request.js:127:15)
    at D:\Thinkpalm\Atlas-Payments-UI\node_modules\axios-mock-adapter\src\index.js:26:9
    at new Promise (<anonymous>)
    at MockAdapter.<anonymous> (D:\Thinkpalm\Atlas-Payments-UI\node_modules\axios-mock-adapter\src\index.js:25:14)
    at dispatchRequest (D:\Thinkpalm\Atlas-Payments-UI\node_modules\axios\lib\core\dispatchRequest.js:58:10)
    at Axios.request (D:\Thinkpalm\Atlas-Payments-UI\node_modules\axios\lib\core\Axios.js:108:15)
    at Axios.<computed> [as get] (D:\Thinkpalm\Atlas-Payments-UI\node_modules\axios\lib\core\Axios.js:129:17)
    at Function.get (D:\Thinkpalm\Atlas-Payments-UI\node_modules\axios\lib\helpers\bind.js:9:15)
    at productFun (D:\Thinkpalm\Atlas-Payments-UI\src\layouts\views\NewInvoice\ProductInvoiceCreation.tsx:40:15)
    at D:\Thinkpalm\Atlas-Payments-UI\src\layouts\views\NewInvoice\ProductInvoiceCreation.tsx:34:9
    at invokePassiveEffectCreate (D:\Thinkpalm\Atlas-Payments-UI\node_modules\react-dom\cjs\react-dom.development.js:23487:20)
    at HTMLUnknownElement.callCallback (D:\Thinkpalm\Atlas-Payments-UI\node_modules\react-dom\cjs\react-dom.development.js:3945:14)
    at HTMLUnknownElement.callTheUserObjectsOperation (D:\Thinkpalm\Atlas-Payments-UI\node_modules\jsdom\lib\jsdom\living\generated\EventListener.js:26:30)
    at innerInvokeEventListeners (D:\Thinkpalm\Atlas-Payments-UI\node_modules\jsdom\lib\jsdom\living\events\EventTarget-impl.js:338:25)
    at invokeEventListeners (D:\Thinkpalm\Atlas-Payments-UI\node_modules\jsdom\lib\jsdom\living\events\EventTarget-impl.js:274:3)
    at HTMLUnknownElementImpl._dispatch (D:\Thinkpalm\Atlas-Payments-UI\node_modules\jsdom\lib\jsdom\living\events\EventTarget-impl.js:221:9)
    at HTMLUnknownElementImpl.dispatchEvent (D:\Thinkpalm\Atlas-Payments-UI\node_modules\jsdom\lib\jsdom\living\events\EventTarget-impl.js:94:17)
    at HTMLUnknownElement.dispatchEvent (D:\Thinkpalm\Atlas-Payments-UI\node_modules\jsdom\lib\jsdom\living\generated\EventTarget.js:231:34)
    at Object.invokeGuardedCallbackDev (D:\Thinkpalm\Atlas-Payments-UI\node_modules\react-dom\cjs\react-dom.development.js:3994:16)
    at invokeGuardedCallback (D:\Thinkpalm\Atlas-Payments-UI\node_modules\react-dom\cjs\react-dom.development.js:4056:31)
    at flushPassiveEffectsImpl (D:\Thinkpalm\Atlas-Payments-UI\node_modules\react-dom\cjs\react-dom.development.js:23574:9)
    at unstable_runWithPriority (D:\Thinkpalm\Atlas-Payments-UI\node_modules\scheduler\cjs\scheduler.development.js:468:12)
    at runWithPriority$1 (D:\Thinkpalm\Atlas-Payments-UI\node_modules\react-dom\cjs\react-dom.development.js:11276:10)
    at flushPassiveEffects (D:\Thinkpalm\Atlas-Payments-UI\node_modules\react-dom\cjs\react-dom.development.js:23447:14)
    at performSyncWorkOnRoot (D:\Thinkpalm\Atlas-Payments-UI\node_modules\react-dom\cjs\react-dom.development.js:22269:3)
    at D:\Thinkpalm\Atlas-Payments-UI\node_modules\react-dom\cjs\react-dom.development.js:11327:26
    at unstable_runWithPriority (D:\Thinkpalm\Atlas-Payments-UI\node_modules\scheduler\cjs\scheduler.development.js:468:12)
    at runWithPriority$1 (D:\Thinkpalm\Atlas-Payments-UI\node_modules\react-dom\cjs\react-dom.development.js:11276:10)
    at flushSyncCallbackQueueImpl (D:\Thinkpalm\Atlas-Payments-UI\node_modules\react-dom\cjs\react-dom.development.js:11322:9)
    at flushSyncCallbackQueue (D:\Thinkpalm\Atlas-Payments-UI\node_modules\react-dom\cjs\react-dom.development.js:11309:3)
    at batchedUpdates$1 (D:\Thinkpalm\Atlas-Payments-UI\node_modules\react-dom\cjs\react-dom.development.js:22387:7)
    at act (D:\Thinkpalm\Atlas-Payments-UI\node_modules\react-dom\cjs\react-dom-test-utils.development.js:1042:14)
    at render (D:\Thinkpalm\Atlas-Payments-UI\node_modules\@testing-library\react\dist\pure.js:97:26)
    at _callee14$ (D:\Thinkpalm\Atlas-Payments-UI\src\layouts\views\NewInvoice\test\index.test.js:580:5)
    at tryCatch (D:\Thinkpalm\Atlas-Payments-UI\node_modules\regenerator-runtime\runtime.js:63:40)
    at Generator.invoke [as _invoke] (D:\Thinkpalm\Atlas-Payments-UI\node_modules\regenerator-runtime\runtime.js:294:22)
    at Generator.next (D:\Thinkpalm\Atlas-Payments-UI\node_modules\regenerator-runtime\runtime.js:119:21)
    at asyncGeneratorStep (D:\Thinkpalm\Atlas-Payments-UI\node_modules\@babel\runtime\helpers\asyncToGenerator.js:3:24)
    at _next (D:\Thinkpalm\Atlas-Payments-UI\node_modules\@babel\runtime\helpers\asyncToGenerator.js:25:9)
    at D:\Thinkpalm\Atlas-Payments-UI\node_modules\@babel\runtime\helpers\asyncToGenerator.js:32:7
    at new Promise (<anonymous>)
    at Object.<anonymous> (D:\Thinkpalm\Atlas-Payments-UI\node_modules\@babel\runtime\helpers\asyncToGenerator.js:21:12)
    at Promise.then.completed (D:\Thinkpalm\Atlas-Payments-UI\node_modules\jest-circus\build\utils.js:391:28)
    at new Promise (<anonymous>)
    at callAsyncCircusFn (D:\Thinkpalm\Atlas-Payments-UI\node_modules\jest-circus\build\utils.js:316:10)
    at _callCircusTest (D:\Thinkpalm\Atlas-Payments-UI\node_modules\jest-circus\build\run.js:218:40)
    at _runTest (D:\Thinkpalm\Atlas-Payments-UI\node_modules\jest-circus\build\run.js:155:3)
    at _runTestsForDescribeBlock (D:\Thinkpalm\Atlas-Payments-UI\node_modules\jest-circus\build\run.js:66:9)
    at _runTestsForDescribeBlock (D:\Thinkpalm\Atlas-Payments-UI\node_modules\jest-circus\build\run.js:60:9)
    at run (D:\Thinkpalm\Atlas-Payments-UI\node_modules\jest-circus\build\run.js:25:3)
    at runAndTransformResultsToJestFormat (D:\Thinkpalm\Atlas-Payments-UI\node_modules\jest-circus\build\legacy-code-todo-rewrite\jestAdapterInit.js:170:21)
    at jestAdapter (D:\Thinkpalm\Atlas-Payments-UI\node_modules\jest-circus\build\legacy-code-todo-rewrite\jestAdapter.js:82:19)
    at runTestInternal (D:\Thinkpalm\Atlas-Payments-UI\node_modules\jest-runner\build\runTest.js:389:16)
    at runTest (D:\Thinkpalm\Atlas-Payments-UI\node_modules\jest-runner\build\runTest.js:475:34)
    at Object.worker (D:\Thinkpalm\Atlas-Payments-UI\node_modules\jest-runner\build\testWorker.js:133:12)]]></failure>
      <failure message="Error: Request failed with status code 404"><![CDATA[Error: Request failed with status code 404
    at createAxiosError (D:\Thinkpalm\Atlas-Payments-UI\node_modules\axios-mock-adapter\src\utils.js:151:15)
    at Object.settle (D:\Thinkpalm\Atlas-Payments-UI\node_modules\axios-mock-adapter\src\utils.js:142:12)
    at handleRequest (D:\Thinkpalm\Atlas-Payments-UI\node_modules\axios-mock-adapter\src\handle_request.js:127:15)
    at D:\Thinkpalm\Atlas-Payments-UI\node_modules\axios-mock-adapter\src\index.js:26:9
    at new Promise (<anonymous>)
    at MockAdapter.<anonymous> (D:\Thinkpalm\Atlas-Payments-UI\node_modules\axios-mock-adapter\src\index.js:25:14)
    at dispatchRequest (D:\Thinkpalm\Atlas-Payments-UI\node_modules\axios\lib\core\dispatchRequest.js:58:10)
    at Axios.request (D:\Thinkpalm\Atlas-Payments-UI\node_modules\axios\lib\core\Axios.js:108:15)
    at Axios.<computed> [as get] (D:\Thinkpalm\Atlas-Payments-UI\node_modules\axios\lib\core\Axios.js:129:17)
    at Function.get (D:\Thinkpalm\Atlas-Payments-UI\node_modules\axios\lib\helpers\bind.js:9:15)
    at countryFun (D:\Thinkpalm\Atlas-Payments-UI\src\layouts\views\NewInvoice\ProductInvoiceCreation.tsx:52:15)
    at D:\Thinkpalm\Atlas-Payments-UI\src\layouts\views\NewInvoice\ProductInvoiceCreation.tsx:35:9
    at invokePassiveEffectCreate (D:\Thinkpalm\Atlas-Payments-UI\node_modules\react-dom\cjs\react-dom.development.js:23487:20)
    at HTMLUnknownElement.callCallback (D:\Thinkpalm\Atlas-Payments-UI\node_modules\react-dom\cjs\react-dom.development.js:3945:14)
    at HTMLUnknownElement.callTheUserObjectsOperation (D:\Thinkpalm\Atlas-Payments-UI\node_modules\jsdom\lib\jsdom\living\generated\EventListener.js:26:30)
    at innerInvokeEventListeners (D:\Thinkpalm\Atlas-Payments-UI\node_modules\jsdom\lib\jsdom\living\events\EventTarget-impl.js:338:25)
    at invokeEventListeners (D:\Thinkpalm\Atlas-Payments-UI\node_modules\jsdom\lib\jsdom\living\events\EventTarget-impl.js:274:3)
    at HTMLUnknownElementImpl._dispatch (D:\Thinkpalm\Atlas-Payments-UI\node_modules\jsdom\lib\jsdom\living\events\EventTarget-impl.js:221:9)
    at HTMLUnknownElementImpl.dispatchEvent (D:\Thinkpalm\Atlas-Payments-UI\node_modules\jsdom\lib\jsdom\living\events\EventTarget-impl.js:94:17)
    at HTMLUnknownElement.dispatchEvent (D:\Thinkpalm\Atlas-Payments-UI\node_modules\jsdom\lib\jsdom\living\generated\EventTarget.js:231:34)
    at Object.invokeGuardedCallbackDev (D:\Thinkpalm\Atlas-Payments-UI\node_modules\react-dom\cjs\react-dom.development.js:3994:16)
    at invokeGuardedCallback (D:\Thinkpalm\Atlas-Payments-UI\node_modules\react-dom\cjs\react-dom.development.js:4056:31)
    at flushPassiveEffectsImpl (D:\Thinkpalm\Atlas-Payments-UI\node_modules\react-dom\cjs\react-dom.development.js:23574:9)
    at unstable_runWithPriority (D:\Thinkpalm\Atlas-Payments-UI\node_modules\scheduler\cjs\scheduler.development.js:468:12)
    at runWithPriority$1 (D:\Thinkpalm\Atlas-Payments-UI\node_modules\react-dom\cjs\react-dom.development.js:11276:10)
    at flushPassiveEffects (D:\Thinkpalm\Atlas-Payments-UI\node_modules\react-dom\cjs\react-dom.development.js:23447:14)
    at performSyncWorkOnRoot (D:\Thinkpalm\Atlas-Payments-UI\node_modules\react-dom\cjs\react-dom.development.js:22269:3)
    at D:\Thinkpalm\Atlas-Payments-UI\node_modules\react-dom\cjs\react-dom.development.js:11327:26
    at unstable_runWithPriority (D:\Thinkpalm\Atlas-Payments-UI\node_modules\scheduler\cjs\scheduler.development.js:468:12)
    at runWithPriority$1 (D:\Thinkpalm\Atlas-Payments-UI\node_modules\react-dom\cjs\react-dom.development.js:11276:10)
    at flushSyncCallbackQueueImpl (D:\Thinkpalm\Atlas-Payments-UI\node_modules\react-dom\cjs\react-dom.development.js:11322:9)
    at flushSyncCallbackQueue (D:\Thinkpalm\Atlas-Payments-UI\node_modules\react-dom\cjs\react-dom.development.js:11309:3)
    at batchedUpdates$1 (D:\Thinkpalm\Atlas-Payments-UI\node_modules\react-dom\cjs\react-dom.development.js:22387:7)
    at act (D:\Thinkpalm\Atlas-Payments-UI\node_modules\react-dom\cjs\react-dom-test-utils.development.js:1042:14)
    at render (D:\Thinkpalm\Atlas-Payments-UI\node_modules\@testing-library\react\dist\pure.js:97:26)
    at _callee14$ (D:\Thinkpalm\Atlas-Payments-UI\src\layouts\views\NewInvoice\test\index.test.js:580:5)
    at tryCatch (D:\Thinkpalm\Atlas-Payments-UI\node_modules\regenerator-runtime\runtime.js:63:40)
    at Generator.invoke [as _invoke] (D:\Thinkpalm\Atlas-Payments-UI\node_modules\regenerator-runtime\runtime.js:294:22)
    at Generator.next (D:\Thinkpalm\Atlas-Payments-UI\node_modules\regenerator-runtime\runtime.js:119:21)
    at asyncGeneratorStep (D:\Thinkpalm\Atlas-Payments-UI\node_modules\@babel\runtime\helpers\asyncToGenerator.js:3:24)
    at _next (D:\Thinkpalm\Atlas-Payments-UI\node_modules\@babel\runtime\helpers\asyncToGenerator.js:25:9)
    at D:\Thinkpalm\Atlas-Payments-UI\node_modules\@babel\runtime\helpers\asyncToGenerator.js:32:7
    at new Promise (<anonymous>)
    at Object.<anonymous> (D:\Thinkpalm\Atlas-Payments-UI\node_modules\@babel\runtime\helpers\asyncToGenerator.js:21:12)
    at Promise.then.completed (D:\Thinkpalm\Atlas-Payments-UI\node_modules\jest-circus\build\utils.js:391:28)
    at new Promise (<anonymous>)
    at callAsyncCircusFn (D:\Thinkpalm\Atlas-Payments-UI\node_modules\jest-circus\build\utils.js:316:10)
    at _callCircusTest (D:\Thinkpalm\Atlas-Payments-UI\node_modules\jest-circus\build\run.js:218:40)
    at _runTest (D:\Thinkpalm\Atlas-Payments-UI\node_modules\jest-circus\build\run.js:155:3)
    at _runTestsForDescribeBlock (D:\Thinkpalm\Atlas-Payments-UI\node_modules\jest-circus\build\run.js:66:9)
    at _runTestsForDescribeBlock (D:\Thinkpalm\Atlas-Payments-UI\node_modules\jest-circus\build\run.js:60:9)
    at run (D:\Thinkpalm\Atlas-Payments-UI\node_modules\jest-circus\build\run.js:25:3)
    at runAndTransformResultsToJestFormat (D:\Thinkpalm\Atlas-Payments-UI\node_modules\jest-circus\build\legacy-code-todo-rewrite\jestAdapterInit.js:170:21)
    at jestAdapter (D:\Thinkpalm\Atlas-Payments-UI\node_modules\jest-circus\build\legacy-code-todo-rewrite\jestAdapter.js:82:19)
    at runTestInternal (D:\Thinkpalm\Atlas-Payments-UI\node_modules\jest-runner\build\runTest.js:389:16)
    at runTest (D:\Thinkpalm\Atlas-Payments-UI\node_modules\jest-runner\build\runTest.js:475:34)
    at Object.worker (D:\Thinkpalm\Atlas-Payments-UI\node_modules\jest-runner\build\testWorker.js:133:12)]]></failure>
    </testCase>
    <testCase name="Test case for ProductInvoice Product dropdown open" duration="55">
      <failure message="Error: Request failed with status code 404"><![CDATA[Error: Request failed with status code 404
    at createAxiosError (D:\Thinkpalm\Atlas-Payments-UI\node_modules\axios-mock-adapter\src\utils.js:151:15)
    at Object.settle (D:\Thinkpalm\Atlas-Payments-UI\node_modules\axios-mock-adapter\src\utils.js:142:12)
    at handleRequest (D:\Thinkpalm\Atlas-Payments-UI\node_modules\axios-mock-adapter\src\handle_request.js:127:15)
    at D:\Thinkpalm\Atlas-Payments-UI\node_modules\axios-mock-adapter\src\index.js:26:9
    at new Promise (<anonymous>)
    at MockAdapter.<anonymous> (D:\Thinkpalm\Atlas-Payments-UI\node_modules\axios-mock-adapter\src\index.js:25:14)
    at dispatchRequest (D:\Thinkpalm\Atlas-Payments-UI\node_modules\axios\lib\core\dispatchRequest.js:58:10)
    at Axios.request (D:\Thinkpalm\Atlas-Payments-UI\node_modules\axios\lib\core\Axios.js:108:15)
    at Axios.<computed> [as get] (D:\Thinkpalm\Atlas-Payments-UI\node_modules\axios\lib\core\Axios.js:129:17)
    at Function.get (D:\Thinkpalm\Atlas-Payments-UI\node_modules\axios\lib\helpers\bind.js:9:15)
    at productFun (D:\Thinkpalm\Atlas-Payments-UI\src\layouts\views\NewInvoice\ProductInvoiceCreation.tsx:40:15)
    at D:\Thinkpalm\Atlas-Payments-UI\src\layouts\views\NewInvoice\ProductInvoiceCreation.tsx:34:9
    at invokePassiveEffectCreate (D:\Thinkpalm\Atlas-Payments-UI\node_modules\react-dom\cjs\react-dom.development.js:23487:20)
    at HTMLUnknownElement.callCallback (D:\Thinkpalm\Atlas-Payments-UI\node_modules\react-dom\cjs\react-dom.development.js:3945:14)
    at HTMLUnknownElement.callTheUserObjectsOperation (D:\Thinkpalm\Atlas-Payments-UI\node_modules\jsdom\lib\jsdom\living\generated\EventListener.js:26:30)
    at innerInvokeEventListeners (D:\Thinkpalm\Atlas-Payments-UI\node_modules\jsdom\lib\jsdom\living\events\EventTarget-impl.js:338:25)
    at invokeEventListeners (D:\Thinkpalm\Atlas-Payments-UI\node_modules\jsdom\lib\jsdom\living\events\EventTarget-impl.js:274:3)
    at HTMLUnknownElementImpl._dispatch (D:\Thinkpalm\Atlas-Payments-UI\node_modules\jsdom\lib\jsdom\living\events\EventTarget-impl.js:221:9)
    at HTMLUnknownElementImpl.dispatchEvent (D:\Thinkpalm\Atlas-Payments-UI\node_modules\jsdom\lib\jsdom\living\events\EventTarget-impl.js:94:17)
    at HTMLUnknownElement.dispatchEvent (D:\Thinkpalm\Atlas-Payments-UI\node_modules\jsdom\lib\jsdom\living\generated\EventTarget.js:231:34)
    at Object.invokeGuardedCallbackDev (D:\Thinkpalm\Atlas-Payments-UI\node_modules\react-dom\cjs\react-dom.development.js:3994:16)
    at invokeGuardedCallback (D:\Thinkpalm\Atlas-Payments-UI\node_modules\react-dom\cjs\react-dom.development.js:4056:31)
    at flushPassiveEffectsImpl (D:\Thinkpalm\Atlas-Payments-UI\node_modules\react-dom\cjs\react-dom.development.js:23574:9)
    at unstable_runWithPriority (D:\Thinkpalm\Atlas-Payments-UI\node_modules\scheduler\cjs\scheduler.development.js:468:12)
    at runWithPriority$1 (D:\Thinkpalm\Atlas-Payments-UI\node_modules\react-dom\cjs\react-dom.development.js:11276:10)
    at flushPassiveEffects (D:\Thinkpalm\Atlas-Payments-UI\node_modules\react-dom\cjs\react-dom.development.js:23447:14)
    at performSyncWorkOnRoot (D:\Thinkpalm\Atlas-Payments-UI\node_modules\react-dom\cjs\react-dom.development.js:22269:3)
    at D:\Thinkpalm\Atlas-Payments-UI\node_modules\react-dom\cjs\react-dom.development.js:11327:26
    at unstable_runWithPriority (D:\Thinkpalm\Atlas-Payments-UI\node_modules\scheduler\cjs\scheduler.development.js:468:12)
    at runWithPriority$1 (D:\Thinkpalm\Atlas-Payments-UI\node_modules\react-dom\cjs\react-dom.development.js:11276:10)
    at flushSyncCallbackQueueImpl (D:\Thinkpalm\Atlas-Payments-UI\node_modules\react-dom\cjs\react-dom.development.js:11322:9)
    at flushSyncCallbackQueue (D:\Thinkpalm\Atlas-Payments-UI\node_modules\react-dom\cjs\react-dom.development.js:11309:3)
    at batchedUpdates$1 (D:\Thinkpalm\Atlas-Payments-UI\node_modules\react-dom\cjs\react-dom.development.js:22387:7)
    at act (D:\Thinkpalm\Atlas-Payments-UI\node_modules\react-dom\cjs\react-dom-test-utils.development.js:1042:14)
    at render (D:\Thinkpalm\Atlas-Payments-UI\node_modules\@testing-library\react\dist\pure.js:97:26)
    at _callee15$ (D:\Thinkpalm\Atlas-Payments-UI\src\layouts\views\NewInvoice\test\index.test.js:592:5)
    at tryCatch (D:\Thinkpalm\Atlas-Payments-UI\node_modules\regenerator-runtime\runtime.js:63:40)
    at Generator.invoke [as _invoke] (D:\Thinkpalm\Atlas-Payments-UI\node_modules\regenerator-runtime\runtime.js:294:22)
    at Generator.next (D:\Thinkpalm\Atlas-Payments-UI\node_modules\regenerator-runtime\runtime.js:119:21)
    at asyncGeneratorStep (D:\Thinkpalm\Atlas-Payments-UI\node_modules\@babel\runtime\helpers\asyncToGenerator.js:3:24)
    at _next (D:\Thinkpalm\Atlas-Payments-UI\node_modules\@babel\runtime\helpers\asyncToGenerator.js:25:9)
    at D:\Thinkpalm\Atlas-Payments-UI\node_modules\@babel\runtime\helpers\asyncToGenerator.js:32:7
    at new Promise (<anonymous>)
    at Object.<anonymous> (D:\Thinkpalm\Atlas-Payments-UI\node_modules\@babel\runtime\helpers\asyncToGenerator.js:21:12)
    at Promise.then.completed (D:\Thinkpalm\Atlas-Payments-UI\node_modules\jest-circus\build\utils.js:391:28)
    at new Promise (<anonymous>)
    at callAsyncCircusFn (D:\Thinkpalm\Atlas-Payments-UI\node_modules\jest-circus\build\utils.js:316:10)
    at _callCircusTest (D:\Thinkpalm\Atlas-Payments-UI\node_modules\jest-circus\build\run.js:218:40)
    at _runTest (D:\Thinkpalm\Atlas-Payments-UI\node_modules\jest-circus\build\run.js:155:3)
    at _runTestsForDescribeBlock (D:\Thinkpalm\Atlas-Payments-UI\node_modules\jest-circus\build\run.js:66:9)
    at _runTestsForDescribeBlock (D:\Thinkpalm\Atlas-Payments-UI\node_modules\jest-circus\build\run.js:60:9)
    at run (D:\Thinkpalm\Atlas-Payments-UI\node_modules\jest-circus\build\run.js:25:3)
    at runAndTransformResultsToJestFormat (D:\Thinkpalm\Atlas-Payments-UI\node_modules\jest-circus\build\legacy-code-todo-rewrite\jestAdapterInit.js:170:21)
    at jestAdapter (D:\Thinkpalm\Atlas-Payments-UI\node_modules\jest-circus\build\legacy-code-todo-rewrite\jestAdapter.js:82:19)
    at runTestInternal (D:\Thinkpalm\Atlas-Payments-UI\node_modules\jest-runner\build\runTest.js:389:16)
    at runTest (D:\Thinkpalm\Atlas-Payments-UI\node_modules\jest-runner\build\runTest.js:475:34)
    at Object.worker (D:\Thinkpalm\Atlas-Payments-UI\node_modules\jest-runner\build\testWorker.js:133:12)]]></failure>
      <failure message="Error: Request failed with status code 404"><![CDATA[Error: Request failed with status code 404
    at createAxiosError (D:\Thinkpalm\Atlas-Payments-UI\node_modules\axios-mock-adapter\src\utils.js:151:15)
    at Object.settle (D:\Thinkpalm\Atlas-Payments-UI\node_modules\axios-mock-adapter\src\utils.js:142:12)
    at handleRequest (D:\Thinkpalm\Atlas-Payments-UI\node_modules\axios-mock-adapter\src\handle_request.js:127:15)
    at D:\Thinkpalm\Atlas-Payments-UI\node_modules\axios-mock-adapter\src\index.js:26:9
    at new Promise (<anonymous>)
    at MockAdapter.<anonymous> (D:\Thinkpalm\Atlas-Payments-UI\node_modules\axios-mock-adapter\src\index.js:25:14)
    at dispatchRequest (D:\Thinkpalm\Atlas-Payments-UI\node_modules\axios\lib\core\dispatchRequest.js:58:10)
    at Axios.request (D:\Thinkpalm\Atlas-Payments-UI\node_modules\axios\lib\core\Axios.js:108:15)
    at Axios.<computed> [as get] (D:\Thinkpalm\Atlas-Payments-UI\node_modules\axios\lib\core\Axios.js:129:17)
    at Function.get (D:\Thinkpalm\Atlas-Payments-UI\node_modules\axios\lib\helpers\bind.js:9:15)
    at countryFun (D:\Thinkpalm\Atlas-Payments-UI\src\layouts\views\NewInvoice\ProductInvoiceCreation.tsx:52:15)
    at D:\Thinkpalm\Atlas-Payments-UI\src\layouts\views\NewInvoice\ProductInvoiceCreation.tsx:35:9
    at invokePassiveEffectCreate (D:\Thinkpalm\Atlas-Payments-UI\node_modules\react-dom\cjs\react-dom.development.js:23487:20)
    at HTMLUnknownElement.callCallback (D:\Thinkpalm\Atlas-Payments-UI\node_modules\react-dom\cjs\react-dom.development.js:3945:14)
    at HTMLUnknownElement.callTheUserObjectsOperation (D:\Thinkpalm\Atlas-Payments-UI\node_modules\jsdom\lib\jsdom\living\generated\EventListener.js:26:30)
    at innerInvokeEventListeners (D:\Thinkpalm\Atlas-Payments-UI\node_modules\jsdom\lib\jsdom\living\events\EventTarget-impl.js:338:25)
    at invokeEventListeners (D:\Thinkpalm\Atlas-Payments-UI\node_modules\jsdom\lib\jsdom\living\events\EventTarget-impl.js:274:3)
    at HTMLUnknownElementImpl._dispatch (D:\Thinkpalm\Atlas-Payments-UI\node_modules\jsdom\lib\jsdom\living\events\EventTarget-impl.js:221:9)
    at HTMLUnknownElementImpl.dispatchEvent (D:\Thinkpalm\Atlas-Payments-UI\node_modules\jsdom\lib\jsdom\living\events\EventTarget-impl.js:94:17)
    at HTMLUnknownElement.dispatchEvent (D:\Thinkpalm\Atlas-Payments-UI\node_modules\jsdom\lib\jsdom\living\generated\EventTarget.js:231:34)
    at Object.invokeGuardedCallbackDev (D:\Thinkpalm\Atlas-Payments-UI\node_modules\react-dom\cjs\react-dom.development.js:3994:16)
    at invokeGuardedCallback (D:\Thinkpalm\Atlas-Payments-UI\node_modules\react-dom\cjs\react-dom.development.js:4056:31)
    at flushPassiveEffectsImpl (D:\Thinkpalm\Atlas-Payments-UI\node_modules\react-dom\cjs\react-dom.development.js:23574:9)
    at unstable_runWithPriority (D:\Thinkpalm\Atlas-Payments-UI\node_modules\scheduler\cjs\scheduler.development.js:468:12)
    at runWithPriority$1 (D:\Thinkpalm\Atlas-Payments-UI\node_modules\react-dom\cjs\react-dom.development.js:11276:10)
    at flushPassiveEffects (D:\Thinkpalm\Atlas-Payments-UI\node_modules\react-dom\cjs\react-dom.development.js:23447:14)
    at performSyncWorkOnRoot (D:\Thinkpalm\Atlas-Payments-UI\node_modules\react-dom\cjs\react-dom.development.js:22269:3)
    at D:\Thinkpalm\Atlas-Payments-UI\node_modules\react-dom\cjs\react-dom.development.js:11327:26
    at unstable_runWithPriority (D:\Thinkpalm\Atlas-Payments-UI\node_modules\scheduler\cjs\scheduler.development.js:468:12)
    at runWithPriority$1 (D:\Thinkpalm\Atlas-Payments-UI\node_modules\react-dom\cjs\react-dom.development.js:11276:10)
    at flushSyncCallbackQueueImpl (D:\Thinkpalm\Atlas-Payments-UI\node_modules\react-dom\cjs\react-dom.development.js:11322:9)
    at flushSyncCallbackQueue (D:\Thinkpalm\Atlas-Payments-UI\node_modules\react-dom\cjs\react-dom.development.js:11309:3)
    at batchedUpdates$1 (D:\Thinkpalm\Atlas-Payments-UI\node_modules\react-dom\cjs\react-dom.development.js:22387:7)
    at act (D:\Thinkpalm\Atlas-Payments-UI\node_modules\react-dom\cjs\react-dom-test-utils.development.js:1042:14)
    at render (D:\Thinkpalm\Atlas-Payments-UI\node_modules\@testing-library\react\dist\pure.js:97:26)
    at _callee15$ (D:\Thinkpalm\Atlas-Payments-UI\src\layouts\views\NewInvoice\test\index.test.js:592:5)
    at tryCatch (D:\Thinkpalm\Atlas-Payments-UI\node_modules\regenerator-runtime\runtime.js:63:40)
    at Generator.invoke [as _invoke] (D:\Thinkpalm\Atlas-Payments-UI\node_modules\regenerator-runtime\runtime.js:294:22)
    at Generator.next (D:\Thinkpalm\Atlas-Payments-UI\node_modules\regenerator-runtime\runtime.js:119:21)
    at asyncGeneratorStep (D:\Thinkpalm\Atlas-Payments-UI\node_modules\@babel\runtime\helpers\asyncToGenerator.js:3:24)
    at _next (D:\Thinkpalm\Atlas-Payments-UI\node_modules\@babel\runtime\helpers\asyncToGenerator.js:25:9)
    at D:\Thinkpalm\Atlas-Payments-UI\node_modules\@babel\runtime\helpers\asyncToGenerator.js:32:7
    at new Promise (<anonymous>)
    at Object.<anonymous> (D:\Thinkpalm\Atlas-Payments-UI\node_modules\@babel\runtime\helpers\asyncToGenerator.js:21:12)
    at Promise.then.completed (D:\Thinkpalm\Atlas-Payments-UI\node_modules\jest-circus\build\utils.js:391:28)
    at new Promise (<anonymous>)
    at callAsyncCircusFn (D:\Thinkpalm\Atlas-Payments-UI\node_modules\jest-circus\build\utils.js:316:10)
    at _callCircusTest (D:\Thinkpalm\Atlas-Payments-UI\node_modules\jest-circus\build\run.js:218:40)
    at _runTest (D:\Thinkpalm\Atlas-Payments-UI\node_modules\jest-circus\build\run.js:155:3)
    at _runTestsForDescribeBlock (D:\Thinkpalm\Atlas-Payments-UI\node_modules\jest-circus\build\run.js:66:9)
    at _runTestsForDescribeBlock (D:\Thinkpalm\Atlas-Payments-UI\node_modules\jest-circus\build\run.js:60:9)
    at run (D:\Thinkpalm\Atlas-Payments-UI\node_modules\jest-circus\build\run.js:25:3)
    at runAndTransformResultsToJestFormat (D:\Thinkpalm\Atlas-Payments-UI\node_modules\jest-circus\build\legacy-code-todo-rewrite\jestAdapterInit.js:170:21)
    at jestAdapter (D:\Thinkpalm\Atlas-Payments-UI\node_modules\jest-circus\build\legacy-code-todo-rewrite\jestAdapter.js:82:19)
    at runTestInternal (D:\Thinkpalm\Atlas-Payments-UI\node_modules\jest-runner\build\runTest.js:389:16)
    at runTest (D:\Thinkpalm\Atlas-Payments-UI\node_modules\jest-runner\build\runTest.js:475:34)
    at Object.worker (D:\Thinkpalm\Atlas-Payments-UI\node_modules\jest-runner\build\testWorker.js:133:12)]]></failure>
    </testCase>
    <testCase name="Test case for ProductInvoice Country input name set" duration="37">
      <failure message="Error: Request failed with status code 404"><![CDATA[Error: Request failed with status code 404
    at createAxiosError (D:\Thinkpalm\Atlas-Payments-UI\node_modules\axios-mock-adapter\src\utils.js:151:15)
    at Object.settle (D:\Thinkpalm\Atlas-Payments-UI\node_modules\axios-mock-adapter\src\utils.js:142:12)
    at handleRequest (D:\Thinkpalm\Atlas-Payments-UI\node_modules\axios-mock-adapter\src\handle_request.js:127:15)
    at D:\Thinkpalm\Atlas-Payments-UI\node_modules\axios-mock-adapter\src\index.js:26:9
    at new Promise (<anonymous>)
    at MockAdapter.<anonymous> (D:\Thinkpalm\Atlas-Payments-UI\node_modules\axios-mock-adapter\src\index.js:25:14)
    at dispatchRequest (D:\Thinkpalm\Atlas-Payments-UI\node_modules\axios\lib\core\dispatchRequest.js:58:10)
    at Axios.request (D:\Thinkpalm\Atlas-Payments-UI\node_modules\axios\lib\core\Axios.js:108:15)
    at Axios.<computed> [as get] (D:\Thinkpalm\Atlas-Payments-UI\node_modules\axios\lib\core\Axios.js:129:17)
    at Function.get (D:\Thinkpalm\Atlas-Payments-UI\node_modules\axios\lib\helpers\bind.js:9:15)
    at productFun (D:\Thinkpalm\Atlas-Payments-UI\src\layouts\views\NewInvoice\ProductInvoiceCreation.tsx:40:15)
    at D:\Thinkpalm\Atlas-Payments-UI\src\layouts\views\NewInvoice\ProductInvoiceCreation.tsx:34:9
    at invokePassiveEffectCreate (D:\Thinkpalm\Atlas-Payments-UI\node_modules\react-dom\cjs\react-dom.development.js:23487:20)
    at HTMLUnknownElement.callCallback (D:\Thinkpalm\Atlas-Payments-UI\node_modules\react-dom\cjs\react-dom.development.js:3945:14)
    at HTMLUnknownElement.callTheUserObjectsOperation (D:\Thinkpalm\Atlas-Payments-UI\node_modules\jsdom\lib\jsdom\living\generated\EventListener.js:26:30)
    at innerInvokeEventListeners (D:\Thinkpalm\Atlas-Payments-UI\node_modules\jsdom\lib\jsdom\living\events\EventTarget-impl.js:338:25)
    at invokeEventListeners (D:\Thinkpalm\Atlas-Payments-UI\node_modules\jsdom\lib\jsdom\living\events\EventTarget-impl.js:274:3)
    at HTMLUnknownElementImpl._dispatch (D:\Thinkpalm\Atlas-Payments-UI\node_modules\jsdom\lib\jsdom\living\events\EventTarget-impl.js:221:9)
    at HTMLUnknownElementImpl.dispatchEvent (D:\Thinkpalm\Atlas-Payments-UI\node_modules\jsdom\lib\jsdom\living\events\EventTarget-impl.js:94:17)
    at HTMLUnknownElement.dispatchEvent (D:\Thinkpalm\Atlas-Payments-UI\node_modules\jsdom\lib\jsdom\living\generated\EventTarget.js:231:34)
    at Object.invokeGuardedCallbackDev (D:\Thinkpalm\Atlas-Payments-UI\node_modules\react-dom\cjs\react-dom.development.js:3994:16)
    at invokeGuardedCallback (D:\Thinkpalm\Atlas-Payments-UI\node_modules\react-dom\cjs\react-dom.development.js:4056:31)
    at flushPassiveEffectsImpl (D:\Thinkpalm\Atlas-Payments-UI\node_modules\react-dom\cjs\react-dom.development.js:23574:9)
    at unstable_runWithPriority (D:\Thinkpalm\Atlas-Payments-UI\node_modules\scheduler\cjs\scheduler.development.js:468:12)
    at runWithPriority$1 (D:\Thinkpalm\Atlas-Payments-UI\node_modules\react-dom\cjs\react-dom.development.js:11276:10)
    at flushPassiveEffects (D:\Thinkpalm\Atlas-Payments-UI\node_modules\react-dom\cjs\react-dom.development.js:23447:14)
    at performSyncWorkOnRoot (D:\Thinkpalm\Atlas-Payments-UI\node_modules\react-dom\cjs\react-dom.development.js:22269:3)
    at D:\Thinkpalm\Atlas-Payments-UI\node_modules\react-dom\cjs\react-dom.development.js:11327:26
    at unstable_runWithPriority (D:\Thinkpalm\Atlas-Payments-UI\node_modules\scheduler\cjs\scheduler.development.js:468:12)
    at runWithPriority$1 (D:\Thinkpalm\Atlas-Payments-UI\node_modules\react-dom\cjs\react-dom.development.js:11276:10)
    at flushSyncCallbackQueueImpl (D:\Thinkpalm\Atlas-Payments-UI\node_modules\react-dom\cjs\react-dom.development.js:11322:9)
    at flushSyncCallbackQueue (D:\Thinkpalm\Atlas-Payments-UI\node_modules\react-dom\cjs\react-dom.development.js:11309:3)
    at batchedUpdates$1 (D:\Thinkpalm\Atlas-Payments-UI\node_modules\react-dom\cjs\react-dom.development.js:22387:7)
    at act (D:\Thinkpalm\Atlas-Payments-UI\node_modules\react-dom\cjs\react-dom-test-utils.development.js:1042:14)
    at render (D:\Thinkpalm\Atlas-Payments-UI\node_modules\@testing-library\react\dist\pure.js:97:26)
    at _callee16$ (D:\Thinkpalm\Atlas-Payments-UI\src\layouts\views\NewInvoice\test\index.test.js:603:5)
    at tryCatch (D:\Thinkpalm\Atlas-Payments-UI\node_modules\regenerator-runtime\runtime.js:63:40)
    at Generator.invoke [as _invoke] (D:\Thinkpalm\Atlas-Payments-UI\node_modules\regenerator-runtime\runtime.js:294:22)
    at Generator.next (D:\Thinkpalm\Atlas-Payments-UI\node_modules\regenerator-runtime\runtime.js:119:21)
    at asyncGeneratorStep (D:\Thinkpalm\Atlas-Payments-UI\node_modules\@babel\runtime\helpers\asyncToGenerator.js:3:24)
    at _next (D:\Thinkpalm\Atlas-Payments-UI\node_modules\@babel\runtime\helpers\asyncToGenerator.js:25:9)
    at D:\Thinkpalm\Atlas-Payments-UI\node_modules\@babel\runtime\helpers\asyncToGenerator.js:32:7
    at new Promise (<anonymous>)
    at Object.<anonymous> (D:\Thinkpalm\Atlas-Payments-UI\node_modules\@babel\runtime\helpers\asyncToGenerator.js:21:12)
    at Promise.then.completed (D:\Thinkpalm\Atlas-Payments-UI\node_modules\jest-circus\build\utils.js:391:28)
    at new Promise (<anonymous>)
    at callAsyncCircusFn (D:\Thinkpalm\Atlas-Payments-UI\node_modules\jest-circus\build\utils.js:316:10)
    at _callCircusTest (D:\Thinkpalm\Atlas-Payments-UI\node_modules\jest-circus\build\run.js:218:40)
    at _runTest (D:\Thinkpalm\Atlas-Payments-UI\node_modules\jest-circus\build\run.js:155:3)
    at _runTestsForDescribeBlock (D:\Thinkpalm\Atlas-Payments-UI\node_modules\jest-circus\build\run.js:66:9)
    at _runTestsForDescribeBlock (D:\Thinkpalm\Atlas-Payments-UI\node_modules\jest-circus\build\run.js:60:9)
    at run (D:\Thinkpalm\Atlas-Payments-UI\node_modules\jest-circus\build\run.js:25:3)
    at runAndTransformResultsToJestFormat (D:\Thinkpalm\Atlas-Payments-UI\node_modules\jest-circus\build\legacy-code-todo-rewrite\jestAdapterInit.js:170:21)
    at jestAdapter (D:\Thinkpalm\Atlas-Payments-UI\node_modules\jest-circus\build\legacy-code-todo-rewrite\jestAdapter.js:82:19)
    at runTestInternal (D:\Thinkpalm\Atlas-Payments-UI\node_modules\jest-runner\build\runTest.js:389:16)
    at runTest (D:\Thinkpalm\Atlas-Payments-UI\node_modules\jest-runner\build\runTest.js:475:34)
    at Object.worker (D:\Thinkpalm\Atlas-Payments-UI\node_modules\jest-runner\build\testWorker.js:133:12)]]></failure>
      <failure message="Error: Request failed with status code 404"><![CDATA[Error: Request failed with status code 404
    at createAxiosError (D:\Thinkpalm\Atlas-Payments-UI\node_modules\axios-mock-adapter\src\utils.js:151:15)
    at Object.settle (D:\Thinkpalm\Atlas-Payments-UI\node_modules\axios-mock-adapter\src\utils.js:142:12)
    at handleRequest (D:\Thinkpalm\Atlas-Payments-UI\node_modules\axios-mock-adapter\src\handle_request.js:127:15)
    at D:\Thinkpalm\Atlas-Payments-UI\node_modules\axios-mock-adapter\src\index.js:26:9
    at new Promise (<anonymous>)
    at MockAdapter.<anonymous> (D:\Thinkpalm\Atlas-Payments-UI\node_modules\axios-mock-adapter\src\index.js:25:14)
    at dispatchRequest (D:\Thinkpalm\Atlas-Payments-UI\node_modules\axios\lib\core\dispatchRequest.js:58:10)
    at Axios.request (D:\Thinkpalm\Atlas-Payments-UI\node_modules\axios\lib\core\Axios.js:108:15)
    at Axios.<computed> [as get] (D:\Thinkpalm\Atlas-Payments-UI\node_modules\axios\lib\core\Axios.js:129:17)
    at Function.get (D:\Thinkpalm\Atlas-Payments-UI\node_modules\axios\lib\helpers\bind.js:9:15)
    at countryFun (D:\Thinkpalm\Atlas-Payments-UI\src\layouts\views\NewInvoice\ProductInvoiceCreation.tsx:52:15)
    at D:\Thinkpalm\Atlas-Payments-UI\src\layouts\views\NewInvoice\ProductInvoiceCreation.tsx:35:9
    at invokePassiveEffectCreate (D:\Thinkpalm\Atlas-Payments-UI\node_modules\react-dom\cjs\react-dom.development.js:23487:20)
    at HTMLUnknownElement.callCallback (D:\Thinkpalm\Atlas-Payments-UI\node_modules\react-dom\cjs\react-dom.development.js:3945:14)
    at HTMLUnknownElement.callTheUserObjectsOperation (D:\Thinkpalm\Atlas-Payments-UI\node_modules\jsdom\lib\jsdom\living\generated\EventListener.js:26:30)
    at innerInvokeEventListeners (D:\Thinkpalm\Atlas-Payments-UI\node_modules\jsdom\lib\jsdom\living\events\EventTarget-impl.js:338:25)
    at invokeEventListeners (D:\Thinkpalm\Atlas-Payments-UI\node_modules\jsdom\lib\jsdom\living\events\EventTarget-impl.js:274:3)
    at HTMLUnknownElementImpl._dispatch (D:\Thinkpalm\Atlas-Payments-UI\node_modules\jsdom\lib\jsdom\living\events\EventTarget-impl.js:221:9)
    at HTMLUnknownElementImpl.dispatchEvent (D:\Thinkpalm\Atlas-Payments-UI\node_modules\jsdom\lib\jsdom\living\events\EventTarget-impl.js:94:17)
    at HTMLUnknownElement.dispatchEvent (D:\Thinkpalm\Atlas-Payments-UI\node_modules\jsdom\lib\jsdom\living\generated\EventTarget.js:231:34)
    at Object.invokeGuardedCallbackDev (D:\Thinkpalm\Atlas-Payments-UI\node_modules\react-dom\cjs\react-dom.development.js:3994:16)
    at invokeGuardedCallback (D:\Thinkpalm\Atlas-Payments-UI\node_modules\react-dom\cjs\react-dom.development.js:4056:31)
    at flushPassiveEffectsImpl (D:\Thinkpalm\Atlas-Payments-UI\node_modules\react-dom\cjs\react-dom.development.js:23574:9)
    at unstable_runWithPriority (D:\Thinkpalm\Atlas-Payments-UI\node_modules\scheduler\cjs\scheduler.development.js:468:12)
    at runWithPriority$1 (D:\Thinkpalm\Atlas-Payments-UI\node_modules\react-dom\cjs\react-dom.development.js:11276:10)
    at flushPassiveEffects (D:\Thinkpalm\Atlas-Payments-UI\node_modules\react-dom\cjs\react-dom.development.js:23447:14)
    at performSyncWorkOnRoot (D:\Thinkpalm\Atlas-Payments-UI\node_modules\react-dom\cjs\react-dom.development.js:22269:3)
    at D:\Thinkpalm\Atlas-Payments-UI\node_modules\react-dom\cjs\react-dom.development.js:11327:26
    at unstable_runWithPriority (D:\Thinkpalm\Atlas-Payments-UI\node_modules\scheduler\cjs\scheduler.development.js:468:12)
    at runWithPriority$1 (D:\Thinkpalm\Atlas-Payments-UI\node_modules\react-dom\cjs\react-dom.development.js:11276:10)
    at flushSyncCallbackQueueImpl (D:\Thinkpalm\Atlas-Payments-UI\node_modules\react-dom\cjs\react-dom.development.js:11322:9)
    at flushSyncCallbackQueue (D:\Thinkpalm\Atlas-Payments-UI\node_modules\react-dom\cjs\react-dom.development.js:11309:3)
    at batchedUpdates$1 (D:\Thinkpalm\Atlas-Payments-UI\node_modules\react-dom\cjs\react-dom.development.js:22387:7)
    at act (D:\Thinkpalm\Atlas-Payments-UI\node_modules\react-dom\cjs\react-dom-test-utils.development.js:1042:14)
    at render (D:\Thinkpalm\Atlas-Payments-UI\node_modules\@testing-library\react\dist\pure.js:97:26)
    at _callee16$ (D:\Thinkpalm\Atlas-Payments-UI\src\layouts\views\NewInvoice\test\index.test.js:603:5)
    at tryCatch (D:\Thinkpalm\Atlas-Payments-UI\node_modules\regenerator-runtime\runtime.js:63:40)
    at Generator.invoke [as _invoke] (D:\Thinkpalm\Atlas-Payments-UI\node_modules\regenerator-runtime\runtime.js:294:22)
    at Generator.next (D:\Thinkpalm\Atlas-Payments-UI\node_modules\regenerator-runtime\runtime.js:119:21)
    at asyncGeneratorStep (D:\Thinkpalm\Atlas-Payments-UI\node_modules\@babel\runtime\helpers\asyncToGenerator.js:3:24)
    at _next (D:\Thinkpalm\Atlas-Payments-UI\node_modules\@babel\runtime\helpers\asyncToGenerator.js:25:9)
    at D:\Thinkpalm\Atlas-Payments-UI\node_modules\@babel\runtime\helpers\asyncToGenerator.js:32:7
    at new Promise (<anonymous>)
    at Object.<anonymous> (D:\Thinkpalm\Atlas-Payments-UI\node_modules\@babel\runtime\helpers\asyncToGenerator.js:21:12)
    at Promise.then.completed (D:\Thinkpalm\Atlas-Payments-UI\node_modules\jest-circus\build\utils.js:391:28)
    at new Promise (<anonymous>)
    at callAsyncCircusFn (D:\Thinkpalm\Atlas-Payments-UI\node_modules\jest-circus\build\utils.js:316:10)
    at _callCircusTest (D:\Thinkpalm\Atlas-Payments-UI\node_modules\jest-circus\build\run.js:218:40)
    at _runTest (D:\Thinkpalm\Atlas-Payments-UI\node_modules\jest-circus\build\run.js:155:3)
    at _runTestsForDescribeBlock (D:\Thinkpalm\Atlas-Payments-UI\node_modules\jest-circus\build\run.js:66:9)
    at _runTestsForDescribeBlock (D:\Thinkpalm\Atlas-Payments-UI\node_modules\jest-circus\build\run.js:60:9)
    at run (D:\Thinkpalm\Atlas-Payments-UI\node_modules\jest-circus\build\run.js:25:3)
    at runAndTransformResultsToJestFormat (D:\Thinkpalm\Atlas-Payments-UI\node_modules\jest-circus\build\legacy-code-todo-rewrite\jestAdapterInit.js:170:21)
    at jestAdapter (D:\Thinkpalm\Atlas-Payments-UI\node_modules\jest-circus\build\legacy-code-todo-rewrite\jestAdapter.js:82:19)
    at runTestInternal (D:\Thinkpalm\Atlas-Payments-UI\node_modules\jest-runner\build\runTest.js:389:16)
    at runTest (D:\Thinkpalm\Atlas-Payments-UI\node_modules\jest-runner\build\runTest.js:475:34)
    at Object.worker (D:\Thinkpalm\Atlas-Payments-UI\node_modules\jest-runner\build\testWorker.js:133:12)]]></failure>
    </testCase>
    <testCase name="Test case for ProductInvoice Country dropdown open" duration="39">
      <failure message="Error: Request failed with status code 404"><![CDATA[Error: Request failed with status code 404
    at createAxiosError (D:\Thinkpalm\Atlas-Payments-UI\node_modules\axios-mock-adapter\src\utils.js:151:15)
    at Object.settle (D:\Thinkpalm\Atlas-Payments-UI\node_modules\axios-mock-adapter\src\utils.js:142:12)
    at handleRequest (D:\Thinkpalm\Atlas-Payments-UI\node_modules\axios-mock-adapter\src\handle_request.js:127:15)
    at D:\Thinkpalm\Atlas-Payments-UI\node_modules\axios-mock-adapter\src\index.js:26:9
    at new Promise (<anonymous>)
    at MockAdapter.<anonymous> (D:\Thinkpalm\Atlas-Payments-UI\node_modules\axios-mock-adapter\src\index.js:25:14)
    at dispatchRequest (D:\Thinkpalm\Atlas-Payments-UI\node_modules\axios\lib\core\dispatchRequest.js:58:10)
    at Axios.request (D:\Thinkpalm\Atlas-Payments-UI\node_modules\axios\lib\core\Axios.js:108:15)
    at Axios.<computed> [as get] (D:\Thinkpalm\Atlas-Payments-UI\node_modules\axios\lib\core\Axios.js:129:17)
    at Function.get (D:\Thinkpalm\Atlas-Payments-UI\node_modules\axios\lib\helpers\bind.js:9:15)
    at productFun (D:\Thinkpalm\Atlas-Payments-UI\src\layouts\views\NewInvoice\ProductInvoiceCreation.tsx:40:15)
    at D:\Thinkpalm\Atlas-Payments-UI\src\layouts\views\NewInvoice\ProductInvoiceCreation.tsx:34:9
    at invokePassiveEffectCreate (D:\Thinkpalm\Atlas-Payments-UI\node_modules\react-dom\cjs\react-dom.development.js:23487:20)
    at HTMLUnknownElement.callCallback (D:\Thinkpalm\Atlas-Payments-UI\node_modules\react-dom\cjs\react-dom.development.js:3945:14)
    at HTMLUnknownElement.callTheUserObjectsOperation (D:\Thinkpalm\Atlas-Payments-UI\node_modules\jsdom\lib\jsdom\living\generated\EventListener.js:26:30)
    at innerInvokeEventListeners (D:\Thinkpalm\Atlas-Payments-UI\node_modules\jsdom\lib\jsdom\living\events\EventTarget-impl.js:338:25)
    at invokeEventListeners (D:\Thinkpalm\Atlas-Payments-UI\node_modules\jsdom\lib\jsdom\living\events\EventTarget-impl.js:274:3)
    at HTMLUnknownElementImpl._dispatch (D:\Thinkpalm\Atlas-Payments-UI\node_modules\jsdom\lib\jsdom\living\events\EventTarget-impl.js:221:9)
    at HTMLUnknownElementImpl.dispatchEvent (D:\Thinkpalm\Atlas-Payments-UI\node_modules\jsdom\lib\jsdom\living\events\EventTarget-impl.js:94:17)
    at HTMLUnknownElement.dispatchEvent (D:\Thinkpalm\Atlas-Payments-UI\node_modules\jsdom\lib\jsdom\living\generated\EventTarget.js:231:34)
    at Object.invokeGuardedCallbackDev (D:\Thinkpalm\Atlas-Payments-UI\node_modules\react-dom\cjs\react-dom.development.js:3994:16)
    at invokeGuardedCallback (D:\Thinkpalm\Atlas-Payments-UI\node_modules\react-dom\cjs\react-dom.development.js:4056:31)
    at flushPassiveEffectsImpl (D:\Thinkpalm\Atlas-Payments-UI\node_modules\react-dom\cjs\react-dom.development.js:23574:9)
    at unstable_runWithPriority (D:\Thinkpalm\Atlas-Payments-UI\node_modules\scheduler\cjs\scheduler.development.js:468:12)
    at runWithPriority$1 (D:\Thinkpalm\Atlas-Payments-UI\node_modules\react-dom\cjs\react-dom.development.js:11276:10)
    at flushPassiveEffects (D:\Thinkpalm\Atlas-Payments-UI\node_modules\react-dom\cjs\react-dom.development.js:23447:14)
    at performSyncWorkOnRoot (D:\Thinkpalm\Atlas-Payments-UI\node_modules\react-dom\cjs\react-dom.development.js:22269:3)
    at D:\Thinkpalm\Atlas-Payments-UI\node_modules\react-dom\cjs\react-dom.development.js:11327:26
    at unstable_runWithPriority (D:\Thinkpalm\Atlas-Payments-UI\node_modules\scheduler\cjs\scheduler.development.js:468:12)
    at runWithPriority$1 (D:\Thinkpalm\Atlas-Payments-UI\node_modules\react-dom\cjs\react-dom.development.js:11276:10)
    at flushSyncCallbackQueueImpl (D:\Thinkpalm\Atlas-Payments-UI\node_modules\react-dom\cjs\react-dom.development.js:11322:9)
    at flushSyncCallbackQueue (D:\Thinkpalm\Atlas-Payments-UI\node_modules\react-dom\cjs\react-dom.development.js:11309:3)
    at batchedUpdates$1 (D:\Thinkpalm\Atlas-Payments-UI\node_modules\react-dom\cjs\react-dom.development.js:22387:7)
    at act (D:\Thinkpalm\Atlas-Payments-UI\node_modules\react-dom\cjs\react-dom-test-utils.development.js:1042:14)
    at render (D:\Thinkpalm\Atlas-Payments-UI\node_modules\@testing-library\react\dist\pure.js:97:26)
    at _callee17$ (D:\Thinkpalm\Atlas-Payments-UI\src\layouts\views\NewInvoice\test\index.test.js:614:5)
    at tryCatch (D:\Thinkpalm\Atlas-Payments-UI\node_modules\regenerator-runtime\runtime.js:63:40)
    at Generator.invoke [as _invoke] (D:\Thinkpalm\Atlas-Payments-UI\node_modules\regenerator-runtime\runtime.js:294:22)
    at Generator.next (D:\Thinkpalm\Atlas-Payments-UI\node_modules\regenerator-runtime\runtime.js:119:21)
    at asyncGeneratorStep (D:\Thinkpalm\Atlas-Payments-UI\node_modules\@babel\runtime\helpers\asyncToGenerator.js:3:24)
    at _next (D:\Thinkpalm\Atlas-Payments-UI\node_modules\@babel\runtime\helpers\asyncToGenerator.js:25:9)
    at D:\Thinkpalm\Atlas-Payments-UI\node_modules\@babel\runtime\helpers\asyncToGenerator.js:32:7
    at new Promise (<anonymous>)
    at Object.<anonymous> (D:\Thinkpalm\Atlas-Payments-UI\node_modules\@babel\runtime\helpers\asyncToGenerator.js:21:12)
    at Promise.then.completed (D:\Thinkpalm\Atlas-Payments-UI\node_modules\jest-circus\build\utils.js:391:28)
    at new Promise (<anonymous>)
    at callAsyncCircusFn (D:\Thinkpalm\Atlas-Payments-UI\node_modules\jest-circus\build\utils.js:316:10)
    at _callCircusTest (D:\Thinkpalm\Atlas-Payments-UI\node_modules\jest-circus\build\run.js:218:40)
    at _runTest (D:\Thinkpalm\Atlas-Payments-UI\node_modules\jest-circus\build\run.js:155:3)
    at _runTestsForDescribeBlock (D:\Thinkpalm\Atlas-Payments-UI\node_modules\jest-circus\build\run.js:66:9)
    at _runTestsForDescribeBlock (D:\Thinkpalm\Atlas-Payments-UI\node_modules\jest-circus\build\run.js:60:9)
    at run (D:\Thinkpalm\Atlas-Payments-UI\node_modules\jest-circus\build\run.js:25:3)
    at runAndTransformResultsToJestFormat (D:\Thinkpalm\Atlas-Payments-UI\node_modules\jest-circus\build\legacy-code-todo-rewrite\jestAdapterInit.js:170:21)
    at jestAdapter (D:\Thinkpalm\Atlas-Payments-UI\node_modules\jest-circus\build\legacy-code-todo-rewrite\jestAdapter.js:82:19)
    at runTestInternal (D:\Thinkpalm\Atlas-Payments-UI\node_modules\jest-runner\build\runTest.js:389:16)
    at runTest (D:\Thinkpalm\Atlas-Payments-UI\node_modules\jest-runner\build\runTest.js:475:34)
    at Object.worker (D:\Thinkpalm\Atlas-Payments-UI\node_modules\jest-runner\build\testWorker.js:133:12)]]></failure>
      <failure message="Error: Request failed with status code 404"><![CDATA[Error: Request failed with status code 404
    at createAxiosError (D:\Thinkpalm\Atlas-Payments-UI\node_modules\axios-mock-adapter\src\utils.js:151:15)
    at Object.settle (D:\Thinkpalm\Atlas-Payments-UI\node_modules\axios-mock-adapter\src\utils.js:142:12)
    at handleRequest (D:\Thinkpalm\Atlas-Payments-UI\node_modules\axios-mock-adapter\src\handle_request.js:127:15)
    at D:\Thinkpalm\Atlas-Payments-UI\node_modules\axios-mock-adapter\src\index.js:26:9
    at new Promise (<anonymous>)
    at MockAdapter.<anonymous> (D:\Thinkpalm\Atlas-Payments-UI\node_modules\axios-mock-adapter\src\index.js:25:14)
    at dispatchRequest (D:\Thinkpalm\Atlas-Payments-UI\node_modules\axios\lib\core\dispatchRequest.js:58:10)
    at Axios.request (D:\Thinkpalm\Atlas-Payments-UI\node_modules\axios\lib\core\Axios.js:108:15)
    at Axios.<computed> [as get] (D:\Thinkpalm\Atlas-Payments-UI\node_modules\axios\lib\core\Axios.js:129:17)
    at Function.get (D:\Thinkpalm\Atlas-Payments-UI\node_modules\axios\lib\helpers\bind.js:9:15)
    at countryFun (D:\Thinkpalm\Atlas-Payments-UI\src\layouts\views\NewInvoice\ProductInvoiceCreation.tsx:52:15)
    at D:\Thinkpalm\Atlas-Payments-UI\src\layouts\views\NewInvoice\ProductInvoiceCreation.tsx:35:9
    at invokePassiveEffectCreate (D:\Thinkpalm\Atlas-Payments-UI\node_modules\react-dom\cjs\react-dom.development.js:23487:20)
    at HTMLUnknownElement.callCallback (D:\Thinkpalm\Atlas-Payments-UI\node_modules\react-dom\cjs\react-dom.development.js:3945:14)
    at HTMLUnknownElement.callTheUserObjectsOperation (D:\Thinkpalm\Atlas-Payments-UI\node_modules\jsdom\lib\jsdom\living\generated\EventListener.js:26:30)
    at innerInvokeEventListeners (D:\Thinkpalm\Atlas-Payments-UI\node_modules\jsdom\lib\jsdom\living\events\EventTarget-impl.js:338:25)
    at invokeEventListeners (D:\Thinkpalm\Atlas-Payments-UI\node_modules\jsdom\lib\jsdom\living\events\EventTarget-impl.js:274:3)
    at HTMLUnknownElementImpl._dispatch (D:\Thinkpalm\Atlas-Payments-UI\node_modules\jsdom\lib\jsdom\living\events\EventTarget-impl.js:221:9)
    at HTMLUnknownElementImpl.dispatchEvent (D:\Thinkpalm\Atlas-Payments-UI\node_modules\jsdom\lib\jsdom\living\events\EventTarget-impl.js:94:17)
    at HTMLUnknownElement.dispatchEvent (D:\Thinkpalm\Atlas-Payments-UI\node_modules\jsdom\lib\jsdom\living\generated\EventTarget.js:231:34)
    at Object.invokeGuardedCallbackDev (D:\Thinkpalm\Atlas-Payments-UI\node_modules\react-dom\cjs\react-dom.development.js:3994:16)
    at invokeGuardedCallback (D:\Thinkpalm\Atlas-Payments-UI\node_modules\react-dom\cjs\react-dom.development.js:4056:31)
    at flushPassiveEffectsImpl (D:\Thinkpalm\Atlas-Payments-UI\node_modules\react-dom\cjs\react-dom.development.js:23574:9)
    at unstable_runWithPriority (D:\Thinkpalm\Atlas-Payments-UI\node_modules\scheduler\cjs\scheduler.development.js:468:12)
    at runWithPriority$1 (D:\Thinkpalm\Atlas-Payments-UI\node_modules\react-dom\cjs\react-dom.development.js:11276:10)
    at flushPassiveEffects (D:\Thinkpalm\Atlas-Payments-UI\node_modules\react-dom\cjs\react-dom.development.js:23447:14)
    at performSyncWorkOnRoot (D:\Thinkpalm\Atlas-Payments-UI\node_modules\react-dom\cjs\react-dom.development.js:22269:3)
    at D:\Thinkpalm\Atlas-Payments-UI\node_modules\react-dom\cjs\react-dom.development.js:11327:26
    at unstable_runWithPriority (D:\Thinkpalm\Atlas-Payments-UI\node_modules\scheduler\cjs\scheduler.development.js:468:12)
    at runWithPriority$1 (D:\Thinkpalm\Atlas-Payments-UI\node_modules\react-dom\cjs\react-dom.development.js:11276:10)
    at flushSyncCallbackQueueImpl (D:\Thinkpalm\Atlas-Payments-UI\node_modules\react-dom\cjs\react-dom.development.js:11322:9)
    at flushSyncCallbackQueue (D:\Thinkpalm\Atlas-Payments-UI\node_modules\react-dom\cjs\react-dom.development.js:11309:3)
    at batchedUpdates$1 (D:\Thinkpalm\Atlas-Payments-UI\node_modules\react-dom\cjs\react-dom.development.js:22387:7)
    at act (D:\Thinkpalm\Atlas-Payments-UI\node_modules\react-dom\cjs\react-dom-test-utils.development.js:1042:14)
    at render (D:\Thinkpalm\Atlas-Payments-UI\node_modules\@testing-library\react\dist\pure.js:97:26)
    at _callee17$ (D:\Thinkpalm\Atlas-Payments-UI\src\layouts\views\NewInvoice\test\index.test.js:614:5)
    at tryCatch (D:\Thinkpalm\Atlas-Payments-UI\node_modules\regenerator-runtime\runtime.js:63:40)
    at Generator.invoke [as _invoke] (D:\Thinkpalm\Atlas-Payments-UI\node_modules\regenerator-runtime\runtime.js:294:22)
    at Generator.next (D:\Thinkpalm\Atlas-Payments-UI\node_modules\regenerator-runtime\runtime.js:119:21)
    at asyncGeneratorStep (D:\Thinkpalm\Atlas-Payments-UI\node_modules\@babel\runtime\helpers\asyncToGenerator.js:3:24)
    at _next (D:\Thinkpalm\Atlas-Payments-UI\node_modules\@babel\runtime\helpers\asyncToGenerator.js:25:9)
    at D:\Thinkpalm\Atlas-Payments-UI\node_modules\@babel\runtime\helpers\asyncToGenerator.js:32:7
    at new Promise (<anonymous>)
    at Object.<anonymous> (D:\Thinkpalm\Atlas-Payments-UI\node_modules\@babel\runtime\helpers\asyncToGenerator.js:21:12)
    at Promise.then.completed (D:\Thinkpalm\Atlas-Payments-UI\node_modules\jest-circus\build\utils.js:391:28)
    at new Promise (<anonymous>)
    at callAsyncCircusFn (D:\Thinkpalm\Atlas-Payments-UI\node_modules\jest-circus\build\utils.js:316:10)
    at _callCircusTest (D:\Thinkpalm\Atlas-Payments-UI\node_modules\jest-circus\build\run.js:218:40)
    at _runTest (D:\Thinkpalm\Atlas-Payments-UI\node_modules\jest-circus\build\run.js:155:3)
    at _runTestsForDescribeBlock (D:\Thinkpalm\Atlas-Payments-UI\node_modules\jest-circus\build\run.js:66:9)
    at _runTestsForDescribeBlock (D:\Thinkpalm\Atlas-Payments-UI\node_modules\jest-circus\build\run.js:60:9)
    at run (D:\Thinkpalm\Atlas-Payments-UI\node_modules\jest-circus\build\run.js:25:3)
    at runAndTransformResultsToJestFormat (D:\Thinkpalm\Atlas-Payments-UI\node_modules\jest-circus\build\legacy-code-todo-rewrite\jestAdapterInit.js:170:21)
    at jestAdapter (D:\Thinkpalm\Atlas-Payments-UI\node_modules\jest-circus\build\legacy-code-todo-rewrite\jestAdapter.js:82:19)
    at runTestInternal (D:\Thinkpalm\Atlas-Payments-UI\node_modules\jest-runner\build\runTest.js:389:16)
    at runTest (D:\Thinkpalm\Atlas-Payments-UI\node_modules\jest-runner\build\runTest.js:475:34)
    at Object.worker (D:\Thinkpalm\Atlas-Payments-UI\node_modules\jest-runner\build\testWorker.js:133:12)]]></failure>
    </testCase>
  </file>
</testExecutions>