<?xml version="1.0" encoding="UTF-8"?>
<testExecutions version="1">
  <file path="C:\Projects\New folder\Atlas-Payments-UI\src\layouts\views\BillsTable\test\BillsTable.test.js">
    <testCase name="Bills Table Render" duration="602"/>
  </file>
  <file path="C:\Projects\New folder\Atlas-Payments-UI\src\layouts\views\PaymentDetailPage\test\paymentDetailPage.test.js">
    <testCase name="Payment details page payment page breadcrumbs click" duration="876"/>
    <testCase name="Payment details page payment page" duration="798"/>
  </file>
  <file path="C:\Projects\New folder\Atlas-Payments-UI\src\App.test.tsx">
    <testCase name="renders learn react link" duration="394"/>
  </file>
  <file path="C:\Projects\New folder\Atlas-Payments-UI\src\layouts\views\InvoiceListing\test\invoices.test.js">
    <testCase name="client view Datepicker dropdowns clickoutside clickable" duration="1053"/>
    <testCase name="client view Datepicker dropdowns today clickable" duration="453"/>
    <testCase name="client view Datepicker dropdowns Yesterday clickable" duration="417"/>
    <testCase name="client view Datepicker dropdowns This Week clickable" duration="305"/>
    <testCase name="client view Datepicker dropdowns This Month clickable" duration="273"/>
    <testCase name="client view Datepicker dropdowns This Quarter clickable" duration="268"/>
    <testCase name="client view Datepicker dropdowns This Year clickable" duration="242"/>
    <testCase name="client view table row clickable" duration="189"/>
    <testCase name="client view Status clickable" duration="281"/>
    <testCase name="client view Type clickable" duration="268"/>
    <testCase name="client view Clear filters clickable" duration="299"/>
    <testCase name="client view search" duration="234"/>
    <testCase name="checkbox and download checkbox and download are clickable in client view" duration="570"/>
    <testCase name="checkbox and download checkbox and download are clickable in internal view" duration="205"/>
    <testCase name="checkbox and download checkbox and download are clickable in client view and searched view" duration="487"/>
    <testCase name="Internal View Download click and checkbox Click table row clickable" duration="574"/>
    <testCase name="Internal View Download click for single invoice  api fail Click table row clickable" duration="441"/>
  </file>
  <file path="C:\Projects\New folder\Atlas-Payments-UI\src\layouts\views\CreditMemoSummary\Test\creditMemoSummary.test.js">
    <testCase name="Credit Memo Summary Render CM" duration="1515"/>
    <testCase name="Credit Memo Summary Render CM with status = 2" duration="1717"/>
    <testCase name="Credit Memo Summary Render CM =&gt; delete a summary" duration="853"/>
    <testCase name="Credit Memo Summary Render CM =&gt; edit a summary" duration="1106"/>
    <testCase name="Credit Memo Summary Render CM =&gt; edit a summary" duration="1125"/>
    <testCase name="Credit Memo Summary Render CM =&gt; edit a summary" duration="1128"/>
    <testCase name="Credit Memo Summary Product Service" duration="294"/>
    <testCase name="Credit Memo Summary Enter description" duration="643"/>
    <testCase name="Credit Memo Summary Service Country" duration="391"/>
    <testCase name="Credit Memo Summary Render CM =&gt; edit a summary" duration="1322"/>
    <testCase name="Notes fail Render CM" duration="188"/>
  </file>
  <file path="C:\Projects\New folder\Atlas-Payments-UI\src\layouts\views\InvoiceDetails\test\invoiceDetails.test.js">
    <testCase name="Invoice details tabs are working" duration="1818"/>
    <testCase name="Invoice details download clickable " duration="759"/>
    <testCase name="Invoice details approve invoice clickable " duration="315"/>
    <testCase name="Invoice details publish notes" duration="680"/>
    <testCase name="Invoice details download file" duration="910"/>
    <testCase name="Invoice details delete file" duration="320"/>
    <testCase name="Invoice details Navigate with breadcrumbs" duration="280"/>
    <testCase name="Invoice details Decline invoice click on cancel button" duration="265"/>
    <testCase name="Invoice details Decline invoice onchange textarea and click on decline button" duration="361"/>
    <testCase name="Api returns transaction type = 7 Render Invoice Details" duration="319"/>
    <testCase name="Invoice details decline api fail case handling Decline invoice onchange textarea click on decline button failed api" duration="357"/>
    <testCase name="void test cases on Apprroved tabs are working" duration="681"/>
    <testCase name="void test cases on Apprroved Upload Api Failed tabs are working" duration="382"/>
    <testCase name="void test cases on Apprroved Create Api Failed tabs are working" duration="339"/>
    <testCase name="void test cases on Apprroved Void Api Failed tabs are working" duration="313"/>
    <testCase name="void test cases on Apprroved and click on cancel tabs are working" duration="259"/>
    <testCase name="api fail tabs are working" duration="41"/>
    <testCase name="delete test cases on AR Reveiew on true  , and save invoice calander and po tabs are working" duration="347"/>
    <testCase name="delete test cases on AR Reveiew on true  , and save invoice calander and po save invoice calander and po" duration="225"/>
    <testCase name="delete test cases on AR Reveiew click on cancel button tabs are working" duration="236"/>
    <testCase name="delete test cases on AR Reveiew on false tabs are working" duration="258"/>
    <testCase name="delete test cases on AR Reveiew on api fail tabs are working" duration="252"/>
    <testCase name="Invoice details auto approve checkbox click approve invoice clickable " duration="219"/>
    <testCase name="Invoice details auto approve checkbox click api fail approve invoice clickable " duration="215"/>
    <testCase name="Invoice details fee api fail tabs are working" duration="33"/>
    <testCase name="Invoice details invoice detail api fail tabs are working" duration="200"/>
    <testCase name="Invoice details lookup api fail tabs are working" duration="123"/>
    <testCase name="Invoice details countries api fail tabs are working" duration="43"/>
    <testCase name="Invoice details employeeBreakDown api fail download clickable " duration="339"/>
    <testCase name="Invoice details view change log click publish notes" duration="33"/>
  </file>
  <file path="C:\Projects\New folder\Atlas-Payments-UI\src\layouts\views\NewInvoice\test\index.test.js">
    <testCase name="New Invoice breadcumbs are working" duration="653"/>
    <testCase name="New Invoice dropDown Value change stepper 1" duration="645"/>
    <testCase name="step one getCustomerSubscription api fail  dropDown Value change" duration="230"/>
    <testCase name="step one getCOuntry api fail dropDown Value change" duration="293"/>
    <testCase name="Stepper 2 dropDown Value change stepper 1 then stepper 2 click on  back button" duration="615"/>
    <testCase name="Stepper 2 dropDown Value change stepper 1 then stepper 2 complete and next button then row click in select table data stepper 3 then finish " duration="1016"/>
    <testCase name="Stepper 2 show table click dropDown Value change stepper 1 then stepper 2 click on  " duration="410"/>
    <testCase name="Stepper 2 api fail dropDown Value change stepper 1 then stepper 2 complete and next button then row click in select table data   stepper 3 then finish " duration="532"/>
    <testCase name="Stepper 2 getEmployee exceptional error api fail   dropDown Value change stepper 1 then stepper 2 complete and next button then row click in select table data   stepper 3 then finish " duration="384"/>
    <testCase name="Stepper 2 getEmployee No Emplyee Error api fail   dropDown Value change stepper 1 then stepper 2 complete and next button then row click in select table data   stepper 3 then finish " duration="376"/>
    <testCase name="Stepper 3 dropDown Value change stepper 1 then stepper 2 complete and next button" duration="297"/>
    <testCase name="Stepper 3 dropDown Value change stepper 1 then stepper 2 click on  back button" duration="372"/>
    <testCase name="Stepper 3 dropDown Value change stepper 1 then stepper 2 complete and next button then row click in select table data stepper 3 then finish " duration="919"/>
    <testCase name="Stepper 3 invoice detail api fail dropDown Value change stepper 1 then stepper 2 complete and next button" duration="507"/>
    <testCase name="Stepper 3 invoice detail api fail dropDown Value change stepper 1 then stepper 2 click on  back button" duration="357"/>
    <testCase name="Stepper 3 invoice detail api fail dropDown Value change stepper 1 then stepper 2 complete and next button then row click in select table data   stepper 3 then finish " duration="314"/>
    <testCase name="Stepper 3 fee api fail dropDown Value change stepper 1 then stepper 2 click on  back button" duration="320"/>
    <testCase name="Stepper 3 fee api fail dropDown Value change stepper 1 then stepper 2 complete and next button then row click in select table data   stepper 3 then finish " duration="388"/>
    <testCase name="Stepper 3 address api fail dropDown Value change stepper 1 then stepper 2 complete and next button" duration="277"/>
    <testCase name="Stepper 3 address api fail dropDown Value change stepper 1 then stepper 2 click on  back button" duration="307"/>
    <testCase name="Stepper 3 address api fail dropDown Value change stepper 1 then stepper 2 complete and next button then row click in select table data   stepper 3 then finish " duration="576"/>
    <testCase name="Stepper 3 country api fail dropDown Value change stepper 1 then stepper 2 complete and next button" duration="225"/>
    <testCase name="Stepper 3 country api fail dropDown Value change stepper 1 then stepper 2 click on  back button" duration="250"/>
    <testCase name="Stepper 3 country api fail dropDown Value change stepper 1 then stepper 2 complete and next button then row click in select table data   stepper 3 then finish " duration="238"/>
    <testCase name="New Invoice for Proforma  breadcumbs are working" duration="42"/>
    <testCase name="New Invoice for Proforma  dropDown Value change stepper 1" duration="6273"/>
    <testCase name="step one Proforma getCustomer api fail  dropDown Value change" duration="48"/>
    <testCase name="New Invoice for Miscellaneous  breadcumbs are working" duration="36"/>
    <testCase name="New Invoice for Miscellaneous  dropDown Value change stepper 1" duration="9696"/>
    <testCase name="Stepper for Credit Memo  1, 2 and 3  dropDown Value change stepper 1 then stepper 2 complete and next button for credit memo" duration="9222"/>
    <testCase name="Stepper for Credit Memo  1, 2 and 3 api country fail  dropDown Value change stepper 1 then stepper 2 country api fail" duration="9383"/>
    <testCase name="Invoice preview Pop final stepper" duration="9"/>
    <testCase name="Invoice preview Pop Preview Invoice" duration="16"/>
    <testCase name="final stepper final stepper" duration="10"/>
    <testCase name="final stepper with 201 status code final stepper" duration="8"/>
  </file>
</testExecutions>