<?xml version="1.0" encoding="UTF-8"?>
<testExecutions version="1">
  <file path="/home/expandimo/Documents/Atlas-Payments-UI/src/layouts/views/NewInvoice/test/index.test.js">
    <testCase name="New Invoice breadcumbs are working" duration="144"/>
    <testCase name="New Invoice dropDown Value change stepper 1" duration="182"/>
    <testCase name="step one getCustomer api fail  dropDown Value change" duration="29"/>
    <testCase name="step one getCOuntry api fail dropDown Value change" duration="54"/>
    <testCase name="Stepper 2 dropDown Value change stepper 1 then stepper 2 complete and next button" duration="139"/>
    <testCase name="Stepper 2 dropDown Value change stepper 1 then stepper 2 click on  back button" duration="166"/>
    <testCase name="Stepper 2 dropDown Value change stepper 1 then stepper 2 complete and next button then row click in select table data stepper 3 then finish " duration="290"/>
    <testCase name="Stepper 2 show table click dropDown Value change stepper 1 then stepper 2 click on  " duration="117"/>
    <testCase name="Stepper 2 api fail dropDown Value change stepper 1 then stepper 2 complete and next button then row click in select table data   stepper 3 then finish " duration="131"/>
    <testCase name="Stepper 3 dropDown Value change stepper 1 then stepper 2 complete and next button" duration="91"/>
    <testCase name="Stepper 3 dropDown Value change stepper 1 then stepper 2 click on  back button" duration="124"/>
    <testCase name="Stepper 3 dropDown Value change stepper 1 then stepper 2 complete and next button then row click in select table data stepper 3 then finish " duration="166"/>
    <testCase name="Stepper 3 invoice detail api fail dropDown Value change stepper 1 then stepper 2 complete and next button" duration="92"/>
    <testCase name="Stepper 3 invoice detail api fail dropDown Value change stepper 1 then stepper 2 click on  back button" duration="118"/>
    <testCase name="Stepper 3 invoice detail api fail dropDown Value change stepper 1 then stepper 2 complete and next button then row click in select table data   stepper 3 then finish " duration="153"/>
    <testCase name="Stepper 3 fee api fail dropDown Value change stepper 1 then stepper 2 click on  back button" duration="111"/>
    <testCase name="Stepper 3 fee api fail dropDown Value change stepper 1 then stepper 2 complete and next button then row click in select table data   stepper 3 then finish " duration="175"/>
    <testCase name="Stepper 3 address api fail dropDown Value change stepper 1 then stepper 2 complete and next button" duration="87"/>
    <testCase name="Stepper 3 address api fail dropDown Value change stepper 1 then stepper 2 click on  back button" duration="110"/>
    <testCase name="Stepper 3 address api fail dropDown Value change stepper 1 then stepper 2 complete and next button then row click in select table data   stepper 3 then finish " duration="179"/>
    <testCase name="Stepper 3 country api fail dropDown Value change stepper 1 then stepper 2 complete and next button" duration="75"/>
    <testCase name="Stepper 3 country api fail dropDown Value change stepper 1 then stepper 2 click on  back button" duration="102"/>
    <testCase name="Stepper 3 country api fail dropDown Value change stepper 1 then stepper 2 complete and next button then row click in select table data   stepper 3 then finish " duration="134"/>
    <testCase name="New Invoice for Proforma  breadcumbs are working" duration="29"/>
    <testCase name="New Invoice for Proforma  dropDown Value change stepper 1" duration="1772"/>
    <testCase name="New Invoice for Miscellaneous  breadcumbs are working" duration="29"/>
    <testCase name="New Invoice for Miscellaneous  dropDown Value change stepper 1" duration="4093"/>
    <testCase name="Stepper for Credit Memo  1, 2 and 3  dropDown Value change stepper 1 then stepper 2 complete and next button for credit memo" duration="4124"/>
    <testCase name="final stepper final stepper" duration="5"/>
  </file>
</testExecutions>