<?xml version="1.0" encoding="UTF-8"?>
<testExecutions version="1">
  <file path="C:\Projects\New folder\Atlas-Payments-UI\src\layouts\views\BillsTable\test\BillsTable.test.js">
    <testCase name="Bills Table Render" duration="570"/>
  </file>
  <file path="C:\Projects\New folder\Atlas-Payments-UI\src\layouts\views\CreditMemoSummary\Test\creditMemoSummary.test.js">
    <testCase name="Credit Memo Summary Render CM" duration="1029"/>
    <testCase name="Notes fail Render CM" duration="299"/>
  </file>
  <file path="C:\Projects\New folder\Atlas-Payments-UI\src\App.test.tsx">
    <testCase name="renders learn react link" duration="493"/>
  </file>
  <file path="C:\Projects\New folder\Atlas-Payments-UI\src\layouts\views\InvoiceListing\test\invoices.test.js">
    <testCase name="client view Datepicker dropdowns clickoutside clickable" duration="1219"/>
    <testCase name="client view Datepicker dropdowns today clickable" duration="606"/>
    <testCase name="client view Datepicker dropdowns Yesterday clickable" duration="563"/>
    <testCase name="client view Datepicker dropdowns This Week clickable" duration="311"/>
    <testCase name="client view Datepicker dropdowns This Month clickable" duration="328"/>
    <testCase name="client view Datepicker dropdowns This Quarter clickable" duration="308"/>
    <testCase name="client view Datepicker dropdowns This Year clickable" duration="296"/>
    <testCase name="client view table row clickable" duration="282"/>
    <testCase name="client view Status clickable" duration="272"/>
    <testCase name="client view Type clickable" duration="254"/>
    <testCase name="client view Clear filters clickable" duration="382"/>
    <testCase name="client view search" duration="322"/>
    <testCase name="checkbox and download checkbox and download are clickable in client view" duration="487"/>
    <testCase name="checkbox and download checkbox and download are clickable in internal view" duration="154"/>
    <testCase name="checkbox and download checkbox and download are clickable in client view and searched view" duration="495"/>
    <testCase name="Internal View Download click and checkbox Click table row clickable" duration="436"/>
    <testCase name="Internal View Download click for single invoice  api fail Click table row clickable" duration="497"/>
  </file>
  <file path="C:\Projects\New folder\Atlas-Payments-UI\src\layouts\views\InvoiceDetails\test\invoiceDetails.test.js">
    <testCase name="Invoice details tabs are working" duration="2299"/>
    <testCase name="Invoice details download clickable " duration="980"/>
    <testCase name="Invoice details approve invoice clickable " duration="467"/>
    <testCase name="Invoice details publish notes" duration="471"/>
    <testCase name="Invoice details download file" duration="431"/>
    <testCase name="Invoice details delete file" duration="441"/>
    <testCase name="Invoice details Navigate with breadcrumbs" duration="306"/>
    <testCase name="Invoice details Decline invoice click on cancel button" duration="275"/>
    <testCase name="Invoice details Decline invoice onchange textarea and click on decline button" duration="391"/>
    <testCase name="Api returns transaction type = 7 Render Invoice Details" duration="250"/>
    <testCase name="Invoice details decline api fail case handling Decline invoice onchange textarea click on decline button failed api" duration="411"/>
    <testCase name="void test cases on Apprroved tabs are working" duration="463"/>
    <testCase name="void test cases on Apprroved Upload Api Failed tabs are working" duration="704"/>
    <testCase name="void test cases on Apprroved Create Api Failed tabs are working" duration="572"/>
    <testCase name="void test cases on Apprroved Void Api Failed tabs are working" duration="543"/>
    <testCase name="void test cases on Apprroved and click on cancel tabs are working" duration="409"/>
    <testCase name="api fail tabs are working" duration="73"/>
    <testCase name="delete test cases on AR Reveiew on true tabs are working" duration="348"/>
    <testCase name="delete test cases on AR Reveiew click on cancel button tabs are working" duration="386"/>
    <testCase name="delete test cases on AR Reveiew on false tabs are working" duration="194"/>
    <testCase name="delete test cases on AR Reveiew on api fail tabs are working" duration="276"/>
    <testCase name="Invoice details auto approve checkbox click approve invoice clickable " duration="216"/>
    <testCase name="Invoice details auto approve checkbox click api fail approve invoice clickable " duration="192"/>
    <testCase name="Invoice details fee api fail tabs are working" duration="50"/>
    <testCase name="Invoice details invoice detail api fail tabs are working" duration="21"/>
    <testCase name="Invoice details lookup api fail tabs are working" duration="27"/>
    <testCase name="Invoice details countries api fail tabs are working" duration="25"/>
    <testCase name="Invoice details employeeBreakDown api fail download clickable " duration="327"/>
  </file>
  <file path="C:\Projects\New folder\Atlas-Payments-UI\src\layouts\views\NewInvoice\test\index.test.js">
    <testCase name="New Invoice breadcumbs are working" duration="583"/>
    <testCase name="New Invoice dropDown Value change stepper 1" duration="804"/>
    <testCase name="step one getCustomer api fail  dropDown Value change" duration="183"/>
    <testCase name="step one getCOuntry api fail dropDown Value change" duration="213"/>
    <testCase name="Stepper 2 dropDown Value change stepper 1 then stepper 2 complete and next button" duration="651"/>
    <testCase name="Stepper 2 dropDown Value change stepper 1 then stepper 2 click on  back button" duration="594"/>
    <testCase name="Stepper 2 dropDown Value change stepper 1 then stepper 2 complete and next button then row click in select table data stepper 3 then finish " duration="1092"/>
    <testCase name="Stepper 2 show table click dropDown Value change stepper 1 then stepper 2 click on  " duration="353"/>
    <testCase name="Stepper 2 api fail dropDown Value change stepper 1 then stepper 2 complete and next button then row click in select table data   stepper 3 then finish " duration="394"/>
    <testCase name="Stepper 3 dropDown Value change stepper 1 then stepper 2 complete and next button" duration="280"/>
    <testCase name="Stepper 3 dropDown Value change stepper 1 then stepper 2 click on  back button" duration="457"/>
    <testCase name="Stepper 3 dropDown Value change stepper 1 then stepper 2 complete and next button then row click in select table data stepper 3 then finish " duration="752"/>
    <testCase name="Stepper 3 invoice detail api fail dropDown Value change stepper 1 then stepper 2 complete and next button" duration="278"/>
    <testCase name="Stepper 3 invoice detail api fail dropDown Value change stepper 1 then stepper 2 click on  back button" duration="288"/>
    <testCase name="Stepper 3 invoice detail api fail dropDown Value change stepper 1 then stepper 2 complete and next button then row click in select table data   stepper 3 then finish " duration="517"/>
    <testCase name="Stepper 3 fee api fail dropDown Value change stepper 1 then stepper 2 click on  back button" duration="399"/>
    <testCase name="Stepper 3 fee api fail dropDown Value change stepper 1 then stepper 2 complete and next button then row click in select table data   stepper 3 then finish " duration="505"/>
    <testCase name="Stepper 3 address api fail dropDown Value change stepper 1 then stepper 2 complete and next button" duration="228"/>
    <testCase name="Stepper 3 address api fail dropDown Value change stepper 1 then stepper 2 click on  back button" duration="262"/>
    <testCase name="Stepper 3 address api fail dropDown Value change stepper 1 then stepper 2 complete and next button then row click in select table data   stepper 3 then finish " duration="324"/>
    <testCase name="Stepper 3 country api fail dropDown Value change stepper 1 then stepper 2 complete and next button" duration="204"/>
    <testCase name="Stepper 3 country api fail dropDown Value change stepper 1 then stepper 2 click on  back button" duration="246"/>
    <testCase name="Stepper 3 country api fail dropDown Value change stepper 1 then stepper 2 complete and next button then row click in select table data   stepper 3 then finish " duration="273"/>
    <testCase name="New Invoice for Proforma  breadcumbs are working" duration="62"/>
    <testCase name="New Invoice for Proforma  dropDown Value change stepper 1" duration="4396"/>
    <testCase name="New Invoice for Miscellaneous  breadcumbs are working" duration="60"/>
    <testCase name="New Invoice for Miscellaneous  dropDown Value change stepper 1" duration="3872"/>
    <testCase name="Stepper for Credit Memo  1 and 2  dropDown Value change stepper 1 then stepper 2 complete and next button for credit memo" duration="4292"/>
    <testCase name="final stepper final stepper" duration="14"/>
  </file>
</testExecutions>