<?xml version="1.0" encoding="UTF-8"?>
<testExecutions version="1">
  <file path="C:\Projects\Atlas-Payments-UI\atlas-payments-ui\src\layouts\views\Invoices\test\invoices.test.tsx">
  </file>
  <file path="C:\Projects\Atlas-Payments-UI\atlas-payments-ui\src\App.test.tsx">
  </file>
</testExecutions>